
********************************************************************

	[QRM]: ivybench/sym_quorum/ivy/consensus_epr.ivy

********************************************************************


---------- Parsing Ivy ----------


Printing isolate this:

OK


====================================================================================================

	[FW]: Forward Reachability on [ivybench/sym_quorum/ivy/consensus_epr: node=4,value=3]

====================================================================================================


==============================================

	Set up for forward reachability

==============================================

ivy_to_cpp target=qrm consensus_epr.node_4_value_3.finite.ivy

[IVY_TO_CPP RESULT]: OK

swig -c++ -python -o consensus_epr.node_4_value_3.finite_wrap.cpp ivy_exec.i

[SWIG RESULT]: OK

g++ -std=c++11 -fpic -pthread -O3 consensus_epr.node_4_value_3.finite.cpp consensus_epr.node_4_value_3.finite_wrap.cpp -I/home/yunrong/.pyenv/versions/3.12.0/include/python3.12 -c

[G++ RESULT]: OK

g++ -shared consensus_epr.node_4_value_3.finite.o consensus_epr.node_4_value_3.finite_wrap.o -o _ivy_exec.so -lm -lstdc++

[LINK RESULT]: OK

[FW NOTE]: number of state atoms: 72

[FW NOTE]: number of interpreted atoms (e.g. member,le): 16

[FW NOTE]: number of branching actions: 64

[FW NOTE]: symmetric group order: 144

[QRM NOTE]: Time elapsed since start: 6.700 seconds

[QRM NOTE]: Time elapsed since last: 6.700 seconds

[QRM NOTE]: Peak memory: 1223629 bytes


=====================================

	Symmetric Quotient DFS

=====================================

