
*********************************************************

	[QRM]: ivybench/sym/ivy/Consensus.ivy

*********************************************************


---------- Parsing Ivy ----------


Printing isolate this:

OK


==================================================================================

	[FW]: Forward Reachability on [ivybench/sym/ivy/Consensus: value=4]

==================================================================================


==============================================

	Set up for forward reachability

==============================================

ivy_to_cpp target=qrm Consensus.value_4.finite.ivy

[IVY_TO_CPP RESULT]: OK

swig -c++ -python -o Consensus.value_4.finite_wrap.cpp ivy_exec.i

[SWIG RESULT]: OK

g++ -std=c++11 -fpic -pthread -O3 Consensus.value_4.finite.cpp Consensus.value_4.finite_wrap.cpp -I/home/yunrong/.pyenv/versions/3.12.0/include/python3.12 -c

[G++ RESULT]: OK

g++ -shared Consensus.value_4.finite.o Consensus.value_4.finite_wrap.o -o _ivy_exec.so -lm -lstdc++

[LINK RESULT]: OK

[FW NOTE]: number of state atoms: 4

[FW NOTE]: number of interpreted atoms (e.g. member,le): 0

[FW NOTE]: number of branching actions: 4

[FW NOTE]: symmetric group order: 24

[QRM NOTE]: Time elapsed since start: 8.718 seconds

[QRM NOTE]: Time elapsed since last: 8.718 seconds

[QRM NOTE]: Peak memory: 1173475 bytes


=====================================

	Symmetric Quotient DFS

=====================================

[FW NOTE]: dfs max depth: 1

[FW NOTE]: number of total reachable states:        5

[FW NOTE]: number of dfs representative states:     2

[FW NOTE]: number of dfs non-representative states: 3


=========================================================================================

	[FW RESULT]: Forward Reachability on [ivybench/sym/ivy/Consensus: value=4]

=========================================================================================

sort: value=['value0', 'value1', 'value2', 'value3']
predicate: chosen('value',)
interpreted atoms: {}
state atoms: ['chosen(value0)', 'chosen(value1)', 'chosen(value2)', 'chosen(value3)']
representative states : 0, 1


=== State Orbit 0 =====================
size : 1
repr state: 0000
lex min decimal: 0
states:
0000




=== State Orbit 1 =====================
size : 4
repr state: 1000
lex min decimal: 1
states:
0010
0100
0001
1000



[QRM NOTE]: Time elapsed since start: 8.790 seconds

[QRM NOTE]: Time elapsed since last: 0.071 seconds

[QRM NOTE]: Peak memory: 1198682 bytes

