
********************************************************

	[QRM]: ivybench/sym/ivy/firewall.ivy

********************************************************


---------- Parsing Ivy ----------


Printing isolate this:

OK


================================================================================

	[FW]: Forward Reachability on [ivybench/sym/ivy/firewall: node=4]

================================================================================


==============================================

	Set up for forward reachability

==============================================

ivy_to_cpp target=qrm firewall.node_4.finite.ivy

[IVY_TO_CPP RESULT]: OK

swig -c++ -python -o firewall.node_4.finite_wrap.cpp ivy_exec.i

[SWIG RESULT]: OK

g++ -std=c++11 -fpic -pthread -O3 firewall.node_4.finite.cpp firewall.node_4.finite_wrap.cpp -I/home/yunrong/.pyenv/versions/3.12.0/include/python3.12 -c

[G++ RESULT]: OK

g++ -shared firewall.node_4.finite.o firewall.node_4.finite_wrap.o -o _ivy_exec.so -lm -lstdc++

[LINK RESULT]: OK

[FW NOTE]: number of state atoms: 24

[FW NOTE]: number of interpreted atoms (e.g. member,le): 0

[FW NOTE]: number of branching actions: 32

[FW NOTE]: symmetric group order: 24

[QRM NOTE]: Time elapsed since start: 6.539 seconds

[QRM NOTE]: Time elapsed since last: 6.539 seconds

[QRM NOTE]: Peak memory: 1181043 bytes


=====================================

	Symmetric Quotient DFS

=====================================

[FW NOTE]: dfs max depth: 8

[FW NOTE]: number of total reachable states:        1352

[FW NOTE]: number of dfs representative states:     80

[FW NOTE]: number of dfs non-representative states: 1272


=======================================================================================

	[FW RESULT]: Forward Reachability on [ivybench/sym/ivy/firewall: node=4]

=======================================================================================

sort: node=['node0', 'node1', 'node2', 'node3']
predicate: internal('node',)
predicate: allowed_in('node',)
predicate: sent('node', 'node')
interpreted atoms: {}
state atoms: ['allowed_in(node0)', 'allowed_in(node1)', 'allowed_in(node2)', 'allowed_in(node3)', 'internal(node0)', 'internal(node1)', 'internal(node2)', 'internal(node3)', 'sent(node0,node0)', 'sent(node0,node1)', 'sent(node0,node2)', 'sent(node0,node3)', 'sent(node1,node0)', 'sent(node1,node1)', 'sent(node1,node2)', 'sent(node1,node3)', 'sent(node2,node0)', 'sent(node2,node1)', 'sent(node2,node2)', 'sent(node2,node3)', 'sent(node3,node0)', 'sent(node3,node1)', 'sent(node3,node2)', 'sent(node3,node3)']
representative states : 0, 983040, 458752, 65536, 196608, 1966096, 1966352, 1970448, 1970450, 1970454, 1970462, 1966354, 1966358, 1966366, 1966362, 1966360, 1966098, 1966102, 1966110, 1966100, 1966108, 1179664, 3408640, 7892992, 7893000, 7893128, 7895176, 3408644, 3408708, 1179666, 1441808, 3932928, 3937024, 3945216, 3945220, 3945228, 3945292, 3945420, 3945284, 3945288, 3937028, 3937036, 3937100, 3937228, 3937164, 3937092, 3937220, 3937156, 3937032, 3937096, 3937224, 3937160, 3937088, 3937216, 3937152, 3932932, 3932940, 3933004, 3933132, 3933068, 3932996, 3933000, 3932936, 3933064, 1442064, 1442066, 1442070, 3936768, 3936776, 3936780, 3936908, 3936972, 3936844, 3936836, 3936840, 3936772, 3936900, 1441810, 1441814, 1441812


=== State Orbit 0 =====================
size : 1
repr state: 000000000000000000000000
lex min decimal: 0
states:
000000000000000000000000




=== State Orbit 1 =====================
size : 1
repr state: 000011110000000000000000
lex min decimal: 983040
states:
000011110000000000000000




=== State Orbit 2 =====================
size : 4
repr state: 000011010000000000000000
lex min decimal: 458752
states:
000011010000000000000000
000010110000000000000000
000001110000000000000000
000011100000000000000000




=== State Orbit 3 =====================
size : 4
repr state: 000001000000000000000000
lex min decimal: 65536
states:
000000100000000000000000
000001000000000000000000
000000010000000000000000
000010000000000000000000




=== State Orbit 4 =====================
size : 6
repr state: 000001100000000000000000
lex min decimal: 196608
states:
000011000000000000000000
000001010000000000000000
000001100000000000000000
000010100000000000000000
000010010000000000000000
000000110000000000000000




=== State Orbit 5 =====================
size : 12
repr state: 001011010010000000000000
lex min decimal: 1966096
states:
000111100000000100000000
001011010000001000000000
010010110000000000000100
000111100001000000000000
000111100000000000010000
010010110000000001000000
100001110000000000001000
001011010000000000000010
001011010010000000000000
100001110000100000000000
010010110100000000000000
100001110000000010000000




=== State Orbit 6 =====================
size : 12
repr state: 001011010010001000000000
lex min decimal: 1966352
states:
000111100000000100010000
100001110000000010001000
010010110100000000000100
001011010010000000000010
010010110100000001000000
000111100001000100000000
001011010000001000000010
100001110000100000001000
001011010010001000000000
010010110000000001000100
000111100001000000010000
100001110000100010000000




=== State Orbit 7 =====================
size : 4
repr state: 001011010010001000000010
lex min decimal: 1970448
states:
001011010010001000000010
100001110000100010001000
010010110100000001000100
000111100001000100010000




=== State Orbit 8 =====================
size : 12
repr state: 001011010010001010000010
lex min decimal: 1970450
states:
000111100001000100010100
010010110100100001000100
000111100001000100011000
010010110100001001000100
100001110001100010001000
100001110100100010001000
001011010010001001000010
001011010010001000010010
000111100001000100010010
010010110100000101000100
100001110010100010001000
001011010010001010000010




=== State Orbit 9 =====================
size : 12
repr state: 001011010010001011000010
lex min decimal: 1970454
states:
010010110100101001000100
000111100001000100010110
000111100001000100011100
001011010010001001010010
100001110011100010001000
100001110101100010001000
001011010010001011000010
010010110100100101000100
000111100001000100011010
001011010010001010010010
010010110100001101000100
100001110110100010001000




=== State Orbit 10 =====================
size : 4
repr state: 001011010010001011010010
lex min decimal: 1970462
states:
000111100001000100011110
010010110100101101000100
001011010010001011010010
100001110111100010001000




=== State Orbit 11 =====================
size : 24
repr state: 001011010010001010000000
lex min decimal: 1966354
states:
000111100001000000010010
000111100001000100000100
000111100000000100010010
010010110100100000000100
000111100001000000011000
100001110100100000001000
100001110001100000001000
001011010010000000010010
100001110001000010001000
010010110100001001000000
010010110100100001000000
001011010010001010000000
100001110010000010001000
010010110000001001000100
001011010010000010000010
001011010000001001000010
100001110010100010000000
000111100001000100001000
001011010000001000010010
000111100000000100010100
010010110100000100000100
010010110000000101000100
100001110100100010000000
001011010010001001000000




=== State Orbit 12 =====================
size : 12
repr state: 001011010010001011000000
lex min decimal: 1966358
states:
000111100001000000011010
000111100001000100001100
001011010000001001010010
010010110100101001000000
100001110011000010001000
001011010010000010010010
001011010010001011000000
000111100000000100010110
100001110101100000001000
100001110110100010000000
010010110000001101000100
010010110100100100000100




=== State Orbit 13 =====================
size : 12
repr state: 001011010010001011010000
lex min decimal: 1966366
states:
001011010000001011010010
010010110000101101000100
100001110111000010001000
000111100001000100001110
000111100001000000011110
001011010010000011010010
100001110111100000001000
010010110100101101000000
001011010010001011010000
010010110100101100000100
000111100000000100011110
100001110111100010000000




=== State Orbit 14 =====================
size : 24
repr state: 001011010010001010010000
lex min decimal: 1966362
states:
010010110100001101000000
010010110100001100000100
010010110100100101000000
100001110110100000001000
001011010000001011000010
001011010000001010010010
001011010010001001010000
100001110101000010001000
000111100000000100011010
010010110000101001000100
100001110110000010001000
000111100001000100000110
000111100001000000010110
000111100000000100011100
010010110100101000000100
001011010010000001010010
100001110011100000001000
010010110000100101000100
100001110011100010000000
000111100001000000011100
100001110101100010000000
001011010010000011000010
000111100001000100001010
001011010010001010010000




=== State Orbit 15 =====================
size : 12
repr state: 001011010010001000010000
lex min decimal: 1966360
states:
010010110100001000000100
100001110010100000001000
010010110000100001000100
000111100000000100011000
001011010000001010000010
100001110100000010001000
001011010010001000010000
010010110100000101000000
001011010010000001000010
100001110001100010000000
000111100001000000010100
000111100001000100000010




=== State Orbit 16 =====================
size : 12
repr state: 001011010010000010000000
lex min decimal: 1966098
states:
001011010010000010000000
000111100000000100000100
000111100000000000010010
010010110000000100000100
100001110010000010000000
010010110100100000000000
100001110001000000001000
010010110000001001000000
001011010000000000010010
000111100001000000001000
100001110100100000000000
001011010000001001000000




=== State Orbit 17 =====================
size : 24
repr state: 001011010010000011000000
lex min decimal: 1966102
states:
010010110100101000000000
000111100000000100001100
000111100001000000001100
010010110000001101000000
100001110011000010000000
010010110000001100000100
000111100000000100000110
100001110101100000000000
000111100001000000001010
000111100000000000010110
010010110000100100000100
100001110011000000001000
001011010010000010010000
010010110000101001000000
100001110101000000001000
001011010000001001010000
100001110110100000000000
001011010000000001010010
001011010000001011000000
001011010000000010010010
010010110100100100000000
000111100000000000011010
001011010010000011000000
100001110110000010000000




=== State Orbit 18 =====================
size : 12
repr state: 001011010010000011010000
lex min decimal: 1966110
states:
001011010000001011010000
000111100000000100001110
100001110111000000001000
000111100001000000001110
000111100000000000011110
010010110100101100000000
010010110000101100000100
100001110111100000000000
010010110000101101000000
100001110111000010000000
001011010000000011010010
001011010010000011010000




=== State Orbit 19 =====================
size : 24
repr state: 001011010010000001000000
lex min decimal: 1966100
states:
010010110000100001000000
000111100000000000010100
100001110100000000001000
010010110000000101000000
000111100000000100001000
001011010000000001000010
100001110001000010000000
010010110100000100000000
001011010010000000010000
010010110100001000000000
010010110000001000000100
001011010010000001000000
000111100001000000000100
100001110001100000000000
100001110100000010000000
100001110010100000000000
000111100001000000000010
100001110010000000001000
010010110000100000000100
001011010000001010000000
000111100000000100000010
000111100000000000011000
001011010000001000010000
001011010000000010000010




=== State Orbit 20 =====================
size : 12
repr state: 001011010010000001010000
lex min decimal: 1966108
states:
010010110000100101000000
001011010000001010010000
000111100001000000000110
001011010000000011000010
100001110110000000001000
010010110100001100000000
100001110011100000000000
100001110101000010000000
001011010010000001010000
010010110000101000000100
000111100000000100001010
000111100000000000011100




=== State Orbit 21 =====================
size : 12
repr state: 100001000000100000000000
lex min decimal: 1179664
states:
100001000000100000000000
000100100000000000010000
010010000100000000000000
100000100000000010000000
010000100000000001000000
001001000000001000000000
100000010000000000001000
000110000001000000000000
010000010000000000000100
001010000010000000000000
001000010000000000000010
000101000000000100000000




=== State Orbit 22 =====================
size : 12
repr state: 101001000000101000000000
lex min decimal: 3408640
states:
101001000000101000000000
001101000000001100000000
100101000000100100000000
110000010000000000001100
011010000110000000000000
011000010000000000000110
100100100000000010010000
001110000011000000000000
010110000101000000000000
101000010000000000001010
110000100000000011000000
010100100000000001010000




=== State Orbit 23 =====================
size : 4
repr state: 101101000000101100000000
lex min decimal: 7892992
states:
101101000000101100000000
110100100000000011010000
111000010000000000001110
011110000111000000000000




=== State Orbit 24 =====================
size : 12
repr state: 101101000100101100000000
lex min decimal: 7893000
states:
101101000000101100000100
011110000111100000000000
101101000000101101000000
111000010001000000001110
110100100000000011010010
011110000111000010000000
011110000111000000001000
111000010000000000011110
111000010000000100001110
101101000100101100000000
110100100000001011010000
110100100010000011010000




=== State Orbit 25 =====================
size : 12
repr state: 101101000100101101000000
lex min decimal: 7893128
states:
111000010001000100001110
110100100000001011010010
101101000100101100000100
101101000100101101000000
011110000111100010000000
101101000000101101000100
011110000111100000001000
111000010000000100011110
111000010001000000011110
110100100010001011010000
011110000111000010001000
110100100010000011010010




=== State Orbit 26 =====================
size : 4
repr state: 101101000100101101000100
lex min decimal: 7895176
states:
011110000111100010001000
101101000100101101000100
111000010001000100011110
110100100010001011010010




=== State Orbit 27 =====================
size : 24
repr state: 101001000100101000000000
lex min decimal: 3408644
states:
110000010001000000001100
011010000110100000000000
001110000011000000001000
011000010000000000010110
100101000100100100000000
011010000110000010000000
101001000100101000000000
010100100000000001010010
100101000000100100000100
110000100000001011000000
010110000101000000001000
100100100000000010010010
001101000000001100000100
110000010000000100001100
011000010000000100000110
010110000101100000000000
100100100010000010010000
101000010001000000001010
001110000011000010000000
101001000000101001000000
101000010000000000011010
110000100010000011000000
010100100000001001010000
001101000000001101000000




=== State Orbit 28 =====================
size : 12
repr state: 101001000100101001000000
lex min decimal: 3408708
states:
010110000101100000001000
100101000100100100000100
010100100000001001010010
011000010000000100010110
110000010001000100001100
011010000110100010000000
001101000000001101000100
101001000100101001000000
101000010001000000011010
110000100010001011000000
001110000011000010001000
100100100010000010010010




=== State Orbit 29 =====================
size : 12
repr state: 100001000100100000000000
lex min decimal: 1179666
states:
100000100010000010000000
100000010001000000001000
010000010000000100000100
000110000001000000001000
010000100000001001000000
001010000010000010000000
001001000000001001000000
010010000100100000000000
001000010000000000010010
000101000000000100000100
000100100000000000010010
100001000100100000000000




=== State Orbit 30 =====================
size : 24
repr state: 100001100000100000000000
lex min decimal: 1441808
states:
000111000001000000000000
000110100000000000010000
000110100001000000000000
010010100000000001000000
001001010000001000000000
001010010000000000000010
100001100000100000000000
100001010000000000001000
000101100000000100000000
010000110000000001000000
001001010000000000000010
001011000000001000000000
000101100000000000010000
100001100000000010000000
100000110000000000001000
010000110000000000000100
010010100100000000000000
001011000010000000000000
001010010010000000000000
010010010000000000000100
100001010000100000000000
010010010100000000000000
100000110000000010000000
000111000000000100000000




=== State Orbit 31 =====================
size : 12
repr state: 100101100000100100000000
lex min decimal: 3932928
states:
001111000011000000000000
101001010000000000001010
010110100101000000000000
100101100000100100000000
101001010000101000000000
011010010000000000000110
100101100000000010010000
110000110000000011000000
110000110000000000001100
010110100000000001010000
001111000000001100000000
011010010110000000000000




=== State Orbit 32 =====================
size : 24
repr state: 100101100000100110000000
lex min decimal: 3937024
states:
001111000001001100000000
001111000011000100000000
110000110000000011000100
001111000011001000000000
101001010000101000001000
110000110000000010001100
100101100000000110010000
101001010000100000001010
100101100000100100010000
011010010010000000000110
101001010000001000001010
110000110000000001001100
011010010100000000000110
110000110000000011001000
011010010110000000000010
011010010110000000000100
010110100001000001010000
001111000010001100000000
010110100100000001010000
010110100101000001000000
100101100000100110000000
010110100101000000010000
100101100000100010010000
101001010000101000000010




=== State Orbit 33 =====================
size : 6
repr state: 100101100000100110010000
lex min decimal: 3945216
states:
101001010000101000001010
011010010110000000000110
001111000011001100000000
010110100101000001010000
110000110000000011001100
100101100000100110010000




=== State Orbit 34 =====================
size : 24
repr state: 100101100100100110010000
lex min decimal: 3945220
states:
100101100100100110010000
110000110010000011001100
011010010110000000010110
010110100101001001010000
001111000011001100000100
110000110001000011001100
010110100101000001011000
101001010001101000001010
011010010110000100000110
110000110000000111001100
001111000011001101000000
100101100000100110010100
100101100000100110010010
100101100010100110010000
110000110000001011001100
001111000011001100001000
101001010000101001001010
011010010110100000000110
001111000011001110000000
011010010110000010000110
010110100101000001010010
101001010000101000011010
101001010100101000001010
010110100101100001010000




=== State Orbit 35 =====================
size : 12
repr state: 100101100110100110010000
lex min decimal: 3945228
states:
010110100101101001010000
100101100110100110010000
011010010110000010010110
100101100000100110010110
101001010101101000001010
010110100101000001011010
110000110011000011001100
001111000011001111000000
001111000011001100001100
110000110000001111001100
011010010110100100000110
101001010000101001011010




=== State Orbit 36 =====================
size : 24
repr state: 100101100110100110010100
lex min decimal: 3945292
states:
001111000011001101001100
010110100101100001011010
011010010110100010010110
110000110010001111001100
001111000011001111000100
010110100101101001011000
011010010110000110010110
010110100101001001011010
100101100110100110010010
110000110011001011001100
101001010101101001001010
101001010101101000011010
001111000011001111001000
011010010110100100010110
001111000011001110001100
100101100010100110010110
100101100110100110010100
010110100101101001010010
101001010001101001011010
110000110011000111001100
011010010110100110000110
100101100100100110010110
101001010100101001011010
110000110001001111001100




=== State Orbit 37 =====================
size : 6
repr state: 100101100110100110010110
lex min decimal: 3945420
states:
010110100101101001011010
101001010101101001011010
001111000011001111001100
011010010110100110010110
110000110011001111001100
100101100110100110010110




=== State Orbit 38 =====================
size : 12
repr state: 100101100100100110010100
lex min decimal: 3945284
states:
010110100101100001011000
101001010100101001001010
101001010001101000011010
100101100100100110010100
110000110010001011001100
011010010110100010000110
010110100101001001010010
001111000011001101000100
110000110001000111001100
001111000011001110001000
100101100010100110010010
011010010110000100010110




=== State Orbit 39 =====================
size : 12
repr state: 100101100100100110010010
lex min decimal: 3945288
states:
101001010100101000011010
010110100101100001010010
110000110010000111001100
001111000011001101001000
110000110001001011001100
011010010110000110000110
011010010110100000010110
100101100100100110010010
010110100101001001011000
001111000011001110000100
100101100010100110010100
101001010001101001001010




=== State Orbit 40 =====================
size : 24
repr state: 100101100100100110000000
lex min decimal: 3937028
states:
100101100100100110000000
011010010100000100000110
101001010000101001000010
101001010100101000001000
010110100101100001000000
011010010110000010000010
010110100101000000011000
100101100000100100010100
110000110001000010001100
110000110000000101001100
001111000010001101000000
100101100010100010010000
001111000001001100000100
001111000011000100001000
101001010001100000001010
010110100100001001010000
101001010000001000011010
011010010110100000000100
010110100001000001010010
110000110000001011000100
110000110010000011001000
011010010010000000010110
100101100000000110010010
001111000011001010000000




=== State Orbit 41 =====================
size : 24
repr state: 100101100110100110000000
lex min decimal: 3937036
states:
101001010101100000001010
010110100100101001010000
110000110011000010001100
010110100101000000011010
100101100110100010010000
101001010000001001011010
011010010110100100000100
011010010110000010010010
101001010101101000001000
001111000011001011000000
110000110000001101001100
011010010100100100000110
011010010010000010010110
001111000011000100001100
100101100000000110010110
101001010000101001010010
110000110000001111000100
010110100001000001011010
010110100101101001000000
100101100110100110000000
001111000001001100001100
110000110011000011001000
100101100000100100010110
001111000010001111000000




=== State Orbit 42 =====================
size : 24
repr state: 100101100110100110000100
lex min decimal: 3937100
states:
001111000010001111000100
101001010100101001010010
011010010110100010010010
011010010110100110000100
011010010010000110010110
110000110011000110001100
101001010101101001001000
010110100001001001011010
001111000011001011001000
110000110001001101001100
100101100110100110000100
010110100100101001010010
001111000011000110001100
010110100101101001001000
100101100010000110010110
100101100110100010010010
010110100101100000011010
110000110010001111000100
100101100100100100010110
110000110011001011001000
101001010001001001011010
101001010101100000011010
011010010100100100010110
001111000001001101001100




=== State Orbit 43 =====================
size : 24
repr state: 100101100110100110000110
lex min decimal: 3937228
states:
110000110011001101001100
010110100101101000011010
010110100100101001011010
011010010010100110010110
010110100101101001001010
001111000011001011001100
101001010101101001011000
001111000001001111001100
110000110011001110001100
100101100110100100010110
110000110011001111001000
101001010101100001011010
100101100110100110000110
101001010101101001010010
001111000011000111001100
010110100001101001011010
100101100110100010010110
011010010100100110010110
110000110011001111000100
001111000010001111001100
101001010101001001011010
011010010110100110010010
100101100110000110010110
011010010110100110010100




=== State Orbit 44 =====================
size : 24
repr state: 100101100110100110000010
lex min decimal: 3937164
states:
110000110011000111001000
010110100101101001000010
001111000001001110001100
100101100100000110010110
010110100101001000011010
110000110010001101001100
011010010110100100010100
101001010001101001010010
011010010100100110000110
011010010010100010010110
110000110011001010001100
001111000010001111001000
100101100010100100010110
100101100110100010010100
001111000011001011000100
101001010101100001001010
010110100100101001011000
011010010110000110010010
101001010101101000011000
110000110001001111000100
001111000011000101001100
010110100001100001011010
100101100110100110000010
101001010100001001011010




=== State Orbit 45 =====================
size : 24
repr state: 100101100100100110000100
lex min decimal: 3937092
states:
001111000011001010001000
001111000010001101000100
011010010100000100010110
110000110001000110001100
010110100101100000011000
100101100100100110000100
110000110010001011000100
100101100010100010010010
010110100001001001010010
101001010001100000011010
100101100010000110010010
011010010010000100010110
110000110010001011001000
010110100100001001010010
001111000011000110001000
110000110001000101001100
101001010100101001000010
100101100100100100010100
010110100101100001001000
101001010001001000011010
001111000001001101000100
011010010110100010000100
101001010100101001001000
011010010110100010000010




=== State Orbit 46 =====================
size : 24
repr state: 100101100100100110000110
lex min decimal: 3937220
states:
001111000011001010001100
001111000010001101001100
100101100010100010010110
011010010100000110010110
001111000011000111001000
100101100100100110000110
101001010101101001000010
110000110010001111001000
100101100110100100010100
110000110011001011000100
110000110001001110001100
101001010101001000011010
101001010001100001011010
011010010110100110000010
010110100001101001010010
101001010100101001011000
110000110011000101001100
010110100101101000011000
011010010110100010010100
010110100101100001001010
011010010010100100010110
100101100110000110010010
001111000001001111000100
010110100100001001011010




=== State Orbit 47 =====================
size : 24
repr state: 100101100100100110000010
lex min decimal: 3937156
states:
110000110010000111001000
011010010110100000010100
011010010100000110000110
100101100100100110000010
110000110001001011000100
110000110001001010001100
001111000011001010000100
001111000011000101001000
100101100010100100010100
010110100101100001000010
101001010001101001000010
101001010100001000011010
100101100100000110010010
011010010110000110000010
001111000001001110000100
010110100101001000011000
100101100010100010010100
010110100001100001010010
101001010001100001001010
010110100100001001011000
110000110010000101001100
011010010010100000010110
101001010100101000011000
001111000010001101001000




=== State Orbit 48 =====================
size : 24
repr state: 100101100010100110000000
lex min decimal: 3937032
states:
011010010110000100000100
100101100000100100010010
011010010100100000000110
101001010000101000010010
001111000011001001000000
100101100000000110010100
010110100101001001000000
011010010110000000010010
101001010001101000001000
010110100001000001011000
110000110000001001001100
101001010000001001001010
100101100100100010010000
001111000010001110000000
001111000001001100001000
110000110001000011001000
010110100101000000010010
110000110000000111000100
010110100100100001010000
110000110010000010001100
001111000011000100000100
011010010010000010000110
100101100010100110000000
101001010100100000001010




=== State Orbit 49 =====================
size : 24
repr state: 100101100010100110000100
lex min decimal: 3937096
states:
100101100010100110000100
011010010010000110000110
010110100101100000010010
101001010100100000011010
011010010100100000010110
001111000011001001001000
001111000011000110000100
010110100101001001001000
010110100001001001011000
001111000001001101001000
110000110001001011001000
110000110001001001001100
100101100100100010010010
011010010110100000010010
100101100010000110010100
010110100100100001010010
011010010110000110000100
100101100100100100010010
110000110010000111000100
001111000010001110000100
101001010001001001001010
110000110010000110001100
101001010100101000010010
101001010001101001001000




=== State Orbit 50 =====================
size : 24
repr state: 100101100010100110000110
lex min decimal: 3937224
states:
110000110010001110001100
011010010010100110000110
001111000011000111000100
110000110011001001001100
010110100101001001001010
110000110011000111000100
001111000011001001001100
010110100101101000010010
001111000001001111001000
001111000010001110001100
101001010100100001011010
011010010110100100010010
100101100100100010010110
101001010101001001001010
101001010101101000010010
110000110001001111001000
011010010110000110010100
100101100110000110010100
100101100010100110000110
010110100001101001011000
101001010001101001011000
011010010100100010010110
010110100100100001011010
100101100110100100010010




=== State Orbit 51 =====================
size : 24
repr state: 100101100010100110000010
lex min decimal: 3937160
states:
010110100101001000010010
100101100100000110010100
001111000010001110001000
011010010010100010000110
011010010110000100010010
010110100101001001000010
110000110001000111000100
101001010100100001001010
101001010001101000010010
010110100100100001011000
001111000011001001000100
010110100001100001011000
101001010001101000011000
110000110001000111001000
110000110010001001001100
011010010110000100010100
001111000001001110001000
101001010100001001001010
100101100010100100010010
100101100010100110000010
100101100100100010010100
001111000011000101000100
011010010100100010000110
110000110010001010001100




=== State Orbit 52 =====================
size : 24
repr state: 100101100000100110000100
lex min decimal: 3937088
states:
100101100100100100010000
001111000011000110000000
011010010110100000000010
110000110000000110001100
100101100000100010010010
011010010100000000010110
101001010100101000000010
110000110010000011000100
010110100100000001010010
011010010010000100000110
010110100101100000010000
001111000011001000001000
110000110000001011001000
100101100000100110000100
101001010000101001001000
010110100101000001001000
101001010000100000011010
001111000010001100000100
010110100001001001010000
001111000001001101000000
101001010001001000001010
011010010110000010000100
100101100010000110010000
110000110001000001001100




=== State Orbit 53 =====================
size : 24
repr state: 100101100000100110000110
lex min decimal: 3937216
states:
101001010000100001011010
101001010000101001011000
001111000011000111000000
110000110000001110001100
100101100000100010010110
110000110000001111001000
100101100110100100010000
110000110011000011000100
101001010101001000001010
011010010100000010010110
011010010110100100000010
001111000010001100001100
011010010010100100000110
010110100100000001011010
010110100001101001010000
001111000001001111000000
010110100101000001001010
101001010101101000000010
010110100101101000010000
100101100000100110000110
001111000011001000001100
110000110011000001001100
011010010110000010010100
100101100110000110010000




=== State Orbit 54 =====================
size : 24
repr state: 100101100000100110000010
lex min decimal: 3937152
states:
110000110010000001001100
010110100101000001000010
001111000010001100001000
110000110000000111001000
011010010110000000010100
011010010100000010000110
101001010000100001001010
110000110001000011000100
011010010110000100000010
011010010010100000000110
100101100000100010010100
010110100100000001011000
101001010100001000001010
001111000011001000000100
010110100101001000010000
100101100010100100010000
100101100100000110010000
010110100001100001010000
100101100000100110000010
001111000011000101000000
101001010001101000000010
110000110000001010001100
101001010000101000011000
001111000001001110000000




=== State Orbit 55 =====================
size : 24
repr state: 100101100100100100000000
lex min decimal: 3932932
states:
101001010100101000000000
011010010110100000000000
011010010000000100000110
101001010000101001000000
010110100101000000001000
001111000000001100000100
100101100100100100000000
100101100010000010010000
011010010110000010000000
010110100000000001010010
101001010001000000001010
010110100101100000000000
110000110000000100001100
110000110000001011000000
001111000000001101000000
010110100000001001010000
001111000011000010000000
101001010000000000011010
001111000011000000001000
100101100000000010010010
100101100000100100000100
011010010000000000010110
110000110010000011000000
110000110001000000001100




=== State Orbit 56 =====================
size : 24
repr state: 100101100110100100000000
lex min decimal: 3932940
states:
011010010000100100000110
010110100101000000001010
010110100000000001011010
110000110000001111000000
001111000011000000001100
110000110011000011000000
011010010110100100000000
001111000011000011000000
011010010000000010010110
001111000000001100001100
110000110000001100001100
100101100000000010010110
010110100000101001010000
101001010101101000000000
001111000000001111000000
011010010110000010010000
101001010000000001011010
100101100000100100000110
010110100101101000000000
101001010101000000001010
110000110011000000001100
100101100110000010010000
100101100110100100000000
101001010000101001010000




=== State Orbit 57 =====================
size : 24
repr state: 100101100110100100000100
lex min decimal: 3933004
states:
110000110011001011000000
010110100000001001011010
110000110011000100001100
001111000000001111000100
011010010000000110010110
110000110010001111000000
010110100000101001010010
101001010001000001011010
010110100101100000001010
001111000011000010001100
011010010110100110000000
110000110001001100001100
001111000011000011001000
100101100010000010010110
011010010110100010010000
001111000000001101001100
100101100100100100000110
101001010100101001010000
100101100110000010010010
011010010000100100010110
101001010101101001000000
101001010101000000011010
010110100101101000001000
100101100110100100000100




=== State Orbit 58 =====================
size : 12
repr state: 100101100110100100000110
lex min decimal: 3933132
states:
010110100000101001011010
100101100110100100000110
101001010101101001010000
110000110011001111000000
001111000000001111001100
101001010101000001011010
001111000011000011001100
011010010110100110010000
010110100101101000001010
100101100110000010010110
011010010000100110010110
110000110011001100001100




=== State Orbit 59 =====================
size : 24
repr state: 100101100110100100000010
lex min decimal: 3933068
states:
010110100000101001011000
001111000000001111001000
011010010110000110010000
100101100100000010010110
011010010000100110000110
101001010101000001001010
100101100010100100000110
101001010001101001010000
010110100101101000000010
010110100101001000001010
100101100110100100000010
010110100000100001011010
001111000011000011000100
110000110001001111000000
001111000011000001001100
011010010000100010010110
001111000000001110001100
101001010100000001011010
011010010110100100010000
110000110010001100001100
110000110011001000001100
100101100110000010010100
101001010101101000010000
110000110011000111000000




=== State Orbit 60 =====================
size : 12
repr state: 100101100100100100000100
lex min decimal: 3932996
states:
110000110010001011000000
101001010100101001000000
001111000011000010001000
101001010001000000011010
010110100000001001010010
100101100100100100000100
110000110001000100001100
100101100010000010010010
011010010110100010000000
010110100101100000001000
001111000000001101000100
011010010000000100010110




=== State Orbit 61 =====================
size : 24
repr state: 100101100100100100000010
lex min decimal: 3933000
states:
010110100000001001011000
001111000000001110000100
001111000011000001001000
110000110001001011000000
011010010000100000010110
010110100000100001010010
100101100010000010010100
010110100101100000000010
101001010100101000010000
101001010001101001000000
110000110001001000001100
110000110010000100001100
010110100101001000001000
011010010000000110000110
110000110010000111000000
100101100010100100000100
001111000011000010000100
101001010100000000011010
100101100100100100000010
011010010110000110000000
101001010001000001001010
001111000000001101001000
011010010110100000010000
100101100100000010010010




=== State Orbit 62 =====================
size : 24
repr state: 100101100010100100000000
lex min decimal: 3932936
states:
101001010000000001001010
010110100000100001010000
100101100010100100000000
011010010000100000000110
001111000000001110000000
100101100000000010010100
011010010110000100000000
101001010100000000001010
110000110000001000001100
011010010000000010000110
100101100100000010010000
110000110010000000001100
010110100101000000000010
010110100101001000000000
101001010001101000000000
101001010000101000010000
110000110000000111000000
001111000011000001000000
001111000000001100001000
100101100000100100000010
001111000011000000000100
011010010110000000010000
010110100000000001011000
110000110001000011000000




=== State Orbit 63 =====================
size : 12
repr state: 100101100010100100000010
lex min decimal: 3933064
states:
101001010001101000010000
110000110010001000001100
010110100101001000000010
010110100000100001011000
011010010000100010000110
110000110001000111000000
001111000011000001000100
100101100100000010010100
100101100010100100000010
101001010100000001001010
001111000000001110001000
011010010110000100010000




=== State Orbit 64 =====================
size : 12
repr state: 100001100000100010000000
lex min decimal: 1442064
states:
000111000001000100000000
100001010000100000001000
010010100100000001000000
001011000010001000000000
000101100000000100010000
100001100000100010000000
100000110000000010001000
000110100001000000010000
001001010000001000000010
001010010010000000000010
010000110000000001000100
010010010100000000000100




=== State Orbit 65 =====================
size : 24
repr state: 100001100100100010000000
lex min decimal: 1442066
states:
001010010010000010000010
000101100000000100010100
100001010001100000001000
010000110000001001000100
000110100001000000010010
010000110000000101000100
001001010000001001000010
001011000010001001000000
000101100000000100010010
010010100100001001000000
010010100100100001000000
000110100001000000011000
010010010100000100000100
001001010000001000010010
001011000010001010000000
000111000001000100001000
010010010100100000000100
100001100100100010000000
000111000001000100000100
100000110001000010001000
100001010100100000001000
001010010010000000010010
100001100010100010000000
100000110010000010001000




=== State Orbit 66 =====================
size : 12
repr state: 100001100110100010000000
lex min decimal: 1442070
states:
000101100000000100010110
010000110000001101000100
010010010100100100000100
100001100110100010000000
000111000001000100001100
010010100100101001000000
000110100001000000011010
001011000010001011000000
100001010101100000001000
001001010000001001010010
100000110011000010001000
001010010010000010010010




=== State Orbit 67 =====================
size : 12
repr state: 100101100000100000010000
lex min decimal: 3936768
states:
011010010010000000000100
001111000001001000000000
110000110000000001001000
011010010100000000000010
010110100100000000010000
110000110000000010000100
001111000010000100000000
100101100000100000010000
101001010000001000001000
100101100000000110000000
010110100001000001000000
101001010000100000000010




=== State Orbit 68 =====================
size : 24
repr state: 100101100100100000010000
lex min decimal: 3936776
states:
011010010010000100000100
011010010010000010000100
011010010100000000010010
101001010000100000010010
100101100000000110000100
010110100001001001000000
101001010000001001001000
100101100000100000010010
001111000001001001000000
101001010001001000001000
110000110000000110000100
010110100100100000010000
001111000010000110000000
110000110010000010000100
010110100100000000010010
101001010100100000000010
110000110001000001001000
010110100001000001001000
100101100010000110000000
011010010100100000000010
100101100100100000010000
001111000010000100000100
110000110000001001001000
001111000001001000001000




=== State Orbit 69 =====================
size : 24
repr state: 100101100110100000010000
lex min decimal: 3936780
states:
100101100000100000010110
001111000010000100001100
110000110000001110000100
010110100001101001000000
011010010100100100000010
101001010000001001011000
010110100100000000011010
011010010010100100000100
010110100001000001001010
100101100000000110000110
110000110011000010000100
001111000010000111000000
011010010100000010010010
101001010101100000000010
010110100100101000010000
011010010010000010010100
101001010000100001010010
001111000001001000001100
101001010101001000001000
110000110011000001001000
100101100110100000010000
001111000001001011000000
110000110000001101001000
100101100110000110000000




=== State Orbit 70 =====================
size : 24
repr state: 100101100110100000010100
lex min decimal: 3936908
states:
011010010010100010010100
100101100010100000010110
011010010010100100010100
101001010100001001011000
001111000010000111001000
110000110001001110000100
001111000001001011000100
101001010001100001010010
010110100001101001000010
110000110011001010000100
010110100001100001001010
100101100100000110000110
010110100100001000011010
100101100110100000010100
011010010100000110010010
101001010101100001000010
101001010101001000011000
010110100100101000011000
011010010100100110000010
110000110010001101001000
001111000001001010001100
100101100110000110000010
001111000010000101001100
110000110011000101001000




=== State Orbit 71 =====================
size : 12
repr state: 100101100110100000010110
lex min decimal: 3936972
states:
100101100110100000010110
101001010101100001010010
110000110011001101001000
011010010010100110010100
110000110011001110000100
101001010101001001011000
010110100100101000011010
001111000010000111001100
011010010100100110010010
100101100110000110000110
001111000001001011001100
010110100001101001001010




=== State Orbit 72 =====================
size : 24
repr state: 100101100110100000010010
lex min decimal: 3936844
states:
011010010100100100010010
100101100010000110000110
010110100100101000010010
101001010100100001010010
110000110011001001001000
101001010001001001011000
110000110011000110000100
001111000001001011001000
010110100001001001001010
001111000010000111000100
110000110001001101001000
011010010010100110000100
011010010100100010010010
110000110010001110000100
100101100110000110000100
101001010101001001001000
010110100001101001001000
011010010010000110010100
101001010101100000010010
100101100110100000010010
001111000001001001001100
100101100100100000010110
010110100100100000011010
001111000010000110001100




=== State Orbit 73 =====================
size : 24
repr state: 100101100100100000010100
lex min decimal: 3936836
states:
101001010100001001001000
001111000001001001000100
110000110001000110000100
101001010001001000011000
010110100100100000011000
010110100100001000010010
001111000010000101000100
110000110010001001001000
001111000010000110001000
101001010001100000010010
001111000001001010001000
100101100010100000010010
011010010100100010000010
110000110010001010000100
011010010100000100010010
011010010010000100010100
100101100010000110000010
100101100100000110000100
100101100100100000010100
011010010010100010000100
101001010100100001000010
010110100001001001000010
010110100001100001001000
110000110001000101001000




=== State Orbit 74 =====================
size : 12
repr state: 100101100100100000010010
lex min decimal: 3936840
states:
101001010001001001001000
001111000001001001001000
101001010100100000010010
110000110001001001001000
110000110010000110000100
010110100001001001001000
011010010100100000010010
100101100100100000010010
011010010010000110000100
001111000010000110000100
100101100010000110000100
010110100100100000010010




=== State Orbit 75 =====================
size : 24
repr state: 100101100010100000010000
lex min decimal: 3936772
states:
110000110000001010000100
110000110001000010000100
100101100010100000010000
011010010010100000000100
010110100100000000011000
101001010001100000000010
010110100001100001000000
001111000010000101000000
010110100100001000010000
001111000010000100001000
100101100000100000010100
011010010100000100000010
101001010000100001000010
010110100001000001000010
011010010100000010000010
101001010000001000011000
001111000001001010000000
110000110010000001001000
100101100000000110000010
110000110000000101001000
100101100100000110000000
011010010010000000010100
101001010100001000001000
001111000001001000000100




=== State Orbit 76 =====================
size : 12
repr state: 100101100010100000010100
lex min decimal: 3936900
states:
100101100100000110000010
101001010100001000011000
010110100100001000011000
011010010010100000010100
100101100010100000010100
010110100001100001000010
001111000001001010000100
101001010001100001000010
110000110010000101001000
011010010100000110000010
110000110001001010000100
001111000010000101001000




=== State Orbit 77 =====================
size : 24
repr state: 100001100100100000000000
lex min decimal: 1441810
states:
001001010000001001000000
010000110000000100000100
010000110000001001000000
010010100000001001000000
010010010100100000000000
100001100010000010000000
000111000001000000001000
000110100001000000001000
001001010000000000010010
001010010010000010000000
100000110001000000001000
010010100100100000000000
100001010001000000001000
001011000000001001000000
100000110010000010000000
100001100100100000000000
010010010000000100000100
000111000000000100000100
100001010100100000000000
000101100000000100000100
001010010000000000010010
000101100000000000010010
000110100000000000010010
001011000010000010000000




=== State Orbit 78 =====================
size : 24
repr state: 100001100110100000000000
lex min decimal: 1441814
states:
001010010010000010010000
001011000010000011000000
100001010101100000000000
100001100110000010000000
100000110011000010000000
010000110000001101000000
000111000000000100001100
000101100000000000010110
000101100000000100000110
010000110000001100000100
001001010000000001010010
010010010100100100000000
000111000001000000001100
100001100110100000000000
010010010000100100000100
001001010000001001010000
001010010000000010010010
100000110011000000001000
010010100000101001000000
010010100100101000000000
000110100001000000001010
001011000000001011000000
100001010101000000001000
000110100000000000011010




=== State Orbit 79 =====================
size : 24
repr state: 100001100010100000000000
lex min decimal: 1441812
states:
000111000001000000000100
010010010000100000000100
000101100000000000010100
000111000000000100001000
000110100001000000000010
001010010010000000010000
010000110000000101000000
100001100100000010000000
001011000010000001000000
000110100000000000011000
010010010100000100000000
001011000000001010000000
001001010000000001000010
100001010001100000000000
100001010100000000001000
010010100000100001000000
100000110010000000001000
100000110001000010000000
001001010000001000010000
010010100100001000000000
100001100010100000000000
010000110000001000000100
001010010000000010000010
000101100000000100000010



[QRM NOTE]: Time elapsed since start: 7.374 seconds

[QRM NOTE]: Time elapsed since last: 0.835 seconds

[QRM NOTE]: Peak memory: 1621440 bytes

