
******************************************************************

	[QRM]: ivybench/sym/ivy/lockserv_automaton.ivy

******************************************************************


---------- Parsing Ivy ----------


Printing isolate this:

OK


==========================================================================================

	[FW]: Forward Reachability on [ivybench/sym/ivy/lockserv_automaton: node=4]

==========================================================================================


==============================================

	Set up for forward reachability

==============================================

ivy_to_cpp target=qrm lockserv_automaton.node_4.finite.ivy

[IVY_TO_CPP RESULT]: OK

swig -c++ -python -o lockserv_automaton.node_4.finite_wrap.cpp ivy_exec.i

[SWIG RESULT]: OK

g++ -std=c++11 -fpic -pthread -O3 lockserv_automaton.node_4.finite.cpp lockserv_automaton.node_4.finite_wrap.cpp -I/home/yunrong/.pyenv/versions/3.12.0/include/python3.12 -c

[G++ RESULT]: OK

g++ -shared lockserv_automaton.node_4.finite.o lockserv_automaton.node_4.finite_wrap.o -o _ivy_exec.so -lm -lstdc++

[LINK RESULT]: OK

[FW NOTE]: number of state atoms: 17

[FW NOTE]: number of interpreted atoms (e.g. member,le): 0

[FW NOTE]: number of branching actions: 20

[FW NOTE]: symmetric group order: 24

[QRM NOTE]: Time elapsed since start: 7.461 seconds

[QRM NOTE]: Time elapsed since last: 7.461 seconds

[QRM NOTE]: Peak memory: 1184991 bytes


=====================================

	Symmetric Quotient DFS

=====================================

[FW NOTE]: dfs max depth: 8

[FW NOTE]: number of total reachable states:        208

[FW NOTE]: number of dfs representative states:     29

[FW NOTE]: number of dfs non-representative states: 179


=================================================================================================

	[FW RESULT]: Forward Reachability on [ivybench/sym/ivy/lockserv_automaton: node=4]

=================================================================================================

sort: node=['node0', 'node1', 'node2', 'node3']
predicate: lock_msg('node',)
predicate: holds_lock('node',)
predicate: unlock_msg('node',)
predicate: held()
predicate: grant_msg('node',)
interpreted atoms: {}
state atoms: ['grant_msg(node0)', 'grant_msg(node1)', 'grant_msg(node2)', 'grant_msg(node3)', 'held()', 'holds_lock(node0)', 'holds_lock(node1)', 'holds_lock(node2)', 'holds_lock(node3)', 'lock_msg(node0)', 'lock_msg(node1)', 'lock_msg(node2)', 'lock_msg(node3)', 'unlock_msg(node0)', 'unlock_msg(node1)', 'unlock_msg(node2)', 'unlock_msg(node3)']
representative states : 0, 16, 48, 112, 240, 12512, 12528, 4592, 4337, 4576, 4216, 12384, 12400, 4464, 4209, 4448, 4148, 12320, 12336, 4400, 4145, 4384, 4114, 12288, 12304, 4368, 4113, 4352, 4097


=== State Orbit 0 =====================
size : 1
repr state: 00000000000000000
lex min decimal: 0
states:
00000000000000000




=== State Orbit 1 =====================
size : 4
repr state: 00000000010000000
lex min decimal: 16
states:
00000000001000000
00000000000010000
00000000000100000
00000000010000000




=== State Orbit 2 =====================
size : 6
repr state: 00000000011000000
lex min decimal: 48
states:
00000000001010000
00000000010100000
00000000001100000
00000000011000000
00000000010010000
00000000000110000




=== State Orbit 3 =====================
size : 4
repr state: 00000000011100000
lex min decimal: 112
states:
00000000001110000
00000000010110000
00000000011100000
00000000011010000




=== State Orbit 4 =====================
size : 1
repr state: 00000000011110000
lex min decimal: 240
states:
00000000011110000




=== State Orbit 5 =====================
size : 4
repr state: 10001000001110000
lex min decimal: 12512
states:
00101000011010000
01001000010110000
10001000001110000
00011000011100000




=== State Orbit 6 =====================
size : 4
repr state: 10001000011110000
lex min decimal: 12528
states:
00101000011110000
01001000011110000
00011000011110000
10001000011110000




=== State Orbit 7 =====================
size : 4
repr state: 00001100011110000
lex min decimal: 4592
states:
00001010011110000
00001000111110000
00001100011110000
00001001011110000




=== State Orbit 8 =====================
size : 4
repr state: 00001000011111000
lex min decimal: 4337
states:
00001000011111000
00001000011110010
00001000011110100
00001000011110001




=== State Orbit 9 =====================
size : 4
repr state: 00001100001110000
lex min decimal: 4576
states:
00001100001110000
00001001011010000
00001000111100000
00001010010110000




=== State Orbit 10 =====================
size : 4
repr state: 00001000001111000
lex min decimal: 4216
states:
00001000010110100
00001000001111000
00001000011100001
00001000011010010




=== State Orbit 11 =====================
size : 12
repr state: 10001000001100000
lex min decimal: 12384
states:
10001000001010000
00011000011000000
00101000011000000
01001000010100000
10001000001100000
00011000001100000
00101000010010000
01001000000110000
00011000010100000
01001000010010000
10001000000110000
00101000001010000




=== State Orbit 12 =====================
size : 12
repr state: 10001000011100000
lex min decimal: 12400
states:
01001000001110000
00101000010110000
00011000001110000
01001000011010000
10001000011010000
01001000011100000
10001000011100000
10001000010110000
00101000001110000
00101000011100000
00011000011010000
00011000010110000




=== State Orbit 13 =====================
size : 12
repr state: 00001100011100000
lex min decimal: 4464
states:
00001010011100000
00001001011100000
00001001001110000
00001000110110000
00001001010110000
00001100011100000
00001000111010000
00001010011010000
00001100010110000
00001000101110000
00001100011010000
00001010001110000




=== State Orbit 14 =====================
size : 12
repr state: 00001000011101000
lex min decimal: 4209
states:
00001000011100010
00001000011100100
00001000001110010
00001000001110100
00001000010110010
00001000011011000
00001000010110001
00001000011101000
00001000011010001
00001000001110001
00001000011010100
00001000010111000




=== State Orbit 15 =====================
size : 12
repr state: 00001100001100000
lex min decimal: 4448
states:
00001000110100000
00001001001010000
00001010000110000
00001100001010000
00001010010010000
00001100000110000
00001001010010000
00001010010100000
00001001011000000
00001100001100000
00001000101100000
00001000111000000




=== State Orbit 16 =====================
size : 12
repr state: 00001000001101000
lex min decimal: 4148
states:
00001000010100100
00001000001011000
00001000001100001
00001000001010010
00001000011000001
00001000000111000
00001000010100001
00001000010010010
00001000011000010
00001000000110100
00001000001101000
00001000010010100




=== State Orbit 17 =====================
size : 12
repr state: 10001000001000000
lex min decimal: 12320
states:
00011000010000000
00011000001000000
01001000010000000
10001000000100000
00101000001000000
00101000010000000
00011000000100000
00101000000010000
10001000001000000
10001000000010000
01001000000100000
01001000000010000




=== State Orbit 18 =====================
size : 12
repr state: 10001000011000000
lex min decimal: 12336
states:
01001000001100000
00011000010010000
10001000010010000
00101000000110000
01001000011000000
00101000010100000
01001000001010000
00101000001100000
00011000001010000
10001000010100000
00011000000110000
10001000011000000




=== State Orbit 19 =====================
size : 12
repr state: 00001100011000000
lex min decimal: 4400
states:
00001100010100000
00001001010100000
00001010011000000
00001000101010000
00001010001100000
00001001001100000
00001100011000000
00001001000110000
00001100010010000
00001010001010000
00001000100110000
00001000110010000




=== State Orbit 20 =====================
size : 12
repr state: 00001000011001000
lex min decimal: 4145
states:
00001000001010100
00001000001100100
00001000010011000
00001000001010001
00001000000110001
00001000011001000
00001000010010001
00001000010100010
00001000001100010
00001000010101000
00001000011000100
00001000000110010




=== State Orbit 21 =====================
size : 12
repr state: 00001100001000000
lex min decimal: 4384
states:
00001010000100000
00001001001000000
00001000101000000
00001100000100000
00001100000010000
00001010010000000
00001001000010000
00001100001000000
00001010000010000
00001000110000000
00001000100100000
00001001010000000




=== State Orbit 22 =====================
size : 12
repr state: 00001000001001000
lex min decimal: 4114
states:
00001000010000100
00001000000010100
00001000001000010
00001000001000001
00001000001001000
00001000000101000
00001000010000010
00001000000010010
00001000000011000
00001000000100001
00001000010000001
00001000000100100




=== State Orbit 23 =====================
size : 4
repr state: 10001000000000000
lex min decimal: 12288
states:
00101000000000000
10001000000000000
00011000000000000
01001000000000000




=== State Orbit 24 =====================
size : 4
repr state: 10001000010000000
lex min decimal: 12304
states:
00011000000010000
00101000000100000
01001000001000000
10001000010000000




=== State Orbit 25 =====================
size : 4
repr state: 00001100010000000
lex min decimal: 4368
states:
00001010001000000
00001000100010000
00001001000100000
00001100010000000




=== State Orbit 26 =====================
size : 4
repr state: 00001000010001000
lex min decimal: 4113
states:
00001000000100010
00001000010001000
00001000001000100
00001000000010001




=== State Orbit 27 =====================
size : 4
repr state: 00001100000000000
lex min decimal: 4352
states:
00001001000000000
00001100000000000
00001000100000000
00001010000000000




=== State Orbit 28 =====================
size : 4
repr state: 00001000000001000
lex min decimal: 4097
states:
00001000000001000
00001000000000001
00001000000000100
00001000000000010



[QRM NOTE]: Time elapsed since start: 7.665 seconds

[QRM NOTE]: Time elapsed since last: 0.203 seconds

[QRM NOTE]: Peak memory: 1274635 bytes

