
*************************************************************************

	[QRM]: ivybench/sym/ivy/simple-decentralized-lock.ivy

*************************************************************************


---------- Parsing Ivy ----------


Printing isolate this:

OK


=================================================================================================

	[FW]: Forward Reachability on [ivybench/sym/ivy/simple-decentralized-lock: node=4]

=================================================================================================


==============================================

	Set up for forward reachability

==============================================

ivy_to_cpp target=qrm simple-decentralized-lock.node_4.finite.ivy

[IVY_TO_CPP RESULT]: OK

swig -c++ -python -o simple-decentralized-lock.node_4.finite_wrap.cpp ivy_exec.i

[SWIG RESULT]: OK

g++ -std=c++11 -fpic -pthread -O3 simple-decentralized-lock.node_4.finite.cpp simple-decentralized-lock.node_4.finite_wrap.cpp -I/home/yunrong/.pyenv/versions/3.12.0/include/python3.12 -c

[G++ RESULT]: OK

g++ -shared simple-decentralized-lock.node_4.finite.o simple-decentralized-lock.node_4.finite_wrap.o -o _ivy_exec.so -lm -lstdc++

[LINK RESULT]: OK

[FW NOTE]: number of state atoms: 24

[FW NOTE]: number of interpreted atoms (e.g. member,le): 0

[FW NOTE]: number of branching actions: 32

[FW NOTE]: symmetric group order: 24

[QRM NOTE]: Time elapsed since start: 6.718 seconds

[QRM NOTE]: Time elapsed since last: 6.718 seconds

[QRM NOTE]: Peak memory: 1184077 bytes


=====================================

	Symmetric Quotient DFS

=====================================

[FW NOTE]: dfs max depth: 3

[FW NOTE]: number of total reachable states:        80

[FW NOTE]: number of dfs representative states:     7

[FW NOTE]: number of dfs non-representative states: 73


========================================================================================================

	[FW RESULT]: Forward Reachability on [ivybench/sym/ivy/simple-decentralized-lock: node=4]

========================================================================================================

sort: node=['node0', 'node1', 'node2', 'node3']
predicate: has_lock('node',)
predicate: message('node', 'node')
predicate: start_node=('node',)
interpreted atoms: {}
state atoms: ['has_lock(node0)', 'has_lock(node1)', 'has_lock(node2)', 'has_lock(node3)', 'message(node0,node0)', 'message(node0,node1)', 'message(node0,node2)', 'message(node0,node3)', 'message(node1,node0)', 'message(node1,node1)', 'message(node1,node2)', 'message(node1,node3)', 'message(node2,node0)', 'message(node2,node1)', 'message(node2,node2)', 'message(node2,node3)', 'message(node3,node0)', 'message(node3,node1)', 'message(node3,node2)', 'message(node3,node3)', '(start_node=node0)', '(start_node=node1)', '(start_node=node2)', '(start_node=node3)']
representative states : 1048577, 17, 33, 1048578, 34, 18, 36


=== State Orbit 0 =====================
size : 4
repr state: 100000000000000000001000
lex min decimal: 1048577
states:
100000000000000000001000
000100000000000000000001
010000000000000000000100
001000000000000000000010




=== State Orbit 1 =====================
size : 4
repr state: 000010000000000000001000
lex min decimal: 17
states:
000010000000000000001000
000000000100000000000100
000000000000000000010001
000000000000001000000010




=== State Orbit 2 =====================
size : 12
repr state: 000001000000000000001000
lex min decimal: 33
states:
000001000000000000001000
000000000001000000000100
000000100000000000001000
000000000010000000000100
000000000000100000000010
000000000000000001000001
000000010000000000001000
000000000000000000100001
000000000000000100000010
000000000000000010000001
000000001000000000000100
000000000000010000000010




=== State Orbit 3 =====================
size : 12
repr state: 010000000000000000001000
lex min decimal: 1048578
states:
001000000000000000001000
010000000000000000000010
001000000000000000000001
000100000000000000000010
010000000000000000000001
100000000000000000000100
001000000000000000000100
100000000000000000000001
100000000000000000000010
000100000000000000000100
010000000000000000001000
000100000000000000001000




=== State Orbit 4 =====================
size : 12
repr state: 000000001000000000001000
lex min decimal: 34
states:
000000000000010000000100
000000001000000000001000
000000000001000000000001
000000000000000010001000
000000100000000000000010
000000000010000000000010
000000000000000000100010
000000000000000100000001
000001000000000000000100
000000000000000001000100
000000000000100000001000
000000010000000000000001




=== State Orbit 5 =====================
size : 12
repr state: 000000000100000000001000
lex min decimal: 18
states:
000010000000000000000100
000000000000001000000001
000000000100000000000001
000000000000001000001000
000000000000000000010100
000000000000000000011000
000010000000000000000010
000000000000000000010010
000000000100000000001000
000000000100000000000010
000000000000001000000100
000010000000000000000001




=== State Orbit 6 =====================
size : 24
repr state: 000000000010000000001000
lex min decimal: 36
states:
000000000000000001000010
000000000000000000101000
000000000000000010000100
000001000000000000000010
000000000001000000000010
000000000000010000000001
000001000000000000000001
000000010000000000000100
000000000001000000001000
000000000000000100001000
000000001000000000000010
000000000000000001001000
000000001000000000000001
000000100000000000000100
000000000000000010000010
000000000000100000000001
000000000000010000001000
000000010000000000000010
000000100000000000000001
000000000000100000000100
000000000010000000000001
000000000010000000001000
000000000000000000100100
000000000000000100000100



[QRM NOTE]: Time elapsed since start: 6.843 seconds

[QRM NOTE]: Time elapsed since last: 0.125 seconds

[QRM NOTE]: Peak memory: 1240247 bytes

