[runlim] version:		2.0.0rc12
[runlim] host:			caen-vnc-mi17.engin.umich.edu
[runlim] time limit:		2000 seconds
[runlim] real time limit:	2000 seconds
[runlim] space limit:		15000 MB
[runlim] argv[0]:		python3
[runlim] argv[1]:		qrm.py
[runlim] argv[2]:		-i
[runlim] argv[3]:		ivybench/sym/ivy/client_server_ae.ivy
[runlim] argv[4]:		-s
[runlim] argv[5]:		node=2,request=2,response=2
[runlim] argv[6]:		-v
[runlim] argv[7]:		5
[runlim] argv[8]:		-w
[runlim] argv[9]:		-l
[runlim] argv[10]:		ivybench/sym/ivy/client_server_ae.bdd.log
[runlim] start:			Thu Jan  9 19:43:22 2025
[runlim] child:			201428
	(found #2 definitions)
	(epr: True)
	(gen: fef)
	(found #3 actions)

Finite sorts: #3
	|node| = 2
	|request| = 2
	|response| = 2
	(input is in epr)
	(#36 atoms with #36 variables)
@ 1736469806s  (building bdds)
@ 1736469806s  (building bdd for ext:new_request)
@ 1736469806s  (building bdd for ext:receive_response)
@ 1736469806s  (building bdd for ext:respond)
	(running forward reachability)
	(forward reachability done)
	(extracting state variables and reachable states)
	(extracting state variables and reachable states done)
[runlim] end:			Thu Jan  9 19:43:26 2025
[runlim] status:		ok
[runlim] result:		1
[runlim] children:		10
[runlim] processes:		11
[runlim] real:			4.06 seconds
[runlim] time:			1.39 seconds
[runlim] space:			84 MB
[runlim] load:			0.80 maximum
[runlim] samples:		41
