
*********************************************************

	[QRM]: ivybench/sym/ivy/Consensus.ivy

*********************************************************


=================================

	[CPL]: Compile Ivy

=================================

[QRM NOTE]: Time elapsed since start: 0.070 seconds

[QRM NOTE]: Time elapsed since last: 0.070 seconds


==================================================================================

	[FW]: Forward Reachability on [ivybench/sym/ivy/Consensus: value=4]

==================================================================================


=========================================================================================

	[FW RESULT]: Forward Reachability on [ivybench/sym/ivy/Consensus: value=4]

=========================================================================================

.s value v0 v1 v2 v3
.p chosen value
.a chosen(v3) chosen(v2) chosen(v1) chosen(v0)
-000
0100
0010
0001

[FW NOTE]: number of variables: 4

[FW NOTE]: number of reachable states: 4

[QRM NOTE]: Time elapsed since start: 0.257 seconds

[QRM NOTE]: Time elapsed since last: 0.187 seconds

[QRM NOTE]: Peak memory: 1912492 bytes


*********************************************************

	[QRM]: ivybench/sym/ivy/Consensus.ivy

*********************************************************

[QRM RESULT]: Fail

