[runlim] version:		2.0.0rc12
[runlim] host:			caen-vnc-mi17.engin.umich.edu
[runlim] time limit:		2000 seconds
[runlim] real time limit:	2000 seconds
[runlim] space limit:		15000 MB
[runlim] argv[0]:		python3
[runlim] argv[1]:		qrm.py
[runlim] argv[2]:		-i
[runlim] argv[3]:		ivybench/sym/ivy/Consensus.ivy
[runlim] argv[4]:		-s
[runlim] argv[5]:		value=4
[runlim] argv[6]:		-v
[runlim] argv[7]:		5
[runlim] argv[8]:		-w
[runlim] argv[9]:		-l
[runlim] argv[10]:		ivybench/sym/ivy/Consensus.bdd.log
[runlim] start:			Thu Jan  9 19:42:15 2025
[runlim] child:			200814
	(epr: True)
	(gen: fef)
	(found #1 actions)

Finite sorts: #1
	|value| = 4
	(input is in epr)
	(#8 atoms with #8 variables)
@ 1736469744s  (building bdds)
@ 1736469744s  (building bdd for ext:choose)
	(running forward reachability)
	(forward reachability done)
	(extracting state variables and reachable states)
	(extracting state variables and reachable states done)
[runlim] end:			Thu Jan  9 19:42:23 2025
[runlim] status:		ok
[runlim] result:		1
[runlim] children:		10
[runlim] processes:		11
[runlim] real:			8.29 seconds
[runlim] time:			4.38 seconds
[runlim] space:			85 MB
[runlim] load:			0.40 maximum
[runlim] samples:		83
