
********************************************************************

	[QRM]: ivybench/sym_quorum/ivy/consensus_epr.ivy

********************************************************************


=================================

	[CPL]: Compile Ivy

=================================

[QRM NOTE]: Time elapsed since start: 0.126 seconds

[QRM NOTE]: Time elapsed since last: 0.126 seconds


=============================================================================================================

	[FW]: Forward Reachability on [ivybench/sym_quorum/ivy/consensus_epr: node=4,quorum=4,value=3]

=============================================================================================================


====================================================================================================================

	[FW RESULT]: Forward Reachability on [ivybench/sym_quorum/ivy/consensus_epr: node=4,quorum=4,value=3]

====================================================================================================================

.s node n0 n1 n2 n3
.s quorum q0 q1 q2 q3
.s value v0 v1 v2
.q node q-n0-n1-n2 q-n0-n1-n3 q-n0-n2-n3 q-n1-n2-n3
.p member node quorum
.p chosen node
.p decided node value
.p leader node
.p vote_msg node node
.p vote_request_msg node node
.p voted node
.p votes node node
.a votes(n3,n3) votes(n2,n3) votes(n1,n3) votes(n0,n3) votes(n3,n2) votes(n2,n2) votes(n1,n2) votes(n0,n2) votes(n3,n1) votes(n2,n1) votes(n1,n1) votes(n0,n1) votes(n3,n0) votes(n2,n0) votes(n1,n0) votes(n0,n0) vote_request_msg(n3,n3) vote_request_msg(n2,n3) vote_request_msg(n1,n3) vote_request_msg(n0,n3) vote_request_msg(n3,n2) vote_request_msg(n2,n2) vote_request_msg(n1,n2) vote_request_msg(n0,n2) vote_request_msg(n3,n1) vote_request_msg(n2,n1) vote_request_msg(n1,n1) vote_request_msg(n0,n1) vote_request_msg(n3,n0) vote_request_msg(n2,n0) vote_request_msg(n1,n0) vote_request_msg(n0,n0) vote_msg(n3,n3) vote_msg(n2,n3) vote_msg(n1,n3) vote_msg(n0,n3) vote_msg(n3,n2) vote_msg(n2,n2) vote_msg(n1,n2) vote_msg(n0,n2) vote_msg(n3,n1) vote_msg(n2,n1) vote_msg(n1,n1) vote_msg(n0,n1) vote_msg(n3,n0) vote_msg(n2,n0) vote_msg(n1,n0) vote_msg(n0,n0) decided(n3,v2) decided(n2,v2) decided(n1,v2) decided(n0,v2) decided(n3,v1) decided(n2,v1) decided(n1,v1) decided(n0,v1) decided(n3,v0) decided(n2,v0) decided(n1,v0) decided(n0,v0) voted(n3) voted(n2) voted(n1) voted(n0) leader(n3) leader(n2) leader(n1) leader(n0) chosen(n3) chosen(n2) chosen(n1) chosen(n0)
0000000000000000----------------0000000000000000000000000000000000000000
-000000000000000----------------1000000000000000000000000000100000000000
0-00000000000000-1--------------0000100000000000000000000000100000000000
00-0000000000000--1-------------0000000010000000000000000000100000000000
000-000000000000---1------------0000000000001000000000000000100000000000
0000-00000000000----1-----------0100000000000000000000000000010000000000
00000-0000000000----------------0000010000000000000000000000010000000000
000000-000000000------1---------0000000001000000000000000000010000000000
0000000-00000000-------1--------0000000000000100000000000000010000000000
-000-00000000000----1-----------1100000000000000000000000000110000000000
0-00-00000000000-1--0-----------0100100000000000000000000000110000000000
0-00-00000000000----1-----------0100100000000000000000000000110000000000
-0000-0000000000----------------1000010000000000000000000000110000000000
0-000-0000000000-1--------------0000110000000000000000000000110000000000
00-0-00000000000--1-1-----------0100000010000000000000000000110000000000
00-00-0000000000--1-------------0000010010000000000000000000110000000000
-00000-000000000------1---------1000000001000000000000000000110000000000
0-0000-000000000-1----1---------0000100001000000000000000000110000000000
00-000-000000000--1---1---------0000000011000000000000000000110000000000
000--00000000000---11-----------0100000000001000000000000000110000000000
000-0-0000000000---1------------0000010000001000000000000000110000000000
000-00-000000000---1--1---------0000000001001000000000000000110000000000
-000000-00000000-------1--------1000000000000100000000000000110000000000
0-00000-00000000-1-----1--------0000100000000100000000000000110000000000
00-0000-00000000--1----1--------0000000010000100000000000000110000000000
000-000-00000000---1---1--------0000000000001100000000000000110000000000
00000000-0000000--------1-------0010000000000000000000000000001000000000
000000000-000000---------1------0000001000000000000000000000001000000000
0000000000-00000----------------0000000000100000000000000000001000000000
00000000000-0000-----------1----0000000000000010000000000000001000000000
-0000000-0000000--------1-------1010000000000000000000000000101000000000
0-000000-0000000-1------1-------0010100000000000000000000000101000000000
-00000000-000000---------1------1000001000000000000000000000101000000000
0-0000000-000000-1-------1------0000101000000000000000000000101000000000
00-00000-0000000--1-----0-------0010000010000000000000000000101000000000
00-00000-0000000--------1-------0010000010000000000000000000101000000000
00-000000-000000--1------1------0000001010000000000000000000101000000000
-000000000-00000----------------1000000000100000000000000000101000000000
0-00000000-00000-1--------------0000100000100000000000000000101000000000
00-0000000-00000--1-------------0000000010100000000000000000101000000000
000-0000-0000000---1----1-------0010000000001000000000000000101000000000
000-00000-000000---1-----1------0000001000001000000000000000101000000000
000-000000-00000---1------------0000000000101000000000000000101000000000
-0000000000-0000-----------1----1000000000000010000000000000101000000000
0-000000000-0000-1---------1----0000100000000010000000000000101000000000
00-00000000-0000--1--------1----0000000010000010000000000000101000000000
000-0000000-0000---1-------1----0000000000001010000000000000101000000000
0000-000-0000000----1---1-------0110000000000000000000000000011000000000
00000-00-0000000--------1-------0010010000000000000000000000011000000000
0000-0000-000000----1----1------0100001000000000000000000000011000000000
00000-000-000000---------1------0000011000000000000000000000011000000000
000000-0-0000000------1-1-------0010000001000000000000000000011000000000
000000-00-000000------1--0------0000001001000000000000000000011000000000
000000-00-000000---------1------0000001001000000000000000000011000000000
0000-00000-00000----1-----------0100000000100000000000000000011000000000
00000-0000-00000----------------0000010000100000000000000000011000000000
000000-000-00000------1---------0000000001100000000000000000011000000000
0000000--0000000-------11-------0010000000000100000000000000011000000000
0000000-0-000000-------1-1------0000001000000100000000000000011000000000
0000000-00-00000-------1--------0000000000100100000000000000011000000000
0000-000000-0000----1------1----0100000000000010000000000000011000000000
00000-00000-0000-----------1----0000010000000010000000000000011000000000
000000-0000-0000------1----1----0000000001000010000000000000011000000000
0000000-000-0000-------1---1----0000000000000110000000000000011000000000
-000-00000000000----1---1-------1110000000000000000000000000111000000000
-000000010000000----1---1-------1110000000000000000000000000111000000000
0000100010000000----1---1-------1110000000000000000000000000111000000000
0-00-000-0000000-1--0---1-------0110100000000000000000000000111000000000
0-00-000-0000000----1---1-------0110100000000000000000000000111000000000
-0000-00-0000000--------1-------1010010000000000000000000000111000000000
0-000-00-0000000-1------1-------0010110000000000000000000000111000000000
-000-0000-000000----1----1------1100001000000000000000000000111000000000
0-00-0000-000000-1--0----1------0100101000000000000000000000111000000000
0-00-0000-000000----1----1------0100101000000000000000000000111000000000
-0000-000-000000---------1------1000011000000000000000000000111000000000
0-000-0000000000-1-------1------0000111000000000000000000000111000000000
0-00000001000000-1-------1------0000111000000000000000000000111000000000
0000010001000000-1-------1------0000111000000000000000000000111000000000
00-0-000-0000000--1-1---0-------0110000010000000000000000000111000000000
00-0-000-0000000----1---1-------0110000010000000000000000000111000000000
00-00-00-0000000--1-----0-------0010010010000000000000000000111000000000
00-00-00-0000000--------1-------0010010010000000000000000000111000000000
00-0-0000-000000--1-1----1------0100001010000000000000000000111000000000
00-00-000-000000--1------1------0000011010000000000000000000111000000000
-00000-0-0000000------1-1-------1010000001000000000000000000111000000000
0-0000-0-0000000-1----1-1-------0010100001000000000000000000111000000000
-00000-00-000000------1--0------1000001001000000000000000000111000000000
-00000-00-000000---------1------1000001001000000000000000000111000000000
0-0000-00-000000-1----1--0------0000101001000000000000000000111000000000
0-0000-00-000000-1-------1------0000101001000000000000000000111000000000
00-000-0-0000000--1---1-0-------0010000011000000000000000000111000000000
00-000-0-0000000------1-1-------0010000011000000000000000000111000000000
00-000-00-000000--1---1--0------0000001011000000000000000000111000000000
00-000-00-000000--1------1------0000001011000000000000000000111000000000
-000-00000-00000----1-----------1100000000100000000000000000111000000000
0-00-00000-00000-1--0-----------0100100000100000000000000000111000000000
0-00-00000-00000----1-----------0100100000100000000000000000111000000000
-0000-0000-00000----------------1000010000100000000000000000111000000000
0-000-0000-00000-1--------------0000110000100000000000000000111000000000
00-0-00000-00000--1-1-----------0100000010100000000000000000111000000000
00-00-0000-00000--1-------------0000010010100000000000000000111000000000
-00000-000-00000------1---------1000000001100000000000000000111000000000
0-0000-000-00000-1----1---------0000100001100000000000000000111000000000
00-000-000000000--1---1---------0000000011100000000000000000111000000000
00-0000000100000--1---1---------0000000011100000000000000000111000000000
0000001000100000--1---1---------0000000011100000000000000000111000000000
000--000-0000000---11---1-------0110000000001000000000000000111000000000
000-0-00-0000000---1----1-------0010010000001000000000000000111000000000
000--0000-000000---11----1------0100001000001000000000000000111000000000
000-0-000-000000---1-----1------0000011000001000000000000000111000000000
000-00-0-0000000---1--1-1-------0010000001001000000000000000111000000000
000-00-00-000000---1--1--0------0000001001001000000000000000111000000000
000-00-00-000000---1-----1------0000001001001000000000000000111000000000
000--00000-00000---11-----------0100000000101000000000000000111000000000
000-0-0000-00000---1------------0000010000101000000000000000111000000000
000-00-000-00000---1--1---------0000000001101000000000000000111000000000
-000000--0000000-------11-------1010000000000100000000000000111000000000
0-00000--0000000-1-----11-------0010100000000100000000000000111000000000
-000000-0-000000-------1-1------1000001000000100000000000000111000000000
0-00000-0-000000-1-----1-1------0000101000000100000000000000111000000000
00-0000--0000000--1----10-------0010000010000100000000000000111000000000
00-0000--0000000-------11-------0010000010000100000000000000111000000000
00-0000-0-000000--1----1-1------0000001010000100000000000000111000000000
-000000-00-00000-------1--------1000000000100100000000000000111000000000
0-00000-00-00000-1-----1--------0000100000100100000000000000111000000000
00-0000-00-00000--1----1--------0000000010100100000000000000111000000000
000-000--0000000---1---11-------0010000000001100000000000000111000000000
000-000-0-000000---1---1-1------0000001000001100000000000000111000000000
000-000-00-00000---1---1--------0000000000101100000000000000111000000000
-000-000000-0000----1------1----1100000000000010000000000000111000000000
0-00-000000-0000-1--0------1----0100100000000010000000000000111000000000
0-00-000000-0000----1------1----0100100000000010000000000000111000000000
-0000-00000-0000-----------1----1000010000000010000000000000111000000000
0-000-00000-0000-1---------1----0000110000000010000000000000111000000000
00-0-000000-0000--1-1------1----0100000010000010000000000000111000000000
00-00-00000-0000--1--------1----0000010010000010000000000000111000000000
-00000-0000-0000------1----1----1000000001000010000000000000111000000000
0-0000-0000-0000-1----1----1----0000100001000010000000000000111000000000
00-000-0000-0000--1---1----1----0000000011000010000000000000111000000000
000--000000-0000---11------1----0100000000001010000000000000111000000000
000-0-00000-0000---1-------1----0000010000001010000000000000111000000000
000-00-0000-0000---1--1----1----0000000001001010000000000000111000000000
-000000-000-0000-------1---1----1000000000000110000000000000111000000000
0-00000-000-0000-1-----1---1----0000100000000110000000000000111000000000
00-0000-000-0000--1----1---1----0000000010000110000000000000111000000000
000-000-00000000---1---1---1----0000000000001110000000000000111000000000
000-000000010000---1---1---1----0000000000001110000000000000111000000000
0000000100010000---1---1---1----0000000000001110000000000000111000000000
000000000000-000------------1---0001000000000000000000000000000100000000
0000000000000-00-------------1--0000000100000000000000000000000100000000
00000000000000-0--------------1-0000000000010000000000000000000100000000
000000000000000-----------------0000000000000001000000000000000100000000
-00000000000-000------------1---1001000000000000000000000000100100000000
0-0000000000-000-1----------1---0001100000000000000000000000100100000000
-000000000000-00-------------1--1000000100000000000000000000100100000000
0-00000000000-00-1-----------1--0000100100000000000000000000100100000000
00-000000000-000--1---------1---0001000010000000000000000000100100000000
00-0000000000-00--1----------1--0000000110000000000000000000100100000000
-0000000000000-0--------------1-1000000000010000000000000000100100000000
0-000000000000-0-1------------1-0000100000010000000000000000100100000000
00-00000000000-0--1-----------1-0000000010010000000000000000100100000000
000-00000000-000---1--------0---0001000000001000000000000000100100000000
000-00000000-000------------1---0001000000001000000000000000100100000000
000-000000000-00---1---------1--0000000100001000000000000000100100000000
000-0000000000-0---1----------1-0000000000011000000000000000100100000000
-00000000000000-----------------1000000000000001000000000000100100000000
0-0000000000000--1--------------0000100000000001000000000000100100000000
00-000000000000---1-------------0000000010000001000000000000100100000000
000-00000000000----1------------0000000000001001000000000000100100000000
0000-0000000-000----1-------1---0101000000000000000000000000010100000000
00000-000000-000------------1---0001010000000000000000000000010100000000
0000-00000000-00----1--------1--0100000100000000000000000000010100000000
00000-0000000-00-------------1--0000010100000000000000000000010100000000
000000-00000-000------1-----1---0001000001000000000000000000010100000000
000000-000000-00------1------1--0000000101000000000000000000010100000000
0000-000000000-0----1---------1-0100000000010000000000000000010100000000
00000-00000000-0--------------1-0000010000010000000000000000010100000000
000000-0000000-0------1-------1-0000000001010000000000000000010100000000
0000000-0000-000-------1----1---0001000000000100000000000000010100000000
0000000-00000-00-------1-----0--0000000100000100000000000000010100000000
0000000-00000-00-------------1--0000000100000100000000000000010100000000
0000000-000000-0-------1------1-0000000000010100000000000000010100000000
0000-0000000000-----1-----------0100000000000001000000000000010100000000
00000-000000000-----------------0000010000000001000000000000010100000000
000000-00000000-------1---------0000000001000001000000000000010100000000
0000000-0000000--------1--------0000000000000101000000000000010100000000
-000-00000000000----1-------1---1101000000000000000000000000110100000000
-000000000001000----1-------1---1101000000000000000000000000110100000000
0000100000001000----1-------1---1101000000000000000000000000110100000000
0-00-0000000-000-1--0-------1---0101100000000000000000000000110100000000
0-00-0000000-000----1-------1---0101100000000000000000000000110100000000
-0000-000000-000------------1---1001010000000000000000000000110100000000
0-000-000000-000-1----------1---0001110000000000000000000000110100000000
-000-00000000-00----1--------1--1100000100000000000000000000110100000000
0-00-00000000-00-1--0--------1--0100100100000000000000000000110100000000
0-00-00000000-00----1--------1--0100100100000000000000000000110100000000
-0000-0000000-00-------------1--1000010100000000000000000000110100000000
0-000-0000000000-1-----------1--0000110100000000000000000000110100000000
0-00000000000100-1-----------1--0000110100000000000000000000110100000000
0000010000000100-1-----------1--0000110100000000000000000000110100000000
00-0-0000000-000--1-1-------1---0101000010000000000000000000110100000000
00-00-000000-000--1---------1---0001010010000000000000000000110100000000
00-0-00000000-00--1-1--------1--0100000110000000000000000000110100000000
00-00-0000000-00--1----------1--0000010110000000000000000000110100000000
-00000-00000-000------1-----1---1001000001000000000000000000110100000000
0-0000-00000-000-1----1-----1---0001100001000000000000000000110100000000
-00000-000000-00------1------1--1000000101000000000000000000110100000000
0-0000-000000-00-1----1------1--0000100101000000000000000000110100000000
00-000-00000-000--1---1-----1---0001000011000000000000000000110100000000
00-000-000000-00--1---1------1--0000000111000000000000000000110100000000
-000-000000000-0----1---------1-1100000000010000000000000000110100000000
0-00-000000000-0-1--0---------1-0100100000010000000000000000110100000000
0-00-000000000-0----1---------1-0100100000010000000000000000110100000000
-0000-00000000-0--------------1-1000010000010000000000000000110100000000
0-000-00000000-0-1------------1-0000110000010000000000000000110100000000
00-0-000000000-0--1-1---------1-0100000010010000000000000000110100000000
00-00-00000000-0--1-----------1-0000010010010000000000000000110100000000
-00000-0000000-0------1-------1-1000000001010000000000000000110100000000
0-0000-0000000-0-1----1-------1-0000100001010000000000000000110100000000
00-000-000000000--1---1-------1-0000000011010000000000000000110100000000
00-0000000000010--1---1-------1-0000000011010000000000000000110100000000
0000001000000010--1---1-------1-0000000011010000000000000000110100000000
000--0000000-000---11-------0---0101000000001000000000000000110100000000
000--0000000-000----1-------1---0101000000001000000000000000110100000000
000-0-000000-000---1--------0---0001010000001000000000000000110100000000
000-0-000000-000------------1---0001010000001000000000000000110100000000
000--00000000-00---11--------1--0100000100001000000000000000110100000000
000-0-0000000-00---1---------1--0000010100001000000000000000110100000000
000-00-00000-000---1--1-----0---0001000001001000000000000000110100000000
000-00-00000-000------1-----1---0001000001001000000000000000110100000000
000-00-000000-00---1--1------1--0000000101001000000000000000110100000000
000--000000000-0---11---------1-0100000000011000000000000000110100000000
000-0-00000000-0---1----------1-0000010000011000000000000000110100000000
000-00-0000000-0---1--1-------1-0000000001011000000000000000110100000000
-000000-0000-000-------1----1---1001000000000100000000000000110100000000
0-00000-0000-000-1-----1----1---0001100000000100000000000000110100000000
-000000-00000-00-------1-----0--1000000100000100000000000000110100000000
-000000-00000-00-------------1--1000000100000100000000000000110100000000
0-00000-00000-00-1-----1-----0--0000100100000100000000000000110100000000
0-00000-00000-00-1-----------1--0000100100000100000000000000110100000000
00-0000-0000-000--1----1----1---0001000010000100000000000000110100000000
00-0000-00000-00--1----1-----0--0000000110000100000000000000110100000000
00-0000-00000-00--1----------1--0000000110000100000000000000110100000000
-000000-000000-0-------1------1-1000000000010100000000000000110100000000
0-00000-000000-0-1-----1------1-0000100000010100000000000000110100000000
00-0000-000000-0--1----1------1-0000000010010100000000000000110100000000
000-000-0000-000---1---1----0---0001000000001100000000000000110100000000
000-000-0000-000-------1----1---0001000000001100000000000000110100000000
000-000-00000-00---1---1-----0--0000000100001100000000000000110100000000
000-000-00000-00---1---------1--0000000100001100000000000000110100000000
000-000-000000-0---1---1------1-0000000000011100000000000000110100000000
-000-0000000000-----1-----------1100000000000001000000000000110100000000
0-00-0000000000--1--0-----------0100100000000001000000000000110100000000
0-00-0000000000-----1-----------0100100000000001000000000000110100000000
-0000-000000000-----------------1000010000000001000000000000110100000000
0-000-000000000--1--------------0000110000000001000000000000110100000000
00-0-0000000000---1-1-----------0100000010000001000000000000110100000000
00-00-000000000---1-------------0000010010000001000000000000110100000000
-00000-00000000-------1---------1000000001000001000000000000110100000000
0-0000-00000000--1----1---------0000100001000001000000000000110100000000
00-000-00000000---1---1---------0000000011000001000000000000110100000000
000--0000000000----11-----------0100000000001001000000000000110100000000
000-0-000000000----1------------0000010000001001000000000000110100000000
000-00-00000000----1--1---------0000000001001001000000000000110100000000
-000000-0000000--------1--------1000000000000101000000000000110100000000
0-00000-0000000--1-----1--------0000100000000101000000000000110100000000
00-0000-0000000---1----1--------0000000010000101000000000000110100000000
000-000-00000000---1---1--------0000000000001101000000000000110100000000
000-000000000001---1---1--------0000000000001101000000000000110100000000
0000000100000001---1---1--------0000000000001101000000000000110100000000
00000000-000-000--------1---1---0011000000000000000000000000001100000000
000000000-00-000---------1--1---0001001000000000000000000000001100000000
00000000-0000-00--------1----1--0010000100000000000000000000001100000000
000000000-000-00---------1---1--0000001100000000000000000000001100000000
0000000000-0-000------------1---0001000000100000000000000000001100000000
0000000000-00-00-------------1--0000000100100000000000000000001100000000
00000000-00000-0--------1-----1-0010000000010000000000000000001100000000
000000000-0000-0---------1----1-0000001000010000000000000000001100000000
0000000000-000-0--------------1-0000000000110000000000000000001100000000
00000000000--000-----------11---0001000000000010000000000000001100000000
00000000000-0-00-----------1-1--0000000100000010000000000000001100000000
00000000000-00-0-----------1--0-0000000000010010000000000000001100000000
00000000000-00-0--------------1-0000000000010010000000000000001100000000
00000000-000000---------1-------0010000000000001000000000000001100000000
000000000-00000----------1------0000001000000001000000000000001100000000
0000000000-0000-----------------0000000000100001000000000000001100000000
00000000000-000------------1----0000000000000011000000000000001100000000
-0000000-0000000--------1---1---1011000000000000000000000000101100000000
-000000000001000--------1---1---1011000000000000000000000000101100000000
0000000010001000--------1---1---1011000000000000000000000000101100000000
0-000000-000-000-1------1---1---0011100000000000000000000000101100000000
-00000000-00-000---------1--1---1001001000000000000000000000101100000000
0-0000000-00-000-1-------1--1---0001101000000000000000000000101100000000
-0000000-0000-00--------1----1--1010000100000000000000000000101100000000
0-000000-0000-00-1------1----1--0010100100000000000000000000101100000000
-00000000-000-00---------1---1--1000001100000000000000000000101100000000
0-0000000-000000-1-------1---1--0000101100000000000000000000101100000000
0-00000000000100-1-------1---1--0000101100000000000000000000101100000000
0000000001000100-1-------1---1--0000101100000000000000000000101100000000
00-00000-000-000--1-----0---1---0011000010000000000000000000101100000000
00-00000-000-000--------1---1---0011000010000000000000000000101100000000
00-000000-00-000--1------1--1---0001001010000000000000000000101100000000
00-00000-0000-00--1-----0----1--0010000110000000000000000000101100000000
00-00000-0000-00--------1----1--0010000110000000000000000000101100000000
00-000000-000-00--1------1---1--0000001110000000000000000000101100000000
-000000000-0-000------------1---1001000000100000000000000000101100000000
0-00000000-0-000-1----------1---0001100000100000000000000000101100000000
-000000000-00-00-------------1--1000000100100000000000000000101100000000
0-00000000-00-00-1-----------1--0000100100100000000000000000101100000000
00-0000000-0-000--1---------1---0001000010100000000000000000101100000000
00-0000000-00-00--1----------1--0000000110100000000000000000101100000000
-0000000-00000-0--------1-----1-1010000000010000000000000000101100000000
0-000000-00000-0-1------1-----1-0010100000010000000000000000101100000000
-00000000-0000-0---------1----1-1000001000010000000000000000101100000000
0-0000000-0000-0-1-------1----1-0000101000010000000000000000101100000000
00-00000-00000-0--1-----0-----1-0010000010010000000000000000101100000000
00-00000-00000-0--------1-----1-0010000010010000000000000000101100000000
00-000000-0000-0--1------1----1-0000001010010000000000000000101100000000
-000000000-000-0--------------1-1000000000110000000000000000101100000000
0-00000000-000-0-1------------1-0000100000110000000000000000101100000000
00-0000000-00000--1-----------1-0000000010110000000000000000101100000000
00-0000000000010--1-----------1-0000000010110000000000000000101100000000
0000000000100010--1-----------1-0000000010110000000000000000101100000000
000-0000-000-000---1----1---0---0011000000001000000000000000101100000000
000-0000-000-000--------1---1---0011000000001000000000000000101100000000
000-00000-00-000---1-----1--0---0001001000001000000000000000101100000000
000-00000-00-000---------1--1---0001001000001000000000000000101100000000
000-0000-0000-00---1----1----1--0010000100001000000000000000101100000000
000-00000-000-00---1-----1---1--0000001100001000000000000000101100000000
000-000000-0-000---1--------0---0001000000101000000000000000101100000000
000-000000-0-000------------1---0001000000101000000000000000101100000000
000-000000-00-00---1---------1--0000000100101000000000000000101100000000
000-0000-00000-0---1----1-----1-0010000000011000000000000000101100000000
000-00000-0000-0---1-----1----1-0000001000011000000000000000101100000000
000-000000-000-0---1----------1-0000000000111000000000000000101100000000
-0000000000--000-----------11---1001000000000010000000000000101100000000
0-000000000--000-1---------11---0001100000000010000000000000101100000000
-0000000000-0-00-----------1-1--1000000100000010000000000000101100000000
0-000000000-0-00-1---------1-1--0000100100000010000000000000101100000000
00-00000000--000--1--------11---0001000010000010000000000000101100000000
00-00000000-0-00--1--------1-1--0000000110000010000000000000101100000000
-0000000000-00-0-----------1--0-1000000000010010000000000000101100000000
-0000000000-00-0--------------1-1000000000010010000000000000101100000000
0-000000000-00-0-1---------1--0-0000100000010010000000000000101100000000
0-000000000-00-0-1------------1-0000100000010010000000000000101100000000
00-00000000-00-0--1--------1--0-0000000010010010000000000000101100000000
00-00000000-00-0--1-----------1-0000000010010010000000000000101100000000
000-0000000--000---1-------10---0001000000001010000000000000101100000000
000-0000000--000-----------11---0001000000001010000000000000101100000000
000-0000000-0-00---1-------1-1--0000000100001010000000000000101100000000
000-0000000-00-0---1-------1--0-0000000000011010000000000000101100000000
000-0000000-00-0---1----------1-0000000000011010000000000000101100000000
-0000000-000000---------1-------1010000000000001000000000000101100000000
0-000000-000000--1------1-------0010100000000001000000000000101100000000
-00000000-00000----------1------1000001000000001000000000000101100000000
0-0000000-00000--1-------1------0000101000000001000000000000101100000000
00-00000-000000---1-----0-------0010000010000001000000000000101100000000
00-00000-000000---------1-------0010000010000001000000000000101100000000
00-000000-00000---1------1------0000001010000001000000000000101100000000
-000000000-0000-----------------1000000000100001000000000000101100000000
0-00000000-0000--1--------------0000100000100001000000000000101100000000
00-0000000-0000---1-------------0000000010100001000000000000101100000000
000-0000-000000----1----1-------0010000000001001000000000000101100000000
000-00000-00000----1-----1------0000001000001001000000000000101100000000
000-000000-0000----1------------0000000000101001000000000000101100000000
-0000000000-000------------1----1000000000000011000000000000101100000000
0-000000000-000--1---------1----0000100000000011000000000000101100000000
00-00000000-000---1--------1----0000000010000011000000000000101100000000
000-0000000-0000---1-------1----0000000000001011000000000000101100000000
000-000000000001---1-------1----0000000000001011000000000000101100000000
0000000000010001---1-------1----0000000000001011000000000000101100000000
0000-000-0000000----1---1---1---0111000000000000000000000000011100000000
0000-00000001000----1---1---1---0111000000000000000000000000011100000000
0000000010001000----1---1---1---0111000000000000000000000000011100000000
00000-00-000-000--------1---1---0011010000000000000000000000011100000000
0000-0000-00-000----1----1--1---0101001000000000000000000000011100000000
00000-000-00-000---------1--1---0001011000000000000000000000011100000000
0000-000-0000-00----1---1----1--0110000100000000000000000000011100000000
00000-00-0000-00--------1----1--0010010100000000000000000000011100000000
0000-0000-000-00----1----1---1--0100001100000000000000000000011100000000
00000-000-000000---------1---1--0000011100000000000000000000011100000000
00000-0000000100---------1---1--0000011100000000000000000000011100000000
0000000001000100---------1---1--0000011100000000000000000000011100000000
000000-0-000-000------1-1---1---0011000001000000000000000000011100000000
000000-00-00-000------1--0--1---0001001001000000000000000000011100000000
000000-00-00-000---------1--1---0001001001000000000000000000011100000000
000000-0-0000-00------1-1----1--0010000101000000000000000000011100000000
000000-00-000-00------1--0---1--0000001101000000000000000000011100000000
000000-00-000-00---------1---1--0000001101000000000000000000011100000000
0000-00000-0-000----1-------1---0101000000100000000000000000011100000000
00000-0000-0-000------------1---0001010000100000000000000000011100000000
0000-00000-00-00----1--------1--0100000100100000000000000000011100000000
00000-0000-00-00-------------1--0000010100100000000000000000011100000000
000000-000-0-000------1-----1---0001000001100000000000000000011100000000
000000-000-00-00------1------1--0000000101100000000000000000011100000000
0000-000-00000-0----1---1-----1-0110000000010000000000000000011100000000
00000-00-00000-0--------1-----1-0010010000010000000000000000011100000000
0000-0000-0000-0----1----1----1-0100001000010000000000000000011100000000
00000-000-0000-0---------1----1-0000011000010000000000000000011100000000
000000-0-00000-0------1-1-----1-0010000001010000000000000000011100000000
000000-00-0000-0------1--0----1-0000001001010000000000000000011100000000
000000-00-0000-0---------1----1-0000001001010000000000000000011100000000
0000-00000-000-0----1---------1-0100000000110000000000000000011100000000
00000-0000-000-0--------------1-0000010000110000000000000000011100000000
000000-000-00000------1-------1-0000000001110000000000000000011100000000
000000-000000010------1-------1-0000000001110000000000000000011100000000
0000000000100010------1-------1-0000000001110000000000000000011100000000
0000000--000-000-------11---1---0011000000000100000000000000011100000000
0000000-0-00-000-------1-1--1---0001001000000100000000000000011100000000
0000000--0000-00-------11----0--0010000100000100000000000000011100000000
0000000--0000-00--------1----1--0010000100000100000000000000011100000000
0000000-0-000-00-------1-1---0--0000001100000100000000000000011100000000
0000000-0-000-00---------1---1--0000001100000100000000000000011100000000
0000000-00-0-000-------1----1---0001000000100100000000000000011100000000
0000000-00-00-00-------1-----0--0000000100100100000000000000011100000000
0000000-00-00-00-------------1--0000000100100100000000000000011100000000
0000000--00000-0-------11-----1-0010000000010100000000000000011100000000
0000000-0-0000-0-------1-1----1-0000001000010100000000000000011100000000
0000000-00-000-0-------1------1-0000000000110100000000000000011100000000
0000-000000--000----1------11---0101000000000010000000000000011100000000
00000-00000--000-----------11---0001010000000010000000000000011100000000
0000-000000-0-00----1------1-1--0100000100000010000000000000011100000000
00000-00000-0-00-----------1-1--0000010100000010000000000000011100000000
000000-0000--000------1----11---0001000001000010000000000000011100000000
000000-0000-0-00------1----1-1--0000000101000010000000000000011100000000
0000-000000-00-0----1------1--0-0100000000010010000000000000011100000000
0000-000000-00-0----1---------1-0100000000010010000000000000011100000000
00000-00000-00-0-----------1--0-0000010000010010000000000000011100000000
00000-00000-00-0--------------1-0000010000010010000000000000011100000000
000000-0000-00-0------1----1--0-0000000001010010000000000000011100000000
000000-0000-00-0------1-------1-0000000001010010000000000000011100000000
0000000-000--000-------1---11---0001000000000110000000000000011100000000
0000000-000-0-00-------1---1-0--0000000100000110000000000000011100000000
0000000-000-0-00-----------1-1--0000000100000110000000000000011100000000
0000000-000-00-0-------1---1--0-0000000000010110000000000000011100000000
0000000-000-00-0-------1------1-0000000000010110000000000000011100000000
0000-000-000000-----1---1-------0110000000000001000000000000011100000000
00000-00-000000---------1-------0010010000000001000000000000011100000000
0000-0000-00000-----1----1------0100001000000001000000000000011100000000
00000-000-00000----------1------0000011000000001000000000000011100000000
000000-0-000000-------1-1-------0010000001000001000000000000011100000000
000000-00-00000-------1--0------0000001001000001000000000000011100000000
000000-00-00000----------1------0000001001000001000000000000011100000000
0000-00000-0000-----1-----------0100000000100001000000000000011100000000
00000-0000-0000-----------------0000010000100001000000000000011100000000
000000-000-0000-------1---------0000000001100001000000000000011100000000
0000000--000000--------11-------0010000000000101000000000000011100000000
0000000-0-00000--------1-1------0000001000000101000000000000011100000000
0000000-00-0000--------1--------0000000000100101000000000000011100000000
0000-000000-000-----1------1----0100000000000011000000000000011100000000
00000-00000-000------------1----0000010000000011000000000000011100000000
000000-0000-000-------1----1----0000000001000011000000000000011100000000
0000000-000-0000-------1---1----0000000000000111000000000000011100000000
0000000-00000001-------1---1----0000000000000111000000000000011100000000
0000000000010001-------1---1----0000000000000111000000000000011100000000
-000-00000000000----1---1---1---1111000000000000000000000000111100000000
-000000010000000----1---1---1---1111000000000000000000000000111100000000
0000100010000000----1---1---1---1111000000000000000000000000111100000000
-000000000001000----1---1---1---1111000000000000000000000000111100000000
0000100000001000----1---1---1---1111000000000000000000000000111100000000
0000000010001000----1---1---1---1111000000000000000000000000111100000000
0-00-000-0000000-1--0---1---1---0111100000000000000000000000111100000000
0-00-00000001000-1--0---1---1---0111100000000000000000000000111100000000
0-00000010001000-1--0---1---1---0111100000000000000000000000111100000000
0-00-000-0000000----1---1---1---0111100000000000000000000000111100000000
0-00-00000001000----1---1---1---0111100000000000000000000000111100000000
0-00000010001000----1---1---1---0111100000000000000000000000111100000000
-0000-00-0000000--------1---1---1011010000000000000000000000111100000000
-0000-0000001000--------1---1---1011010000000000000000000000111100000000
00000-0010001000--------1---1---1011010000000000000000000000111100000000
0-000-00-000-000-1------1---1---0011110000000000000000000000111100000000
-000-0000-000000----1----1--1---1101001000000000000000000000111100000000
-00000000-001000----1----1--1---1101001000000000000000000000111100000000
000010000-001000----1----1--1---1101001000000000000000000000111100000000
0-00-0000-00-000-1--0----1--1---0101101000000000000000000000111100000000
0-00-0000-00-000----1----1--1---0101101000000000000000000000111100000000
-0000-000-00-000---------1--1---1001011000000000000000000000111100000000
0-000-000000-000-1-------1--1---0001111000000000000000000000111100000000
0-0000000100-000-1-------1--1---0001111000000000000000000000111100000000
000001000100-000-1-------1--1---0001111000000000000000000000111100000000
-000-00000000-00----1---1----1--1110000100000000000000000000111100000000
-000000010000-00----1---1----1--1110000100000000000000000000111100000000
0000100010000-00----1---1----1--1110000100000000000000000000111100000000
0-00-000-0000-00-1--0---1----1--0110100100000000000000000000111100000000
0-00-000-0000-00----1---1----1--0110100100000000000000000000111100000000
-0000-00-0000-00--------1----1--1010010100000000000000000000111100000000
0-000-00-0000000-1------1----1--0010110100000000000000000000111100000000
0-000000-0000100-1------1----1--0010110100000000000000000000111100000000
00000100-0000100-1------1----1--0010110100000000000000000000111100000000
-000-0000-000-00----1----1---1--1100001100000000000000000000111100000000
0-00-0000-000000-1--0----1---1--0100101100000000000000000000111100000000
0-00-00000000100-1--0----1---1--0100101100000000000000000000111100000000
0000-00001000100-1--0----1---1--0100101100000000000000000000111100000000
0-00-0000-000000----1----1---1--0100101100000000000000000000111100000000
0-00-00000000100----1----1---1--0100101100000000000000000000111100000000
0000-00001000100----1----1---1--0100101100000000000000000000111100000000
-0000-000-000000---------1---1--1000011100000000000000000000111100000000
-0000-0000000100---------1---1--1000011100000000000000000000111100000000
-000000001000100---------1---1--1000011100000000000000000000111100000000
0-000-0000000000-1-------1---1--0000111100000000000000000000111100000000
0-00000001000000-1-------1---1--0000111100000000000000000000111100000000
0000010001000000-1-------1---1--0000111100000000000000000000111100000000
0-00000000000100-1-------1---1--0000111100000000000000000000111100000000
0000010000000100-1-------1---1--0000111100000000000000000000111100000000
0000000001000100-1-------1---1--0000111100000000000000000000111100000000
00-0-000-0000000--1-1---0---1---0111000010000000000000000000111100000000
00-0-00000001000--1-1---0---1---0111000010000000000000000000111100000000
00-0000010001000--1-1---0---1---0111000010000000000000000000111100000000
00-0-000-0000000----1---1---1---0111000010000000000000000000111100000000
00-0-00000001000----1---1---1---0111000010000000000000000000111100000000
00-0000010001000----1---1---1---0111000010000000000000000000111100000000
00-00-00-000-000--1-----0---1---0011010010000000000000000000111100000000
00-00-00-000-000--------1---1---0011010010000000000000000000111100000000
00-0-0000-00-000--1-1----1--1---0101001010000000000000000000111100000000
00-00-000-00-000--1------1--1---0001011010000000000000000000111100000000
00-0-000-0000-00--1-1---0----1--0110000110000000000000000000111100000000
00-0-000-0000-00----1---1----1--0110000110000000000000000000111100000000
00-00-00-0000-00--1-----0----1--0010010110000000000000000000111100000000
00-00-00-0000-00--------1----1--0010010110000000000000000000111100000000
00-0-0000-000-00--1-1----1---1--0100001110000000000000000000111100000000
00-00-000-000000--1------1---1--0000011110000000000000000000111100000000
00-00-0000000100--1------1---1--0000011110000000000000000000111100000000
00-0000001000100--1------1---1--0000011110000000000000000000111100000000
-00000-0-0000000------1-1---1---1011000001000000000000000000111100000000
-00000-000001000------1-1---1---1011000001000000000000000000111100000000
000000-010001000------1-1---1---1011000001000000000000000000111100000000
0-0000-0-000-000-1----1-1---1---0011100001000000000000000000111100000000
-00000-00-00-000------1--0--1---1001001001000000000000000000111100000000
-00000-00-00-000---------1--1---1001001001000000000000000000111100000000
0-0000-00-00-000-1----1--0--1---0001101001000000000000000000111100000000
0-0000-00-00-000-1-------1--1---0001101001000000000000000000111100000000
-00000-0-0000-00------1-1----1--1010000101000000000000000000111100000000
0-0000-0-0000-00-1----1-1----1--0010100101000000000000000000111100000000
-00000-00-000-00------1--0---1--1000001101000000000000000000111100000000
-00000-00-000-00---------1---1--1000001101000000000000000000111100000000
0-0000-00-000000-1----1--0---1--0000101101000000000000000000111100000000
0-0000-000000100-1----1--0---1--0000101101000000000000000000111100000000
000000-001000100-1----1--0---1--0000101101000000000000000000111100000000
0-0000-00-000000-1-------1---1--0000101101000000000000000000111100000000
0-0000-000000100-1-------1---1--0000101101000000000000000000111100000000
000000-001000100-1-------1---1--0000101101000000000000000000111100000000
00-000-0-000-000--1---1-0---1---0011000011000000000000000000111100000000
00-000-0-000-000------1-1---1---0011000011000000000000000000111100000000
00-000-00-00-000--1---1--0--1---0001001011000000000000000000111100000000
00-000-00-00-000--1------1--1---0001001011000000000000000000111100000000
00-000-0-0000-00--1---1-0----1--0010000111000000000000000000111100000000
00-000-0-0000-00------1-1----1--0010000111000000000000000000111100000000
00-000-00-000-00--1---1--0---1--0000001111000000000000000000111100000000
00-000-00-000-00--1------1---1--0000001111000000000000000000111100000000
-000-00000-00000----1-------1---1101000000100000000000000000111100000000
-000000000-01000----1-------1---1101000000100000000000000000111100000000
0000100000-01000----1-------1---1101000000100000000000000000111100000000
0-00-00000-0-000-1--0-------1---0101100000100000000000000000111100000000
0-00-00000-0-000----1-------1---0101100000100000000000000000111100000000
-0000-0000-0-000------------1---1001010000100000000000000000111100000000
0-000-0000-0-000-1----------1---0001110000100000000000000000111100000000
-000-00000-00-00----1--------1--1100000100100000000000000000111100000000
0-00-00000-00-00-1--0--------1--0100100100100000000000000000111100000000
0-00-00000-00-00----1--------1--0100100100100000000000000000111100000000
-0000-0000-00-00-------------1--1000010100100000000000000000111100000000
0-000-0000-00000-1-----------1--0000110100100000000000000000111100000000
0-00000000-00100-1-----------1--0000110100100000000000000000111100000000
0000010000-00100-1-----------1--0000110100100000000000000000111100000000
00-0-00000-0-000--1-1-------1---0101000010100000000000000000111100000000
00-00-0000-0-000--1---------1---0001010010100000000000000000111100000000
00-0-00000-00-00--1-1--------1--0100000110100000000000000000111100000000
00-00-0000-00-00--1----------1--0000010110100000000000000000111100000000
-00000-000-0-000------1-----1---1001000001100000000000000000111100000000
0-0000-000-0-000-1----1-----1---0001100001100000000000000000111100000000
-00000-000-00-00------1------1--1000000101100000000000000000111100000000
0-0000-000-00-00-1----1------1--0000100101100000000000000000111100000000
00-000-00000-000--1---1-----1---0001000011100000000000000000111100000000
00-000000010-000--1---1-----1---0001000011100000000000000000111100000000
000000100010-000--1---1-----1---0001000011100000000000000000111100000000
00-000-000000-00--1---1------1--0000000111100000000000000000111100000000
00-0000000100-00--1---1------1--0000000111100000000000000000111100000000
0000001000100-00--1---1------1--0000000111100000000000000000111100000000
-000-000000000-0----1---1-----1-1110000000010000000000000000111100000000
-0000000100000-0----1---1-----1-1110000000010000000000000000111100000000
00001000100000-0----1---1-----1-1110000000010000000000000000111100000000
0-00-000-00000-0-1--0---1-----1-0110100000010000000000000000111100000000
0-00-000-00000-0----1---1-----1-0110100000010000000000000000111100000000
-0000-00-00000-0--------1-----1-1010010000010000000000000000111100000000
0-000-00-00000-0-1------1-----1-0010110000010000000000000000111100000000
-000-0000-0000-0----1----1----1-1100001000010000000000000000111100000000
0-00-0000-0000-0-1--0----1----1-0100101000010000000000000000111100000000
0-00-0000-0000-0----1----1----1-0100101000010000000000000000111100000000
-0000-000-0000-0---------1----1-1000011000010000000000000000111100000000
0-000-00000000-0-1-------1----1-0000111000010000000000000000111100000000
0-000000010000-0-1-------1----1-0000111000010000000000000000111100000000
00000100010000-0-1-------1----1-0000111000010000000000000000111100000000
00-0-000-00000-0--1-1---0-----1-0110000010010000000000000000111100000000
00-0-000-00000-0----1---1-----1-0110000010010000000000000000111100000000
00-00-00-00000-0--1-----0-----1-0010010010010000000000000000111100000000
00-00-00-00000-0--------1-----1-0010010010010000000000000000111100000000
00-0-0000-0000-0--1-1----1----1-0100001010010000000000000000111100000000
00-00-000-0000-0--1------1----1-0000011010010000000000000000111100000000
-00000-0-00000-0------1-1-----1-1010000001010000000000000000111100000000
0-0000-0-00000-0-1----1-1-----1-0010100001010000000000000000111100000000
-00000-00-0000-0------1--0----1-1000001001010000000000000000111100000000
-00000-00-0000-0---------1----1-1000001001010000000000000000111100000000
0-0000-00-0000-0-1----1--0----1-0000101001010000000000000000111100000000
0-0000-00-0000-0-1-------1----1-0000101001010000000000000000111100000000
00-000-0-0000000--1---1-0-----1-0010000011010000000000000000111100000000
00-00000-0000010--1---1-0-----1-0010000011010000000000000000111100000000
00000010-0000010--1---1-0-----1-0010000011010000000000000000111100000000
00-000-0-0000000------1-1-----1-0010000011010000000000000000111100000000
00-00000-0000010------1-1-----1-0010000011010000000000000000111100000000
00000010-0000010------1-1-----1-0010000011010000000000000000111100000000
00-000-00-000000--1---1--0----1-0000001011010000000000000000111100000000
00-000000-000010--1---1--0----1-0000001011010000000000000000111100000000
000000100-000010--1---1--0----1-0000001011010000000000000000111100000000
00-000-00-000000--1------1----1-0000001011010000000000000000111100000000
00-000000-000010--1------1----1-0000001011010000000000000000111100000000
000000100-000010--1------1----1-0000001011010000000000000000111100000000
-000-00000-000-0----1---------1-1100000000110000000000000000111100000000
0-00-00000-000-0-1--0---------1-0100100000110000000000000000111100000000
0-00-00000-000-0----1---------1-0100100000110000000000000000111100000000
-0000-0000-000-0--------------1-1000010000110000000000000000111100000000
0-000-0000-000-0-1------------1-0000110000110000000000000000111100000000
00-0-00000-00000--1-1---------1-0100000010110000000000000000111100000000
00-0-00000000010--1-1---------1-0100000010110000000000000000111100000000
0000-00000100010--1-1---------1-0100000010110000000000000000111100000000
00-00-0000-00000--1-----------1-0000010010110000000000000000111100000000
00-00-0000000010--1-----------1-0000010010110000000000000000111100000000
00000-0000100010--1-----------1-0000010010110000000000000000111100000000
-00000-000-00000------1-------1-1000000001110000000000000000111100000000
-00000-000000010------1-------1-1000000001110000000000000000111100000000
-000000000100010------1-------1-1000000001110000000000000000111100000000
0-0000-000-00000-1----1-------1-0000100001110000000000000000111100000000
0-0000-000000010-1----1-------1-0000100001110000000000000000111100000000
0-00000000100010-1----1-------1-0000100001110000000000000000111100000000
00-000-000000000--1---1-------1-0000000011110000000000000000111100000000
00-0000000100000--1---1-------1-0000000011110000000000000000111100000000
0000001000100000--1---1-------1-0000000011110000000000000000111100000000
00-0000000000010--1---1-------1-0000000011110000000000000000111100000000
0000001000000010--1---1-------1-0000000011110000000000000000111100000000
0000000000100010--1---1-------1-0000000011110000000000000000111100000000
000--000-0000000---11---1---0---0111000000001000000000000000111100000000
000--00000001000---11---1---0---0111000000001000000000000000111100000000
000-000010001000---11---1---0---0111000000001000000000000000111100000000
000--000-0000000----1---1---1---0111000000001000000000000000111100000000
000--00000001000----1---1---1---0111000000001000000000000000111100000000
000-000010001000----1---1---1---0111000000001000000000000000111100000000
000-0-00-000-000---1----1---0---0011010000001000000000000000111100000000
000-0-00-000-000--------1---1---0011010000001000000000000000111100000000
000--0000-00-000---11----1--0---0101001000001000000000000000111100000000
000--0000-00-000----1----1--1---0101001000001000000000000000111100000000
000-0-000-00-000---1-----1--0---0001011000001000000000000000111100000000
000-0-000-00-000---------1--1---0001011000001000000000000000111100000000
000--000-0000-00---11---1----1--0110000100001000000000000000111100000000
000-0-00-0000-00---1----1----1--0010010100001000000000000000111100000000
000--0000-000-00---11----1---1--0100001100001000000000000000111100000000
000-0-000-000000---1-----1---1--0000011100001000000000000000111100000000
000-0-0000000100---1-----1---1--0000011100001000000000000000111100000000
000-000001000100---1-----1---1--0000011100001000000000000000111100000000
000-00-0-000-000---1--1-1---0---0011000001001000000000000000111100000000
000-00-0-000-000------1-1---1---0011000001001000000000000000111100000000
000-00-00-00-000---1--1--0--0---0001001001001000000000000000111100000000
000-00-00-00-000---1-----1--0---0001001001001000000000000000111100000000
000-00-00-00-000------1--0--1---0001001001001000000000000000111100000000
000-00-00-00-000---------1--1---0001001001001000000000000000111100000000
000-00-0-0000-00---1--1-1----1--0010000101001000000000000000111100000000
000-00-00-000-00---1--1--0---1--0000001101001000000000000000111100000000
000-00-00-000-00---1-----1---1--0000001101001000000000000000111100000000
000--00000-0-000---11-------0---0101000000101000000000000000111100000000
000--00000-0-000----1-------1---0101000000101000000000000000111100000000
000-0-0000-0-000---1--------0---0001010000101000000000000000111100000000
000-0-0000-0-000------------1---0001010000101000000000000000111100000000
000--00000-00-00---11--------1--0100000100101000000000000000111100000000
000-0-0000-00-00---1---------1--0000010100101000000000000000111100000000
000-00-000-0-000---1--1-----0---0001000001101000000000000000111100000000
000-00-000-0-000------1-----1---0001000001101000000000000000111100000000
000-00-000-00-00---1--1------1--0000000101101000000000000000111100000000
000--000-00000-0---11---1-----1-0110000000011000000000000000111100000000
000-0-00-00000-0---1----1-----1-0010010000011000000000000000111100000000
000--0000-0000-0---11----1----1-0100001000011000000000000000111100000000
000-0-000-0000-0---1-----1----1-0000011000011000000000000000111100000000
000-00-0-00000-0---1--1-1-----1-0010000001011000000000000000111100000000
000-00-00-0000-0---1--1--0----1-0000001001011000000000000000111100000000
000-00-00-0000-0---1-----1----1-0000001001011000000000000000111100000000
000--00000-000-0---11---------1-0100000000111000000000000000111100000000
000-0-0000-000-0---1----------1-0000010000111000000000000000111100000000
000-00-000-00000---1--1-------1-0000000001111000000000000000111100000000
000-00-000000010---1--1-------1-0000000001111000000000000000111100000000
000-000000100010---1--1-------1-0000000001111000000000000000111100000000
-000000--0000000-------11---1---1011000000000100000000000000111100000000
-000000-00001000-------11---1---1011000000000100000000000000111100000000
0000000-10001000-------11---1---1011000000000100000000000000111100000000
0-00000--000-000-1-----11---1---0011100000000100000000000000111100000000
-000000-0-00-000-------1-1--1---1001001000000100000000000000111100000000
0-00000-0-00-000-1-----1-1--1---0001101000000100000000000000111100000000
-000000--0000-00-------11----0--1010000100000100000000000000111100000000
-000000--0000-00--------1----1--1010000100000100000000000000111100000000
0-00000--0000-00-1-----11----0--0010100100000100000000000000111100000000
0-00000--0000-00-1------1----1--0010100100000100000000000000111100000000
-000000-0-000-00-------1-1---0--1000001100000100000000000000111100000000
-000000-0-000-00---------1---1--1000001100000100000000000000111100000000
0-00000-0-000000-1-----1-1---0--0000101100000100000000000000111100000000
0-00000-00000100-1-----1-1---0--0000101100000100000000000000111100000000
0000000-01000100-1-----1-1---0--0000101100000100000000000000111100000000
0-00000-0-000000-1-------1---1--0000101100000100000000000000111100000000
0-00000-00000100-1-------1---1--0000101100000100000000000000111100000000
0000000-01000100-1-------1---1--0000101100000100000000000000111100000000
00-0000--000-000--1----10---1---0011000010000100000000000000111100000000
00-0000--000-000-------11---1---0011000010000100000000000000111100000000
00-0000-0-00-000--1----1-1--1---0001001010000100000000000000111100000000
00-0000--0000-00--1----10----0--0010000110000100000000000000111100000000
00-0000--0000-00-------11----0--0010000110000100000000000000111100000000
00-0000--0000-00--1-----0----1--0010000110000100000000000000111100000000
00-0000--0000-00--------1----1--0010000110000100000000000000111100000000
00-0000-0-000-00--1----1-1---0--0000001110000100000000000000111100000000
00-0000-0-000-00--1------1---1--0000001110000100000000000000111100000000
-000000-00-0-000-------1----1---1001000000100100000000000000111100000000
0-00000-00-0-000-1-----1----1---0001100000100100000000000000111100000000
-000000-00-00-00-------1-----0--1000000100100100000000000000111100000000
-000000-00-00-00-------------1--1000000100100100000000000000111100000000
0-00000-00-00-00-1-----1-----0--0000100100100100000000000000111100000000
0-00000-00-00-00-1-----------1--0000100100100100000000000000111100000000
00-0000-00-0-000--1----1----1---0001000010100100000000000000111100000000
00-0000-00-00-00--1----1-----0--0000000110100100000000000000111100000000
00-0000-00-00-00--1----------1--0000000110100100000000000000111100000000
-000000--00000-0-------11-----1-1010000000010100000000000000111100000000
0-00000--00000-0-1-----11-----1-0010100000010100000000000000111100000000
-000000-0-0000-0-------1-1----1-1000001000010100000000000000111100000000
0-00000-0-0000-0-1-----1-1----1-0000101000010100000000000000111100000000
00-0000--00000-0--1----10-----1-0010000010010100000000000000111100000000
00-0000--00000-0-------11-----1-0010000010010100000000000000111100000000
00-0000-0-0000-0--1----1-1----1-0000001010010100000000000000111100000000
-000000-00-000-0-------1------1-1000000000110100000000000000111100000000
0-00000-00-000-0-1-----1------1-0000100000110100000000000000111100000000
00-0000-00-00000--1----1------1-0000000010110100000000000000111100000000
00-0000-00000010--1----1------1-0000000010110100000000000000111100000000
0000000-00100010--1----1------1-0000000010110100000000000000111100000000
000-000--000-000---1---11---0---0011000000001100000000000000111100000000
000-000--000-000-------11---1---0011000000001100000000000000111100000000
000-000-0-00-000---1---1-1--0---0001001000001100000000000000111100000000
000-000-0-00-000-------1-1--1---0001001000001100000000000000111100000000
000-000--0000-00---1---11----0--0010000100001100000000000000111100000000
000-000--0000-00---1----1----1--0010000100001100000000000000111100000000
000-000-0-000-00---1---1-1---0--0000001100001100000000000000111100000000
000-000-0-000-00---1-----1---1--0000001100001100000000000000111100000000
000-000-00-0-000---1---1----0---0001000000101100000000000000111100000000
000-000-00-0-000-------1----1---0001000000101100000000000000111100000000
000-000-00-00-00---1---1-----0--0000000100101100000000000000111100000000
000-000-00-00-00---1---------1--0000000100101100000000000000111100000000
000-000--00000-0---1---11-----1-0010000000011100000000000000111100000000
000-000-0-0000-0---1---1-1----1-0000001000011100000000000000111100000000
000-000-00-000-0---1---1------1-0000000000111100000000000000111100000000
-000-000000-0000----1------11---1101000000000010000000000000111100000000
-0000000000-1000----1------11---1101000000000010000000000000111100000000
00001000000-1000----1------11---1101000000000010000000000000111100000000
0-00-000000--000-1--0------11---0101100000000010000000000000111100000000
0-00-000000--000----1------11---0101100000000010000000000000111100000000
-0000-00000--000-----------11---1001010000000010000000000000111100000000
0-000-00000--000-1---------11---0001110000000010000000000000111100000000
-000-000000-0-00----1------1-1--1100000100000010000000000000111100000000
0-00-000000-0-00-1--0------1-1--0100100100000010000000000000111100000000
0-00-000000-0-00----1------1-1--0100100100000010000000000000111100000000
-0000-00000-0-00-----------1-1--1000010100000010000000000000111100000000
0-000-00000-0000-1---------1-1--0000110100000010000000000000111100000000
0-000000000-0100-1---------1-1--0000110100000010000000000000111100000000
00000100000-0100-1---------1-1--0000110100000010000000000000111100000000
00-0-000000--000--1-1------11---0101000010000010000000000000111100000000
00-00-00000--000--1--------11---0001010010000010000000000000111100000000
00-0-000000-0-00--1-1------1-1--0100000110000010000000000000111100000000
00-00-00000-0-00--1--------1-1--0000010110000010000000000000111100000000
-00000-0000--000------1----11---1001000001000010000000000000111100000000
0-0000-0000--000-1----1----11---0001100001000010000000000000111100000000
-00000-0000-0-00------1----1-1--1000000101000010000000000000111100000000
0-0000-0000-0-00-1----1----1-1--0000100101000010000000000000111100000000
00-000-0000--000--1---1----11---0001000011000010000000000000111100000000
00-000-0000-0-00--1---1----1-1--0000000111000010000000000000111100000000
-000-000000-00-0----1------1--0-1100000000010010000000000000111100000000
-000-000000-00-0----1---------1-1100000000010010000000000000111100000000
0-00-000000-00-0-1--0------1--0-0100100000010010000000000000111100000000
0-00-000000-00-0----1------1--0-0100100000010010000000000000111100000000
0-00-000000-00-0-1--0---------1-0100100000010010000000000000111100000000
0-00-000000-00-0----1---------1-0100100000010010000000000000111100000000
-0000-00000-00-0-----------1--0-1000010000010010000000000000111100000000
-0000-00000-00-0--------------1-1000010000010010000000000000111100000000
0-000-00000-00-0-1---------1--0-0000110000010010000000000000111100000000
0-000-00000-00-0-1------------1-0000110000010010000000000000111100000000
00-0-000000-00-0--1-1------1--0-0100000010010010000000000000111100000000
00-0-000000-00-0--1-1---------1-0100000010010010000000000000111100000000
00-00-00000-00-0--1--------1--0-0000010010010010000000000000111100000000
00-00-00000-00-0--1-----------1-0000010010010010000000000000111100000000
-00000-0000-00-0------1----1--0-1000000001010010000000000000111100000000
-00000-0000-00-0------1-------1-1000000001010010000000000000111100000000
0-0000-0000-00-0-1----1----1--0-0000100001010010000000000000111100000000
0-0000-0000-00-0-1----1-------1-0000100001010010000000000000111100000000
00-000-0000-0000--1---1----1--0-0000000011010010000000000000111100000000
00-00000000-0010--1---1----1--0-0000000011010010000000000000111100000000
00000010000-0010--1---1----1--0-0000000011010010000000000000111100000000
00-000-0000-0000--1---1-------1-0000000011010010000000000000111100000000
00-00000000-0010--1---1-------1-0000000011010010000000000000111100000000
00000010000-0010--1---1-------1-0000000011010010000000000000111100000000
000--000000--000---11------10---0101000000001010000000000000111100000000
000--000000--000----1------11---0101000000001010000000000000111100000000
000-0-00000--000---1-------10---0001010000001010000000000000111100000000
000-0-00000--000-----------11---0001010000001010000000000000111100000000
000--000000-0-00---11------1-1--0100000100001010000000000000111100000000
000-0-00000-0-00---1-------1-1--0000010100001010000000000000111100000000
000-00-0000--000---1--1----10---0001000001001010000000000000111100000000
000-00-0000--000------1----11---0001000001001010000000000000111100000000
000-00-0000-0-00---1--1----1-1--0000000101001010000000000000111100000000
000--000000-00-0---11------1--0-0100000000011010000000000000111100000000
000--000000-00-0---11---------1-0100000000011010000000000000111100000000
000-0-00000-00-0---1-------1--0-0000010000011010000000000000111100000000
000-0-00000-00-0---1----------1-0000010000011010000000000000111100000000
000-00-0000-00-0---1--1----1--0-0000000001011010000000000000111100000000
000-00-0000-00-0---1--1-------1-0000000001011010000000000000111100000000
-000000-000--000-------1---11---1001000000000110000000000000111100000000
0-00000-000--000-1-----1---11---0001100000000110000000000000111100000000
-000000-000-0-00-------1---1-0--1000000100000110000000000000111100000000
-000000-000-0-00-----------1-1--1000000100000110000000000000111100000000
0-00000-000-0-00-1-----1---1-0--0000100100000110000000000000111100000000
0-00000-000-0-00-1---------1-1--0000100100000110000000000000111100000000
00-0000-000--000--1----1---11---0001000010000110000000000000111100000000
00-0000-000-0-00--1----1---1-0--0000000110000110000000000000111100000000
00-0000-000-0-00--1--------1-1--0000000110000110000000000000111100000000
-000000-000-00-0-------1---1--0-1000000000010110000000000000111100000000
-000000-000-00-0-------1------1-1000000000010110000000000000111100000000
0-00000-000-00-0-1-----1---1--0-0000100000010110000000000000111100000000
0-00000-000-00-0-1-----1------1-0000100000010110000000000000111100000000
00-0000-000-00-0--1----1---1--0-0000000010010110000000000000111100000000
00-0000-000-00-0--1----1------1-0000000010010110000000000000111100000000
000-000-0000-000---1---1---10---0001000000001110000000000000111100000000
000-00000001-000---1---1---10---0001000000001110000000000000111100000000
000000010001-000---1---1---10---0001000000001110000000000000111100000000
000-000-0000-000-------1---11---0001000000001110000000000000111100000000
000-00000001-000-------1---11---0001000000001110000000000000111100000000
000000010001-000-------1---11---0001000000001110000000000000111100000000
000-000-00000-00---1---1---1-0--0000000100001110000000000000111100000000
000-000000010-00---1---1---1-0--0000000100001110000000000000111100000000
0000000100010-00---1---1---1-0--0000000100001110000000000000111100000000
000-000-00000-00---1-------1-1--0000000100001110000000000000111100000000
000-000000010-00---1-------1-1--0000000100001110000000000000111100000000
0000000100010-00---1-------1-1--0000000100001110000000000000111100000000
000-000-000000-0---1---1---1--0-0000000000011110000000000000111100000000
000-0000000100-0---1---1---1--0-0000000000011110000000000000111100000000
00000001000100-0---1---1---1--0-0000000000011110000000000000111100000000
000-000-000000-0---1---1------1-0000000000011110000000000000111100000000
000-0000000100-0---1---1------1-0000000000011110000000000000111100000000
00000001000100-0---1---1------1-0000000000011110000000000000111100000000
-000-0000000000-----1---1-------1110000000000001000000000000111100000000
-00000001000000-----1---1-------1110000000000001000000000000111100000000
000010001000000-----1---1-------1110000000000001000000000000111100000000
0-00-000-000000--1--0---1-------0110100000000001000000000000111100000000
0-00-000-000000-----1---1-------0110100000000001000000000000111100000000
-0000-00-000000---------1-------1010010000000001000000000000111100000000
0-000-00-000000--1------1-------0010110000000001000000000000111100000000
-000-0000-00000-----1----1------1100001000000001000000000000111100000000
0-00-0000-00000--1--0----1------0100101000000001000000000000111100000000
0-00-0000-00000-----1----1------0100101000000001000000000000111100000000
-0000-000-00000----------1------1000011000000001000000000000111100000000
0-000-000000000--1-------1------0000111000000001000000000000111100000000
0-0000000100000--1-------1------0000111000000001000000000000111100000000
000001000100000--1-------1------0000111000000001000000000000111100000000
00-0-000-000000---1-1---0-------0110000010000001000000000000111100000000
00-0-000-000000-----1---1-------0110000010000001000000000000111100000000
00-00-00-000000---1-----0-------0010010010000001000000000000111100000000
00-00-00-000000---------1-------0010010010000001000000000000111100000000
00-0-0000-00000---1-1----1------0100001010000001000000000000111100000000
00-00-000-00000---1------1------0000011010000001000000000000111100000000
-00000-0-000000-------1-1-------1010000001000001000000000000111100000000
0-0000-0-000000--1----1-1-------0010100001000001000000000000111100000000
-00000-00-00000-------1--0------1000001001000001000000000000111100000000
-00000-00-00000----------1------1000001001000001000000000000111100000000
0-0000-00-00000--1----1--0------0000101001000001000000000000111100000000
0-0000-00-00000--1-------1------0000101001000001000000000000111100000000
00-000-0-000000---1---1-0-------0010000011000001000000000000111100000000
00-000-0-000000-------1-1-------0010000011000001000000000000111100000000
00-000-00-00000---1---1--0------0000001011000001000000000000111100000000
00-000-00-00000---1------1------0000001011000001000000000000111100000000
-000-00000-0000-----1-----------1100000000100001000000000000111100000000
0-00-00000-0000--1--0-----------0100100000100001000000000000111100000000
0-00-00000-0000-----1-----------0100100000100001000000000000111100000000
-0000-0000-0000-----------------1000010000100001000000000000111100000000
0-000-0000-0000--1--------------0000110000100001000000000000111100000000
00-0-00000-0000---1-1-----------0100000010100001000000000000111100000000
00-00-0000-0000---1-------------0000010010100001000000000000111100000000
-00000-000-0000-------1---------1000000001100001000000000000111100000000
0-0000-000-0000--1----1---------0000100001100001000000000000111100000000
00-000-00000000---1---1---------0000000011100001000000000000111100000000
00-000000010000---1---1---------0000000011100001000000000000111100000000
000000100010000---1---1---------0000000011100001000000000000111100000000
000--000-000000----11---1-------0110000000001001000000000000111100000000
000-0-00-000000----1----1-------0010010000001001000000000000111100000000
000--0000-00000----11----1------0100001000001001000000000000111100000000
000-0-000-00000----1-----1------0000011000001001000000000000111100000000
000-00-0-000000----1--1-1-------0010000001001001000000000000111100000000
000-00-00-00000----1--1--0------0000001001001001000000000000111100000000
000-00-00-00000----1-----1------0000001001001001000000000000111100000000
000--00000-0000----11-----------0100000000101001000000000000111100000000
000-0-0000-0000----1------------0000010000101001000000000000111100000000
000-00-000-0000----1--1---------0000000001101001000000000000111100000000
-000000--000000--------11-------1010000000000101000000000000111100000000
0-00000--000000--1-----11-------0010100000000101000000000000111100000000
-000000-0-00000--------1-1------1000001000000101000000000000111100000000
0-00000-0-00000--1-----1-1------0000101000000101000000000000111100000000
00-0000--000000---1----10-------0010000010000101000000000000111100000000
00-0000--000000--------11-------0010000010000101000000000000111100000000
00-0000-0-00000---1----1-1------0000001010000101000000000000111100000000
-000000-00-0000--------1--------1000000000100101000000000000111100000000
0-00000-00-0000--1-----1--------0000100000100101000000000000111100000000
00-0000-00-0000---1----1--------0000000010100101000000000000111100000000
000-000--0000000---1---11-------0010000000001101000000000000111100000000
000-0000-0000001---1---11-------0010000000001101000000000000111100000000
00000001-0000001---1---11-------0010000000001101000000000000111100000000
000-000-0-000000---1---1-1------0000001000001101000000000000111100000000
000-00000-000001---1---1-1------0000001000001101000000000000111100000000
000000010-000001---1---1-1------0000001000001101000000000000111100000000
000-000-00-00000---1---1--------0000000000101101000000000000111100000000
000-000000-00001---1---1--------0000000000101101000000000000111100000000
0000000100-00001---1---1--------0000000000101101000000000000111100000000
-000-000000-000-----1------1----1100000000000011000000000000111100000000
0-00-000000-000--1--0------1----0100100000000011000000000000111100000000
0-00-000000-000-----1------1----0100100000000011000000000000111100000000
-0000-00000-000------------1----1000010000000011000000000000111100000000
0-000-00000-000--1---------1----0000110000000011000000000000111100000000
00-0-000000-000---1-1------1----0100000010000011000000000000111100000000
00-00-00000-000---1--------1----0000010010000011000000000000111100000000
-00000-0000-000-------1----1----1000000001000011000000000000111100000000
0-0000-0000-000--1----1----1----0000100001000011000000000000111100000000
00-000-0000-000---1---1----1----0000000011000011000000000000111100000000
000--000000-0000---11------1----0100000000001011000000000000111100000000
000--00000000001---11------1----0100000000001011000000000000111100000000
0000-00000010001---11------1----0100000000001011000000000000111100000000
000-0-00000-0000---1-------1----0000010000001011000000000000111100000000
000-0-0000000001---1-------1----0000010000001011000000000000111100000000
00000-0000010001---1-------1----0000010000001011000000000000111100000000
000-00-0000-0000---1--1----1----0000000001001011000000000000111100000000
000-00-000000001---1--1----1----0000000001001011000000000000111100000000
000000-000010001---1--1----1----0000000001001011000000000000111100000000
-000000-000-0000-------1---1----1000000000000111000000000000111100000000
-000000-00000001-------1---1----1000000000000111000000000000111100000000
-000000000010001-------1---1----1000000000000111000000000000111100000000
0-00000-000-0000-1-----1---1----0000100000000111000000000000111100000000
0-00000-00000001-1-----1---1----0000100000000111000000000000111100000000
0-00000000010001-1-----1---1----0000100000000111000000000000111100000000
00-0000-000-0000--1----1---1----0000000010000111000000000000111100000000
00-0000-00000001--1----1---1----0000000010000111000000000000111100000000
00-0000000010001--1----1---1----0000000010000111000000000000111100000000
000-000-00000000---1---1---1----0000000000001111000000000000111100000000
000-000000010000---1---1---1----0000000000001111000000000000111100000000
0000000100010000---1---1---1----0000000000001111000000000000111100000000
000-000000000001---1---1---1----0000000000001111000000000000111100000000
0000000100000001---1---1---1----0000000000001111000000000000111100000000
0000000000010001---1---1---1----0000000000001111000000000000111100000000
1000100010000000----1---1-------1110000000000000000000000000111000001000
1000100000001000----1-------1---1101000000000000000000000000110100001000
1000000010001000--------1---1---1011000000000000000000000000101100001000
0000100010001000----1---1---1---0111000000000000000000000000011100001000
1000100010000000----1---1---1---1111000000000000000000000000111100001000
1000100000001000----1---1---1---1111000000000000000000000000111100001000
1000000010001000----1---1---1---1111000000000000000000000000111100001000
-000100010001000----1---1---1---1111000000000000000000000000111100001000
0-00100010001000-1--0---1---1---0111100000000000000000000000111100001000
0-00100010001000----1---1---1---0111100000000000000000000000111100001000
10000-0010001000--------1---1---1011010000000000000000000000111100001000
100010000-001000----1----1--1---1101001000000000000000000000111100001000
1000100010000-00----1---1----1--1110000100000000000000000000111100001000
00-0100010001000--1-1---0---1---0111000010000000000000000000111100001000
00-0100010001000----1---1---1---0111000010000000000000000000111100001000
100000-010001000------1-1---1---1011000001000000000000000000111100001000
1000100000-01000----1-------1---1101000000100000000000000000111100001000
10001000100000-0----1---1-----1-1110000000010000000000000000111100001000
000-100010001000---11---1---0---0111000000001000000000000000111100001000
000-100010001000----1---1---1---0111000000001000000000000000111100001000
1000000-10001000-------11---1---1011000000000100000000000000111100001000
10001000000-1000----1------11---1101000000000010000000000000111100001000
100010001000000-----1---1-------1110000000000001000000000000111100001000
1000100010000000----1---1-------1110000000000000-00000000000111010001000
1000100010000000----1---1-------1110000000000000000010000000111010001000
1000100010000000----1---1-------1110000000000000000000001000111010001000
1000100000001000----1-------1---1101000000000000-00000000000110110001000
1000100000001000----1-------1---1101000000000000000010000000110110001000
1000100000001000----1-------1---1101000000000000000000001000110110001000
1000000010001000--------1---1---1011000000000000-00000000000101110001000
1000000010001000--------1---1---1011000000000000000010000000101110001000
1000000010001000--------1---1---1011000000000000000000001000101110001000
0000100010001000----1---1---1---0111000000000000-00000000000011110001000
0000100010001000----1---1---1---0111000000000000000010000000011110001000
0000100010001000----1---1---1---0111000000000000000000001000011110001000
1000100010000000----1---1---1---1111000000000000-00000000000111110001000
1000100000001000----1---1---1---1111000000000000-00000000000111110001000
1000000010001000----1---1---1---1111000000000000-00000000000111110001000
-000100010001000----1---1---1---1111000000000000-00000000000111110001000
0-00100010001000-1--0---1---1---0111100000000000-00000000000111110001000
0-00100010001000----1---1---1---0111100000000000-00000000000111110001000
10000-0010001000--------1---1---1011010000000000-00000000000111110001000
100010000-001000----1----1--1---1101001000000000-00000000000111110001000
1000100010000-00----1---1----1--1110000100000000-00000000000111110001000
00-0100010001000--1-1---0---1---0111000010000000-00000000000111110001000
00-0100010001000----1---1---1---0111000010000000-00000000000111110001000
100000-010001000------1-1---1---1011000001000000-00000000000111110001000
1000100000-01000----1-------1---1101000000100000-00000000000111110001000
10001000100000-0----1---1-----1-1110000000010000-00000000000111110001000
000-100010001000---11---1---0---0111000000001000-00000000000111110001000
000-100010001000----1---1---1---0111000000001000-00000000000111110001000
1000000-10001000-------11---1---1011000000000100-00000000000111110001000
10001000000-1000----1------11---1101000000000010-00000000000111110001000
100010001000000-----1---1-------1110000000000001-00000000000111110001000
1000100010000000----1---1---1---1111000000000000000010000000111110001000
1000100000001000----1---1---1---1111000000000000000010000000111110001000
1000000010001000----1---1---1---1111000000000000000010000000111110001000
-000100010001000----1---1---1---1111000000000000000010000000111110001000
0-00100010001000-1--0---1---1---0111100000000000000010000000111110001000
0-00100010001000----1---1---1---0111100000000000000010000000111110001000
10000-0010001000--------1---1---1011010000000000000010000000111110001000
100010000-001000----1----1--1---1101001000000000000010000000111110001000
1000100010000-00----1---1----1--1110000100000000000010000000111110001000
00-0100010001000--1-1---0---1---0111000010000000000010000000111110001000
00-0100010001000----1---1---1---0111000010000000000010000000111110001000
100000-010001000------1-1---1---1011000001000000000010000000111110001000
1000100000-01000----1-------1---1101000000100000000010000000111110001000
10001000100000-0----1---1-----1-1110000000010000000010000000111110001000
000-100010001000---11---1---0---0111000000001000000010000000111110001000
000-100010001000----1---1---1---0111000000001000000010000000111110001000
1000000-10001000-------11---1---1011000000000100000010000000111110001000
10001000000-1000----1------11---1101000000000010000010000000111110001000
100010001000000-----1---1-------1110000000000001000010000000111110001000
1000100010000000----1---1---1---1111000000000000000000001000111110001000
1000100000001000----1---1---1---1111000000000000000000001000111110001000
1000000010001000----1---1---1---1111000000000000000000001000111110001000
-000100010001000----1---1---1---1111000000000000000000001000111110001000
0-00100010001000-1--0---1---1---0111100000000000000000001000111110001000
0-00100010001000----1---1---1---0111100000000000000000001000111110001000
10000-0010001000--------1---1---1011010000000000000000001000111110001000
100010000-001000----1----1--1---1101001000000000000000001000111110001000
1000100010000-00----1---1----1--1110000100000000000000001000111110001000
00-0100010001000--1-1---0---1---0111000010000000000000001000111110001000
00-0100010001000----1---1---1---0111000010000000000000001000111110001000
100000-010001000------1-1---1---1011000001000000000000001000111110001000
1000100000-01000----1-------1---1101000000100000000000001000111110001000
10001000100000-0----1---1-----1-1110000000010000000000001000111110001000
000-100010001000---11---1---0---0111000000001000000000001000111110001000
000-100010001000----1---1---1---0111000000001000000000001000111110001000
1000000-10001000-------11---1---1011000000000100000000001000111110001000
10001000000-1000----1------11---1101000000000010000000001000111110001000
100010001000000-----1---1-------1110000000000001000000001000111110001000
0100010001000000-1-------1------0000111000000000000000000000111000000100
0100010000000100-1-----------1--0000110100000000000000000000110100000100
0100000001000100-1-------1---1--0000101100000000000000000000101100000100
0000010001000100---------1---1--0000011100000000000000000000011100000100
010001000100-000-1-------1--1---0001111000000000000000000000111100000100
01000100-0000100-1------1----1--0010110100000000000000000000111100000100
0100-00001000100-1--0----1---1--0100101100000000000000000000111100000100
0100-00001000100----1----1---1--0100101100000000000000000000111100000100
-000010001000100---------1---1--1000011100000000000000000000111100000100
0100010001000000-1-------1---1--0000111100000000000000000000111100000100
0100010000000100-1-------1---1--0000111100000000000000000000111100000100
0100000001000100-1-------1---1--0000111100000000000000000000111100000100
0-00010001000100-1-------1---1--0000111100000000000000000000111100000100
00-0010001000100--1------1---1--0000011110000000000000000000111100000100
010000-001000100-1----1--0---1--0000101101000000000000000000111100000100
010000-001000100-1-------1---1--0000101101000000000000000000111100000100
0100010000-00100-1-----------1--0000110100100000000000000000111100000100
01000100010000-0-1-------1----1-0000111000010000000000000000111100000100
000-010001000100---1-----1---1--0000011100001000000000000000111100000100
0100000-01000100-1-----1-1---0--0000101100000100000000000000111100000100
0100000-01000100-1-------1---1--0000101100000100000000000000111100000100
01000100000-0100-1---------1-1--0000110100000010000000000000111100000100
010001000100000--1-------1------0000111000000001000000000000111100000100
0100010001000000-1-------1------00001110000000000-0000000000111001000100
0100010001000000-1-------1------0000111000000000000001000000111001000100
0100010001000000-1-------1------0000111000000000000000000100111001000100
0100010000000100-1-----------1--00001101000000000-0000000000110101000100
0100010000000100-1-----------1--0000110100000000000001000000110101000100
0100010000000100-1-----------1--0000110100000000000000000100110101000100
0100000001000100-1-------1---1--00001011000000000-0000000000101101000100
0100000001000100-1-------1---1--0000101100000000000001000000101101000100
0100000001000100-1-------1---1--0000101100000000000000000100101101000100
0000010001000100---------1---1--00000111000000000-0000000000011101000100
0000010001000100---------1---1--0000011100000000000001000000011101000100
0000010001000100---------1---1--0000011100000000000000000100011101000100
010001000100-000-1-------1--1---00011110000000000-0000000000111101000100
01000100-0000100-1------1----1--00101101000000000-0000000000111101000100
0100-00001000100-1--0----1---1--01001011000000000-0000000000111101000100
0100-00001000100----1----1---1--01001011000000000-0000000000111101000100
-000010001000100---------1---1--10000111000000000-0000000000111101000100
0100010001000000-1-------1---1--00001111000000000-0000000000111101000100
0100010000000100-1-------1---1--00001111000000000-0000000000111101000100
0100000001000100-1-------1---1--00001111000000000-0000000000111101000100
0-00010001000100-1-------1---1--00001111000000000-0000000000111101000100
00-0010001000100--1------1---1--00000111100000000-0000000000111101000100
010000-001000100-1----1--0---1--00001011010000000-0000000000111101000100
010000-001000100-1-------1---1--00001011010000000-0000000000111101000100
0100010000-00100-1-----------1--00001101001000000-0000000000111101000100
01000100010000-0-1-------1----1-00001110000100000-0000000000111101000100
000-010001000100---1-----1---1--00000111000010000-0000000000111101000100
0100000-01000100-1-----1-1---0--00001011000001000-0000000000111101000100
0100000-01000100-1-------1---1--00001011000001000-0000000000111101000100
01000100000-0100-1---------1-1--00001101000000100-0000000000111101000100
010001000100000--1-------1------00001110000000010-0000000000111101000100
010001000100-000-1-------1--1---0001111000000000000001000000111101000100
01000100-0000100-1------1----1--0010110100000000000001000000111101000100
0100-00001000100-1--0----1---1--0100101100000000000001000000111101000100
0100-00001000100----1----1---1--0100101100000000000001000000111101000100
-000010001000100---------1---1--1000011100000000000001000000111101000100
0100010001000000-1-------1---1--0000111100000000000001000000111101000100
0100010000000100-1-------1---1--0000111100000000000001000000111101000100
0100000001000100-1-------1---1--0000111100000000000001000000111101000100
0-00010001000100-1-------1---1--0000111100000000000001000000111101000100
00-0010001000100--1------1---1--0000011110000000000001000000111101000100
010000-001000100-1----1--0---1--0000101101000000000001000000111101000100
010000-001000100-1-------1---1--0000101101000000000001000000111101000100
0100010000-00100-1-----------1--0000110100100000000001000000111101000100
01000100010000-0-1-------1----1-0000111000010000000001000000111101000100
000-010001000100---1-----1---1--0000011100001000000001000000111101000100
0100000-01000100-1-----1-1---0--0000101100000100000001000000111101000100
0100000-01000100-1-------1---1--0000101100000100000001000000111101000100
01000100000-0100-1---------1-1--0000110100000010000001000000111101000100
010001000100000--1-------1------0000111000000001000001000000111101000100
010001000100-000-1-------1--1---0001111000000000000000000100111101000100
01000100-0000100-1------1----1--0010110100000000000000000100111101000100
0100-00001000100-1--0----1---1--0100101100000000000000000100111101000100
0100-00001000100----1----1---1--0100101100000000000000000100111101000100
-000010001000100---------1---1--1000011100000000000000000100111101000100
0100010001000000-1-------1---1--0000111100000000000000000100111101000100
0100010000000100-1-------1---1--0000111100000000000000000100111101000100
0100000001000100-1-------1---1--0000111100000000000000000100111101000100
0-00010001000100-1-------1---1--0000111100000000000000000100111101000100
00-0010001000100--1------1---1--0000011110000000000000000100111101000100
010000-001000100-1----1--0---1--0000101101000000000000000100111101000100
010000-001000100-1-------1---1--0000101101000000000000000100111101000100
0100010000-00100-1-----------1--0000110100100000000000000100111101000100
01000100010000-0-1-------1----1-0000111000010000000000000100111101000100
000-010001000100---1-----1---1--0000011100001000000000000100111101000100
0100000-01000100-1-----1-1---0--0000101100000100000000000100111101000100
0100000-01000100-1-------1---1--0000101100000100000000000100111101000100
01000100000-0100-1---------1-1--0000110100000010000000000100111101000100
010001000100000--1-------1------0000111000000001000000000100111101000100
0010001000100000--1---1---------0000000011100000000000000000111000000010
0010001000000010--1---1-------1-0000000011010000000000000000110100000010
0010000000100010--1-----------1-0000000010110000000000000000101100000010
0000001000100010------1-------1-0000000001110000000000000000011100000010
001000100010-000--1---1-----1---0001000011100000000000000000111100000010
0010001000100-00--1---1------1--0000000111100000000000000000111100000010
00100010-0000010--1---1-0-----1-0010000011010000000000000000111100000010
00100010-0000010------1-1-----1-0010000011010000000000000000111100000010
001000100-000010--1---1--0----1-0000001011010000000000000000111100000010
001000100-000010--1------1----1-0000001011010000000000000000111100000010
0010-00000100010--1-1---------1-0100000010110000000000000000111100000010
00100-0000100010--1-----------1-0000010010110000000000000000111100000010
-000001000100010------1-------1-1000000001110000000000000000111100000010
0-00001000100010-1----1-------1-0000100001110000000000000000111100000010
0010001000100000--1---1-------1-0000000011110000000000000000111100000010
0010001000000010--1---1-------1-0000000011110000000000000000111100000010
0010000000100010--1---1-------1-0000000011110000000000000000111100000010
00-0001000100010--1---1-------1-0000000011110000000000000000111100000010
000-001000100010---1--1-------1-0000000001111000000000000000111100000010
0010000-00100010--1----1------1-0000000010110100000000000000111100000010
00100010000-0010--1---1----1--0-0000000011010010000000000000111100000010
00100010000-0010--1---1-------1-0000000011010010000000000000111100000010
001000100010000---1---1---------0000000011100001000000000000111100000010
0010001000100000--1---1---------000000001110000000-000000000111000100010
0010001000100000--1---1---------0000000011100000000000100000111000100010
0010001000100000--1---1---------0000000011100000000000000010111000100010
0010001000000010--1---1-------1-000000001101000000-000000000110100100010
0010001000000010--1---1-------1-0000000011010000000000100000110100100010
0010001000000010--1---1-------1-0000000011010000000000000010110100100010
0010000000100010--1-----------1-000000001011000000-000000000101100100010
0010000000100010--1-----------1-0000000010110000000000100000101100100010
0010000000100010--1-----------1-0000000010110000000000000010101100100010
0000001000100010------1-------1-000000000111000000-000000000011100100010
0000001000100010------1-------1-0000000001110000000000100000011100100010
0000001000100010------1-------1-0000000001110000000000000010011100100010
001000100010-000--1---1-----1---000100001110000000-000000000111100100010
0010001000100-00--1---1------1--000000011110000000-000000000111100100010
00100010-0000010--1---1-0-----1-001000001101000000-000000000111100100010
00100010-0000010------1-1-----1-001000001101000000-000000000111100100010
001000100-000010--1---1--0----1-000000101101000000-000000000111100100010
001000100-000010--1------1----1-000000101101000000-000000000111100100010
0010-00000100010--1-1---------1-010000001011000000-000000000111100100010
00100-0000100010--1-----------1-000001001011000000-000000000111100100010
-000001000100010------1-------1-100000000111000000-000000000111100100010
0-00001000100010-1----1-------1-000010000111000000-000000000111100100010
0010001000100000--1---1-------1-000000001111000000-000000000111100100010
0010001000000010--1---1-------1-000000001111000000-000000000111100100010
0010000000100010--1---1-------1-000000001111000000-000000000111100100010
00-0001000100010--1---1-------1-000000001111000000-000000000111100100010
000-001000100010---1--1-------1-000000000111100000-000000000111100100010
0010000-00100010--1----1------1-000000001011010000-000000000111100100010
00100010000-0010--1---1----1--0-000000001101001000-000000000111100100010
00100010000-0010--1---1-------1-000000001101001000-000000000111100100010
001000100010000---1---1---------000000001110000100-000000000111100100010
001000100010-000--1---1-----1---0001000011100000000000100000111100100010
0010001000100-00--1---1------1--0000000111100000000000100000111100100010
00100010-0000010--1---1-0-----1-0010000011010000000000100000111100100010
00100010-0000010------1-1-----1-0010000011010000000000100000111100100010
001000100-000010--1---1--0----1-0000001011010000000000100000111100100010
001000100-000010--1------1----1-0000001011010000000000100000111100100010
0010-00000100010--1-1---------1-0100000010110000000000100000111100100010
00100-0000100010--1-----------1-0000010010110000000000100000111100100010
-000001000100010------1-------1-1000000001110000000000100000111100100010
0-00001000100010-1----1-------1-0000100001110000000000100000111100100010
0010001000100000--1---1-------1-0000000011110000000000100000111100100010
0010001000000010--1---1-------1-0000000011110000000000100000111100100010
0010000000100010--1---1-------1-0000000011110000000000100000111100100010
00-0001000100010--1---1-------1-0000000011110000000000100000111100100010
000-001000100010---1--1-------1-0000000001111000000000100000111100100010
0010000-00100010--1----1------1-0000000010110100000000100000111100100010
00100010000-0010--1---1----1--0-0000000011010010000000100000111100100010
00100010000-0010--1---1-------1-0000000011010010000000100000111100100010
001000100010000---1---1---------0000000011100001000000100000111100100010
001000100010-000--1---1-----1---0001000011100000000000000010111100100010
0010001000100-00--1---1------1--0000000111100000000000000010111100100010
00100010-0000010--1---1-0-----1-0010000011010000000000000010111100100010
00100010-0000010------1-1-----1-0010000011010000000000000010111100100010
001000100-000010--1---1--0----1-0000001011010000000000000010111100100010
001000100-000010--1------1----1-0000001011010000000000000010111100100010
0010-00000100010--1-1---------1-0100000010110000000000000010111100100010
00100-0000100010--1-----------1-0000010010110000000000000010111100100010
-000001000100010------1-------1-1000000001110000000000000010111100100010
0-00001000100010-1----1-------1-0000100001110000000000000010111100100010
0010001000100000--1---1-------1-0000000011110000000000000010111100100010
0010001000000010--1---1-------1-0000000011110000000000000010111100100010
0010000000100010--1---1-------1-0000000011110000000000000010111100100010
00-0001000100010--1---1-------1-0000000011110000000000000010111100100010
000-001000100010---1--1-------1-0000000001111000000000000010111100100010
0010000-00100010--1----1------1-0000000010110100000000000010111100100010
00100010000-0010--1---1----1--0-0000000011010010000000000010111100100010
00100010000-0010--1---1-------1-0000000011010010000000000010111100100010
001000100010000---1---1---------0000000011100001000000000010111100100010
0001000100010000---1---1---1----0000000000001110000000000000111000000001
0001000100000001---1---1--------0000000000001101000000000000110100000001
0001000000010001---1-------1----0000000000001011000000000000101100000001
0000000100010001-------1---1----0000000000000111000000000000011100000001
000100010001-000---1---1---10---0001000000001110000000000000111100000001
000100010001-000-------1---11---0001000000001110000000000000111100000001
0001000100010-00---1---1---1-0--0000000100001110000000000000111100000001
0001000100010-00---1-------1-1--0000000100001110000000000000111100000001
00010001000100-0---1---1---1--0-0000000000011110000000000000111100000001
00010001000100-0---1---1------1-0000000000011110000000000000111100000001
00010001-0000001---1---11-------0010000000001101000000000000111100000001
000100010-000001---1---1-1------0000001000001101000000000000111100000001
0001000100-00001---1---1--------0000000000101101000000000000111100000001
0001-00000010001---11------1----0100000000001011000000000000111100000001
00010-0000010001---1-------1----0000010000001011000000000000111100000001
000100-000010001---1--1----1----0000000001001011000000000000111100000001
-000000100010001-------1---1----1000000000000111000000000000111100000001
0-00000100010001-1-----1---1----0000100000000111000000000000111100000001
00-0000100010001--1----1---1----0000000010000111000000000000111100000001
0001000100010000---1---1---1----0000000000001111000000000000111100000001
0001000100000001---1---1---1----0000000000001111000000000000111100000001
0001000000010001---1---1---1----0000000000001111000000000000111100000001
000-000100010001---1---1---1----0000000000001111000000000000111100000001
0001000100010000---1---1---1----0000000000001110000-00000000111000010001
0001000100010000---1---1---1----0000000000001110000000010000111000010001
0001000100010000---1---1---1----0000000000001110000000000001111000010001
0001000100000001---1---1--------0000000000001101000-00000000110100010001
0001000100000001---1---1--------0000000000001101000000010000110100010001
0001000100000001---1---1--------0000000000001101000000000001110100010001
0001000000010001---1-------1----0000000000001011000-00000000101100010001
0001000000010001---1-------1----0000000000001011000000010000101100010001
0001000000010001---1-------1----0000000000001011000000000001101100010001
0000000100010001-------1---1----0000000000000111000-00000000011100010001
0000000100010001-------1---1----0000000000000111000000010000011100010001
0000000100010001-------1---1----0000000000000111000000000001011100010001
000100010001-000---1---1---10---0001000000001110000-00000000111100010001
000100010001-000-------1---11---0001000000001110000-00000000111100010001
0001000100010-00---1---1---1-0--0000000100001110000-00000000111100010001
0001000100010-00---1-------1-1--0000000100001110000-00000000111100010001
00010001000100-0---1---1---1--0-0000000000011110000-00000000111100010001
00010001000100-0---1---1------1-0000000000011110000-00000000111100010001
00010001-0000001---1---11-------0010000000001101000-00000000111100010001
000100010-000001---1---1-1------0000001000001101000-00000000111100010001
0001000100-00001---1---1--------0000000000101101000-00000000111100010001
0001-00000010001---11------1----0100000000001011000-00000000111100010001
00010-0000010001---1-------1----0000010000001011000-00000000111100010001
000100-000010001---1--1----1----0000000001001011000-00000000111100010001
-000000100010001-------1---1----1000000000000111000-00000000111100010001
0-00000100010001-1-----1---1----0000100000000111000-00000000111100010001
00-0000100010001--1----1---1----0000000010000111000-00000000111100010001
0001000100010000---1---1---1----0000000000001111000-00000000111100010001
0001000100000001---1---1---1----0000000000001111000-00000000111100010001
0001000000010001---1---1---1----0000000000001111000-00000000111100010001
000-000100010001---1---1---1----0000000000001111000-00000000111100010001
000100010001-000---1---1---10---0001000000001110000000010000111100010001
000100010001-000-------1---11---0001000000001110000000010000111100010001
0001000100010-00---1---1---1-0--0000000100001110000000010000111100010001
0001000100010-00---1-------1-1--0000000100001110000000010000111100010001
00010001000100-0---1---1---1--0-0000000000011110000000010000111100010001
00010001000100-0---1---1------1-0000000000011110000000010000111100010001
00010001-0000001---1---11-------0010000000001101000000010000111100010001
000100010-000001---1---1-1------0000001000001101000000010000111100010001
0001000100-00001---1---1--------0000000000101101000000010000111100010001
0001-00000010001---11------1----0100000000001011000000010000111100010001
00010-0000010001---1-------1----0000010000001011000000010000111100010001
000100-000010001---1--1----1----0000000001001011000000010000111100010001
-000000100010001-------1---1----1000000000000111000000010000111100010001
0-00000100010001-1-----1---1----0000100000000111000000010000111100010001
00-0000100010001--1----1---1----0000000010000111000000010000111100010001
0001000100010000---1---1---1----0000000000001111000000010000111100010001
0001000100000001---1---1---1----0000000000001111000000010000111100010001
0001000000010001---1---1---1----0000000000001111000000010000111100010001
000-000100010001---1---1---1----0000000000001111000000010000111100010001
000100010001-000---1---1---10---0001000000001110000000000001111100010001
000100010001-000-------1---11---0001000000001110000000000001111100010001
0001000100010-00---1---1---1-0--0000000100001110000000000001111100010001
0001000100010-00---1-------1-1--0000000100001110000000000001111100010001
00010001000100-0---1---1---1--0-0000000000011110000000000001111100010001
00010001000100-0---1---1------1-0000000000011110000000000001111100010001
00010001-0000001---1---11-------0010000000001101000000000001111100010001
000100010-000001---1---1-1------0000001000001101000000000001111100010001
0001000100-00001---1---1--------0000000000101101000000000001111100010001
0001-00000010001---11------1----0100000000001011000000000001111100010001
00010-0000010001---1-------1----0000010000001011000000000001111100010001
000100-000010001---1--1----1----0000000001001011000000000001111100010001
-000000100010001-------1---1----1000000000000111000000000001111100010001
0-00000100010001-1-----1---1----0000100000000111000000000001111100010001
00-0000100010001--1----1---1----0000000010000111000000000001111100010001
0001000100010000---1---1---1----0000000000001111000000000001111100010001
0001000100000001---1---1---1----0000000000001111000000000001111100010001
0001000000010001---1---1---1----0000000000001111000000000001111100010001
000-000100010001---1---1---1----0000000000001111000000000001111100010001

[FW NOTE]: number of variables: 72

[FW NOTE]: number of reachable states: 1318

[QRM NOTE]: Time elapsed since start: 1424.101 seconds

[QRM NOTE]: Time elapsed since last: 1423.974 seconds

[QRM NOTE]: Peak memory: 5876814 bytes


********************************************************************

	[QRM]: ivybench/sym_quorum/ivy/consensus_epr.ivy

********************************************************************

[QRM RESULT]: Fail

