[runlim] version:		2.0.0rc12
[runlim] host:			caen-vnc-mi17.engin.umich.edu
[runlim] time limit:		2000 seconds
[runlim] real time limit:	2000 seconds
[runlim] space limit:		15000 MB
[runlim] argv[0]:		python3
[runlim] argv[1]:		qrm.py
[runlim] argv[2]:		-i
[runlim] argv[3]:		ivybench/sym/ivy/firewall.ivy
[runlim] argv[4]:		-s
[runlim] argv[5]:		node=4
[runlim] argv[6]:		-v
[runlim] argv[7]:		5
[runlim] argv[8]:		-w
[runlim] argv[9]:		-l
[runlim] argv[10]:		ivybench/sym/ivy/firewall.bdd.log
[runlim] start:			Thu Jan  9 19:43:05 2025
[runlim] child:			201208
	(epr: False)
	(gen: fef)
	(found #2 actions)

Finite sorts: #1
	|node| = 4
	(input is not in epr)
	(#44 atoms with #44 variables)
@ 1736469789s  (building bdds)
@ 1736469789s  (building bdd for ext:send_from_internal)
@ 1736469789s  (building bdd for ext:send_to_internal)
	(running forward reachability)
	(forward reachability done)
	(extracting state variables and reachable states)
	(extracting state variables and reachable states done)
[runlim] end:			Thu Jan  9 19:43:09 2025
[runlim] status:		ok
[runlim] result:		1
[runlim] children:		11
[runlim] processes:		12
[runlim] real:			4.42 seconds
[runlim] time:			1.44 seconds
[runlim] space:			84 MB
[runlim] load:			0.74 maximum
[runlim] samples:		45
