
********************************************************

	[QRM]: ivybench/sym/ivy/firewall.ivy

********************************************************


=================================

	[CPL]: Compile Ivy

=================================

[QRM NOTE]: Time elapsed since start: 0.103 seconds

[QRM NOTE]: Time elapsed since last: 0.103 seconds


================================================================================

	[FW]: Forward Reachability on [ivybench/sym/ivy/firewall: node=4]

================================================================================


=======================================================================================

	[FW RESULT]: Forward Reachability on [ivybench/sym/ivy/firewall: node=4]

=======================================================================================

.s node n0 n1 n2 n3
.p internal node
.p allowed_in node
.p sent node node
.a sent(n3,n3) sent(n2,n3) sent(n1,n3) sent(n0,n3) sent(n3,n2) sent(n2,n2) sent(n1,n2) sent(n0,n2) sent(n3,n1) sent(n2,n1) sent(n1,n1) sent(n0,n1) sent(n3,n0) sent(n2,n0) sent(n1,n0) sent(n0,n0) allowed_in(n3) allowed_in(n2) allowed_in(n1) allowed_in(n0) internal(n3) internal(n2) internal(n1) internal(n0)
000000000000000000000000
000000000000000000001000
0-0010000000000001001000
00-000001000000000101000
0--010001000000001101000
000-00000000100000011000
0-0-10000000100001011000
00--00001000100000111000
0---10001000100001111000
000000000000000000000100
0100-0000000000010000100
000000-00100000000100100
0100-0-00100000010100100
0000000-0000010000010100
0100-00-0000010010010100
000000--0100010000110100
0100-0--0100010010110100
000000000000000000001100
00-000-01000000000101100
00-000-0-100000000101100
000-000-0000100000011100
000-000-0000-10000011100
00--00--1000100000111100
00--00---100100000111100
00--00--1000-10000111100
00--00---100-10000111100
000000000000000000000010
00100000-000000010000010
000000100-00000001000010
00100010--00000011000010
00000000000-001000010010
00100000-00-001010010010
000000100-0-001001010010
00100010--0-001011010010
000000000000000000001010
0-0010000-00000001001010
0-00-0100-00000001001010
000-0000000-100000011010
000-0000000--01000011010
0-0-10000-0-100001011010
0-0--0100-0-100001011010
0-0-10000-0--01001011010
0-0--0100-0--01001011010
000000000000000000000110
0100-000-000000010000110
0-10-000-000000010000110
0000000-000-010000010110
0000000-000-0-1000010110
0100-00--00-010010010110
0-10-00--00-010010010110
0100-00--00-0-1010010110
0-10-00--00-0-1010010110
000000000000000000001110
000-000-000-100000011110
000-000-000--10000011110
000-000-000---1000011110
000000000000000000000001
000100000000-00010000001
0000000100000-0001000001
000100010000--0011000001
00000000000100-000100001
000100000001-0-010100001
0000000100010--001100001
000100010001---011100001
000000000000000000001001
0-00100000000-0001001001
0-00-00100000-0001001001
00-00000100000-000101001
00-00000-00100-000101001
0--0100010000--001101001
0--0-00110000--001101001
0--01000-0010--001101001
0--0-001-0010--001101001
000000000000000000000101
0100-0000000-00010000101
0-01-0000000-00010000101
000000-0010000-000100101
000000-00-0100-000100101
0100-0-00100-0-010100101
0-01-0-00100-0-010100101
0100-0-00-01-0-010100101
0-01-0-00-01-0-010100101
000000000000000000001101
00-000-0100000-000101101
00-000-0-10000-000101101
00-000-0--0100-000101101
000000000000000000000011
00100000-000-00010000011
00-10000-000-00010000011
000000100-000-0001000011
000000-10-000-0001000011
00100010--00--0011000011
00-10010--00--0011000011
001000-1--00--0011000011
00-100-1--00--0011000011
000000000000000000001011
0-0010000-000-0001001011
0-00-0100-000-0001001011
0-00-0-10-000-0001001011
000000000000000000000111
0100-000-000-00010000111
0-10-000-000-00010000111
0--1-000-000-00010000111
000000000000000000001111

[FW NOTE]: number of variables: 24

[FW NOTE]: number of reachable states: 104

[QRM NOTE]: Time elapsed since start: 1.053 seconds

[QRM NOTE]: Time elapsed since last: 0.950 seconds

[QRM NOTE]: Peak memory: 2797046 bytes


********************************************************

	[QRM]: ivybench/sym/ivy/firewall.ivy

********************************************************

[QRM RESULT]: Fail

