[runlim] version:		2.0.0rc12
[runlim] host:			caen-vnc-mi17.engin.umich.edu
[runlim] time limit:		2000 seconds
[runlim] real time limit:	2000 seconds
[runlim] space limit:		15000 MB
[runlim] argv[0]:		python3
[runlim] argv[1]:		qrm.py
[runlim] argv[2]:		-i
[runlim] argv[3]:		ivybench/sym/ivy/lockserv_automaton.ivy
[runlim] argv[4]:		-s
[runlim] argv[5]:		node=4
[runlim] argv[6]:		-v
[runlim] argv[7]:		5
[runlim] argv[8]:		-w
[runlim] argv[9]:		-l
[runlim] argv[10]:		ivybench/sym/ivy/lockserv_automaton.bdd.log
[runlim] start:			Thu Jan  9 19:43:13 2025
[runlim] child:			201316
	(epr: True)
	(gen: fef)
	(found #5 actions)

Finite sorts: #1
	|node| = 4
	(input is in epr)
	(#34 atoms with #34 variables)
@ 1736469798s  (building bdds)
@ 1736469798s  (building bdd for ext:lock)
@ 1736469798s  (building bdd for ext:recv_grant)
@ 1736469798s  (building bdd for ext:recv_lock)
@ 1736469798s  (building bdd for ext:recv_unlock)
@ 1736469798s  (building bdd for ext:unlock)
	(running forward reachability)
	(forward reachability done)
	(extracting state variables and reachable states)
	(extracting state variables and reachable states done)
[runlim] end:			Thu Jan  9 19:43:17 2025
[runlim] status:		ok
[runlim] result:		1
[runlim] children:		12
[runlim] processes:		13
[runlim] real:			4.32 seconds
[runlim] time:			1.09 seconds
[runlim] space:			81 MB
[runlim] load:			0.76 maximum
[runlim] samples:		44
