[runlim] version:		2.0.0rc12
[runlim] host:			caen-vnc-mi17.engin.umich.edu
[runlim] time limit:		2000 seconds
[runlim] real time limit:	2000 seconds
[runlim] space limit:		15000 MB
[runlim] argv[0]:		python3
[runlim] argv[1]:		qrm.py
[runlim] argv[2]:		-i
[runlim] argv[3]:		ivybench/sym/ivy/lock_server.ivy
[runlim] argv[4]:		-s
[runlim] argv[5]:		server=2,client=4
[runlim] argv[6]:		-v
[runlim] argv[7]:		5
[runlim] argv[8]:		-w
[runlim] argv[9]:		-l
[runlim] argv[10]:		ivybench/sym/ivy/lock_server.bdd.log
[runlim] start:			Thu Jan  9 19:42:33 2025
[runlim] child:			200985
	(epr: True)
	(gen: fef)
	(found #2 actions)

Finite sorts: #2
	|client| = 4
	|server| = 2
	(input is in epr)
	(#20 atoms with #20 variables)
@ 1736469757s  (building bdds)
@ 1736469757s  (building bdd for ext:connect)
@ 1736469757s  (building bdd for ext:disconnect)
	(running forward reachability)
	(forward reachability done)
	(extracting state variables and reachable states)
	(extracting state variables and reachable states done)
[runlim] end:			Thu Jan  9 19:42:37 2025
[runlim] status:		ok
[runlim] result:		1
[runlim] children:		11
[runlim] processes:		12
[runlim] real:			4.52 seconds
[runlim] time:			1.09 seconds
[runlim] space:			81 MB
[runlim] load:			0.53 maximum
[runlim] samples:		46
