[runlim] version:		2.0.0rc12
[runlim] host:			caen-vnc-mi17.engin.umich.edu
[runlim] time limit:		2000 seconds
[runlim] real time limit:	2000 seconds
[runlim] space limit:		15000 MB
[runlim] argv[0]:		python3
[runlim] argv[1]:		qrm.py
[runlim] argv[2]:		-i
[runlim] argv[3]:		ivybench/sym_quorum/ivy/naive_consensus.ivy
[runlim] argv[4]:		-s
[runlim] argv[5]:		node=4,quorum=4,value=4
[runlim] argv[6]:		-v
[runlim] argv[7]:		5
[runlim] argv[8]:		-w
[runlim] argv[9]:		-l
[runlim] argv[10]:		ivybench/sym_quorum/ivy/naive_consensus.bdd.log
[runlim] start:			Thu Jan  9 19:43:26 2025
[runlim] child:			201482
	(epr: True)
	(gen: fef)
	(found #3 actions)

Finite sorts: #3
	|node| = 4
	|quorum| = 4
	|value| = 4
	(input is in epr)
	(#88 atoms with #88 variables)
@ 1736469810s  (building bdds)
@ 1736469810s  (building bdd for ext:cast_vote)
@ 1736469811s  (building bdd for ext:collect_votes)
@ 1736469811s  (building bdd for ext:learn_value)
	(running forward reachability)
	(forward reachability done)
	(extracting state variables and reachable states)
	(extracting state variables and reachable states done)
[runlim] end:			Thu Jan  9 19:43:31 2025
[runlim] status:		ok
[runlim] result:		1
[runlim] children:		13
[runlim] processes:		14
[runlim] real:			5.02 seconds
[runlim] time:			2.35 seconds
[runlim] space:			89 MB
[runlim] load:			0.82 maximum
[runlim] samples:		51
