
**********************************************************************

	[QRM]: ivybench/sym_quorum/ivy/naive_consensus.ivy

**********************************************************************


=================================

	[CPL]: Compile Ivy

=================================

[QRM NOTE]: Time elapsed since start: 0.105 seconds

[QRM NOTE]: Time elapsed since last: 0.105 seconds


===============================================================================================================

	[FW]: Forward Reachability on [ivybench/sym_quorum/ivy/naive_consensus: node=4,quorum=4,value=4]

===============================================================================================================


======================================================================================================================

	[FW RESULT]: Forward Reachability on [ivybench/sym_quorum/ivy/naive_consensus: node=4,quorum=4,value=4]

======================================================================================================================

.s node n0 n1 n2 n3
.s quorum q0 q1 q2 q3
.s value v0 v1 v2 v3
.q node q-n0-n1-n2 q-n0-n1-n3 q-n0-n2-n3 q-n1-n2-n3
.p decide quorum value
.p decision value
.p vote node value
.p member node quorum
.a vote(n3,v3) vote(n2,v3) vote(n1,v3) vote(n0,v3) vote(n3,v2) vote(n2,v2) vote(n1,v2) vote(n0,v2) vote(n3,v1) vote(n2,v1) vote(n1,v1) vote(n0,v1) vote(n3,v0) vote(n2,v0) vote(n1,v0) vote(n0,v0) decide(q-n1-n2-n3,v3) decide(q-n0-n2-n3,v3) decide(q-n0-n1-n3,v3) decide(q-n0-n1-n2,v3) decide(q-n1-n2-n3,v2) decide(q-n0-n2-n3,v2) decide(q-n0-n1-n3,v2) decide(q-n0-n1-n2,v2) decide(q-n1-n2-n3,v1) decide(q-n0-n2-n3,v1) decide(q-n0-n1-n3,v1) decide(q-n0-n1-n2,v1) decide(q-n1-n2-n3,v0) decide(q-n0-n2-n3,v0) decide(q-n0-n1-n3,v0) decide(q-n0-n1-n2,v0) decision(v3) decision(v2) decision(v1) decision(v0)
----00000000000000000000000000000000
0---10000000000000000000000000000000
-0--01000000000000000000000000000000
00--11000000000000000000000000000000
--0-00100000000000000000000000000000
0-0-10100000000000000000000000000000
-00-01100000000000000000000000000000
000-11100000000000000000000000000000
---000010000000000000000000000000000
0--010010000000000000000000000000000
-0-001010000000000000000000000000000
00-011010000000000000000000000000000
--0000110000000000000000000000000000
0-0010110000000000000000000000000000
-00001110000000000000000000000000000
000011110000000000000000000000000000
0---00001000000000000000000000000000
00--01001000000000000000000000000000
0-0-00101000000000000000000000000000
000-01101000000000000000000000000000
0--000011000000000000000000000000000
00-001011000000000000000000000000000
0-0000111000000000000000000000000000
000001111000000000000000000000000000
-0--00000100000000000000000000000000
00--10000100000000000000000000000000
-00-00100100000000000000000000000000
000-10100100000000000000000000000000
-0-000010100000000000000000000000000
00-010010100000000000000000000000000
-00000110100000000000000000000000000
000010110100000000000000000000000000
00--00001100000000000000000000000000
000-00101100000000000000000000000000
00-000011100000000000000000000000000
000000111100000000000000000000000000
--0-00000010000000000000000000000000
0-0-10000010000000000000000000000000
-00-01000010000000000000000000000000
000-11000010000000000000000000000000
--0000010010000000000000000000000000
0-0010010010000000000000000000000000
-00001010010000000000000000000000000
000011010010000000000000000000000000
0-0-00001010000000000000000000000000
000-01001010000000000000000000000000
0-0000011010000000000000000000000000
000001011010000000000000000000000000
-00-00000110000000000000000000000000
000-10000110000000000000000000000000
-00000010110000000000000000000000000
000010010110000000000000000000000000
000-00001110000000000000000000000000
000000011110000000000000000000000000
---000000001000000000000000000000000
0--010000001000000000000000000000000
-0-001000001000000000000000000000000
00-011000001000000000000000000000000
--0000100001000000000000000000000000
0-0010100001000000000000000000000000
-00001100001000000000000000000000000
000011100001000000000000000000000000
0--000001001000000000000000000000000
00-001001001000000000000000000000000
0-0000101001000000000000000000000000
000001101001000000000000000000000000
-0-000000101000000000000000000000000
00-010000101000000000000000000000000
-00000100101000000000000000000000000
000010100101000000000000000000000000
00-000001101000000000000000000000000
000000101101000000000000000000000000
--0000000011000000000000000000000000
0-0010000011000000000000000000000000
-00001000011000000000000000000000000
000011000011000000000000000000000000
0-0000001011000000000000000000000000
000001001011000000000000000000000000
-00000000111000000000000000000000000
000010000111000000000000000000000000
000000001111000000000000000000000000
0---00000000100000000000000000000000
00--01000000100000000000000000000000
0-0-00100000100000000000000000000000
000-01100000100000000000000000000000
0--000010000100000000000000000000000
00-001010000100000000000000000000000
0-0000110000100000000000000000000000
000001110000100000000000000000000000
00--00000100100000000000000000000000
000-00100100100000000000000000000000
00-000010100100000000000000000000000
000000110100100000000000000000000000
0-0-00000010100000000000000000000000
000-01000010100000000000000000000000
0-0000010010100000000000000000000000
000001010010100000000000000000000000
000-00000110100000000000000000000000
000000010110100000000000000000000000
0--000000001100000000000000000000000
00-001000001100000000000000000000000
0-0000100001100000000000000000000000
000001100001100000000000000000000000
00-000000101100000000000000000000000
000000100101100000000000000000000000
0-0000000011100000000000000000000000
000001000011100000000000000000000000
000000000111100000000000000000000000
-0--00000000010000000000000000000000
00--10000000010000000000000000000000
-00-00100000010000000000000000000000
000-10100000010000000000000000000000
-0-000010000010000000000000000000000
00-010010000010000000000000000000000
-00000110000010000000000000000000000
000010110000010000000000000000000000
00--00001000010000000000000000000000
000-00101000010000000000000000000000
00-000011000010000000000000000000000
000000111000010000000000000000000000
-00-00000010010000000000000000000000
000-10000010010000000000000000000000
-00000010010010000000000000000000000
000010010010010000000000000000000000
000-00001010010000000000000000000000
000000011010010000000000000000000000
-0-000000001010000000000000000000000
00-010000001010000000000000000000000
-00000100001010000000000000000000000
000010100001010000000000000000000000
00-000001001010000000000000000000000
000000101001010000000000000000000000
-00000000011010000000000000000000000
000010000011010000000000000000000000
000000001011010000000000000000000000
00--00000000110000000000000000000000
000-00100000110000000000000000000000
00-000010000110000000000000000000000
000000110000110000000000000000000000
000-00000010110000000000000000000000
000000010010110000000000000000000000
00-000000001110000000000000000000000
000000100001110000000000000000000000
000000000011110000000000000000000000
--0-00000000001000000000000000000000
0-0-10000000001000000000000000000000
-00-01000000001000000000000000000000
000-11000000001000000000000000000000
--0000010000001000000000000000000000
0-0010010000001000000000000000000000
-00001010000001000000000000000000000
000011010000001000000000000000000000
0-0-00001000001000000000000000000000
000-01001000001000000000000000000000
0-0000011000001000000000000000000000
000001011000001000000000000000000000
-00-00000100001000000000000000000000
000-10000100001000000000000000000000
-00000010100001000000000000000000000
000010010100001000000000000000000000
000-00001100001000000000000000000000
000000011100001000000000000000000000
--0000000001001000000000000000000000
0-0010000001001000000000000000000000
-00001000001001000000000000000000000
000011000001001000000000000000000000
0-0000001001001000000000000000000000
000001001001001000000000000000000000
-00000000101001000000000000000000000
000010000101001000000000000000000000
000000001101001000000000000000000000
0-0-00000000101000000000000000000000
000-01000000101000000000000000000000
0-0000010000101000000000000000000000
000001010000101000000000000000000000
000-00000100101000000000000000000000
000000010100101000000000000000000000
0-0000000001101000000000000000000000
000001000001101000000000000000000000
000000000101101000000000000000000000
-00-00000000011000000000000000000000
000-10000000011000000000000000000000
-00000010000011000000000000000000000
000010010000011000000000000000000000
000-00001000011000000000000000000000
000000011000011000000000000000000000
-00000000001011000000000000000000000
000010000001011000000000000000000000
000000001001011000000000000000000000
000-00000000111000000000000000000000
000000010000111000000000000000000000
000000000001111000000000000000000000
---000000000000100000000000000000000
0--010000000000100000000000000000000
-0-001000000000100000000000000000000
00-011000000000100000000000000000000
--0000100000000100000000000000000000
0-0010100000000100000000000000000000
-00001100000000100000000000000000000
000011100000000100000000000000000000
0--000001000000100000000000000000000
00-001001000000100000000000000000000
0-0000101000000100000000000000000000
000001101000000100000000000000000000
-0-000000100000100000000000000000000
00-010000100000100000000000000000000
-00000100100000100000000000000000000
000010100100000100000000000000000000
00-000001100000100000000000000000000
000000101100000100000000000000000000
--0000000010000100000000000000000000
0-0010000010000100000000000000000000
-00001000010000100000000000000000000
000011000010000100000000000000000000
0-0000001010000100000000000000000000
000001001010000100000000000000000000
-00000000110000100000000000000000000
000010000110000100000000000000000000
000000001110000100000000000000000000
0--000000000100100000000000000000000
00-001000000100100000000000000000000
0-0000100000100100000000000000000000
000001100000100100000000000000000000
00-000000100100100000000000000000000
000000100100100100000000000000000000
0-0000000010100100000000000000000000
000001000010100100000000000000000000
000000000110100100000000000000000000
-0-000000000010100000000000000000000
00-010000000010100000000000000000000
-00000100000010100000000000000000000
000010100000010100000000000000000000
00-000001000010100000000000000000000
000000101000010100000000000000000000
-00000000010010100000000000000000000
000010000010010100000000000000000000
000000001010010100000000000000000000
00-000000000110100000000000000000000
000000100000110100000000000000000000
000000000010110100000000000000000000
--0000000000001100000000000000000000
0-0010000000001100000000000000000000
-00001000000001100000000000000000000
000011000000001100000000000000000000
0-0000001000001100000000000000000000
000001001000001100000000000000000000
-00000000100001100000000000000000000
000010000100001100000000000000000000
000000001100001100000000000000000000
0-0000000000101100000000000000000000
000001000000101100000000000000000000
000000000100101100000000000000000000
-00000000000011100000000000000000000
000010000000011100000000000000000000
000000001000011100000000000000000000
000000000000111100000000000000000000
111-00000000000010000000000000000000
111000010000000010000000000000000000
111000000001000010000000000000000000
111000000000000110000000000000000000
11-100000000000001000000000000000000
110100100000000001000000000000000000
110100000010000001000000000000000000
110100000000001001000000000000000000
111100000000000011000000000000000000
1-1100000000000000100000000000000000
101101000000000000100000000000000000
101100000100000000100000000000000000
101100000000010000100000000000000000
111100000000000010100000000000000000
1111000000000000-1100000000000000000
-11100000000000000010000000000000000
011110000000000000010000000000000000
011100001000000000010000000000000000
011100000000100000010000000000000000
111100000000000010010000000000000000
1111000000000000-1010000000000000000
1111000000000000--110000000000000000
000-11100000000000001000000000000000
000011110000000000001000000000000000
000011100001000000001000000000000000
000011100000000100001000000000000000
00-011010000000000000100000000000000
000011110000000000000100000000000000
000011010010000000000100000000000000
000011010000001000000100000000000000
000011110000000000001100000000000000
0-0010110000000000000010000000000000
000011110000000000000010000000000000
000010110100000000000010000000000000
000010110000010000000010000000000000
000011110000000000001010000000000000
00001111000000000000-110000000000000
-00001110000000000000001000000000000
000011110000000000000001000000000000
000001111000000000000001000000000000
000001110000100000000001000000000000
000011110000000000001001000000000000
00001111000000000000-101000000000000
00001111000000000000--11000000000000
000-00001110000000000000100000000000
000000011110000000000000100000000000
000000001111000000000000100000000000
000000001110000100000000100000000000
00-000001101000000000000010000000000
000000101101000000000000010000000000
000000001111000000000000010000000000
000000001101001000000000010000000000
000000001111000000000000110000000000
0-0000001011000000000000001000000000
000001001011000000000000001000000000
000000001111000000000000001000000000
000000001011010000000000001000000000
000000001111000000000000101000000000
000000001111000000000000-11000000000
-00000000111000000000000000100000000
000010000111000000000000000100000000
000000001111000000000000000100000000
000000000111100000000000000100000000
000000001111000000000000100100000000
000000001111000000000000-10100000000
000000001111000000000000--1100000000
000-00000000111000000000000010000000
000000010000111000000000000010000000
000000000001111000000000000010000000
000000000000111100000000000010000000
00-000000000110100000000000001000000
000000100000110100000000000001000000
000000000010110100000000000001000000
000000000000111100000000000001000000
000000000000111100000000000011000000
0-0000000000101100000000000000100000
000001000000101100000000000000100000
000000000100101100000000000000100000
000000000000111100000000000000100000
000000000000111100000000000010100000
0000000000001111000000000000-1100000
-00000000000011100000000000000010000
000010000000011100000000000000010000
000000001000011100000000000000010000
000000000000111100000000000000010000
000000000000111100000000000010010000
0000000000001111000000000000-1010000
0000000000001111000000000000--110000
111-00000000000010000000000000001000
111000010000000010000000000000001000
111000000001000010000000000000001000
111000000000000110000000000000001000
11-100000000000001000000000000001000
110100100000000001000000000000001000
110100000010000001000000000000001000
110100000000001001000000000000001000
111100000000000011000000000000001000
1-1100000000000000100000000000001000
101101000000000000100000000000001000
101100000100000000100000000000001000
101100000000010000100000000000001000
111100000000000010100000000000001000
1111000000000000-1100000000000001000
-11100000000000000010000000000001000
011110000000000000010000000000001000
011100001000000000010000000000001000
011100000000100000010000000000001000
111100000000000010010000000000001000
1111000000000000-1010000000000001000
1111000000000000--110000000000001000
000-11100000000000001000000000000100
000011110000000000001000000000000100
000011100001000000001000000000000100
000011100000000100001000000000000100
00-011010000000000000100000000000100
000011110000000000000100000000000100
000011010010000000000100000000000100
000011010000001000000100000000000100
000011110000000000001100000000000100
0-0010110000000000000010000000000100
000011110000000000000010000000000100
000010110100000000000010000000000100
000010110000010000000010000000000100
000011110000000000001010000000000100
00001111000000000000-110000000000100
-00001110000000000000001000000000100
000011110000000000000001000000000100
000001111000000000000001000000000100
000001110000100000000001000000000100
000011110000000000001001000000000100
00001111000000000000-101000000000100
00001111000000000000--11000000000100
000-00001110000000000000100000000010
000000011110000000000000100000000010
000000001111000000000000100000000010
000000001110000100000000100000000010
00-000001101000000000000010000000010
000000101101000000000000010000000010
000000001111000000000000010000000010
000000001101001000000000010000000010
000000001111000000000000110000000010
0-0000001011000000000000001000000010
000001001011000000000000001000000010
000000001111000000000000001000000010
000000001011010000000000001000000010
000000001111000000000000101000000010
000000001111000000000000-11000000010
-00000000111000000000000000100000010
000010000111000000000000000100000010
000000001111000000000000000100000010
000000000111100000000000000100000010
000000001111000000000000100100000010
000000001111000000000000-10100000010
000000001111000000000000--1100000010
000-00000000111000000000000010000001
000000010000111000000000000010000001
000000000001111000000000000010000001
000000000000111100000000000010000001
00-000000000110100000000000001000001
000000100000110100000000000001000001
000000000010110100000000000001000001
000000000000111100000000000001000001
000000000000111100000000000011000001
0-0000000000101100000000000000100001
000001000000101100000000000000100001
000000000100101100000000000000100001
000000000000111100000000000000100001
000000000000111100000000000010100001
0000000000001111000000000000-1100001
-00000000000011100000000000000010001
000010000000011100000000000000010001
000000001000011100000000000000010001
000000000000111100000000000000010001
000000000000111100000000000010010001
0000000000001111000000000000-1010001
0000000000001111000000000000--110001

[FW NOTE]: number of variables: 36

[FW NOTE]: number of reachable states: 432

[QRM NOTE]: Time elapsed since start: 2.003 seconds

[QRM NOTE]: Time elapsed since last: 1.898 seconds

[QRM NOTE]: Peak memory: 4811747 bytes


**********************************************************************

	[QRM]: ivybench/sym_quorum/ivy/naive_consensus.ivy

**********************************************************************

[QRM RESULT]: Fail

