[runlim] version:		2.0.0rc12
[runlim] host:			caen-vnc-mi17.engin.umich.edu
[runlim] time limit:		2000 seconds
[runlim] real time limit:	2000 seconds
[runlim] space limit:		15000 MB
[runlim] argv[0]:		python3
[runlim] argv[1]:		qrm.py
[runlim] argv[2]:		-i
[runlim] argv[3]:		ivybench/sym_quorum/ivy/quorum-leader-election-wo-maj.ivy
[runlim] argv[4]:		-s
[runlim] argv[5]:		node=6,nset=15
[runlim] argv[6]:		-v
[runlim] argv[7]:		5
[runlim] argv[8]:		-w
[runlim] argv[9]:		-l
[runlim] argv[10]:		ivybench/sym_quorum/ivy/quorum-leader-election-wo-maj.bdd.log
[runlim] start:			Thu Jan  9 21:43:41 2025
[runlim] child:			204631
	(epr: True)
	(gen: fef)
	(found #2 actions)

Finite sorts: #2
	|node| = 6
	|nset| = 15
	(input is in epr)
	(#204 atoms with #204 variables)
@ 1736477026s  (building bdds)
@ 1736477026s  (building bdd for ext:become_leader)
@ 1736477026s  (building bdd for ext:vote)
[runlim] sample:		7.37 time, 10.01 real, 141 MB, 1.12 load
[runlim] sample:		17.33 time, 20.01 real, 244 MB, 1.10 load
[runlim] sample:		27.30 time, 30.01 real, 278 MB, 1.09 load
[runlim] sample:		37.26 time, 40.01 real, 279 MB, 1.07 load
[runlim] sample:		47.23 time, 50.01 real, 281 MB, 1.06 load
[runlim] sample:		57.19 time, 60.01 real, 284 MB, 1.05 load
[runlim] sample:		67.15 time, 70.01 real, 286 MB, 1.04 load
[runlim] sample:		77.12 time, 80.01 real, 327 MB, 1.04 load
[runlim] sample:		87.08 time, 90.01 real, 329 MB, 1.03 load
[runlim] sample:		97.04 time, 100.01 real, 334 MB, 1.02 load
[runlim] sample:		107.00 time, 110.01 real, 371 MB, 1.02 load
[runlim] sample:		116.96 time, 120.01 real, 401 MB, 1.02 load
[runlim] sample:		126.92 time, 130.01 real, 454 MB, 1.01 load
[runlim] sample:		136.89 time, 140.01 real, 467 MB, 1.01 load
[runlim] sample:		146.85 time, 150.01 real, 468 MB, 1.01 load
[runlim] sample:		156.82 time, 160.01 real, 491 MB, 1.01 load
[runlim] sample:		166.78 time, 170.01 real, 504 MB, 1.01 load
[runlim] sample:		176.75 time, 180.01 real, 511 MB, 1.00 load
[runlim] sample:		186.70 time, 190.01 real, 555 MB, 1.00 load
[runlim] sample:		196.68 time, 200.01 real, 566 MB, 1.00 load
[runlim] sample:		206.63 time, 210.01 real, 569 MB, 1.00 load
[runlim] sample:		216.59 time, 220.01 real, 607 MB, 1.00 load
[runlim] sample:		226.56 time, 230.01 real, 630 MB, 1.00 load
[runlim] sample:		236.52 time, 240.01 real, 652 MB, 1.00 load
[runlim] sample:		246.48 time, 250.01 real, 683 MB, 1.00 load
[runlim] sample:		256.45 time, 260.01 real, 683 MB, 1.00 load
[runlim] sample:		266.42 time, 270.01 real, 684 MB, 1.00 load
[runlim] sample:		276.38 time, 280.01 real, 691 MB, 1.00 load
[runlim] sample:		286.34 time, 290.01 real, 699 MB, 1.15 load
[runlim] sample:		296.31 time, 300.01 real, 708 MB, 1.13 load
[runlim] sample:		306.27 time, 310.01 real, 721 MB, 1.11 load
[runlim] sample:		316.23 time, 320.01 real, 725 MB, 1.09 load
[runlim] sample:		326.19 time, 330.01 real, 737 MB, 1.08 load
[runlim] sample:		336.15 time, 340.01 real, 739 MB, 1.06 load
[runlim] sample:		346.11 time, 350.01 real, 751 MB, 1.05 load
[runlim] sample:		356.07 time, 360.01 real, 765 MB, 1.05 load
[runlim] sample:		366.03 time, 370.01 real, 766 MB, 1.04 load
[runlim] sample:		375.98 time, 380.01 real, 766 MB, 1.03 load
[runlim] sample:		385.94 time, 390.01 real, 774 MB, 1.03 load
[runlim] sample:		395.91 time, 400.01 real, 780 MB, 1.02 load
[runlim] sample:		405.86 time, 410.01 real, 786 MB, 1.02 load
[runlim] sample:		415.82 time, 420.01 real, 788 MB, 1.02 load
[runlim] sample:		425.78 time, 430.01 real, 791 MB, 1.01 load
[runlim] sample:		435.74 time, 440.01 real, 809 MB, 1.01 load
[runlim] sample:		445.70 time, 450.01 real, 813 MB, 1.01 load
[runlim] sample:		455.66 time, 460.01 real, 813 MB, 1.01 load
[runlim] sample:		465.62 time, 470.01 real, 813 MB, 1.00 load
[runlim] sample:		475.58 time, 480.01 real, 813 MB, 1.00 load
[runlim] sample:		485.54 time, 490.01 real, 813 MB, 1.00 load
[runlim] sample:		495.50 time, 500.01 real, 813 MB, 1.00 load
[runlim] sample:		505.46 time, 510.01 real, 815 MB, 1.00 load
[runlim] sample:		515.42 time, 520.01 real, 815 MB, 1.00 load
[runlim] sample:		525.38 time, 530.01 real, 816 MB, 1.00 load
[runlim] sample:		535.33 time, 540.01 real, 816 MB, 1.00 load
[runlim] sample:		545.29 time, 550.01 real, 818 MB, 1.00 load
[runlim] sample:		555.25 time, 560.01 real, 818 MB, 1.00 load
[runlim] sample:		565.21 time, 570.01 real, 818 MB, 1.00 load
[runlim] sample:		575.17 time, 580.01 real, 819 MB, 1.00 load
[runlim] sample:		585.13 time, 590.01 real, 819 MB, 1.00 load
[runlim] sample:		595.09 time, 600.01 real, 820 MB, 1.00 load
[runlim] sample:		605.05 time, 610.01 real, 820 MB, 1.00 load
[runlim] sample:		615.01 time, 620.01 real, 820 MB, 1.00 load
[runlim] sample:		624.96 time, 630.01 real, 820 MB, 1.00 load
[runlim] sample:		634.92 time, 640.01 real, 820 MB, 1.00 load
[runlim] sample:		644.89 time, 650.01 real, 820 MB, 1.00 load
[runlim] sample:		654.85 time, 660.01 real, 820 MB, 1.00 load
[runlim] sample:		664.81 time, 670.01 real, 820 MB, 1.00 load
[runlim] sample:		674.77 time, 680.01 real, 820 MB, 1.00 load
[runlim] sample:		684.73 time, 690.01 real, 820 MB, 1.00 load
[runlim] sample:		694.69 time, 700.01 real, 820 MB, 1.00 load
[runlim] sample:		704.65 time, 710.01 real, 820 MB, 1.00 load
[runlim] sample:		714.61 time, 720.01 real, 821 MB, 1.00 load
[runlim] sample:		724.57 time, 730.01 real, 821 MB, 1.00 load
[runlim] sample:		734.54 time, 740.01 real, 821 MB, 1.00 load
[runlim] sample:		744.50 time, 750.01 real, 821 MB, 1.00 load
[runlim] sample:		754.47 time, 760.01 real, 821 MB, 1.00 load
[runlim] sample:		764.43 time, 770.01 real, 821 MB, 1.00 load
[runlim] sample:		774.40 time, 780.01 real, 821 MB, 1.00 load
[runlim] sample:		784.37 time, 790.01 real, 821 MB, 1.15 load
[runlim] sample:		794.34 time, 800.01 real, 821 MB, 1.20 load
[runlim] sample:		804.31 time, 810.01 real, 821 MB, 1.17 load
[runlim] sample:		814.27 time, 820.01 real, 821 MB, 1.14 load
[runlim] sample:		824.24 time, 830.01 real, 821 MB, 1.12 load
[runlim] sample:		834.21 time, 840.01 real, 821 MB, 1.10 load
[runlim] sample:		844.17 time, 850.01 real, 821 MB, 1.09 load
[runlim] sample:		854.14 time, 860.01 real, 821 MB, 1.07 load
[runlim] sample:		864.11 time, 870.01 real, 821 MB, 1.06 load
[runlim] sample:		874.07 time, 880.01 real, 821 MB, 1.05 load
[runlim] sample:		884.04 time, 890.01 real, 821 MB, 1.04 load
[runlim] sample:		894.01 time, 900.01 real, 821 MB, 1.04 load
[runlim] sample:		903.98 time, 910.01 real, 821 MB, 1.03 load
[runlim] sample:		913.95 time, 920.01 real, 821 MB, 1.02 load
[runlim] sample:		923.91 time, 930.01 real, 821 MB, 1.02 load
[runlim] sample:		933.88 time, 940.01 real, 821 MB, 1.02 load
[runlim] sample:		943.85 time, 950.01 real, 821 MB, 1.01 load
[runlim] sample:		953.81 time, 960.01 real, 821 MB, 1.01 load
[runlim] sample:		963.78 time, 970.01 real, 821 MB, 1.01 load
[runlim] sample:		973.74 time, 980.01 real, 821 MB, 1.01 load
[runlim] sample:		983.71 time, 990.01 real, 821 MB, 1.01 load
[runlim] sample:		993.67 time, 1000.01 real, 821 MB, 1.00 load
[runlim] sample:		1003.64 time, 1010.01 real, 821 MB, 1.00 load
[runlim] sample:		1013.61 time, 1020.01 real, 821 MB, 1.00 load
[runlim] sample:		1023.58 time, 1030.01 real, 821 MB, 1.00 load
[runlim] sample:		1033.55 time, 1040.01 real, 821 MB, 1.00 load
[runlim] sample:		1043.51 time, 1050.01 real, 821 MB, 1.00 load
[runlim] sample:		1053.48 time, 1060.01 real, 821 MB, 1.00 load
[runlim] sample:		1063.44 time, 1070.01 real, 821 MB, 1.00 load
[runlim] sample:		1073.40 time, 1080.01 real, 821 MB, 1.00 load
[runlim] sample:		1083.37 time, 1090.01 real, 821 MB, 1.00 load
[runlim] sample:		1093.34 time, 1100.01 real, 821 MB, 1.00 load
[runlim] sample:		1103.31 time, 1110.01 real, 821 MB, 1.00 load
[runlim] sample:		1113.27 time, 1120.01 real, 821 MB, 1.00 load
[runlim] sample:		1123.24 time, 1130.01 real, 821 MB, 1.00 load
[runlim] sample:		1133.21 time, 1140.01 real, 821 MB, 1.00 load
[runlim] sample:		1143.17 time, 1150.01 real, 821 MB, 1.00 load
[runlim] sample:		1153.14 time, 1160.01 real, 821 MB, 1.00 load
[runlim] sample:		1163.11 time, 1170.01 real, 821 MB, 1.00 load
[runlim] sample:		1173.07 time, 1180.01 real, 821 MB, 1.00 load
[runlim] sample:		1183.03 time, 1190.01 real, 822 MB, 1.00 load
[runlim] sample:		1193.00 time, 1200.01 real, 822 MB, 1.00 load
[runlim] sample:		1202.97 time, 1210.01 real, 822 MB, 1.00 load
[runlim] sample:		1212.94 time, 1220.01 real, 822 MB, 1.00 load
[runlim] sample:		1222.90 time, 1230.01 real, 823 MB, 1.00 load
[runlim] sample:		1232.87 time, 1240.01 real, 823 MB, 1.00 load
[runlim] sample:		1242.85 time, 1250.01 real, 824 MB, 1.00 load
[runlim] sample:		1252.81 time, 1260.01 real, 825 MB, 1.00 load
[runlim] sample:		1262.78 time, 1270.01 real, 825 MB, 1.00 load
[runlim] sample:		1272.75 time, 1280.01 real, 825 MB, 1.00 load
[runlim] sample:		1282.72 time, 1290.01 real, 825 MB, 1.23 load
[runlim] sample:		1292.69 time, 1300.01 real, 825 MB, 1.35 load
[runlim] sample:		1302.65 time, 1310.01 real, 826 MB, 1.29 load
[runlim] sample:		1312.62 time, 1320.01 real, 826 MB, 1.25 load
[runlim] sample:		1322.59 time, 1330.01 real, 826 MB, 1.21 load
[runlim] sample:		1332.56 time, 1340.01 real, 826 MB, 1.18 load
[runlim] sample:		1342.52 time, 1350.01 real, 827 MB, 1.15 load
[runlim] sample:		1352.48 time, 1360.01 real, 827 MB, 1.12 load
[runlim] sample:		1362.45 time, 1370.01 real, 827 MB, 1.10 load
[runlim] sample:		1372.42 time, 1380.01 real, 827 MB, 1.09 load
[runlim] sample:		1382.38 time, 1390.01 real, 827 MB, 1.07 load
[runlim] sample:		1392.35 time, 1400.01 real, 827 MB, 1.06 load
[runlim] sample:		1402.31 time, 1410.01 real, 827 MB, 1.05 load
[runlim] sample:		1412.27 time, 1420.01 real, 827 MB, 1.04 load
[runlim] sample:		1422.24 time, 1430.01 real, 827 MB, 1.04 load
[runlim] sample:		1432.20 time, 1440.01 real, 827 MB, 1.03 load
[runlim] sample:		1442.17 time, 1450.01 real, 828 MB, 1.03 load
[runlim] sample:		1452.13 time, 1460.01 real, 828 MB, 1.02 load
[runlim] sample:		1462.09 time, 1470.01 real, 828 MB, 1.02 load
[runlim] sample:		1472.06 time, 1480.01 real, 828 MB, 1.01 load
[runlim] sample:		1482.02 time, 1490.01 real, 828 MB, 1.01 load
[runlim] sample:		1491.99 time, 1500.01 real, 828 MB, 1.01 load
[runlim] sample:		1501.96 time, 1510.01 real, 828 MB, 1.01 load
[runlim] sample:		1511.92 time, 1520.01 real, 828 MB, 1.01 load
[runlim] sample:		1521.89 time, 1530.01 real, 828 MB, 1.00 load
[runlim] sample:		1531.85 time, 1540.01 real, 828 MB, 1.00 load
[runlim] sample:		1541.82 time, 1550.01 real, 828 MB, 1.00 load
[runlim] sample:		1551.78 time, 1560.01 real, 829 MB, 1.00 load
[runlim] sample:		1561.75 time, 1570.01 real, 829 MB, 1.00 load
[runlim] sample:		1571.71 time, 1580.01 real, 829 MB, 1.00 load
[runlim] sample:		1581.68 time, 1590.01 real, 830 MB, 1.00 load
[runlim] sample:		1591.64 time, 1600.01 real, 830 MB, 1.00 load
[runlim] sample:		1601.60 time, 1610.01 real, 830 MB, 1.00 load
[runlim] sample:		1611.56 time, 1620.01 real, 830 MB, 1.00 load
[runlim] sample:		1621.52 time, 1630.01 real, 831 MB, 1.00 load
[runlim] sample:		1631.49 time, 1640.01 real, 831 MB, 1.00 load
[runlim] sample:		1641.45 time, 1650.01 real, 831 MB, 1.00 load
[runlim] sample:		1651.41 time, 1660.01 real, 831 MB, 1.15 load
[runlim] sample:		1661.37 time, 1670.01 real, 831 MB, 1.28 load
[runlim] sample:		1671.34 time, 1680.01 real, 831 MB, 1.31 load
[runlim] sample:		1681.31 time, 1690.01 real, 832 MB, 1.27 load
[runlim] sample:		1691.27 time, 1700.01 real, 832 MB, 1.22 load
[runlim] sample:		1701.24 time, 1710.01 real, 832 MB, 1.19 load
[runlim] sample:		1711.20 time, 1720.01 real, 832 MB, 1.16 load
[runlim] sample:		1721.16 time, 1730.01 real, 832 MB, 1.13 load
[runlim] sample:		1731.12 time, 1740.01 real, 832 MB, 1.11 load
[runlim] sample:		1741.09 time, 1750.01 real, 832 MB, 1.10 load
[runlim] sample:		1751.05 time, 1760.01 real, 832 MB, 1.08 load
[runlim] sample:		1761.01 time, 1770.01 real, 832 MB, 1.07 load
[runlim] sample:		1770.98 time, 1780.01 real, 832 MB, 1.06 load
[runlim] sample:		1780.94 time, 1790.01 real, 833 MB, 1.28 load
[runlim] sample:		1790.91 time, 1800.01 real, 833 MB, 1.31 load
[runlim] sample:		1800.87 time, 1810.01 real, 833 MB, 1.26 load
[runlim] sample:		1810.83 time, 1820.01 real, 833 MB, 1.22 load
[runlim] sample:		1820.80 time, 1830.01 real, 833 MB, 1.19 load
[runlim] sample:		1830.76 time, 1840.01 real, 833 MB, 1.16 load
[runlim] sample:		1840.72 time, 1850.01 real, 833 MB, 1.13 load
[runlim] sample:		1850.69 time, 1860.01 real, 833 MB, 1.11 load
[runlim] sample:		1860.65 time, 1870.01 real, 833 MB, 1.10 load
[runlim] sample:		1870.62 time, 1880.01 real, 833 MB, 1.08 load
[runlim] sample:		1880.58 time, 1890.01 real, 833 MB, 1.07 load
[runlim] sample:		1890.55 time, 1900.01 real, 833 MB, 1.06 load
[runlim] sample:		1900.51 time, 1910.01 real, 833 MB, 1.05 load
[runlim] sample:		1910.48 time, 1920.01 real, 834 MB, 1.04 load
[runlim] sample:		1920.44 time, 1930.01 real, 850 MB, 1.03 load
[runlim] sample:		1930.41 time, 1940.01 real, 863 MB, 1.03 load
[runlim] sample:		1940.37 time, 1950.01 real, 863 MB, 1.02 load
[runlim] sample:		1950.33 time, 1960.01 real, 865 MB, 1.02 load
[runlim] sample:		1960.29 time, 1970.01 real, 875 MB, 1.02 load
[runlim] sample:		1970.26 time, 1980.01 real, 885 MB, 1.01 load
[runlim] sample:		1980.22 time, 1990.01 real, 888 MB, 1.01 load
[runlim] sample:		1990.19 time, 2000.01 real, 904 MB, 1.01 load
[runlim] end:			Thu Jan  9 22:17:02 2025
[runlim] status:		out of time
[runlim] result:		2
[runlim] children:		7
[runlim] processes:		8
[runlim] real:			2001.07 seconds
[runlim] time:			1990.19 seconds
[runlim] space:			904 MB
[runlim] load:			1.38 maximum
[runlim] samples:		20000
