[runlim] version:		2.0.0rc12
[runlim] host:			caen-vnc-mi17.engin.umich.edu
[runlim] time limit:		2000 seconds
[runlim] real time limit:	2000 seconds
[runlim] space limit:		15000 MB
[runlim] argv[0]:		python3
[runlim] argv[1]:		qrm.py
[runlim] argv[2]:		-i
[runlim] argv[3]:		ivybench/sym/ivy/Ricart-Agrawala.ivy
[runlim] argv[4]:		-s
[runlim] argv[5]:		node=3
[runlim] argv[6]:		-v
[runlim] argv[7]:		5
[runlim] argv[8]:		-w
[runlim] argv[9]:		-l
[runlim] argv[10]:		ivybench/sym/ivy/Ricart-Agrawala.bdd.log
[runlim] start:			Thu Jan  9 19:42:28 2025
[runlim] child:			200930
	(epr: True)
	(gen: fef)
	(found #4 actions)

Finite sorts: #1
	|node| = 3
	(input is in epr)
	(#42 atoms with #42 variables)
@ 1736469752s  (building bdds)
@ 1736469752s  (building bdd for ext:enter)
@ 1736469752s  (building bdd for ext:leave)
@ 1736469752s  (building bdd for ext:reply)
@ 1736469753s  (building bdd for ext:request)
	(running forward reachability)
	(forward reachability done)
	(extracting state variables and reachable states)
	(extracting state variables and reachable states done)
[runlim] end:			Thu Jan  9 19:42:33 2025
[runlim] status:		ok
[runlim] result:		1
[runlim] children:		10
[runlim] processes:		11
[runlim] real:			4.96 seconds
[runlim] time:			1.65 seconds
[runlim] space:			84 MB
[runlim] load:			0.49 maximum
[runlim] samples:		50
