
**********************************************************

	[QRM]: ivybench/sym/ivy/sharded_kv.ivy

**********************************************************


=================================

	[CPL]: Compile Ivy

=================================

[QRM NOTE]: Time elapsed since start: 0.115 seconds

[QRM NOTE]: Time elapsed since last: 0.115 seconds


================================================================================================

	[FW]: Forward Reachability on [ivybench/sym/ivy/sharded_kv: node=4,key=2,value=3]

================================================================================================


=======================================================================================================

	[FW RESULT]: Forward Reachability on [ivybench/sym/ivy/sharded_kv: node=4,key=2,value=3]

=======================================================================================================

.s key k0 k1
.s node n0 n1 n2 n3
.s value v0 v1 v2
.p owner node key
.p table node key value
.p transfer_msg node key value
.a transfer_msg(n3,k1,v2) transfer_msg(n2,k1,v2) transfer_msg(n1,k1,v2) transfer_msg(n0,k1,v2) transfer_msg(n3,k0,v2) transfer_msg(n2,k0,v2) transfer_msg(n1,k0,v2) transfer_msg(n0,k0,v2) transfer_msg(n3,k1,v1) transfer_msg(n2,k1,v1) transfer_msg(n1,k1,v1) transfer_msg(n0,k1,v1) transfer_msg(n3,k0,v1) transfer_msg(n2,k0,v1) transfer_msg(n1,k0,v1) transfer_msg(n0,k0,v1) transfer_msg(n3,k1,v0) transfer_msg(n2,k1,v0) transfer_msg(n1,k1,v0) transfer_msg(n0,k1,v0) transfer_msg(n3,k0,v0) transfer_msg(n2,k0,v0) transfer_msg(n1,k0,v0) transfer_msg(n0,k0,v0) table(n3,k1,v2) table(n2,k1,v2) table(n1,k1,v2) table(n0,k1,v2) table(n3,k0,v2) table(n2,k0,v2) table(n1,k0,v2) table(n0,k0,v2) table(n3,k1,v1) table(n2,k1,v1) table(n1,k1,v1) table(n0,k1,v1) table(n3,k0,v1) table(n2,k0,v1) table(n1,k0,v1) table(n0,k0,v1) table(n3,k1,v0) table(n2,k1,v0) table(n1,k1,v0) table(n0,k1,v0) table(n3,k0,v0) table(n2,k0,v0) table(n1,k0,v0) table(n0,k0,v0) owner(n3,k1) owner(n2,k1) owner(n1,k1) owner(n0,k1) owner(n3,k0) owner(n2,k0) owner(n1,k0) owner(n0,k0)
-000-000000000000000000000000000000000000000000000000000
0100-000000000000000000000000000000000000000000000000000
0010-000000000000000000000000000000000000000000000000000
0001-000000000000000000000000000000000000000000000000000
-0000100000000000000000000000000000000000000000000000000
01000100000000000000000000000000000000000000000000000000
00100100000000000000000000000000000000000000000000000000
00010100000000000000000000000000000000000000000000000000
-0000010000000000000000000000000000000000000000000000000
01000010000000000000000000000000000000000000000000000000
00100010000000000000000000000000000000000000000000000000
00010010000000000000000000000000000000000000000000000000
-0000001000000000000000000000000000000000000000000000000
01000001000000000000000000000000000000000000000000000000
00100001000000000000000000000000000000000000000000000000
00010001000000000000000000000000000000000000000000000000
0000-000100000000000000000000000000000000000000000000000
00000100100000000000000000000000000000000000000000000000
00000010100000000000000000000000000000000000000000000000
00000001100000000000000000000000000000000000000000000000
0000-000010000000000000000000000000000000000000000000000
00000100010000000000000000000000000000000000000000000000
00000010010000000000000000000000000000000000000000000000
00000001010000000000000000000000000000000000000000000000
0000-000001000000000000000000000000000000000000000000000
00000100001000000000000000000000000000000000000000000000
00000010001000000000000000000000000000000000000000000000
00000001001000000000000000000000000000000000000000000000
0000-000000100000000000000000000000000000000000000000000
00000100000100000000000000000000000000000000000000000000
00000010000100000000000000000000000000000000000000000000
00000001000100000000000000000000000000000000000000000000
-0000000000010000000000000000000000000000000000000000000
01000000000010000000000000000000000000000000000000000000
00100000000010000000000000000000000000000000000000000000
00010000000010000000000000000000000000000000000000000000
00000000100010000000000000000000000000000000000000000000
00000000010010000000000000000000000000000000000000000000
00000000001010000000000000000000000000000000000000000000
00000000000110000000000000000000000000000000000000000000
-0000000000001000000000000000000000000000000000000000000
01000000000001000000000000000000000000000000000000000000
00100000000001000000000000000000000000000000000000000000
00010000000001000000000000000000000000000000000000000000
00000000100001000000000000000000000000000000000000000000
00000000010001000000000000000000000000000000000000000000
00000000001001000000000000000000000000000000000000000000
00000000000101000000000000000000000000000000000000000000
-0000000000000100000000000000000000000000000000000000000
01000000000000100000000000000000000000000000000000000000
00100000000000100000000000000000000000000000000000000000
00010000000000100000000000000000000000000000000000000000
00000000100000100000000000000000000000000000000000000000
00000000010000100000000000000000000000000000000000000000
00000000001000100000000000000000000000000000000000000000
00000000000100100000000000000000000000000000000000000000
-0000000000000010000000000000000000000000000000000000000
01000000000000010000000000000000000000000000000000000000
00100000000000010000000000000000000000000000000000000000
00010000000000010000000000000000000000000000000000000000
00000000100000010000000000000000000000000000000000000000
00000000010000010000000000000000000000000000000000000000
00000000001000010000000000000000000000000000000000000000
00000000000100010000000000000000000000000000000000000000
0000-000000000001000000000000000000000000000000000000000
00000100000000001000000000000000000000000000000000000000
00000010000000001000000000000000000000000000000000000000
00000001000000001000000000000000000000000000000000000000
00000000000010001000000000000000000000000000000000000000
00000000000001001000000000000000000000000000000000000000
00000000000000101000000000000000000000000000000000000000
00000000000000011000000000000000000000000000000000000000
0000-000000000000100000000000000000000000000000000000000
00000100000000000100000000000000000000000000000000000000
00000010000000000100000000000000000000000000000000000000
00000001000000000100000000000000000000000000000000000000
00000000000010000100000000000000000000000000000000000000
00000000000001000100000000000000000000000000000000000000
00000000000000100100000000000000000000000000000000000000
00000000000000010100000000000000000000000000000000000000
0000-000000000000010000000000000000000000000000000000000
00000100000000000010000000000000000000000000000000000000
00000010000000000010000000000000000000000000000000000000
00000001000000000010000000000000000000000000000000000000
00000000000010000010000000000000000000000000000000000000
00000000000001000010000000000000000000000000000000000000
00000000000000100010000000000000000000000000000000000000
00000000000000010010000000000000000000000000000000000000
0000-000000000000001000000000000000000000000000000000000
00000100000000000001000000000000000000000000000000000000
00000010000000000001000000000000000000000000000000000000
00000001000000000001000000000000000000000000000000000000
00000000000010000001000000000000000000000000000000000000
00000000000001000001000000000000000000000000000000000000
00000000000000100001000000000000000000000000000000000000
00000000000000010001000000000000000000000000000000000000
-0000000000000000000100000000000000000000000000000000000
01000000000000000000100000000000000000000000000000000000
00100000000000000000100000000000000000000000000000000000
00010000000000000000100000000000000000000000000000000000
00000000100000000000100000000000000000000000000000000000
00000000010000000000100000000000000000000000000000000000
00000000001000000000100000000000000000000000000000000000
00000000000100000000100000000000000000000000000000000000
00000000000000001000100000000000000000000000000000000000
00000000000000000100100000000000000000000000000000000000
00000000000000000010100000000000000000000000000000000000
00000000000000000001100000000000000000000000000000000000
-0000000000000000000010000000000000000000000000000000000
01000000000000000000010000000000000000000000000000000000
00100000000000000000010000000000000000000000000000000000
00010000000000000000010000000000000000000000000000000000
00000000100000000000010000000000000000000000000000000000
00000000010000000000010000000000000000000000000000000000
00000000001000000000010000000000000000000000000000000000
00000000000100000000010000000000000000000000000000000000
00000000000000001000010000000000000000000000000000000000
00000000000000000100010000000000000000000000000000000000
00000000000000000010010000000000000000000000000000000000
00000000000000000001010000000000000000000000000000000000
-0000000000000000000001000000000000000000000000000000000
01000000000000000000001000000000000000000000000000000000
00100000000000000000001000000000000000000000000000000000
00010000000000000000001000000000000000000000000000000000
00000000100000000000001000000000000000000000000000000000
00000000010000000000001000000000000000000000000000000000
00000000001000000000001000000000000000000000000000000000
00000000000100000000001000000000000000000000000000000000
00000000000000001000001000000000000000000000000000000000
00000000000000000100001000000000000000000000000000000000
00000000000000000010001000000000000000000000000000000000
00000000000000000001001000000000000000000000000000000000
-0000000000000000000000100000000000000000000000000000000
01000000000000000000000100000000000000000000000000000000
00100000000000000000000100000000000000000000000000000000
00010000000000000000000100000000000000000000000000000000
00000000100000000000000100000000000000000000000000000000
00000000010000000000000100000000000000000000000000000000
00000000001000000000000100000000000000000000000000000000
00000000000100000000000100000000000000000000000000000000
00000000000000001000000100000000000000000000000000000000
00000000000000000100000100000000000000000000000000000000
00000000000000000010000100000000000000000000000000000000
00000000000000000001000100000000000000000000000000000000
0000-0000000000000000000-0000000000000000000000010000000
000001000000000000000000-0000000000000000000000010000000
000000100000000000000000-0000000000000000000000010000000
000000010000000000000000-0000000000000000000000010000000
000000000000100000000000-0000000000000000000000010000000
000000000000010000000000-0000000000000000000000010000000
000000000000001000000000-0000000000000000000000010000000
000000000000000100000000-0000000000000000000000010000000
000000000000000000001000-0000000000000000000000010000000
000000000000000000000100-0000000000000000000000010000000
000000000000000000000010-0000000000000000000000010000000
000000000000000000000001-0000000000000000000000010000000
0000-000000000000000000000000000100000000000000010000000
00000100000000000000000000000000100000000000000010000000
00000010000000000000000000000000100000000000000010000000
00000001000000000000000000000000100000000000000010000000
00000000000010000000000000000000100000000000000010000000
00000000000001000000000000000000100000000000000010000000
00000000000000100000000000000000100000000000000010000000
00000000000000010000000000000000100000000000000010000000
00000000000000000000100000000000100000000000000010000000
00000000000000000000010000000000100000000000000010000000
00000000000000000000001000000000100000000000000010000000
00000000000000000000000100000000100000000000000010000000
0000-000000000000000000000000000000000001000000010000000
00000100000000000000000000000000000000001000000010000000
00000010000000000000000000000000000000001000000010000000
00000001000000000000000000000000000000001000000010000000
00000000000010000000000000000000000000001000000010000000
00000000000001000000000000000000000000001000000010000000
00000000000000100000000000000000000000001000000010000000
00000000000000010000000000000000000000001000000010000000
00000000000000000000100000000000000000001000000010000000
00000000000000000000010000000000000000001000000010000000
00000000000000000000001000000000000000001000000010000000
00000000000000000000000100000000000000001000000010000000
0000-00000000000000000000-000000000000000000000001000000
0000010000000000000000000-000000000000000000000001000000
0000001000000000000000000-000000000000000000000001000000
0000000100000000000000000-000000000000000000000001000000
0000000000001000000000000-000000000000000000000001000000
0000000000000100000000000-000000000000000000000001000000
0000000000000010000000000-000000000000000000000001000000
0000000000000001000000000-000000000000000000000001000000
0000000000000000000010000-000000000000000000000001000000
0000000000000000000001000-000000000000000000000001000000
0000000000000000000000100-000000000000000000000001000000
0000000000000000000000010-000000000000000000000001000000
0000-000000000000000000000000000010000000000000001000000
00000100000000000000000000000000010000000000000001000000
00000010000000000000000000000000010000000000000001000000
00000001000000000000000000000000010000000000000001000000
00000000000010000000000000000000010000000000000001000000
00000000000001000000000000000000010000000000000001000000
00000000000000100000000000000000010000000000000001000000
00000000000000010000000000000000010000000000000001000000
00000000000000000000100000000000010000000000000001000000
00000000000000000000010000000000010000000000000001000000
00000000000000000000001000000000010000000000000001000000
00000000000000000000000100000000010000000000000001000000
0000-000000000000000000000000000000000000100000001000000
00000100000000000000000000000000000000000100000001000000
00000010000000000000000000000000000000000100000001000000
00000001000000000000000000000000000000000100000001000000
00000000000010000000000000000000000000000100000001000000
00000000000001000000000000000000000000000100000001000000
00000000000000100000000000000000000000000100000001000000
00000000000000010000000000000000000000000100000001000000
00000000000000000000100000000000000000000100000001000000
00000000000000000000010000000000000000000100000001000000
00000000000000000000001000000000000000000100000001000000
00000000000000000000000100000000000000000100000001000000
0000-000000000000000000000-00000000000000000000000100000
00000100000000000000000000-00000000000000000000000100000
00000010000000000000000000-00000000000000000000000100000
00000001000000000000000000-00000000000000000000000100000
00000000000010000000000000-00000000000000000000000100000
00000000000001000000000000-00000000000000000000000100000
00000000000000100000000000-00000000000000000000000100000
00000000000000010000000000-00000000000000000000000100000
00000000000000000000100000-00000000000000000000000100000
00000000000000000000010000-00000000000000000000000100000
00000000000000000000001000-00000000000000000000000100000
00000000000000000000000100-00000000000000000000000100000
0000-000000000000000000000000000001000000000000000100000
00000100000000000000000000000000001000000000000000100000
00000010000000000000000000000000001000000000000000100000
00000001000000000000000000000000001000000000000000100000
00000000000010000000000000000000001000000000000000100000
00000000000001000000000000000000001000000000000000100000
00000000000000100000000000000000001000000000000000100000
00000000000000010000000000000000001000000000000000100000
00000000000000000000100000000000001000000000000000100000
00000000000000000000010000000000001000000000000000100000
00000000000000000000001000000000001000000000000000100000
00000000000000000000000100000000001000000000000000100000
0000-000000000000000000000000000000000000010000000100000
00000100000000000000000000000000000000000010000000100000
00000010000000000000000000000000000000000010000000100000
00000001000000000000000000000000000000000010000000100000
00000000000010000000000000000000000000000010000000100000
00000000000001000000000000000000000000000010000000100000
00000000000000100000000000000000000000000010000000100000
00000000000000010000000000000000000000000010000000100000
00000000000000000000100000000000000000000010000000100000
00000000000000000000010000000000000000000010000000100000
00000000000000000000001000000000000000000010000000100000
00000000000000000000000100000000000000000010000000100000
0000-0000000000000000000000-0000000000000000000000010000
000001000000000000000000000-0000000000000000000000010000
000000100000000000000000000-0000000000000000000000010000
000000010000000000000000000-0000000000000000000000010000
000000000000100000000000000-0000000000000000000000010000
000000000000010000000000000-0000000000000000000000010000
000000000000001000000000000-0000000000000000000000010000
000000000000000100000000000-0000000000000000000000010000
000000000000000000001000000-0000000000000000000000010000
000000000000000000000100000-0000000000000000000000010000
000000000000000000000010000-0000000000000000000000010000
000000000000000000000001000-0000000000000000000000010000
0000-000000000000000000000000000000100000000000000010000
00000100000000000000000000000000000100000000000000010000
00000010000000000000000000000000000100000000000000010000
00000001000000000000000000000000000100000000000000010000
00000000000010000000000000000000000100000000000000010000
00000000000001000000000000000000000100000000000000010000
00000000000000100000000000000000000100000000000000010000
00000000000000010000000000000000000100000000000000010000
00000000000000000000100000000000000100000000000000010000
00000000000000000000010000000000000100000000000000010000
00000000000000000000001000000000000100000000000000010000
00000000000000000000000100000000000100000000000000010000
0000-000000000000000000000000000000000000001000000010000
00000100000000000000000000000000000000000001000000010000
00000010000000000000000000000000000000000001000000010000
00000001000000000000000000000000000000000001000000010000
00000000000010000000000000000000000000000001000000010000
00000000000001000000000000000000000000000001000000010000
00000000000000100000000000000000000000000001000000010000
00000000000000010000000000000000000000000001000000010000
00000000000000000000100000000000000000000001000000010000
00000000000000000000010000000000000000000001000000010000
00000000000000000000001000000000000000000001000000010000
00000000000000000000000100000000000000000001000000010000
-000000000000000000000000000-000000000000000000000001000
0100000000000000000000000000-000000000000000000000001000
0010000000000000000000000000-000000000000000000000001000
0001000000000000000000000000-000000000000000000000001000
0000000010000000000000000000-000000000000000000000001000
0000000001000000000000000000-000000000000000000000001000
0000000000100000000000000000-000000000000000000000001000
0000000000010000000000000000-000000000000000000000001000
0000000000000000100000000000-000000000000000000000001000
0000000000000000010000000000-000000000000000000000001000
0000000000000000001000000000-000000000000000000000001000
0000000000000000000100000000-000000000000000000000001000
-0000000000000000000000000000000000010000000000000001000
01000000000000000000000000000000000010000000000000001000
00100000000000000000000000000000000010000000000000001000
00010000000000000000000000000000000010000000000000001000
00000000100000000000000000000000000010000000000000001000
00000000010000000000000000000000000010000000000000001000
00000000001000000000000000000000000010000000000000001000
00000000000100000000000000000000000010000000000000001000
00000000000000001000000000000000000010000000000000001000
00000000000000000100000000000000000010000000000000001000
00000000000000000010000000000000000010000000000000001000
00000000000000000001000000000000000010000000000000001000
-0000000000000000000000000000000000000000000100000001000
01000000000000000000000000000000000000000000100000001000
00100000000000000000000000000000000000000000100000001000
00010000000000000000000000000000000000000000100000001000
00000000100000000000000000000000000000000000100000001000
00000000010000000000000000000000000000000000100000001000
00000000001000000000000000000000000000000000100000001000
00000000000100000000000000000000000000000000100000001000
00000000000000001000000000000000000000000000100000001000
00000000000000000100000000000000000000000000100000001000
00000000000000000010000000000000000000000000100000001000
00000000000000000001000000000000000000000000100000001000
000000000000000000000000-000-000000000000000000010001000
0000000000000000000000000000-000100000000000000010001000
000000000000000000000000-0000000000010000000000010001000
00000000000000000000000000000000100010000000000010001000
0000000000000000000000000000-000000000001000000010001000
00000000000000000000000000000000000010001000000010001000
000000000000000000000000-0000000000000000000100010001000
00000000000000000000000000000000100000000000100010001000
00000000000000000000000000000000000000001000100010001000
0000000000000000000000000-00-000000000000000000001001000
0000000000000000000000000000-000010000000000000001001000
0000000000000000000000000-000000000010000000000001001000
00000000000000000000000000000000010010000000000001001000
0000000000000000000000000000-000000000000100000001001000
00000000000000000000000000000000000010000100000001001000
0000000000000000000000000-000000000000000000100001001000
00000000000000000000000000000000010000000000100001001000
00000000000000000000000000000000000000000100100001001000
00000000000000000000000000-0-000000000000000000000101000
0000000000000000000000000000-000001000000000000000101000
00000000000000000000000000-00000000010000000000000101000
00000000000000000000000000000000001010000000000000101000
0000000000000000000000000000-000000000000010000000101000
00000000000000000000000000000000000010000010000000101000
00000000000000000000000000-00000000000000000100000101000
00000000000000000000000000000000001000000000100000101000
00000000000000000000000000000000000000000010100000101000
000000000000000000000000000--000000000000000000000011000
0000000000000000000000000000-000000100000000000000011000
000000000000000000000000000-0000000010000000000000011000
00000000000000000000000000000000000110000000000000011000
0000000000000000000000000000-000000000000001000000011000
00000000000000000000000000000000000010000001000000011000
000000000000000000000000000-0000000000000000100000011000
00000000000000000000000000000000000100000000100000011000
00000000000000000000000000000000000000000001100000011000
-0000000000000000000000000000-00000000000000000000000100
01000000000000000000000000000-00000000000000000000000100
00100000000000000000000000000-00000000000000000000000100
00010000000000000000000000000-00000000000000000000000100
00000000100000000000000000000-00000000000000000000000100
00000000010000000000000000000-00000000000000000000000100
00000000001000000000000000000-00000000000000000000000100
00000000000100000000000000000-00000000000000000000000100
00000000000000001000000000000-00000000000000000000000100
00000000000000000100000000000-00000000000000000000000100
00000000000000000010000000000-00000000000000000000000100
00000000000000000001000000000-00000000000000000000000100
-0000000000000000000000000000000000001000000000000000100
01000000000000000000000000000000000001000000000000000100
00100000000000000000000000000000000001000000000000000100
00010000000000000000000000000000000001000000000000000100
00000000100000000000000000000000000001000000000000000100
00000000010000000000000000000000000001000000000000000100
00000000001000000000000000000000000001000000000000000100
00000000000100000000000000000000000001000000000000000100
00000000000000001000000000000000000001000000000000000100
00000000000000000100000000000000000001000000000000000100
00000000000000000010000000000000000001000000000000000100
00000000000000000001000000000000000001000000000000000100
-0000000000000000000000000000000000000000000010000000100
01000000000000000000000000000000000000000000010000000100
00100000000000000000000000000000000000000000010000000100
00010000000000000000000000000000000000000000010000000100
00000000100000000000000000000000000000000000010000000100
00000000010000000000000000000000000000000000010000000100
00000000001000000000000000000000000000000000010000000100
00000000000100000000000000000000000000000000010000000100
00000000000000001000000000000000000000000000010000000100
00000000000000000100000000000000000000000000010000000100
00000000000000000010000000000000000000000000010000000100
00000000000000000001000000000000000000000000010000000100
000000000000000000000000-0000-00000000000000000010000100
00000000000000000000000000000-00100000000000000010000100
000000000000000000000000-0000000000001000000000010000100
00000000000000000000000000000000100001000000000010000100
00000000000000000000000000000-00000000001000000010000100
00000000000000000000000000000000000001001000000010000100
000000000000000000000000-0000000000000000000010010000100
00000000000000000000000000000000100000000000010010000100
00000000000000000000000000000000000000001000010010000100
0000000000000000000000000-000-00000000000000000001000100
00000000000000000000000000000-00010000000000000001000100
0000000000000000000000000-000000000001000000000001000100
00000000000000000000000000000000010001000000000001000100
00000000000000000000000000000-00000000000100000001000100
00000000000000000000000000000000000001000100000001000100
0000000000000000000000000-000000000000000000010001000100
00000000000000000000000000000000010000000000010001000100
00000000000000000000000000000000000000000100010001000100
00000000000000000000000000-00-00000000000000000000100100
00000000000000000000000000000-00001000000000000000100100
00000000000000000000000000-00000000001000000000000100100
00000000000000000000000000000000001001000000000000100100
00000000000000000000000000000-00000000000010000000100100
00000000000000000000000000000000000001000010000000100100
00000000000000000000000000-00000000000000000010000100100
00000000000000000000000000000000001000000000010000100100
00000000000000000000000000000000000000000010010000100100
000000000000000000000000000-0-00000000000000000000010100
00000000000000000000000000000-00000100000000000000010100
000000000000000000000000000-0000000001000000000000010100
00000000000000000000000000000000000101000000000000010100
00000000000000000000000000000-00000000000001000000010100
00000000000000000000000000000000000001000001000000010100
000000000000000000000000000-0000000000000000010000010100
00000000000000000000000000000000000100000000010000010100
00000000000000000000000000000000000000000001010000010100
-00000000000000000000000000000-0000000000000000000000010
010000000000000000000000000000-0000000000000000000000010
001000000000000000000000000000-0000000000000000000000010
000100000000000000000000000000-0000000000000000000000010
000000001000000000000000000000-0000000000000000000000010
000000000100000000000000000000-0000000000000000000000010
000000000010000000000000000000-0000000000000000000000010
000000000001000000000000000000-0000000000000000000000010
000000000000000010000000000000-0000000000000000000000010
000000000000000001000000000000-0000000000000000000000010
000000000000000000100000000000-0000000000000000000000010
000000000000000000010000000000-0000000000000000000000010
-0000000000000000000000000000000000000100000000000000010
01000000000000000000000000000000000000100000000000000010
00100000000000000000000000000000000000100000000000000010
00010000000000000000000000000000000000100000000000000010
00000000100000000000000000000000000000100000000000000010
00000000010000000000000000000000000000100000000000000010
00000000001000000000000000000000000000100000000000000010
00000000000100000000000000000000000000100000000000000010
00000000000000001000000000000000000000100000000000000010
00000000000000000100000000000000000000100000000000000010
00000000000000000010000000000000000000100000000000000010
00000000000000000001000000000000000000100000000000000010
-0000000000000000000000000000000000000000000001000000010
01000000000000000000000000000000000000000000001000000010
00100000000000000000000000000000000000000000001000000010
00010000000000000000000000000000000000000000001000000010
00000000100000000000000000000000000000000000001000000010
00000000010000000000000000000000000000000000001000000010
00000000001000000000000000000000000000000000001000000010
00000000000100000000000000000000000000000000001000000010
00000000000000001000000000000000000000000000001000000010
00000000000000000100000000000000000000000000001000000010
00000000000000000010000000000000000000000000001000000010
00000000000000000001000000000000000000000000001000000010
000000000000000000000000-00000-0000000000000000010000010
000000000000000000000000000000-0100000000000000010000010
000000000000000000000000-0000000000000100000000010000010
00000000000000000000000000000000100000100000000010000010
000000000000000000000000000000-0000000001000000010000010
00000000000000000000000000000000000000101000000010000010
000000000000000000000000-0000000000000000000001010000010
00000000000000000000000000000000100000000000001010000010
00000000000000000000000000000000000000001000001010000010
0000000000000000000000000-0000-0000000000000000001000010
000000000000000000000000000000-0010000000000000001000010
0000000000000000000000000-000000000000100000000001000010
00000000000000000000000000000000010000100000000001000010
000000000000000000000000000000-0000000000100000001000010
00000000000000000000000000000000000000100100000001000010
0000000000000000000000000-000000000000000000001001000010
00000000000000000000000000000000010000000000001001000010
00000000000000000000000000000000000000000100001001000010
00000000000000000000000000-000-0000000000000000000100010
000000000000000000000000000000-0001000000000000000100010
00000000000000000000000000-00000000000100000000000100010
00000000000000000000000000000000001000100000000000100010
000000000000000000000000000000-0000000000010000000100010
00000000000000000000000000000000000000100010000000100010
00000000000000000000000000-00000000000000000001000100010
00000000000000000000000000000000001000000000001000100010
00000000000000000000000000000000000000000010001000100010
000000000000000000000000000-00-0000000000000000000010010
000000000000000000000000000000-0000100000000000000010010
000000000000000000000000000-0000000000100000000000010010
00000000000000000000000000000000000100100000000000010010
000000000000000000000000000000-0000000000001000000010010
00000000000000000000000000000000000000100001000000010010
000000000000000000000000000-0000000000000000001000010010
00000000000000000000000000000000000100000000001000010010
00000000000000000000000000000000000000000001001000010010
-000000000000000000000000000000-000000000000000000000001
0100000000000000000000000000000-000000000000000000000001
0010000000000000000000000000000-000000000000000000000001
0001000000000000000000000000000-000000000000000000000001
0000000010000000000000000000000-000000000000000000000001
0000000001000000000000000000000-000000000000000000000001
0000000000100000000000000000000-000000000000000000000001
0000000000010000000000000000000-000000000000000000000001
0000000000000000100000000000000-000000000000000000000001
0000000000000000010000000000000-000000000000000000000001
0000000000000000001000000000000-000000000000000000000001
0000000000000000000100000000000-000000000000000000000001
-0000000000000000000000000000000000000010000000000000001
01000000000000000000000000000000000000010000000000000001
00100000000000000000000000000000000000010000000000000001
00010000000000000000000000000000000000010000000000000001
00000000100000000000000000000000000000010000000000000001
00000000010000000000000000000000000000010000000000000001
00000000001000000000000000000000000000010000000000000001
00000000000100000000000000000000000000010000000000000001
00000000000000001000000000000000000000010000000000000001
00000000000000000100000000000000000000010000000000000001
00000000000000000010000000000000000000010000000000000001
00000000000000000001000000000000000000010000000000000001
-0000000000000000000000000000000000000000000000100000001
01000000000000000000000000000000000000000000000100000001
00100000000000000000000000000000000000000000000100000001
00010000000000000000000000000000000000000000000100000001
00000000100000000000000000000000000000000000000100000001
00000000010000000000000000000000000000000000000100000001
00000000001000000000000000000000000000000000000100000001
00000000000100000000000000000000000000000000000100000001
00000000000000001000000000000000000000000000000100000001
00000000000000000100000000000000000000000000000100000001
00000000000000000010000000000000000000000000000100000001
00000000000000000001000000000000000000000000000100000001
000000000000000000000000-000000-000000000000000010000001
0000000000000000000000000000000-100000000000000010000001
000000000000000000000000-0000000000000010000000010000001
00000000000000000000000000000000100000010000000010000001
0000000000000000000000000000000-000000001000000010000001
00000000000000000000000000000000000000011000000010000001
000000000000000000000000-0000000000000000000000110000001
00000000000000000000000000000000100000000000000110000001
00000000000000000000000000000000000000001000000110000001
0000000000000000000000000-00000-000000000000000001000001
0000000000000000000000000000000-010000000000000001000001
0000000000000000000000000-000000000000010000000001000001
00000000000000000000000000000000010000010000000001000001
0000000000000000000000000000000-000000000100000001000001
00000000000000000000000000000000000000010100000001000001
0000000000000000000000000-000000000000000000000101000001
00000000000000000000000000000000010000000000000101000001
00000000000000000000000000000000000000000100000101000001
00000000000000000000000000-0000-000000000000000000100001
0000000000000000000000000000000-001000000000000000100001
00000000000000000000000000-00000000000010000000000100001
00000000000000000000000000000000001000010000000000100001
0000000000000000000000000000000-000000000010000000100001
00000000000000000000000000000000000000010010000000100001
00000000000000000000000000-00000000000000000000100100001
00000000000000000000000000000000001000000000000100100001
00000000000000000000000000000000000000000010000100100001
000000000000000000000000000-000-000000000000000000010001
0000000000000000000000000000000-000100000000000000010001
000000000000000000000000000-0000000000010000000000010001
00000000000000000000000000000000000100010000000000010001
0000000000000000000000000000000-000000000001000000010001
00000000000000000000000000000000000000010001000000010001
000000000000000000000000000-0000000000000000000100010001
00000000000000000000000000000000000100000000000100010001
00000000000000000000000000000000000000000001000100010001

[FW NOTE]: number of variables: 56

[FW NOTE]: number of reachable states: 576

[QRM NOTE]: Time elapsed since start: 7.888 seconds

[QRM NOTE]: Time elapsed since last: 7.773 seconds

[QRM NOTE]: Peak memory: 8894536 bytes


**********************************************************

	[QRM]: ivybench/sym/ivy/sharded_kv.ivy

**********************************************************

[QRM RESULT]: Fail

