[runlim] version:		2.0.0rc12
[runlim] host:			caen-vnc-mi17.engin.umich.edu
[runlim] time limit:		2000 seconds
[runlim] real time limit:	2000 seconds
[runlim] space limit:		15000 MB
[runlim] argv[0]:		python3
[runlim] argv[1]:		qrm.py
[runlim] argv[2]:		-i
[runlim] argv[3]:		ivybench/sym/ivy/sharded_kv_no_lost_keys.ivy
[runlim] argv[4]:		-s
[runlim] argv[5]:		node=4,key=2,value=3
[runlim] argv[6]:		-v
[runlim] argv[7]:		5
[runlim] argv[8]:		-w
[runlim] argv[9]:		-l
[runlim] argv[10]:		ivybench/sym/ivy/sharded_kv_no_lost_keys.bdd.log
[runlim] start:			Thu Jan  9 19:42:49 2025
[runlim] child:			201095
	(epr: True)
	(gen: fef)
	(found #3 actions)

Finite sorts: #3
	|key| = 2
	|node| = 4
	|value| = 3
	(input is in epr)
	(#112 atoms with #112 variables)
@ 1736469773s  (building bdds)
@ 1736469773s  (building bdd for ext:put)
@ 1736469774s  (building bdd for ext:recv_transfer_msg)
@ 1736469777s  (building bdd for ext:reshard)
[runlim] sample:		7.13 time, 10.01 real, 95 MB, 0.67 load
	(running forward reachability)
	(forward reachability done)
	(extracting state variables and reachable states)
	(extracting state variables and reachable states done)
[runlim] end:			Thu Jan  9 19:43:00 2025
[runlim] status:		ok
[runlim] result:		1
[runlim] children:		10
[runlim] processes:		11
[runlim] real:			11.54 seconds
[runlim] time:			8.61 seconds
[runlim] space:			98 MB
[runlim] load:			0.69 maximum
[runlim] samples:		116
