[runlim] version:		2.0.0rc12
[runlim] host:			caen-vnc-mi17.engin.umich.edu
[runlim] time limit:		2000 seconds
[runlim] real time limit:	2000 seconds
[runlim] space limit:		15000 MB
[runlim] argv[0]:		python3
[runlim] argv[1]:		qrm.py
[runlim] argv[2]:		-i
[runlim] argv[3]:		ivybench/sym_quorum/ivy/simple-election.ivy
[runlim] argv[4]:		-s
[runlim] argv[5]:		acceptor=4,quorum=4,proposer=4
[runlim] argv[6]:		-v
[runlim] argv[7]:		5
[runlim] argv[8]:		-w
[runlim] argv[9]:		-l
[runlim] argv[10]:		ivybench/sym_quorum/ivy/simple-election.bdd.log
[runlim] start:			Thu Jan  9 20:50:14 2025
[runlim] child:			203232
[runlim] sample:		0.56 time, 10.01 real, 57 MB, 1.11 load
	(found #4 definitions)
	(epr: True)
	(gen: fef)
	(found #3 actions)

Finite sorts: #3
	|acceptor| = 4
	|proposer| = 4
	|quorum| = 4
	(input is in epr)
	(#104 atoms with #104 variables)
@ 1736473826s  (building bdds)
@ 1736473826s  (building bdd for ext:decide)
@ 1736473826s  (building bdd for ext:send_1a)
@ 1736473826s  (building bdd for ext:send_1b)
[runlim] sample:		9.38 time, 20.01 real, 351 MB, 1.09 load
[runlim] sample:		19.34 time, 30.01 real, 541 MB, 1.08 load
[runlim] sample:		29.31 time, 40.01 real, 749 MB, 1.06 load
[runlim] sample:		39.28 time, 50.01 real, 937 MB, 1.05 load
[runlim] sample:		49.24 time, 60.01 real, 1090 MB, 1.05 load
[runlim] sample:		59.20 time, 70.01 real, 1220 MB, 1.04 load
[runlim] sample:		69.17 time, 80.01 real, 1390 MB, 1.03 load
	(running forward reachability)
[runlim] sample:		79.13 time, 90.01 real, 1422 MB, 1.03 load
[runlim] sample:		89.09 time, 100.01 real, 1422 MB, 1.02 load
[runlim] sample:		99.05 time, 110.01 real, 1422 MB, 1.02 load
[runlim] sample:		109.02 time, 120.01 real, 1422 MB, 1.02 load
[runlim] sample:		118.99 time, 130.01 real, 1422 MB, 1.01 load
[runlim] sample:		128.95 time, 140.01 real, 1422 MB, 1.01 load
[runlim] sample:		138.91 time, 150.01 real, 1422 MB, 1.01 load
[runlim] sample:		148.88 time, 160.01 real, 1422 MB, 1.01 load
[runlim] sample:		158.84 time, 170.01 real, 1422 MB, 1.00 load
[runlim] sample:		168.81 time, 180.01 real, 1422 MB, 1.00 load
[runlim] sample:		178.77 time, 190.01 real, 1422 MB, 1.00 load
[runlim] sample:		188.74 time, 200.01 real, 1422 MB, 1.00 load
[runlim] sample:		198.70 time, 210.01 real, 1422 MB, 1.00 load
[runlim] sample:		208.67 time, 220.01 real, 1422 MB, 1.00 load
[runlim] sample:		218.64 time, 230.01 real, 1422 MB, 1.00 load
[runlim] sample:		228.60 time, 240.01 real, 1422 MB, 1.00 load
[runlim] sample:		238.56 time, 250.01 real, 1422 MB, 1.00 load
[runlim] sample:		248.53 time, 260.01 real, 1422 MB, 1.00 load
[runlim] sample:		258.49 time, 270.01 real, 1422 MB, 1.15 load
[runlim] sample:		268.46 time, 280.01 real, 1422 MB, 1.28 load
[runlim] sample:		278.43 time, 290.01 real, 1423 MB, 1.24 load
[runlim] sample:		288.39 time, 300.01 real, 1424 MB, 1.20 load
[runlim] sample:		298.36 time, 310.01 real, 1424 MB, 1.17 load
[runlim] sample:		308.32 time, 320.01 real, 1424 MB, 1.14 load
[runlim] sample:		318.29 time, 330.01 real, 1424 MB, 1.12 load
[runlim] sample:		328.25 time, 340.01 real, 1424 MB, 1.10 load
[runlim] sample:		338.22 time, 350.01 real, 1424 MB, 1.09 load
[runlim] sample:		348.18 time, 360.01 real, 1424 MB, 1.07 load
[runlim] sample:		358.15 time, 370.01 real, 1424 MB, 1.06 load
[runlim] sample:		368.11 time, 380.01 real, 1424 MB, 1.05 load
[runlim] sample:		378.07 time, 390.01 real, 1424 MB, 1.04 load
[runlim] sample:		388.04 time, 400.01 real, 1424 MB, 1.04 load
[runlim] sample:		398.00 time, 410.01 real, 1424 MB, 1.03 load
[runlim] sample:		407.97 time, 420.01 real, 1424 MB, 1.02 load
[runlim] sample:		417.94 time, 430.01 real, 1424 MB, 1.02 load
[runlim] sample:		427.90 time, 440.01 real, 1424 MB, 1.02 load
[runlim] sample:		437.87 time, 450.01 real, 1424 MB, 1.01 load
[runlim] sample:		447.83 time, 460.01 real, 1424 MB, 1.01 load
[runlim] sample:		457.80 time, 470.01 real, 1424 MB, 1.01 load
[runlim] sample:		467.76 time, 480.01 real, 1424 MB, 1.01 load
[runlim] sample:		477.73 time, 490.01 real, 1424 MB, 1.01 load
[runlim] sample:		487.70 time, 500.01 real, 1424 MB, 1.00 load
[runlim] sample:		497.66 time, 510.01 real, 1424 MB, 1.00 load
[runlim] sample:		507.63 time, 520.01 real, 1424 MB, 1.00 load
[runlim] sample:		517.59 time, 530.01 real, 1424 MB, 1.00 load
[runlim] sample:		527.56 time, 540.01 real, 1424 MB, 1.00 load
[runlim] sample:		537.52 time, 550.01 real, 1424 MB, 1.00 load
[runlim] sample:		547.49 time, 560.01 real, 1424 MB, 1.00 load
[runlim] sample:		557.45 time, 570.01 real, 1424 MB, 1.00 load
[runlim] sample:		567.42 time, 580.01 real, 1424 MB, 1.00 load
[runlim] sample:		577.38 time, 590.01 real, 1424 MB, 1.00 load
[runlim] sample:		587.35 time, 600.01 real, 1424 MB, 1.00 load
[runlim] sample:		597.31 time, 610.01 real, 1424 MB, 1.00 load
[runlim] sample:		607.28 time, 620.01 real, 1424 MB, 1.08 load
[runlim] sample:		617.24 time, 630.01 real, 1424 MB, 1.07 load
[runlim] sample:		627.20 time, 640.01 real, 1424 MB, 1.06 load
[runlim] sample:		637.17 time, 650.01 real, 1424 MB, 1.05 load
[runlim] sample:		647.13 time, 660.01 real, 1424 MB, 1.04 load
[runlim] sample:		657.10 time, 670.01 real, 1424 MB, 1.03 load
[runlim] sample:		667.06 time, 680.01 real, 1424 MB, 1.03 load
[runlim] sample:		677.03 time, 690.01 real, 1424 MB, 1.02 load
[runlim] sample:		687.00 time, 700.01 real, 1424 MB, 1.02 load
[runlim] sample:		696.96 time, 710.01 real, 1424 MB, 1.02 load
[runlim] sample:		706.94 time, 720.01 real, 1424 MB, 1.01 load
[runlim] sample:		716.90 time, 730.01 real, 1424 MB, 1.01 load
[runlim] sample:		726.87 time, 740.01 real, 1424 MB, 1.01 load
[runlim] sample:		736.83 time, 750.01 real, 1424 MB, 1.01 load
[runlim] sample:		746.80 time, 760.01 real, 1424 MB, 1.00 load
[runlim] sample:		756.77 time, 770.01 real, 1424 MB, 1.08 load
[runlim] sample:		766.74 time, 780.01 real, 1424 MB, 1.23 load
[runlim] sample:		776.70 time, 790.01 real, 1424 MB, 1.19 load
[runlim] sample:		786.67 time, 800.01 real, 1424 MB, 1.16 load
[runlim] sample:		796.63 time, 810.01 real, 1424 MB, 1.14 load
[runlim] sample:		806.60 time, 820.01 real, 1424 MB, 1.11 load
[runlim] sample:		816.56 time, 830.01 real, 1424 MB, 1.10 load
[runlim] sample:		826.53 time, 840.01 real, 1424 MB, 1.08 load
[runlim] sample:		836.49 time, 850.01 real, 1424 MB, 1.07 load
[runlim] sample:		846.46 time, 860.01 real, 1424 MB, 1.06 load
[runlim] sample:		856.42 time, 870.01 real, 1424 MB, 1.05 load
[runlim] sample:		866.38 time, 880.01 real, 1424 MB, 1.04 load
[runlim] sample:		876.35 time, 890.01 real, 1424 MB, 1.03 load
[runlim] sample:		886.31 time, 900.01 real, 1424 MB, 1.03 load
[runlim] sample:		896.28 time, 910.01 real, 1424 MB, 1.02 load
[runlim] sample:		906.24 time, 920.01 real, 1424 MB, 1.02 load
[runlim] sample:		916.21 time, 930.01 real, 1424 MB, 1.02 load
[runlim] sample:		926.17 time, 940.01 real, 1424 MB, 1.01 load
[runlim] sample:		936.13 time, 950.01 real, 1424 MB, 1.01 load
[runlim] sample:		946.10 time, 960.01 real, 1424 MB, 1.01 load
[runlim] sample:		956.06 time, 970.01 real, 1424 MB, 1.01 load
[runlim] sample:		966.03 time, 980.01 real, 1424 MB, 1.00 load
[runlim] sample:		975.99 time, 990.01 real, 1425 MB, 1.00 load
[runlim] sample:		985.96 time, 1000.01 real, 1425 MB, 1.00 load
[runlim] sample:		995.92 time, 1010.01 real, 1425 MB, 1.00 load
[runlim] sample:		1005.89 time, 1020.01 real, 1425 MB, 1.00 load
[runlim] sample:		1015.86 time, 1030.01 real, 1425 MB, 1.00 load
[runlim] sample:		1025.82 time, 1040.01 real, 1425 MB, 1.08 load
[runlim] sample:		1035.79 time, 1050.01 real, 1425 MB, 1.07 load
[runlim] sample:		1045.75 time, 1060.01 real, 1425 MB, 1.06 load
[runlim] sample:		1055.72 time, 1070.01 real, 1425 MB, 1.05 load
[runlim] sample:		1065.69 time, 1080.01 real, 1425 MB, 1.04 load
[runlim] sample:		1075.65 time, 1090.01 real, 1425 MB, 1.03 load
[runlim] sample:		1085.61 time, 1100.01 real, 1425 MB, 1.03 load
[runlim] sample:		1095.58 time, 1110.01 real, 1425 MB, 1.02 load
[runlim] sample:		1105.55 time, 1120.01 real, 1425 MB, 1.02 load
[runlim] sample:		1115.52 time, 1130.01 real, 1425 MB, 1.02 load
[runlim] sample:		1125.49 time, 1140.01 real, 1425 MB, 1.01 load
[runlim] sample:		1135.45 time, 1150.01 real, 1425 MB, 1.01 load
[runlim] sample:		1145.42 time, 1160.01 real, 1426 MB, 1.01 load
[runlim] sample:		1155.39 time, 1170.01 real, 1426 MB, 1.01 load
[runlim] sample:		1165.35 time, 1180.01 real, 1426 MB, 1.00 load
[runlim] sample:		1175.32 time, 1190.01 real, 1426 MB, 1.00 load
[runlim] sample:		1185.29 time, 1200.01 real, 1426 MB, 1.00 load
[runlim] sample:		1195.26 time, 1210.01 real, 1426 MB, 1.00 load
[runlim] sample:		1205.23 time, 1220.01 real, 1426 MB, 1.00 load
[runlim] sample:		1215.19 time, 1230.01 real, 1426 MB, 1.00 load
[runlim] sample:		1225.16 time, 1240.01 real, 1426 MB, 1.00 load
[runlim] sample:		1235.13 time, 1250.01 real, 1426 MB, 1.00 load
[runlim] sample:		1245.09 time, 1260.01 real, 1426 MB, 1.00 load
[runlim] sample:		1255.06 time, 1270.01 real, 1427 MB, 1.08 load
[runlim] sample:		1265.03 time, 1280.01 real, 1427 MB, 1.30 load
[runlim] sample:		1274.99 time, 1290.01 real, 1427 MB, 1.25 load
[runlim] sample:		1284.96 time, 1300.01 real, 1427 MB, 1.22 load
[runlim] sample:		1294.93 time, 1310.01 real, 1427 MB, 1.18 load
[runlim] sample:		1304.90 time, 1320.01 real, 1427 MB, 1.15 load
[runlim] sample:		1314.87 time, 1330.01 real, 1427 MB, 1.13 load
[runlim] sample:		1324.83 time, 1340.01 real, 1427 MB, 1.11 load
[runlim] sample:		1334.80 time, 1350.01 real, 1427 MB, 1.09 load
[runlim] sample:		1344.76 time, 1360.01 real, 1427 MB, 1.08 load
[runlim] sample:		1354.73 time, 1370.01 real, 1427 MB, 1.06 load
[runlim] sample:		1364.70 time, 1380.01 real, 1427 MB, 1.05 load
[runlim] sample:		1374.66 time, 1390.01 real, 1427 MB, 1.05 load
[runlim] sample:		1384.63 time, 1400.01 real, 1427 MB, 1.04 load
[runlim] sample:		1394.60 time, 1410.01 real, 1427 MB, 1.03 load
[runlim] sample:		1404.56 time, 1420.01 real, 1427 MB, 1.03 load
[runlim] sample:		1414.53 time, 1430.01 real, 1427 MB, 1.02 load
[runlim] sample:		1424.50 time, 1440.01 real, 1427 MB, 1.02 load
[runlim] sample:		1434.47 time, 1450.01 real, 1427 MB, 1.02 load
[runlim] sample:		1444.43 time, 1460.01 real, 1427 MB, 1.01 load
[runlim] sample:		1454.40 time, 1470.01 real, 1427 MB, 1.01 load
[runlim] sample:		1464.37 time, 1480.01 real, 1427 MB, 1.01 load
[runlim] sample:		1474.34 time, 1490.01 real, 1427 MB, 1.01 load
[runlim] sample:		1484.31 time, 1500.01 real, 1427 MB, 1.00 load
[runlim] sample:		1494.27 time, 1510.01 real, 1427 MB, 1.00 load
[runlim] sample:		1504.24 time, 1520.01 real, 1427 MB, 1.00 load
[runlim] sample:		1514.21 time, 1530.01 real, 1427 MB, 1.00 load
[runlim] sample:		1524.18 time, 1540.01 real, 1427 MB, 1.00 load
[runlim] sample:		1534.14 time, 1550.01 real, 1427 MB, 1.00 load
[runlim] sample:		1544.11 time, 1560.01 real, 1427 MB, 1.00 load
[runlim] sample:		1554.08 time, 1570.01 real, 1427 MB, 1.00 load
[runlim] sample:		1564.04 time, 1580.01 real, 1427 MB, 1.00 load
[runlim] sample:		1574.01 time, 1590.01 real, 1427 MB, 1.00 load
[runlim] sample:		1583.98 time, 1600.01 real, 1427 MB, 1.00 load
[runlim] sample:		1593.94 time, 1610.01 real, 1427 MB, 1.00 load
[runlim] sample:		1603.91 time, 1620.01 real, 1428 MB, 1.00 load
[runlim] sample:		1613.88 time, 1630.01 real, 1428 MB, 1.00 load
[runlim] sample:		1623.84 time, 1640.01 real, 1428 MB, 1.00 load
[runlim] sample:		1633.81 time, 1650.01 real, 1428 MB, 1.00 load
[runlim] sample:		1643.78 time, 1660.01 real, 1428 MB, 1.00 load
[runlim] sample:		1653.74 time, 1670.01 real, 1428 MB, 1.00 load
[runlim] sample:		1663.71 time, 1680.01 real, 1428 MB, 1.00 load
[runlim] sample:		1673.68 time, 1690.01 real, 1428 MB, 1.00 load
[runlim] sample:		1683.65 time, 1700.01 real, 1428 MB, 1.00 load
[runlim] sample:		1693.61 time, 1710.01 real, 1428 MB, 1.00 load
[runlim] sample:		1703.58 time, 1720.01 real, 1428 MB, 1.00 load
[runlim] sample:		1713.55 time, 1730.01 real, 1428 MB, 1.00 load
[runlim] sample:		1723.52 time, 1740.01 real, 1428 MB, 1.00 load
[runlim] sample:		1733.49 time, 1750.01 real, 1428 MB, 1.00 load
[runlim] sample:		1743.46 time, 1760.01 real, 1428 MB, 1.00 load
[runlim] sample:		1753.43 time, 1770.01 real, 1429 MB, 1.08 load
[runlim] sample:		1763.39 time, 1780.01 real, 1429 MB, 1.22 load
[runlim] sample:		1773.36 time, 1790.01 real, 1429 MB, 1.19 load
[runlim] sample:		1783.33 time, 1800.01 real, 1429 MB, 1.16 load
[runlim] sample:		1793.30 time, 1810.01 real, 1429 MB, 1.13 load
[runlim] sample:		1803.26 time, 1820.01 real, 1429 MB, 1.11 load
[runlim] sample:		1813.23 time, 1830.01 real, 1429 MB, 1.09 load
[runlim] sample:		1823.20 time, 1840.01 real, 1429 MB, 1.08 load
[runlim] sample:		1833.16 time, 1850.01 real, 1429 MB, 1.07 load
[runlim] sample:		1843.13 time, 1860.01 real, 1429 MB, 1.06 load
[runlim] sample:		1853.10 time, 1870.01 real, 1429 MB, 1.05 load
[runlim] sample:		1863.07 time, 1880.01 real, 1429 MB, 1.04 load
[runlim] sample:		1873.03 time, 1890.01 real, 1429 MB, 1.03 load
[runlim] sample:		1883.00 time, 1900.01 real, 1429 MB, 1.03 load
[runlim] sample:		1892.97 time, 1910.01 real, 1429 MB, 1.02 load
[runlim] sample:		1902.93 time, 1920.01 real, 1429 MB, 1.02 load
[runlim] sample:		1912.90 time, 1930.01 real, 1429 MB, 1.02 load
[runlim] sample:		1922.87 time, 1940.01 real, 1429 MB, 1.01 load
[runlim] sample:		1932.84 time, 1950.01 real, 1429 MB, 1.01 load
[runlim] sample:		1942.81 time, 1960.01 real, 1429 MB, 1.01 load
[runlim] sample:		1952.77 time, 1970.01 real, 1429 MB, 1.01 load
[runlim] sample:		1962.74 time, 1980.01 real, 1429 MB, 1.00 load
[runlim] sample:		1972.70 time, 1990.01 real, 1430 MB, 1.00 load
[runlim] sample:		1982.67 time, 2000.01 real, 1430 MB, 1.00 load
[runlim] end:			Thu Jan  9 21:23:35 2025
[runlim] status:		out of time
[runlim] result:		2
[runlim] children:		13
[runlim] processes:		14
[runlim] real:			2001.06 seconds
[runlim] time:			1982.67 seconds
[runlim] space:			1430 MB
[runlim] load:			1.30 maximum
[runlim] samples:		20000
