[runlim] version:		2.0.0rc12
[runlim] host:			caen-vnc-mi17.engin.umich.edu
[runlim] time limit:		2000 seconds
[runlim] real time limit:	2000 seconds
[runlim] space limit:		15000 MB
[runlim] argv[0]:		python3
[runlim] argv[1]:		qrm.py
[runlim] argv[2]:		-i
[runlim] argv[3]:		ivybench/sym/ivy/simple-decentralized-lock.ivy
[runlim] argv[4]:		-s
[runlim] argv[5]:		node=4
[runlim] argv[6]:		-v
[runlim] argv[7]:		5
[runlim] argv[8]:		-w
[runlim] argv[9]:		-l
[runlim] argv[10]:		ivybench/sym/ivy/simple-decentralized-lock.bdd.log
[runlim] start:			Thu Jan  9 19:43:00 2025
[runlim] child:			201149
	(epr: True)
	(gen: fef)
	(found #2 actions)

Finite sorts: #1
	|node| = 4
	(input is in epr)
	(#44 atoms with #44 variables)
@ 1736469784s  (building bdds)
@ 1736469784s  (building bdd for ext:recv)
@ 1736469785s  (building bdd for ext:send)
	(running forward reachability)
	(forward reachability done)
	(extracting state variables and reachable states)
	(extracting state variables and reachable states done)
[runlim] end:			Thu Jan  9 19:43:05 2025
[runlim] status:		ok
[runlim] result:		1
[runlim] children:		10
[runlim] processes:		11
[runlim] real:			4.45 seconds
[runlim] time:			1.75 seconds
[runlim] space:			83 MB
[runlim] load:			0.72 maximum
[runlim] samples:		45
