
*************************************************************************

	[QRM]: ivybench/sym/ivy/simple-decentralized-lock.ivy

*************************************************************************


=================================

	[CPL]: Compile Ivy

=================================

[QRM NOTE]: Time elapsed since start: 0.087 seconds

[QRM NOTE]: Time elapsed since last: 0.087 seconds


=================================================================================================

	[FW]: Forward Reachability on [ivybench/sym/ivy/simple-decentralized-lock: node=4]

=================================================================================================


========================================================================================================

	[FW RESULT]: Forward Reachability on [ivybench/sym/ivy/simple-decentralized-lock: node=4]

========================================================================================================

.s node n0 n1 n2 n3
.p start_node= node
.p has_lock node
.p message node node
.a message(n3,n3) message(n2,n3) message(n1,n3) message(n0,n3) message(n3,n2) message(n2,n2) message(n1,n2) message(n0,n2) message(n3,n1) message(n2,n1) message(n1,n1) message(n0,n1) message(n3,n0) message(n2,n0) message(n1,n0) message(n0,n0) has_lock(n3) has_lock(n2) has_lock(n1) has_lock(n0) (start_node=n0) (start_node=n1) (start_node=n2) (start_node=n3)
100000000000000000001000
010000000000000000001000
001000000000000000001000
000100000000000000001000
000010000000000000001000
000001000000000000001000
000000100000000000001000
000000010000000000001000
000000001000000000001000
000000000100000000001000
000000000010000000001000
000000000001000000001000
000000000000100000001000
000000000000010000001000
000000000000001000001000
000000000000000100001000
000000000000000010001000
000000000000000001001000
000000000000000000101000
000000000000000000011000
100000000000000000000100
010000000000000000000100
001000000000000000000100
000100000000000000000100
000010000000000000000100
000001000000000000000100
000000100000000000000100
000000010000000000000100
000000001000000000000100
000000000100000000000100
000000000010000000000100
000000000001000000000100
000000000000100000000100
000000000000010000000100
000000000000001000000100
000000000000000100000100
000000000000000010000100
000000000000000001000100
000000000000000000100100
000000000000000000010100
100000000000000000000010
010000000000000000000010
001000000000000000000010
000100000000000000000010
000010000000000000000010
000001000000000000000010
000000100000000000000010
000000010000000000000010
000000001000000000000010
000000000100000000000010
000000000010000000000010
000000000001000000000010
000000000000100000000010
000000000000010000000010
000000000000001000000010
000000000000000100000010
000000000000000010000010
000000000000000001000010
000000000000000000100010
000000000000000000010010
100000000000000000000001
010000000000000000000001
001000000000000000000001
000100000000000000000001
000010000000000000000001
000001000000000000000001
000000100000000000000001
000000010000000000000001
000000001000000000000001
000000000100000000000001
000000000010000000000001
000000000001000000000001
000000000000100000000001
000000000000010000000001
000000000000001000000001
000000000000000100000001
000000000000000010000001
000000000000000001000001
000000000000000000100001
000000000000000000010001

[FW NOTE]: number of variables: 24

[FW NOTE]: number of reachable states: 80

[QRM NOTE]: Time elapsed since start: 1.284 seconds

[QRM NOTE]: Time elapsed since last: 1.197 seconds

[QRM NOTE]: Peak memory: 3103437 bytes


*************************************************************************

	[QRM]: ivybench/sym/ivy/simple-decentralized-lock.ivy

*************************************************************************

[QRM RESULT]: Fail

