
*******************************************************

	[QRM]: ivybench/sym/ivy/TCommit.ivy

*******************************************************


=================================

	[CPL]: Compile Ivy

=================================

[QRM NOTE]: Time elapsed since start: 0.108 seconds

[QRM NOTE]: Time elapsed since last: 0.108 seconds


===========================================================================================

	[FW]: Forward Reachability on [ivybench/sym/ivy/TCommit: resource_manager=3]

===========================================================================================


==================================================================================================

	[FW RESULT]: Forward Reachability on [ivybench/sym/ivy/TCommit: resource_manager=3]

==================================================================================================

.s resource_manager r0 r1 r2
.p aborted resource_manager
.p committed resource_manager
.p prepared resource_manager
.p working resource_manager
.a working(r2) working(r1) working(r0) prepared(r2) prepared(r1) prepared(r0) committed(r2) committed(r1) committed(r0) aborted(r2) aborted(r1) aborted(r0)
111000000000
011100000000
101010000000
001110000000
110001000000
010101000000
100011000000
000111000000
000011100000
000101010000
000001110000
000110001000
000010101000
000100011000
000000111000
011000000100
001010000100
010001000100
000011000100
101000000010
001100000010
100001000010
000101000010
001000000110
000001000110
110000000001
010100000001
100010000001
000110000001
010000000101
000010000101
100000000011
000100000011
000000000111

[FW NOTE]: number of variables: 12

[FW NOTE]: number of reachable states: 34

[QRM NOTE]: Time elapsed since start: 0.427 seconds

[QRM NOTE]: Time elapsed since last: 0.319 seconds

[QRM NOTE]: Peak memory: 2190501 bytes


*******************************************************

	[QRM]: ivybench/sym/ivy/TCommit.ivy

*******************************************************

[QRM RESULT]: Fail

