[runlim] version:		2.0.0rc12
[runlim] host:			caen-vnc-mi17.engin.umich.edu
[runlim] time limit:		2000 seconds
[runlim] real time limit:	2000 seconds
[runlim] space limit:		15000 MB
[runlim] argv[0]:		python3
[runlim] argv[1]:		qrm.py
[runlim] argv[2]:		-i
[runlim] argv[3]:		ivybench/sym/ivy/TCommit.ivy
[runlim] argv[4]:		-s
[runlim] argv[5]:		resource_manager=3
[runlim] argv[6]:		-v
[runlim] argv[7]:		5
[runlim] argv[8]:		-w
[runlim] argv[9]:		-l
[runlim] argv[10]:		ivybench/sym/ivy/TCommit.bdd.log
[runlim] start:			Thu Jan  9 19:42:23 2025
[runlim] child:			200876
	(epr: True)
	(gen: fef)
	(found #3 actions)

Finite sorts: #1
	|resource_manager| = 3
	(input is in epr)
	(#24 atoms with #24 variables)
@ 1736469748s  (building bdds)
@ 1736469748s  (building bdd for ext:decide_abort)
@ 1736469748s  (building bdd for ext:decide_commit)
@ 1736469748s  (building bdd for ext:prepare)
	(running forward reachability)
	(forward reachability done)
	(extracting state variables and reachable states)
	(extracting state variables and reachable states done)
[runlim] end:			Thu Jan  9 19:42:28 2025
[runlim] status:		ok
[runlim] result:		1
[runlim] children:		12
[runlim] processes:		13
[runlim] real:			4.44 seconds
[runlim] time:			1.14 seconds
[runlim] space:			111 MB
[runlim] load:			0.45 maximum
[runlim] samples:		45
