[runlim] version:		2.0.0rc12
[runlim] host:			caen-vnc-mi17.engin.umich.edu
[runlim] time limit:		2000 seconds
[runlim] real time limit:	2000 seconds
[runlim] space limit:		15000 MB
[runlim] argv[0]:		python3
[runlim] argv[1]:		qrm.py
[runlim] argv[2]:		-i
[runlim] argv[3]:		ivybench/sym_quorum/ivy/toy_consensus_forall.ivy
[runlim] argv[4]:		-s
[runlim] argv[5]:		node=4,quorum=4,value=4
[runlim] argv[6]:		-v
[runlim] argv[7]:		5
[runlim] argv[8]:		-w
[runlim] argv[9]:		-l
[runlim] argv[10]:		ivybench/sym_quorum/ivy/toy_consensus_forall.bdd.log
[runlim] start:			Thu Jan  9 21:43:35 2025
[runlim] child:			204573
	(epr: True)
	(gen: fef)
	(found #2 actions)

Finite sorts: #3
	|node| = 4
	|quorum| = 4
	|value| = 4
	(input is in epr)
	(#72 atoms with #72 variables)
@ 1736477020s  (building bdds)
@ 1736477020s  (building bdd for ext:cast_vote)
@ 1736477020s  (building bdd for ext:decide)
	(running forward reachability)
	(forward reachability done)
	(extracting state variables and reachable states)
	(extracting state variables and reachable states done)
[runlim] end:			Thu Jan  9 21:43:41 2025
[runlim] status:		ok
[runlim] result:		1
[runlim] children:		9
[runlim] processes:		10
[runlim] real:			5.59 seconds
[runlim] time:			2.52 seconds
[runlim] space:			84 MB
[runlim] load:			1.16 maximum
[runlim] samples:		56
