[runlim] version:		2.0.0rc12
[runlim] host:			caen-vnc-mi17.engin.umich.edu
[runlim] time limit:		2000 seconds
[runlim] real time limit:	2000 seconds
[runlim] space limit:		15000 MB
[runlim] argv[0]:		python3
[runlim] argv[1]:		qrm.py
[runlim] argv[2]:		-i
[runlim] argv[3]:		ivybench/sym_quorum/ivy/toy_consensus_epr.ivy
[runlim] argv[4]:		-s
[runlim] argv[5]:		node=4,quorum=4,value=4
[runlim] argv[6]:		-v
[runlim] argv[7]:		5
[runlim] argv[8]:		-w
[runlim] argv[9]:		-l
[runlim] argv[10]:		ivybench/sym_quorum/ivy/toy_consensus_epr.bdd.log
[runlim] start:			Thu Jan  9 20:16:52 2025
[runlim] child:			202332
[runlim] sample:		0.45 time, 10.01 real, 47 MB, 1.11 load
	(found #2 definitions)
	(epr: True)
	(gen: fef)
	(found #2 actions)

Finite sorts: #3
	|node| = 4
	|quorum| = 4
	|value| = 4
	(input is in epr)
	(#96 atoms with #96 variables)
@ 1736471827s  (building bdds)
@ 1736471827s  (building bdd for ext:cast_vote)
@ 1736471828s  (building bdd for ext:decide)
[runlim] sample:		6.56 time, 20.01 real, 320 MB, 1.09 load
[runlim] sample:		16.52 time, 30.01 real, 556 MB, 1.08 load
[runlim] sample:		26.47 time, 40.01 real, 794 MB, 1.07 load
[runlim] sample:		36.43 time, 50.01 real, 1018 MB, 1.06 load
[runlim] sample:		46.38 time, 60.01 real, 1099 MB, 1.05 load
[runlim] sample:		56.33 time, 70.01 real, 1202 MB, 1.04 load
[runlim] sample:		66.29 time, 80.01 real, 1202 MB, 1.03 load
[runlim] sample:		76.25 time, 90.01 real, 1295 MB, 1.03 load
[runlim] sample:		86.21 time, 100.01 real, 1349 MB, 1.02 load
[runlim] sample:		96.18 time, 110.01 real, 1408 MB, 1.02 load
[runlim] sample:		106.13 time, 120.01 real, 1462 MB, 1.02 load
[runlim] sample:		116.10 time, 130.01 real, 1556 MB, 1.01 load
[runlim] sample:		126.06 time, 140.01 real, 1613 MB, 1.01 load
[runlim] sample:		136.02 time, 150.01 real, 1668 MB, 1.01 load
[runlim] sample:		145.99 time, 160.01 real, 1747 MB, 1.01 load
[runlim] sample:		155.95 time, 170.01 real, 1962 MB, 1.00 load
[runlim] sample:		165.92 time, 180.01 real, 1962 MB, 1.00 load
[runlim] sample:		175.88 time, 190.01 real, 2141 MB, 1.00 load
[runlim] sample:		185.84 time, 200.01 real, 2141 MB, 1.00 load
[runlim] sample:		195.80 time, 210.01 real, 2229 MB, 1.00 load
[runlim] sample:		205.77 time, 220.01 real, 2340 MB, 1.00 load
[runlim] sample:		215.73 time, 230.01 real, 2340 MB, 1.00 load
[runlim] sample:		225.70 time, 240.01 real, 2448 MB, 1.00 load
[runlim] sample:		235.66 time, 250.01 real, 2610 MB, 1.00 load
[runlim] sample:		245.63 time, 260.01 real, 2610 MB, 1.00 load
[runlim] sample:		255.59 time, 270.01 real, 2611 MB, 1.00 load
[runlim] sample:		265.55 time, 280.01 real, 2731 MB, 1.00 load
[runlim] sample:		275.52 time, 290.01 real, 2880 MB, 1.00 load
[runlim] sample:		285.49 time, 300.01 real, 2880 MB, 1.00 load
[runlim] sample:		295.44 time, 310.01 real, 3042 MB, 1.00 load
[runlim] sample:		305.41 time, 320.01 real, 3042 MB, 1.00 load
[runlim] sample:		315.37 time, 330.01 real, 3042 MB, 1.00 load
[runlim] sample:		325.34 time, 340.01 real, 3158 MB, 1.00 load
[runlim] sample:		335.30 time, 350.01 real, 3266 MB, 1.00 load
[runlim] sample:		345.26 time, 360.01 real, 3266 MB, 1.00 load
[runlim] sample:		355.22 time, 370.01 real, 3409 MB, 1.00 load
[runlim] sample:		365.20 time, 380.01 real, 3414 MB, 1.00 load
[runlim] sample:		375.15 time, 390.01 real, 3661 MB, 1.00 load
[runlim] sample:		385.12 time, 400.01 real, 3724 MB, 1.00 load
[runlim] sample:		395.09 time, 410.01 real, 3724 MB, 1.00 load
[runlim] sample:		405.05 time, 420.01 real, 3858 MB, 1.00 load
[runlim] sample:		415.01 time, 430.01 real, 3999 MB, 1.00 load
[runlim] sample:		424.97 time, 440.01 real, 3999 MB, 1.00 load
[runlim] sample:		434.94 time, 450.01 real, 3999 MB, 1.00 load
[runlim] sample:		444.90 time, 460.01 real, 4193 MB, 1.15 load
[runlim] sample:		454.87 time, 470.01 real, 4277 MB, 1.20 load
[runlim] sample:		464.83 time, 480.01 real, 4277 MB, 1.17 load
[runlim] sample:		474.80 time, 490.01 real, 4277 MB, 1.14 load
[runlim] sample:		484.76 time, 500.01 real, 4278 MB, 1.12 load
[runlim] sample:		494.73 time, 510.01 real, 4446 MB, 1.10 load
[runlim] sample:		504.69 time, 520.01 real, 4497 MB, 1.09 load
[runlim] sample:		514.65 time, 530.01 real, 4707 MB, 1.07 load
[runlim] sample:		524.62 time, 540.01 real, 4707 MB, 1.06 load
[runlim] sample:		534.58 time, 550.01 real, 4707 MB, 1.05 load
[runlim] sample:		544.55 time, 560.01 real, 4707 MB, 1.04 load
[runlim] sample:		554.51 time, 570.01 real, 4885 MB, 1.04 load
[runlim] sample:		564.48 time, 580.01 real, 4885 MB, 1.03 load
[runlim] sample:		574.45 time, 590.01 real, 5027 MB, 1.02 load
[runlim] sample:		584.41 time, 600.01 real, 5083 MB, 1.02 load
[runlim] sample:		594.38 time, 610.01 real, 5083 MB, 1.02 load
[runlim] sample:		604.34 time, 620.01 real, 5163 MB, 1.01 load
[runlim] sample:		614.30 time, 630.01 real, 5381 MB, 1.01 load
[runlim] sample:		624.26 time, 640.01 real, 5381 MB, 1.01 load
[runlim] sample:		634.23 time, 650.01 real, 5381 MB, 1.01 load
[runlim] sample:		644.19 time, 660.01 real, 5381 MB, 1.01 load
[runlim] sample:		654.16 time, 670.01 real, 5621 MB, 1.00 load
[runlim] sample:		664.12 time, 680.01 real, 5621 MB, 1.00 load
[runlim] sample:		674.09 time, 690.01 real, 5794 MB, 1.00 load
[runlim] sample:		684.05 time, 700.01 real, 5794 MB, 1.00 load
[runlim] sample:		694.02 time, 710.01 real, 5794 MB, 1.00 load
[runlim] sample:		703.97 time, 720.01 real, 5998 MB, 1.00 load
[runlim] sample:		713.94 time, 730.01 real, 5998 MB, 1.00 load
[runlim] sample:		723.90 time, 740.01 real, 5998 MB, 1.00 load
[runlim] sample:		733.87 time, 750.01 real, 6446 MB, 1.00 load
[runlim] sample:		743.84 time, 760.01 real, 6649 MB, 1.00 load
[runlim] sample:		753.81 time, 770.01 real, 6649 MB, 1.00 load
[runlim] sample:		763.78 time, 780.01 real, 6649 MB, 1.00 load
[runlim] sample:		773.74 time, 790.01 real, 6649 MB, 1.00 load
[runlim] sample:		783.71 time, 800.01 real, 6649 MB, 1.00 load
[runlim] sample:		793.67 time, 810.01 real, 6649 MB, 1.00 load
[runlim] sample:		803.63 time, 820.01 real, 7009 MB, 1.00 load
[runlim] sample:		813.59 time, 830.01 real, 7203 MB, 1.00 load
[runlim] sample:		823.55 time, 840.01 real, 7203 MB, 1.00 load
[runlim] sample:		833.52 time, 850.01 real, 7203 MB, 1.00 load
[runlim] sample:		843.48 time, 860.01 real, 7203 MB, 1.00 load
[runlim] sample:		853.44 time, 870.01 real, 7203 MB, 1.00 load
[runlim] sample:		863.40 time, 880.01 real, 7203 MB, 1.00 load
[runlim] sample:		873.37 time, 890.01 real, 7203 MB, 1.00 load
[runlim] sample:		883.33 time, 900.01 real, 7203 MB, 1.00 load
[runlim] sample:		893.29 time, 910.01 real, 7607 MB, 1.00 load
[runlim] sample:		903.26 time, 920.01 real, 7778 MB, 1.00 load
[runlim] sample:		913.23 time, 930.01 real, 7778 MB, 1.00 load
[runlim] sample:		923.19 time, 940.01 real, 7778 MB, 1.00 load
[runlim] sample:		933.15 time, 950.01 real, 7778 MB, 1.00 load
[runlim] sample:		943.11 time, 960.01 real, 7778 MB, 1.23 load
[runlim] sample:		953.07 time, 970.01 real, 7778 MB, 1.35 load
[runlim] sample:		963.04 time, 980.01 real, 7778 MB, 1.29 load
[runlim] sample:		973.01 time, 990.01 real, 7778 MB, 1.25 load
[runlim] sample:		982.97 time, 1000.01 real, 7778 MB, 1.21 load
[runlim] sample:		992.93 time, 1010.01 real, 8200 MB, 1.18 load
[runlim] sample:		1002.89 time, 1020.01 real, 8273 MB, 1.15 load
[runlim] sample:		1012.86 time, 1030.01 real, 8273 MB, 1.12 load
[runlim] sample:		1022.82 time, 1040.01 real, 8273 MB, 1.10 load
[runlim] sample:		1032.79 time, 1050.01 real, 8370 MB, 1.09 load
[runlim] sample:		1042.75 time, 1060.01 real, 8732 MB, 1.07 load
[runlim] sample:		1052.71 time, 1070.01 real, 8732 MB, 1.06 load
[runlim] sample:		1062.67 time, 1080.01 real, 8732 MB, 1.05 load
[runlim] sample:		1072.64 time, 1090.01 real, 8732 MB, 1.04 load
[runlim] sample:		1082.60 time, 1100.01 real, 8732 MB, 1.04 load
[runlim] sample:		1092.56 time, 1110.01 real, 8732 MB, 1.03 load
[runlim] sample:		1102.53 time, 1120.01 real, 8732 MB, 1.03 load
[runlim] sample:		1112.49 time, 1130.01 real, 8732 MB, 1.02 load
[runlim] sample:		1122.45 time, 1140.01 real, 8732 MB, 1.02 load
[runlim] sample:		1132.41 time, 1150.01 real, 9069 MB, 1.01 load
[runlim] sample:		1142.38 time, 1160.01 real, 9109 MB, 1.01 load
[runlim] sample:		1152.35 time, 1170.01 real, 9109 MB, 1.01 load
[runlim] sample:		1162.31 time, 1180.01 real, 9109 MB, 1.01 load
[runlim] sample:		1172.28 time, 1190.01 real, 9109 MB, 1.01 load
[runlim] sample:		1182.23 time, 1200.01 real, 9162 MB, 1.00 load
[runlim] sample:		1192.20 time, 1210.01 real, 9468 MB, 1.00 load
[runlim] sample:		1202.16 time, 1220.01 real, 9468 MB, 1.00 load
[runlim] sample:		1212.12 time, 1230.01 real, 9468 MB, 1.00 load
[runlim] sample:		1222.09 time, 1240.01 real, 9468 MB, 1.00 load
[runlim] sample:		1232.05 time, 1250.01 real, 9468 MB, 1.00 load
[runlim] sample:		1242.01 time, 1260.01 real, 9468 MB, 1.00 load
[runlim] sample:		1251.97 time, 1270.01 real, 9660 MB, 1.00 load
[runlim] sample:		1261.94 time, 1280.01 real, 10014 MB, 1.00 load
[runlim] sample:		1271.90 time, 1290.01 real, 10067 MB, 1.00 load
[runlim] sample:		1281.86 time, 1300.01 real, 10067 MB, 1.00 load
[runlim] sample:		1291.83 time, 1310.01 real, 10067 MB, 1.00 load
[runlim] sample:		1301.80 time, 1320.01 real, 10067 MB, 1.00 load
[runlim] sample:		1311.76 time, 1330.01 real, 10067 MB, 1.00 load
[runlim] sample:		1321.72 time, 1340.01 real, 10067 MB, 1.00 load
[runlim] sample:		1331.69 time, 1350.01 real, 10067 MB, 1.00 load
[runlim] sample:		1341.65 time, 1360.01 real, 10067 MB, 1.07 load
[runlim] sample:		1350.81 time, 1370.01 real, 10215 MB, 1.06 load
[runlim] sample:		1353.11 time, 1380.01 real, 10213 MB, 1.05 load
[runlim] sample:		1354.95 time, 1390.01 real, 10221 MB, 1.04 load
[runlim] sample:		1356.13 time, 1400.01 real, 10221 MB, 1.04 load
[runlim] sample:		1357.33 time, 1410.01 real, 10220 MB, 1.03 load
[runlim] sample:		1359.00 time, 1420.01 real, 10220 MB, 1.02 load
[runlim] sample:		1360.53 time, 1430.01 real, 10220 MB, 1.02 load
[runlim] sample:		1361.70 time, 1440.01 real, 10219 MB, 1.02 load
[runlim] sample:		1362.53 time, 1450.01 real, 10219 MB, 1.01 load
[runlim] sample:		1363.67 time, 1460.01 real, 10220 MB, 1.17 load
[runlim] sample:		1365.04 time, 1470.01 real, 10219 MB, 1.21 load
[runlim] sample:		1366.50 time, 1480.01 real, 10220 MB, 1.18 load
[runlim] sample:		1368.15 time, 1490.01 real, 10220 MB, 1.15 load
[runlim] sample:		1370.40 time, 1500.01 real, 10219 MB, 1.13 load
[runlim] sample:		1373.07 time, 1510.01 real, 10219 MB, 1.11 load
[runlim] sample:		1375.99 time, 1520.01 real, 10220 MB, 1.09 load
[runlim] sample:		1380.94 time, 1530.01 real, 10220 MB, 1.08 load
[runlim] sample:		1389.72 time, 1540.01 real, 10220 MB, 1.06 load
[runlim] sample:		1398.93 time, 1550.01 real, 10220 MB, 1.05 load
[runlim] sample:		1408.88 time, 1560.01 real, 10220 MB, 1.05 load
[runlim] sample:		1418.84 time, 1570.01 real, 10220 MB, 1.04 load
[runlim] sample:		1426.61 time, 1580.01 real, 10220 MB, 1.03 load
[runlim] sample:		1428.67 time, 1590.01 real, 10220 MB, 1.03 load
[runlim] sample:		1430.64 time, 1600.01 real, 10220 MB, 1.02 load
[runlim] sample:		1431.96 time, 1610.01 real, 10218 MB, 1.02 load
[runlim] sample:		1433.10 time, 1620.01 real, 10220 MB, 1.02 load
[runlim] sample:		1436.43 time, 1630.01 real, 10220 MB, 1.01 load
[runlim] sample:		1437.91 time, 1640.01 real, 10220 MB, 1.01 load
[runlim] sample:		1438.98 time, 1650.01 real, 10220 MB, 1.01 load
[runlim] sample:		1440.24 time, 1660.01 real, 10220 MB, 1.08 load
[runlim] sample:		1441.24 time, 1670.01 real, 10219 MB, 1.07 load
[runlim] sample:		1442.24 time, 1680.01 real, 10219 MB, 1.06 load
[runlim] sample:		1443.23 time, 1690.01 real, 10219 MB, 1.05 load
[runlim] sample:		1444.13 time, 1700.01 real, 10219 MB, 1.04 load
[runlim] sample:		1445.12 time, 1710.01 real, 10219 MB, 1.11 load
[runlim] sample:		1446.12 time, 1720.01 real, 10219 MB, 1.16 load
[runlim] sample:		1447.17 time, 1730.01 real, 10220 MB, 1.14 load
[runlim] sample:		1448.06 time, 1740.01 real, 10220 MB, 1.12 load
[runlim] sample:		1449.01 time, 1750.01 real, 10219 MB, 1.10 load
[runlim] sample:		1449.86 time, 1760.01 real, 10219 MB, 1.08 load
[runlim] sample:		1450.73 time, 1770.01 real, 10219 MB, 1.07 load
[runlim] sample:		1451.61 time, 1780.01 real, 10220 MB, 1.06 load
[runlim] sample:		1452.45 time, 1790.01 real, 10219 MB, 1.05 load
[runlim] sample:		1453.14 time, 1800.01 real, 10220 MB, 1.04 load
[runlim] sample:		1454.07 time, 1810.01 real, 10220 MB, 1.03 load
[runlim] sample:		1455.27 time, 1820.01 real, 10219 MB, 1.03 load
[runlim] sample:		1456.64 time, 1830.01 real, 10219 MB, 1.10 load
[runlim] sample:		1457.71 time, 1840.01 real, 10219 MB, 1.09 load
[runlim] sample:		1458.96 time, 1850.01 real, 10220 MB, 1.07 load
[runlim] sample:		1460.08 time, 1860.01 real, 10220 MB, 1.06 load
[runlim] sample:		1461.27 time, 1870.01 real, 10220 MB, 1.05 load
[runlim] sample:		1462.28 time, 1880.01 real, 10219 MB, 1.04 load
[runlim] sample:		1463.28 time, 1890.01 real, 10220 MB, 1.04 load
[runlim] sample:		1464.33 time, 1900.01 real, 10220 MB, 1.03 load
[runlim] sample:		1465.38 time, 1910.01 real, 10220 MB, 1.02 load
[runlim] sample:		1466.29 time, 1920.01 real, 10219 MB, 1.02 load
[runlim] sample:		1467.18 time, 1930.01 real, 10220 MB, 1.02 load
[runlim] sample:		1467.79 time, 1940.01 real, 10220 MB, 1.01 load
[runlim] sample:		1468.88 time, 1950.01 real, 10220 MB, 1.01 load
[runlim] sample:		1470.38 time, 1960.01 real, 10220 MB, 1.16 load
[runlim] sample:		1472.51 time, 1970.01 real, 10220 MB, 1.21 load
[runlim] sample:		1475.20 time, 1980.01 real, 10220 MB, 1.18 load
[runlim] sample:		1478.30 time, 1990.01 real, 10220 MB, 1.15 load
[runlim] sample:		1480.75 time, 2000.01 real, 10220 MB, 1.13 load
[runlim] end:			Thu Jan  9 20:50:13 2025
[runlim] status:		out of time
[runlim] result:		2
[runlim] children:		12
[runlim] processes:		13
[runlim] real:			2001.07 seconds
[runlim] time:			1480.75 seconds
[runlim] space:			10222 MB
[runlim] load:			1.38 maximum
[runlim] samples:		20000
