[runlim] version:		2.0.0rc12
[runlim] host:			caen-vnc-mi17.engin.umich.edu
[runlim] time limit:		2000 seconds
[runlim] real time limit:	2000 seconds
[runlim] space limit:		15000 MB
[runlim] argv[0]:		python3
[runlim] argv[1]:		qrm.py
[runlim] argv[2]:		-i
[runlim] argv[3]:		ivybench/sym_quorum/ivy/toy_consensus.ivy
[runlim] argv[4]:		-s
[runlim] argv[5]:		node=4,quorum=4,value=4
[runlim] argv[6]:		-v
[runlim] argv[7]:		5
[runlim] argv[8]:		-w
[runlim] argv[9]:		-l
[runlim] argv[10]:		ivybench/sym_quorum/ivy/toy_consensus.bdd.log
[runlim] start:			Thu Jan  9 19:43:31 2025
[runlim] child:			201540
	(found #4 definitions)
	(epr: True)
	(gen: fef)
	(found #2 actions)

Finite sorts: #3
	|node| = 4
	|quorum| = 4
	|value| = 4
	(input is in epr)
	(#96 atoms with #96 variables)
@ 1736469815s  (building bdds)
@ 1736469815s  (building bdd for ext:cast_vote)
@ 1736469816s  (building bdd for ext:decide)
[runlim] sample:		7.34 time, 10.01 real, 497 MB, 0.84 load
[runlim] sample:		17.30 time, 20.01 real, 1004 MB, 0.87 load
[runlim] sample:		27.25 time, 30.01 real, 1468 MB, 0.89 load
[runlim] sample:		37.21 time, 40.01 real, 1957 MB, 0.91 load
[runlim] sample:		47.17 time, 50.01 real, 2405 MB, 0.92 load
[runlim] sample:		57.11 time, 60.01 real, 2978 MB, 0.93 load
[runlim] sample:		67.08 time, 70.01 real, 3645 MB, 0.94 load
[runlim] sample:		77.04 time, 80.01 real, 4249 MB, 0.95 load
[runlim] sample:		87.00 time, 90.01 real, 4797 MB, 0.96 load
[runlim] sample:		96.97 time, 100.01 real, 5304 MB, 0.97 load
[runlim] sample:		106.93 time, 110.01 real, 5985 MB, 0.97 load
[runlim] sample:		116.90 time, 120.01 real, 6584 MB, 0.98 load
[runlim] sample:		126.86 time, 130.01 real, 7242 MB, 0.98 load
[runlim] sample:		136.83 time, 140.01 real, 7958 MB, 0.98 load
[runlim] sample:		146.80 time, 150.01 real, 8559 MB, 0.99 load
[runlim] sample:		156.75 time, 160.01 real, 9093 MB, 0.99 load
[runlim] sample:		166.71 time, 170.01 real, 9631 MB, 0.99 load
[runlim] sample:		176.68 time, 180.01 real, 10178 MB, 0.99 load
[runlim] sample:		182.11 time, 190.01 real, 10216 MB, 1.00 load
[runlim] sample:		184.50 time, 200.01 real, 10218 MB, 1.00 load
[runlim] sample:		186.42 time, 210.01 real, 10217 MB, 1.00 load
[runlim] sample:		187.89 time, 220.01 real, 10216 MB, 1.00 load
[runlim] sample:		189.14 time, 230.01 real, 10216 MB, 1.08 load
[runlim] sample:		190.42 time, 240.01 real, 10216 MB, 1.07 load
[runlim] sample:		191.48 time, 250.01 real, 10217 MB, 1.06 load
[runlim] sample:		192.75 time, 260.01 real, 10217 MB, 1.05 load
[runlim] sample:		193.79 time, 270.01 real, 10217 MB, 1.04 load
[runlim] sample:		194.66 time, 280.01 real, 10217 MB, 1.11 load
[runlim] sample:		195.46 time, 290.01 real, 10215 MB, 1.10 load
[runlim] sample:		196.18 time, 300.01 real, 10217 MB, 1.08 load
[runlim] sample:		196.86 time, 310.01 real, 10216 MB, 1.07 load
[runlim] sample:		197.64 time, 320.01 real, 10215 MB, 1.06 load
[runlim] sample:		198.48 time, 330.01 real, 10216 MB, 1.05 load
[runlim] sample:		199.30 time, 340.01 real, 10217 MB, 1.04 load
[runlim] sample:		200.19 time, 350.01 real, 10217 MB, 1.03 load
[runlim] sample:		200.94 time, 360.01 real, 10216 MB, 1.03 load
[runlim] sample:		201.65 time, 370.01 real, 10217 MB, 1.02 load
[runlim] sample:		202.37 time, 380.01 real, 10216 MB, 1.02 load
[runlim] sample:		203.17 time, 390.01 real, 10216 MB, 1.02 load
[runlim] sample:		204.00 time, 400.01 real, 10216 MB, 1.01 load
[runlim] sample:		204.83 time, 410.01 real, 10216 MB, 1.01 load
[runlim] sample:		205.63 time, 420.01 real, 10216 MB, 1.01 load
[runlim] sample:		206.43 time, 430.01 real, 10217 MB, 1.01 load
[runlim] sample:		207.17 time, 440.01 real, 10216 MB, 1.17 load
[runlim] sample:		207.88 time, 450.01 real, 10215 MB, 1.21 load
[runlim] sample:		208.62 time, 460.01 real, 10215 MB, 1.18 load
[runlim] sample:		209.26 time, 470.01 real, 10216 MB, 1.15 load
[runlim] sample:		209.91 time, 480.01 real, 10216 MB, 1.13 load
[runlim] sample:		210.50 time, 490.01 real, 10216 MB, 1.11 load
[runlim] sample:		211.13 time, 500.01 real, 10216 MB, 1.09 load
[runlim] sample:		211.83 time, 510.01 real, 10216 MB, 1.08 load
[runlim] sample:		212.46 time, 520.01 real, 10216 MB, 1.06 load
[runlim] sample:		213.13 time, 530.01 real, 10216 MB, 1.05 load
[runlim] sample:		213.79 time, 540.01 real, 10216 MB, 1.05 load
[runlim] sample:		214.38 time, 550.01 real, 10216 MB, 1.04 load
[runlim] sample:		214.95 time, 560.01 real, 10216 MB, 1.03 load
[runlim] sample:		215.46 time, 570.01 real, 10216 MB, 1.03 load
[runlim] sample:		215.99 time, 580.01 real, 10216 MB, 1.02 load
[runlim] sample:		216.52 time, 590.01 real, 10216 MB, 1.02 load
[runlim] sample:		217.11 time, 600.01 real, 10216 MB, 1.02 load
[runlim] sample:		217.67 time, 610.01 real, 10216 MB, 1.01 load
[runlim] sample:		218.21 time, 620.01 real, 10216 MB, 1.01 load
[runlim] sample:		218.78 time, 630.01 real, 10216 MB, 1.01 load
[runlim] sample:		219.30 time, 640.01 real, 10216 MB, 1.01 load
[runlim] sample:		219.82 time, 650.01 real, 10216 MB, 1.00 load
[runlim] sample:		220.33 time, 660.01 real, 10215 MB, 1.00 load
[runlim] sample:		220.82 time, 670.01 real, 10216 MB, 1.00 load
[runlim] sample:		221.28 time, 680.01 real, 10215 MB, 1.08 load
[runlim] sample:		221.74 time, 690.01 real, 10216 MB, 1.07 load
[runlim] sample:		222.22 time, 700.01 real, 10212 MB, 1.06 load
[runlim] sample:		222.63 time, 710.01 real, 10216 MB, 1.05 load
[runlim] sample:		223.13 time, 720.01 real, 10216 MB, 1.04 load
[runlim] sample:		223.59 time, 730.01 real, 10215 MB, 1.03 load
[runlim] sample:		224.03 time, 740.01 real, 10216 MB, 1.03 load
[runlim] sample:		224.57 time, 750.01 real, 10216 MB, 1.02 load
[runlim] sample:		225.15 time, 760.01 real, 10216 MB, 1.02 load
[runlim] sample:		225.72 time, 770.01 real, 10211 MB, 1.02 load
[runlim] sample:		226.29 time, 780.01 real, 10216 MB, 1.01 load
[runlim] sample:		226.95 time, 790.01 real, 10216 MB, 1.01 load
[runlim] sample:		227.62 time, 800.01 real, 10212 MB, 1.08 load
[runlim] sample:		228.33 time, 810.01 real, 10216 MB, 1.07 load
[runlim] sample:		229.04 time, 820.01 real, 10216 MB, 1.06 load
[runlim] sample:		229.71 time, 830.01 real, 10209 MB, 1.05 load
[runlim] sample:		230.41 time, 840.01 real, 10215 MB, 1.04 load
[runlim] sample:		231.07 time, 850.01 real, 10216 MB, 1.03 load
[runlim] sample:		231.78 time, 860.01 real, 10216 MB, 1.03 load
[runlim] sample:		232.46 time, 870.01 real, 10209 MB, 1.02 load
[runlim] sample:		233.12 time, 880.01 real, 10216 MB, 1.02 load
[runlim] sample:		233.85 time, 890.01 real, 10215 MB, 1.02 load
[runlim] sample:		234.49 time, 900.01 real, 10212 MB, 1.01 load
[runlim] sample:		235.19 time, 910.01 real, 10209 MB, 1.01 load
[runlim] sample:		235.89 time, 920.01 real, 10211 MB, 1.01 load
[runlim] sample:		237.08 time, 930.01 real, 10210 MB, 1.01 load
[runlim] sample:		238.19 time, 940.01 real, 10203 MB, 1.09 load
[runlim] sample:		239.18 time, 950.01 real, 10214 MB, 1.23 load
[runlim] sample:		239.52 time, 960.01 real, 10214 MB, 1.26 load
[runlim] sample:		239.83 time, 970.01 real, 10215 MB, 1.22 load
[runlim] sample:		240.15 time, 980.01 real, 10216 MB, 1.19 load
[runlim] sample:		240.49 time, 990.01 real, 10214 MB, 1.16 load
[runlim] sample:		240.80 time, 1000.01 real, 10215 MB, 1.13 load
[runlim] sample:		241.09 time, 1010.01 real, 10213 MB, 1.19 load
[runlim] sample:		241.27 time, 1020.01 real, 10215 MB, 1.16 load
[runlim] sample:		241.39 time, 1030.01 real, 10215 MB, 1.13 load
[runlim] sample:		241.55 time, 1040.01 real, 10215 MB, 1.11 load
[runlim] sample:		241.74 time, 1050.01 real, 10214 MB, 1.09 load
[runlim] sample:		241.97 time, 1060.01 real, 10215 MB, 1.08 load
[runlim] sample:		242.30 time, 1070.01 real, 10211 MB, 1.07 load
[runlim] sample:		242.62 time, 1080.01 real, 10214 MB, 1.06 load
[runlim] sample:		242.93 time, 1090.01 real, 10212 MB, 1.05 load
[runlim] sample:		243.20 time, 1100.01 real, 10213 MB, 1.04 load
[runlim] sample:		243.42 time, 1110.01 real, 10213 MB, 1.03 load
[runlim] sample:		243.64 time, 1120.01 real, 10211 MB, 1.11 load
[runlim] sample:		243.93 time, 1130.01 real, 10215 MB, 1.09 load
[runlim] sample:		244.21 time, 1140.01 real, 10213 MB, 1.08 load
[runlim] sample:		244.48 time, 1150.01 real, 10214 MB, 1.06 load
[runlim] sample:		244.74 time, 1160.01 real, 10215 MB, 1.05 load
[runlim] sample:		245.01 time, 1170.01 real, 10214 MB, 1.05 load
[runlim] sample:		245.34 time, 1180.01 real, 10214 MB, 1.04 load
[runlim] sample:		245.63 time, 1190.01 real, 10213 MB, 1.03 load
[runlim] sample:		245.95 time, 1200.01 real, 10215 MB, 1.03 load
[runlim] sample:		246.21 time, 1210.01 real, 10214 MB, 1.02 load
[runlim] sample:		246.55 time, 1220.01 real, 10215 MB, 1.02 load
[runlim] sample:		246.89 time, 1230.01 real, 10214 MB, 1.02 load
[runlim] sample:		247.23 time, 1240.01 real, 10216 MB, 1.01 load
[runlim] sample:		247.58 time, 1250.01 real, 10215 MB, 1.01 load
[runlim] sample:		247.93 time, 1260.01 real, 10212 MB, 1.01 load
[runlim] sample:		248.30 time, 1270.01 real, 10215 MB, 1.01 load
[runlim] sample:		248.74 time, 1280.01 real, 10214 MB, 1.00 load
[runlim] sample:		249.15 time, 1290.01 real, 10215 MB, 1.00 load
[runlim] sample:		249.41 time, 1300.01 real, 10212 MB, 1.00 load
[runlim] sample:		249.69 time, 1310.01 real, 10213 MB, 1.00 load
[runlim] sample:		250.12 time, 1320.01 real, 10214 MB, 1.00 load
[runlim] sample:		250.61 time, 1330.01 real, 10216 MB, 1.00 load
[runlim] sample:		251.13 time, 1340.01 real, 10214 MB, 1.00 load
[runlim] sample:		251.65 time, 1350.01 real, 10215 MB, 1.00 load
[runlim] sample:		252.20 time, 1360.01 real, 10215 MB, 1.00 load
[runlim] sample:		252.78 time, 1370.01 real, 10216 MB, 1.00 load
[runlim] sample:		253.35 time, 1380.01 real, 10216 MB, 1.00 load
[runlim] sample:		253.94 time, 1390.01 real, 10215 MB, 1.00 load
[runlim] sample:		254.57 time, 1400.01 real, 10215 MB, 1.00 load
[runlim] sample:		255.12 time, 1410.01 real, 10216 MB, 1.00 load
[runlim] sample:		255.68 time, 1420.01 real, 10216 MB, 1.00 load
[runlim] sample:		256.30 time, 1430.01 real, 10216 MB, 1.00 load
[runlim] sample:		256.87 time, 1440.01 real, 10215 MB, 1.15 load
[runlim] sample:		257.40 time, 1450.01 real, 10215 MB, 1.20 load
[runlim] sample:		257.95 time, 1460.01 real, 10215 MB, 1.17 load
[runlim] sample:		258.44 time, 1470.01 real, 10215 MB, 1.14 load
[runlim] sample:		258.93 time, 1480.01 real, 10216 MB, 1.12 load
[runlim] sample:		259.36 time, 1490.01 real, 10215 MB, 1.10 load
[runlim] sample:		259.76 time, 1500.01 real, 10212 MB, 1.09 load
[runlim] sample:		260.14 time, 1510.01 real, 10214 MB, 1.07 load
[runlim] sample:		260.56 time, 1520.01 real, 10216 MB, 1.06 load
[runlim] sample:		260.96 time, 1530.01 real, 10213 MB, 1.05 load
[runlim] sample:		261.33 time, 1540.01 real, 10215 MB, 1.04 load
[runlim] sample:		261.71 time, 1550.01 real, 10214 MB, 1.04 load
[runlim] sample:		262.13 time, 1560.01 real, 10212 MB, 1.03 load
[runlim] sample:		262.52 time, 1570.01 real, 10214 MB, 1.02 load
[runlim] sample:		262.91 time, 1580.01 real, 10216 MB, 1.02 load
[runlim] sample:		263.38 time, 1590.01 real, 10216 MB, 1.02 load
[runlim] sample:		263.93 time, 1600.01 real, 10215 MB, 1.01 load
[runlim] sample:		264.53 time, 1610.01 real, 10216 MB, 1.01 load
[runlim] sample:		265.04 time, 1620.01 real, 10216 MB, 1.01 load
[runlim] sample:		265.46 time, 1630.01 real, 10215 MB, 1.01 load
[runlim] sample:		265.83 time, 1640.01 real, 10216 MB, 1.01 load
[runlim] sample:		266.22 time, 1650.01 real, 10215 MB, 1.00 load
[runlim] sample:		266.59 time, 1660.01 real, 10215 MB, 1.00 load
[runlim] sample:		266.91 time, 1670.01 real, 10216 MB, 1.00 load
[runlim] sample:		267.26 time, 1680.01 real, 10215 MB, 1.00 load
[runlim] sample:		267.71 time, 1690.01 real, 10216 MB, 1.00 load
[runlim] sample:		268.21 time, 1700.01 real, 10216 MB, 1.00 load
[runlim] sample:		268.68 time, 1710.01 real, 10216 MB, 1.00 load
[runlim] sample:		269.13 time, 1720.01 real, 10216 MB, 1.00 load
[runlim] sample:		269.57 time, 1730.01 real, 10214 MB, 1.00 load
[runlim] sample:		270.03 time, 1740.01 real, 10215 MB, 1.00 load
[runlim] sample:		270.41 time, 1750.01 real, 10216 MB, 1.00 load
[runlim] sample:		270.80 time, 1760.01 real, 10216 MB, 1.00 load
[runlim] sample:		271.15 time, 1770.01 real, 10216 MB, 1.00 load
[runlim] sample:		271.51 time, 1780.01 real, 10216 MB, 1.00 load
[runlim] sample:		271.95 time, 1790.01 real, 10216 MB, 1.00 load
[runlim] sample:		272.39 time, 1800.01 real, 10216 MB, 1.00 load
[runlim] sample:		272.80 time, 1810.01 real, 10216 MB, 1.00 load
[runlim] sample:		273.19 time, 1820.01 real, 10216 MB, 1.00 load
[runlim] sample:		273.69 time, 1830.01 real, 10216 MB, 1.00 load
[runlim] sample:		274.22 time, 1840.01 real, 10215 MB, 1.00 load
[runlim] sample:		274.77 time, 1850.01 real, 10216 MB, 1.00 load
[runlim] sample:		275.34 time, 1860.01 real, 10216 MB, 1.00 load
[runlim] sample:		275.93 time, 1870.01 real, 10216 MB, 1.00 load
[runlim] sample:		276.51 time, 1880.01 real, 10216 MB, 1.00 load
[runlim] sample:		277.12 time, 1890.01 real, 10216 MB, 1.00 load
[runlim] sample:		277.73 time, 1900.01 real, 10216 MB, 1.00 load
[runlim] sample:		278.28 time, 1910.01 real, 10216 MB, 1.00 load
[runlim] sample:		278.86 time, 1920.01 real, 10216 MB, 1.00 load
[runlim] sample:		279.43 time, 1930.01 real, 10216 MB, 1.00 load
[runlim] sample:		280.01 time, 1940.01 real, 10216 MB, 1.08 load
[runlim] sample:		280.62 time, 1950.01 real, 10216 MB, 1.22 load
[runlim] sample:		281.21 time, 1960.01 real, 10216 MB, 1.26 load
[runlim] sample:		281.85 time, 1970.01 real, 10216 MB, 1.22 load
[runlim] sample:		282.51 time, 1980.01 real, 10216 MB, 1.19 load
[runlim] sample:		283.13 time, 1990.01 real, 10216 MB, 1.16 load
[runlim] sample:		283.79 time, 2000.01 real, 10216 MB, 1.13 load
[runlim] end:			Thu Jan  9 20:16:52 2025
[runlim] status:		out of time
[runlim] result:		2
[runlim] children:		13
[runlim] processes:		14
[runlim] real:			2001.23 seconds
[runlim] time:			283.79 seconds
[runlim] space:			10218 MB
[runlim] load:			1.29 maximum
[runlim] samples:		20000
