[runlim] version:		2.0.0rc12
[runlim] host:			caen-vnc-mi17.engin.umich.edu
[runlim] time limit:		2000 seconds
[runlim] real time limit:	2000 seconds
[runlim] space limit:		15000 MB
[runlim] argv[0]:		python3
[runlim] argv[1]:		qrm.py
[runlim] argv[2]:		-i
[runlim] argv[3]:		ivybench/sym/ivy/TwoPhase.ivy
[runlim] argv[4]:		-s
[runlim] argv[5]:		resource_manager=2
[runlim] argv[6]:		-v
[runlim] argv[7]:		5
[runlim] argv[8]:		-w
[runlim] argv[9]:		-l
[runlim] argv[10]:		ivybench/sym/ivy/TwoPhase.bdd.log
[runlim] start:			Thu Jan  9 19:43:17 2025
[runlim] child:			201370
	(epr: True)
	(gen: fef)
	(found #7 actions)

Finite sorts: #1
	|resource_manager| = 2
	(input is in epr)
	(#34 atoms with #34 variables)
@ 1736469802s  (building bdds)
@ 1736469802s  (building bdd for ext:rMChooseToAbort)
@ 1736469802s  (building bdd for ext:rMPrepare)
@ 1736469802s  (building bdd for ext:rMRcvAbortMsg)
@ 1736469802s  (building bdd for ext:rMRcvCommitMsg)
@ 1736469802s  (building bdd for ext:tMAbort)
@ 1736469802s  (building bdd for ext:tMCommit)
@ 1736469802s  (building bdd for ext:tMRcvPrepared)
	(running forward reachability)
	(forward reachability done)
	(extracting state variables and reachable states)
	(extracting state variables and reachable states done)
[runlim] end:			Thu Jan  9 19:43:22 2025
[runlim] status:		ok
[runlim] result:		1
[runlim] children:		9
[runlim] processes:		10
[runlim] real:			4.44 seconds
[runlim] time:			1.12 seconds
[runlim] space:			81 MB
[runlim] load:			0.78 maximum
[runlim] samples:		45
