
**********************************************************************

	[QRM]: ivybench/sym_quorum/ivy/naive_consensus.ivy

**********************************************************************


---------- Parsing Ivy ----------


Printing isolate this:

OK


==========================================================================================================

	[FW]: Forward Reachability on [ivybench/sym_quorum/ivy/naive_consensus.ivy: node=3,value=3]

==========================================================================================================


==============================================

	Set up for forward reachability

==============================================

[FW NOTE]: number of state atoms: 21

[FW NOTE]: number of interpreted atoms (e.g. member,le): 9

[FW NOTE]: symmetric group order: 36

[FW NOTE]: number of branching actions: 27

ivy_to_cpp target=qrm naive_consensus.node_3_value_3.finite.ivy

[IVY_TO_CPP RESULT]: OK

swig -c++ -python -o naive_consensus.node_3_value_3.finite_wrap.cpp ivy_exec.i

[SWIG RESULT]: OK

g++ -std=c++11 -fpic -pthread -O3 naive_consensus.node_3_value_3.finite.cpp naive_consensus.node_3_value_3.finite_wrap.cpp -I/home/yunrong/.pyenv/versions/3.12.0/include/python3.12 -c

[G++ RESULT]: OK

g++ -shared naive_consensus.node_3_value_3.finite.o naive_consensus.node_3_value_3.finite_wrap.o -o _ivy_exec.so -lm -lstdc++

[LINK RESULT]: OK

[QRM NOTE]: Time elapsed since start: 8.797 seconds

[QRM NOTE]: Time elapsed since last: 8.797 seconds

[QRM NOTE]: Peak memory: 1188712 bytes


===================================

	Forward reachability

===================================

[FW NOTE]: dfs max depth: 7

[FW NOTE]: number of total reachable states:        160

[FW NOTE]: number of dfs representative states:     17

[FW NOTE]: number of dfs non-representative states: 143


=================================================================================================================

	[FW RESULT]: Forward Reachability on [ivybench/sym_quorum/ivy/naive_consensus.ivy: node=3,value=3]

=================================================================================================================

sort: node=['node0', 'node1', 'node2']
sort: value=['value0', 'value1', 'value2']
sort: quorum=['quorum__node0_node1', 'quorum__node0_node2', 'quorum__node1_node2']
predicate: decision('value',)
predicate: vote('node', 'value')
predicate: decide('quorum', 'value')
predicate: member('node', 'quorum')
interpreted atoms: {'member(node0,quorum__node0_node1)': '1', 'member(node0,quorum__node0_node2)': '1', 'member(node0,quorum__node1_node2)': '0', 'member(node1,quorum__node0_node1)': '1', 'member(node1,quorum__node0_node2)': '0', 'member(node1,quorum__node1_node2)': '1', 'member(node2,quorum__node0_node1)': '0', 'member(node2,quorum__node0_node2)': '1', 'member(node2,quorum__node1_node2)': '1'}
state atoms: ['decide(quorum__node0_node1,value0)', 'decide(quorum__node0_node1,value1)', 'decide(quorum__node0_node1,value2)', 'decide(quorum__node0_node2,value0)', 'decide(quorum__node0_node2,value1)', 'decide(quorum__node0_node2,value2)', 'decide(quorum__node1_node2,value0)', 'decide(quorum__node1_node2,value1)', 'decide(quorum__node1_node2,value2)', 'decision(value0)', 'decision(value1)', 'decision(value2)', 'vote(node0,value0)', 'vote(node0,value1)', 'vote(node0,value2)', 'vote(node1,value0)', 'vote(node1,value1)', 'vote(node1,value2)', 'vote(node2,value0)', 'vote(node2,value1)', 'vote(node2,value2)']
representative states : 427, 939, 5035, 37803, 2134955, 18912171, 153129899, 153392043, 19174315, 2397099, 38315, 2167723, 2429867, 2102187, 2364331, 5547, 43435


=== State Orbit 0 =====================
size : 1
repr state: 000000000000000000000
lex min decimal: 427
states:
000000000000000000000




=== State Orbit 1 =====================
size : 9
repr state: 000000000000100000000
lex min decimal: 939
states:
000000000000000010000
000000000000100000000
000000000000000001000
000000000000000000001
000000000000001000000
000000000000010000000
000000000000000000010
000000000000000100000
000000000000000000100




=== State Orbit 2 =====================
size : 9
repr state: 000000000000100100000
lex min decimal: 5035
states:
000000000000010000010
000000000000100100000
000000000000100000100
000000000000000001001
000000000000001001000
000000000000001000001
000000000000000100100
000000000000000010010
000000000000010010000




=== State Orbit 3 =====================
size : 3
repr state: 000000000000100100100
lex min decimal: 37803
states:
000000000000010010010
000000000000100100100
000000000000001001001




=== State Orbit 4 =====================
size : 9
repr state: 100000000000100100100
lex min decimal: 2134955
states:
001000000000001001001
010000000000010010010
100000000000100100100
000010000000010010010
000000010000010010010
000100000000100100100
000000001000001001001
000001000000001001001
000000100000100100100




=== State Orbit 5 =====================
size : 9
repr state: 100100000000100100100
lex min decimal: 18912171
states:
010000010000010010010
001000001000001001001
100000100000100100100
100100000000100100100
000100100000100100100
000010010000010010010
001001000000001001001
010010000000010010010
000001001000001001001




=== State Orbit 6 =====================
size : 3
repr state: 100100100000100100100
lex min decimal: 153129899
states:
100100100000100100100
010010010000010010010
001001001000001001001




=== State Orbit 7 =====================
size : 3
repr state: 100100100100100100100
lex min decimal: 153392043
states:
001001001001001001001
010010010010010010010
100100100100100100100




=== State Orbit 8 =====================
size : 9
repr state: 100100000100100100100
lex min decimal: 19174315
states:
010010000010010010010
000010010010010010010
001000001001001001001
100100000100100100100
000001001001001001001
001001000001001001001
100000100100100100100
010000010010010010010
000100100100100100100




=== State Orbit 9 =====================
size : 9
repr state: 100000000100100100100
lex min decimal: 2397099
states:
001000000001001001001
000000001001001001001
000010000010010010010
100000000100100100100
000000100100100100100
000100000100100100100
000001000001001001001
000000010010010010010
010000000010010010010




=== State Orbit 10 =====================
size : 18
repr state: 000000000000100100010
lex min decimal: 38315
states:
000000000000010100010
000000000000001010010
000000000000010001010
000000000000001100001
000000000000100100001
000000000000010001001
000000000000001001100
000000000000010100100
000000000000001100100
000000000000100010010
000000000000100001100
000000000000001001010
000000000000100010100
000000000000010010100
000000000000001010001
000000000000100100010
000000000000100001001
000000000000010010001




=== State Orbit 11 =====================
size : 18
repr state: 100000000000100100010
lex min decimal: 2167723
states:
000000001000100001001
000001000000001100001
000000100000001100100
010000000000010010100
000000010000100010010
000000001000010001001
001000000000001001010
000100000000100001100
000010000000010100010
000001000000001010001
000000100000010100100
010000000000010010001
000010000000010001010
100000000000100100001
000000010000001010010
100000000000100100010
001000000000001001100
000100000000100010100




=== State Orbit 12 =====================
size : 18
repr state: 100000000100100100010
lex min decimal: 2429867
states:
000000010010001010010
000000001001100001001
100000000100100100001
001000000001001001010
010000000010010010100
000100000100100001100
000010000010010100010
001000000001001001100
000010000010010001010
000000100100010100100
000000100100001100100
000000010010100010010
000001000001001100001
100000000100100100010
000100000100100010100
010000000010010010001
000000001001010001001
000001000001001010001




=== State Orbit 13 =====================
size : 9
repr state: 100000000000100100000
lex min decimal: 2102187
states:
000000001000000001001
001000000000001001000
000100000000100000100
000010000000010000010
000001000000001000001
000000010000000010010
010000000000010010000
000000100000000100100
100000000000100100000




=== State Orbit 14 =====================
size : 9
repr state: 100000000100100100000
lex min decimal: 2364331
states:
000100000100100000100
000000010010000010010
000010000010010000010
000000100100000100100
010000000010010010000
000001000001001000001
000000001001000001001
100000000100100100000
001000000001001001000




=== State Orbit 15 =====================
size : 18
repr state: 000000000000100010000
lex min decimal: 5547
states:
000000000000100010000
000000000000100000001
000000000000001010000
000000000000001100000
000000000000000001010
000000000000001000100
000000000000010000001
000000000000000010001
000000000000100001000
000000000000000100001
000000000000000010100
000000000000000001100
000000000000100000010
000000000000010100000
000000000000010000100
000000000000001000010
000000000000010001000
000000000000000100010




=== State Orbit 16 =====================
size : 6
repr state: 000000000000100010001
lex min decimal: 43435
states:
000000000000001010100
000000000000010001100
000000000000001100010
000000000000100010001
000000000000100001010
000000000000010100001



[QRM NOTE]: Time elapsed since start: 9.145 seconds

[QRM NOTE]: Time elapsed since last: 0.348 seconds

[QRM NOTE]: Peak memory: 1268305 bytes


======================================

	Reduce Equivalent Atoms

======================================

[FW NOTE]: equivalent atoms

[FW NOTE]: complement atoms

[FW NOTE]: remove_atom_ids: set()

[QRM NOTE]: Time elapsed since start: 9.151 seconds

[QRM NOTE]: Time elapsed since last: 0.006 seconds

[QRM NOTE]: Peak memory: 257754 bytes


=================================================================================================================

	[PRIME]: Prime Orbit Generatation on [ivybench/sym_quorum/ivy/naive_consensus.ivy: node=3,value=3]

=================================================================================================================


============================================================================================================

	[PRIME RESULT]: Prime Orbits on [ivybench/sym_quorum/ivy/naive_consensus.ivy: node=3,value=3]

============================================================================================================


=== Prime Orbit 0 =====================
size : 9
num_suborbits: 1
0 (*) : -------------------11
0     : ['vote(node2,value1)', 'vote(node2,value2)']
1     : ------------------1-1
1     : ['vote(node2,value0)', 'vote(node2,value2)']
2     : ------------------11-
2     : ['vote(node2,value0)', 'vote(node2,value1)']
3     : ----------------11---
3     : ['vote(node1,value1)', 'vote(node1,value2)']
4     : ---------------1-1---
4     : ['vote(node1,value0)', 'vote(node1,value2)']
5     : ---------------11----
5     : ['vote(node1,value0)', 'vote(node1,value1)']
6     : -------------11------
6     : ['vote(node0,value1)', 'vote(node0,value2)']
7     : ------------1-1------
7     : ['vote(node0,value0)', 'vote(node0,value2)']
8     : ------------11-------
8     : ['vote(node0,value0)', 'vote(node0,value1)']
num_forall :   0
num_exists :   0
num_literals : 0
quantified form : None
qcost : 0


=== Prime Orbit 1 =====================
size : 36
num_suborbits: 1
9 (*) : ---1----------------1
9     : ['decide(quorum__node0_node2,value0)', 'vote(node2,value2)']
10     : ---1---------------1-
10     : ['decide(quorum__node0_node2,value0)', 'vote(node2,value1)']
11     : ----1---------------1
11     : ['decide(quorum__node0_node2,value1)', 'vote(node2,value2)']
12     : ----1-------------1--
12     : ['decide(quorum__node0_node2,value1)', 'vote(node2,value0)']
13     : -----1-------------1-
13     : ['decide(quorum__node0_node2,value2)', 'vote(node2,value1)']
14     : -----1------------1--
14     : ['decide(quorum__node0_node2,value2)', 'vote(node2,value0)']
15     : 1----------------1---
15     : ['decide(quorum__node0_node1,value0)', 'vote(node1,value2)']
16     : 1---------------1----
16     : ['decide(quorum__node0_node1,value0)', 'vote(node1,value1)']
17     : -1---------------1---
17     : ['decide(quorum__node0_node1,value1)', 'vote(node1,value2)']
18     : -1-------------1-----
18     : ['decide(quorum__node0_node1,value1)', 'vote(node1,value0)']
19     : --1-------------1----
19     : ['decide(quorum__node0_node1,value2)', 'vote(node1,value1)']
20     : --1------------1-----
20     : ['decide(quorum__node0_node1,value2)', 'vote(node1,value0)']
21     : ------1-------------1
21     : ['decide(quorum__node1_node2,value0)', 'vote(node2,value2)']
22     : ------1------------1-
22     : ['decide(quorum__node1_node2,value0)', 'vote(node2,value1)']
23     : -------1------------1
23     : ['decide(quorum__node1_node2,value1)', 'vote(node2,value2)']
24     : -------1----------1--
24     : ['decide(quorum__node1_node2,value1)', 'vote(node2,value0)']
25     : --------1----------1-
25     : ['decide(quorum__node1_node2,value2)', 'vote(node2,value1)']
26     : --------1---------1--
26     : ['decide(quorum__node1_node2,value2)', 'vote(node2,value0)']
27     : 1-------------1------
27     : ['decide(quorum__node0_node1,value0)', 'vote(node0,value2)']
28     : 1------------1-------
28     : ['decide(quorum__node0_node1,value0)', 'vote(node0,value1)']
29     : -1------------1------
29     : ['decide(quorum__node0_node1,value1)', 'vote(node0,value2)']
30     : -1----------1--------
30     : ['decide(quorum__node0_node1,value1)', 'vote(node0,value0)']
31     : --1----------1-------
31     : ['decide(quorum__node0_node1,value2)', 'vote(node0,value1)']
32     : --1---------1--------
32     : ['decide(quorum__node0_node1,value2)', 'vote(node0,value0)']
33     : ------1----------1---
33     : ['decide(quorum__node1_node2,value0)', 'vote(node1,value2)']
34     : ------1---------1----
34     : ['decide(quorum__node1_node2,value0)', 'vote(node1,value1)']
35     : -------1---------1---
35     : ['decide(quorum__node1_node2,value1)', 'vote(node1,value2)']
36     : -------1-------1-----
36     : ['decide(quorum__node1_node2,value1)', 'vote(node1,value0)']
37     : --------1-------1----
37     : ['decide(quorum__node1_node2,value2)', 'vote(node1,value1)']
38     : --------1------1-----
38     : ['decide(quorum__node1_node2,value2)', 'vote(node1,value0)']
39     : ---1----------1------
39     : ['decide(quorum__node0_node2,value0)', 'vote(node0,value2)']
40     : ---1---------1-------
40     : ['decide(quorum__node0_node2,value0)', 'vote(node0,value1)']
41     : ----1---------1------
41     : ['decide(quorum__node0_node2,value1)', 'vote(node0,value2)']
42     : ----1-------1--------
42     : ['decide(quorum__node0_node2,value1)', 'vote(node0,value0)']
43     : -----1-------1-------
43     : ['decide(quorum__node0_node2,value2)', 'vote(node0,value1)']
44     : -----1------1--------
44     : ['decide(quorum__node0_node2,value2)', 'vote(node0,value0)']
num_forall :   0
num_exists :   0
num_literals : 0
quantified form : None
qcost : 0


=== Prime Orbit 2 =====================
size : 18
num_suborbits: 1
45 (*) : --------1-----------0
45     : ['decide(quorum__node1_node2,value2)', '~vote(node2,value2)']
46     : -------1-----------0-
46     : ['decide(quorum__node1_node2,value1)', '~vote(node2,value1)']
47     : ------1-----------0--
47     : ['decide(quorum__node1_node2,value0)', '~vote(node2,value0)']
48     : --------1--------0---
48     : ['decide(quorum__node1_node2,value2)', '~vote(node1,value2)']
49     : -------1--------0----
49     : ['decide(quorum__node1_node2,value1)', '~vote(node1,value1)']
50     : ------1--------0-----
50     : ['decide(quorum__node1_node2,value0)', '~vote(node1,value0)']
51     : -----1--------------0
51     : ['decide(quorum__node0_node2,value2)', '~vote(node2,value2)']
52     : ----1--------------0-
52     : ['decide(quorum__node0_node2,value1)', '~vote(node2,value1)']
53     : ---1--------------0--
53     : ['decide(quorum__node0_node2,value0)', '~vote(node2,value0)']
54     : -----1--------0------
54     : ['decide(quorum__node0_node2,value2)', '~vote(node0,value2)']
55     : ----1--------0-------
55     : ['decide(quorum__node0_node2,value1)', '~vote(node0,value1)']
56     : ---1--------0--------
56     : ['decide(quorum__node0_node2,value0)', '~vote(node0,value0)']
57     : --1--------------0---
57     : ['decide(quorum__node0_node1,value2)', '~vote(node1,value2)']
58     : -1--------------0----
58     : ['decide(quorum__node0_node1,value1)', '~vote(node1,value1)']
59     : 1--------------0-----
59     : ['decide(quorum__node0_node1,value0)', '~vote(node1,value0)']
60     : --1-----------0------
60     : ['decide(quorum__node0_node1,value2)', '~vote(node0,value2)']
61     : -1-----------0-------
61     : ['decide(quorum__node0_node1,value1)', '~vote(node0,value1)']
62     : 1-----------0--------
62     : ['decide(quorum__node0_node1,value0)', '~vote(node0,value0)']
num_forall :   0
num_exists :   0
num_literals : 0
quantified form : None
qcost : 0


=== Prime Orbit 3 =====================
size : 18
num_suborbits: 1
63 (*) : --------11-----------
63     : ['decide(quorum__node1_node2,value2)', 'decision(value0)']
64     : -------1-1-----------
64     : ['decide(quorum__node1_node2,value1)', 'decision(value0)']
65     : --------1-1----------
65     : ['decide(quorum__node1_node2,value2)', 'decision(value1)']
66     : ------1---1----------
66     : ['decide(quorum__node1_node2,value0)', 'decision(value1)']
67     : -------1---1---------
67     : ['decide(quorum__node1_node2,value1)', 'decision(value2)']
68     : ------1----1---------
68     : ['decide(quorum__node1_node2,value0)', 'decision(value2)']
69     : -----1---1-----------
69     : ['decide(quorum__node0_node2,value2)', 'decision(value0)']
70     : ----1----1-----------
70     : ['decide(quorum__node0_node2,value1)', 'decision(value0)']
71     : -----1----1----------
71     : ['decide(quorum__node0_node2,value2)', 'decision(value1)']
72     : ---1------1----------
72     : ['decide(quorum__node0_node2,value0)', 'decision(value1)']
73     : ----1------1---------
73     : ['decide(quorum__node0_node2,value1)', 'decision(value2)']
74     : ---1-------1---------
74     : ['decide(quorum__node0_node2,value0)', 'decision(value2)']
75     : --1------1-----------
75     : ['decide(quorum__node0_node1,value2)', 'decision(value0)']
76     : -1-------1-----------
76     : ['decide(quorum__node0_node1,value1)', 'decision(value0)']
77     : --1-------1----------
77     : ['decide(quorum__node0_node1,value2)', 'decision(value1)']
78     : 1---------1----------
78     : ['decide(quorum__node0_node1,value0)', 'decision(value1)']
79     : -1---------1---------
79     : ['decide(quorum__node0_node1,value1)', 'decision(value2)']
80     : 1----------1---------
80     : ['decide(quorum__node0_node1,value0)', 'decision(value2)']
num_forall :   0
num_exists :   0
num_literals : 0
quantified form : None
qcost : 0


=== Prime Orbit 4 =====================
size : 27
num_suborbits: 2
81 (*) : ---1----1------------
81     : ['decide(quorum__node0_node2,value0)', 'decide(quorum__node1_node2,value2)']
82     : ---1---1-------------
82     : ['decide(quorum__node0_node2,value0)', 'decide(quorum__node1_node2,value1)']
83     : ----1---1------------
83     : ['decide(quorum__node0_node2,value1)', 'decide(quorum__node1_node2,value2)']
84     : ----1-1--------------
84     : ['decide(quorum__node0_node2,value1)', 'decide(quorum__node1_node2,value0)']
85     : -----1-1-------------
85     : ['decide(quorum__node0_node2,value2)', 'decide(quorum__node1_node2,value1)']
86     : -----11--------------
86     : ['decide(quorum__node0_node2,value2)', 'decide(quorum__node1_node2,value0)']
87     : 1-------1------------
87     : ['decide(quorum__node0_node1,value0)', 'decide(quorum__node1_node2,value2)']
88     : 1------1-------------
88     : ['decide(quorum__node0_node1,value0)', 'decide(quorum__node1_node2,value1)']
89     : -1------1------------
89     : ['decide(quorum__node0_node1,value1)', 'decide(quorum__node1_node2,value2)']
90     : -1----1--------------
90     : ['decide(quorum__node0_node1,value1)', 'decide(quorum__node1_node2,value0)']
91     : --1----1-------------
91     : ['decide(quorum__node0_node1,value2)', 'decide(quorum__node1_node2,value1)']
92     : --1---1--------------
92     : ['decide(quorum__node0_node1,value2)', 'decide(quorum__node1_node2,value0)']
93     : 1----1---------------
93     : ['decide(quorum__node0_node1,value0)', 'decide(quorum__node0_node2,value2)']
94     : 1---1----------------
94     : ['decide(quorum__node0_node1,value0)', 'decide(quorum__node0_node2,value1)']
95     : -1---1---------------
95     : ['decide(quorum__node0_node1,value1)', 'decide(quorum__node0_node2,value2)']
96     : -1-1-----------------
96     : ['decide(quorum__node0_node1,value1)', 'decide(quorum__node0_node2,value0)']
97     : --1-1----------------
97     : ['decide(quorum__node0_node1,value2)', 'decide(quorum__node0_node2,value1)']
98     : --11-----------------
98     : ['decide(quorum__node0_node1,value2)', 'decide(quorum__node0_node2,value0)']
99 (*) : -------11------------
99     : ['decide(quorum__node1_node2,value1)', 'decide(quorum__node1_node2,value2)']
100     : ------1-1------------
100     : ['decide(quorum__node1_node2,value0)', 'decide(quorum__node1_node2,value2)']
101     : ------11-------------
101     : ['decide(quorum__node1_node2,value0)', 'decide(quorum__node1_node2,value1)']
102     : ----11---------------
102     : ['decide(quorum__node0_node2,value1)', 'decide(quorum__node0_node2,value2)']
103     : ---1-1---------------
103     : ['decide(quorum__node0_node2,value0)', 'decide(quorum__node0_node2,value2)']
104     : ---11----------------
104     : ['decide(quorum__node0_node2,value0)', 'decide(quorum__node0_node2,value1)']
105     : -11------------------
105     : ['decide(quorum__node0_node1,value1)', 'decide(quorum__node0_node1,value2)']
106     : 1-1------------------
106     : ['decide(quorum__node0_node1,value0)', 'decide(quorum__node0_node1,value2)']
107     : 11-------------------
107     : ['decide(quorum__node0_node1,value0)', 'decide(quorum__node0_node1,value1)']
num_forall :   0
num_exists :   0
num_literals : 0
quantified form : None
qcost : 0


=== Prime Orbit 5 =====================
size : 3
num_suborbits: 1
108 (*) : ---------1-1---------
108     : ['decision(value0)', 'decision(value2)']
109     : ---------11----------
109     : ['decision(value0)', 'decision(value1)']
110     : ----------11---------
110     : ['decision(value1)', 'decision(value2)']
num_forall :   0
num_exists :   0
num_literals : 0
quantified form : None
qcost : 0


=== Prime Orbit 6 =====================
size : 36
num_suborbits: 2
111 (*) : ---------1----1-----1
111     : ['decision(value0)', 'vote(node0,value2)', 'vote(node2,value2)']
112     : ---------1---1-----1-
112     : ['decision(value0)', 'vote(node0,value1)', 'vote(node2,value1)']
113     : ----------1---1-----1
113     : ['decision(value1)', 'vote(node0,value2)', 'vote(node2,value2)']
114     : ----------1-1-----1--
114     : ['decision(value1)', 'vote(node0,value0)', 'vote(node2,value0)']
115     : -----------1-1-----1-
115     : ['decision(value2)', 'vote(node0,value1)', 'vote(node2,value1)']
116     : -----------11-----1--
116     : ['decision(value2)', 'vote(node0,value0)', 'vote(node2,value0)']
117     : ---------1----1--1---
117     : ['decision(value0)', 'vote(node0,value2)', 'vote(node1,value2)']
118     : ---------1---1--1----
118     : ['decision(value0)', 'vote(node0,value1)', 'vote(node1,value1)']
119     : ----------1---1--1---
119     : ['decision(value1)', 'vote(node0,value2)', 'vote(node1,value2)']
120     : ----------1-1--1-----
120     : ['decision(value1)', 'vote(node0,value0)', 'vote(node1,value0)']
121     : -----------1-1--1----
121     : ['decision(value2)', 'vote(node0,value1)', 'vote(node1,value1)']
122     : -----------11--1-----
122     : ['decision(value2)', 'vote(node0,value0)', 'vote(node1,value0)']
123     : ---------1-------1--1
123     : ['decision(value0)', 'vote(node1,value2)', 'vote(node2,value2)']
124     : ---------1------1--1-
124     : ['decision(value0)', 'vote(node1,value1)', 'vote(node2,value1)']
125     : ----------1------1--1
125     : ['decision(value1)', 'vote(node1,value2)', 'vote(node2,value2)']
126     : ----------1----1--1--
126     : ['decision(value1)', 'vote(node1,value0)', 'vote(node2,value0)']
127     : -----------1----1--1-
127     : ['decision(value2)', 'vote(node1,value1)', 'vote(node2,value1)']
128     : -----------1---1--1--
128     : ['decision(value2)', 'vote(node1,value0)', 'vote(node2,value0)']
183 (*) : ---------1---1------1
183     : ['decision(value0)', 'vote(node0,value1)', 'vote(node2,value2)']
184     : ---------1----1----1-
184     : ['decision(value0)', 'vote(node0,value2)', 'vote(node2,value1)']
185     : ----------1-1-------1
185     : ['decision(value1)', 'vote(node0,value0)', 'vote(node2,value2)']
186     : ----------1---1---1--
186     : ['decision(value1)', 'vote(node0,value2)', 'vote(node2,value0)']
187     : -----------11------1-
187     : ['decision(value2)', 'vote(node0,value0)', 'vote(node2,value1)']
188     : -----------1-1----1--
188     : ['decision(value2)', 'vote(node0,value1)', 'vote(node2,value0)']
189     : ---------1---1---1---
189     : ['decision(value0)', 'vote(node0,value1)', 'vote(node1,value2)']
190     : ---------1----1-1----
190     : ['decision(value0)', 'vote(node0,value2)', 'vote(node1,value1)']
191     : ----------1-1----1---
191     : ['decision(value1)', 'vote(node0,value0)', 'vote(node1,value2)']
192     : ----------1---11-----
192     : ['decision(value1)', 'vote(node0,value2)', 'vote(node1,value0)']
193     : -----------11---1----
193     : ['decision(value2)', 'vote(node0,value0)', 'vote(node1,value1)']
194     : -----------1-1-1-----
194     : ['decision(value2)', 'vote(node0,value1)', 'vote(node1,value0)']
195     : ---------1------1---1
195     : ['decision(value0)', 'vote(node1,value1)', 'vote(node2,value2)']
196     : ---------1-------1-1-
196     : ['decision(value0)', 'vote(node1,value2)', 'vote(node2,value1)']
197     : ----------1----1----1
197     : ['decision(value1)', 'vote(node1,value0)', 'vote(node2,value2)']
198     : ----------1------11--
198     : ['decision(value1)', 'vote(node1,value2)', 'vote(node2,value0)']
199     : -----------1---1---1-
199     : ['decision(value2)', 'vote(node1,value0)', 'vote(node2,value1)']
200     : -----------1----1-1--
200     : ['decision(value2)', 'vote(node1,value1)', 'vote(node2,value0)']
num_forall :   0
num_exists :   0
num_literals : 0
quantified form : None
qcost : 0


=== Prime Orbit 7 =====================
size : 18
num_suborbits: 1
129 (*) : 0--------1----------1
129     : ['decision(value0)', 'vote(node2,value2)', '~decide(quorum__node0_node1,value0)']
130     : 0--------1---------1-
130     : ['decision(value0)', 'vote(node2,value1)', '~decide(quorum__node0_node1,value0)']
131     : -0--------1---------1
131     : ['decision(value1)', 'vote(node2,value2)', '~decide(quorum__node0_node1,value1)']
132     : -0--------1-------1--
132     : ['decision(value1)', 'vote(node2,value0)', '~decide(quorum__node0_node1,value1)']
133     : --0--------1-------1-
133     : ['decision(value2)', 'vote(node2,value1)', '~decide(quorum__node0_node1,value2)']
134     : --0--------1------1--
134     : ['decision(value2)', 'vote(node2,value0)', '~decide(quorum__node0_node1,value2)']
135     : ---0-----1-------1---
135     : ['decision(value0)', 'vote(node1,value2)', '~decide(quorum__node0_node2,value0)']
136     : ---0-----1------1----
136     : ['decision(value0)', 'vote(node1,value1)', '~decide(quorum__node0_node2,value0)']
137     : ----0-----1------1---
137     : ['decision(value1)', 'vote(node1,value2)', '~decide(quorum__node0_node2,value1)']
138     : ----0-----1----1-----
138     : ['decision(value1)', 'vote(node1,value0)', '~decide(quorum__node0_node2,value1)']
139     : -----0-----1----1----
139     : ['decision(value2)', 'vote(node1,value1)', '~decide(quorum__node0_node2,value2)']
140     : -----0-----1---1-----
140     : ['decision(value2)', 'vote(node1,value0)', '~decide(quorum__node0_node2,value2)']
141     : ------0--1----1------
141     : ['decision(value0)', 'vote(node0,value2)', '~decide(quorum__node1_node2,value0)']
142     : ------0--1---1-------
142     : ['decision(value0)', 'vote(node0,value1)', '~decide(quorum__node1_node2,value0)']
143     : -------0--1---1------
143     : ['decision(value1)', 'vote(node0,value2)', '~decide(quorum__node1_node2,value1)']
144     : -------0--1-1--------
144     : ['decision(value1)', 'vote(node0,value0)', '~decide(quorum__node1_node2,value1)']
145     : --------0--1-1-------
145     : ['decision(value2)', 'vote(node0,value1)', '~decide(quorum__node1_node2,value2)']
146     : --------0--11--------
146     : ['decision(value2)', 'vote(node0,value0)', '~decide(quorum__node1_node2,value2)']
num_forall :   0
num_exists :   0
num_literals : 0
quantified form : None
qcost : 0


=== Prime Orbit 8 =====================
size : 36
num_suborbits: 1
147 (*) : ---------1--0-------1
147     : ['decision(value0)', 'vote(node2,value2)', '~vote(node0,value0)']
148     : ---------1--0------1-
148     : ['decision(value0)', 'vote(node2,value1)', '~vote(node0,value0)']
149     : ----------1--0------1
149     : ['decision(value1)', 'vote(node2,value2)', '~vote(node0,value1)']
150     : ----------1--0----1--
150     : ['decision(value1)', 'vote(node2,value0)', '~vote(node0,value1)']
151     : -----------1--0----1-
151     : ['decision(value2)', 'vote(node2,value1)', '~vote(node0,value2)']
152     : -----------1--0---1--
152     : ['decision(value2)', 'vote(node2,value0)', '~vote(node0,value2)']
153     : ---------1--0----1---
153     : ['decision(value0)', 'vote(node1,value2)', '~vote(node0,value0)']
154     : ---------1--0---1----
154     : ['decision(value0)', 'vote(node1,value1)', '~vote(node0,value0)']
155     : ----------1--0---1---
155     : ['decision(value1)', 'vote(node1,value2)', '~vote(node0,value1)']
156     : ----------1--0-1-----
156     : ['decision(value1)', 'vote(node1,value0)', '~vote(node0,value1)']
157     : -----------1--0-1----
157     : ['decision(value2)', 'vote(node1,value1)', '~vote(node0,value2)']
158     : -----------1--01-----
158     : ['decision(value2)', 'vote(node1,value0)', '~vote(node0,value2)']
159     : ---------1-----0----1
159     : ['decision(value0)', 'vote(node2,value2)', '~vote(node1,value0)']
160     : ---------1-----0---1-
160     : ['decision(value0)', 'vote(node2,value1)', '~vote(node1,value0)']
161     : ----------1-----0---1
161     : ['decision(value1)', 'vote(node2,value2)', '~vote(node1,value1)']
162     : ----------1-----0-1--
162     : ['decision(value1)', 'vote(node2,value0)', '~vote(node1,value1)']
163     : -----------1-----0-1-
163     : ['decision(value2)', 'vote(node2,value1)', '~vote(node1,value2)']
164     : -----------1-----01--
164     : ['decision(value2)', 'vote(node2,value0)', '~vote(node1,value2)']
165     : ---------1----10-----
165     : ['decision(value0)', 'vote(node0,value2)', '~vote(node1,value0)']
166     : ---------1---1-0-----
166     : ['decision(value0)', 'vote(node0,value1)', '~vote(node1,value0)']
167     : ----------1---1-0----
167     : ['decision(value1)', 'vote(node0,value2)', '~vote(node1,value1)']
168     : ----------1-1---0----
168     : ['decision(value1)', 'vote(node0,value0)', '~vote(node1,value1)']
169     : -----------1-1---0---
169     : ['decision(value2)', 'vote(node0,value1)', '~vote(node1,value2)']
170     : -----------11----0---
170     : ['decision(value2)', 'vote(node0,value0)', '~vote(node1,value2)']
171     : ---------1-------10--
171     : ['decision(value0)', 'vote(node1,value2)', '~vote(node2,value0)']
172     : ---------1------1-0--
172     : ['decision(value0)', 'vote(node1,value1)', '~vote(node2,value0)']
173     : ----------1------1-0-
173     : ['decision(value1)', 'vote(node1,value2)', '~vote(node2,value1)']
174     : ----------1----1---0-
174     : ['decision(value1)', 'vote(node1,value0)', '~vote(node2,value1)']
175     : -----------1----1---0
175     : ['decision(value2)', 'vote(node1,value1)', '~vote(node2,value2)']
176     : -----------1---1----0
176     : ['decision(value2)', 'vote(node1,value0)', '~vote(node2,value2)']
177     : ---------1----1---0--
177     : ['decision(value0)', 'vote(node0,value2)', '~vote(node2,value0)']
178     : ---------1---1----0--
178     : ['decision(value0)', 'vote(node0,value1)', '~vote(node2,value0)']
179     : ----------1---1----0-
179     : ['decision(value1)', 'vote(node0,value2)', '~vote(node2,value1)']
180     : ----------1-1------0-
180     : ['decision(value1)', 'vote(node0,value0)', '~vote(node2,value1)']
181     : -----------1-1------0
181     : ['decision(value2)', 'vote(node0,value1)', '~vote(node2,value2)']
182     : -----------11-------0
182     : ['decision(value2)', 'vote(node0,value0)', '~vote(node2,value2)']
num_forall :   0
num_exists :   0
num_literals : 0
quantified form : None
qcost : 0


=== Prime Orbit 9 =====================
size : 9
num_suborbits: 1
201 (*) : ---0-----1-----0-----
201     : ['decision(value0)', '~decide(quorum__node0_node2,value0)', '~vote(node1,value0)']
202     : ----0-----1-----0----
202     : ['decision(value1)', '~decide(quorum__node0_node2,value1)', '~vote(node1,value1)']
203     : -----0-----1-----0---
203     : ['decision(value2)', '~decide(quorum__node0_node2,value2)', '~vote(node1,value2)']
204     : 0--------1--------0--
204     : ['decision(value0)', '~decide(quorum__node0_node1,value0)', '~vote(node2,value0)']
205     : -0--------1--------0-
205     : ['decision(value1)', '~decide(quorum__node0_node1,value1)', '~vote(node2,value1)']
206     : --0--------1--------0
206     : ['decision(value2)', '~decide(quorum__node0_node1,value2)', '~vote(node2,value2)']
207     : ------0--1--0--------
207     : ['decision(value0)', '~decide(quorum__node1_node2,value0)', '~vote(node0,value0)']
208     : -------0--1--0-------
208     : ['decision(value1)', '~decide(quorum__node1_node2,value1)', '~vote(node0,value1)']
209     : --------0--1--0------
209     : ['decision(value2)', '~decide(quorum__node1_node2,value2)', '~vote(node0,value2)']
num_forall :   0
num_exists :   0
num_literals : 0
quantified form : None
qcost : 0


=== Prime Orbit 10 =====================
size : 9
num_suborbits: 1
210 (*) : ---------1-----0--0--
210     : ['decision(value0)', '~vote(node1,value0)', '~vote(node2,value0)']
211     : ----------1-----0--0-
211     : ['decision(value1)', '~vote(node1,value1)', '~vote(node2,value1)']
212     : -----------1-----0--0
212     : ['decision(value2)', '~vote(node1,value2)', '~vote(node2,value2)']
213     : ---------1--0-----0--
213     : ['decision(value0)', '~vote(node0,value0)', '~vote(node2,value0)']
214     : ----------1--0-----0-
214     : ['decision(value1)', '~vote(node0,value1)', '~vote(node2,value1)']
215     : -----------1--0-----0
215     : ['decision(value2)', '~vote(node0,value2)', '~vote(node2,value2)']
216     : ---------1--0--0-----
216     : ['decision(value0)', '~vote(node0,value0)', '~vote(node1,value0)']
217     : ----------1--0--0----
217     : ['decision(value1)', '~vote(node0,value1)', '~vote(node1,value1)']
218     : -----------1--0--0---
218     : ['decision(value2)', '~vote(node0,value2)', '~vote(node1,value2)']
num_forall :   0
num_exists :   0
num_literals : 0
quantified form : None
qcost : 0


=== Prime Orbit 11 =====================
size : 3
num_suborbits: 1
219 (*) : 0--0--0--1-----------
219     : ['decision(value0)', '~decide(quorum__node0_node1,value0)', '~decide(quorum__node0_node2,value0)', '~decide(quorum__node1_node2,value0)']
220     : -0--0--0--1----------
220     : ['decision(value1)', '~decide(quorum__node0_node1,value1)', '~decide(quorum__node0_node2,value1)', '~decide(quorum__node1_node2,value1)']
221     : --0--0--0--1---------
221     : ['decision(value2)', '~decide(quorum__node0_node1,value2)', '~decide(quorum__node0_node2,value2)', '~decide(quorum__node1_node2,value2)']
num_forall :   0
num_exists :   0
num_literals : 0
quantified form : None
qcost : 0



[PRIME NOTE]: number of orbits after merging: 12

[PRIME NOTE]: number of orbits before merging: 14

[PRIME NOTE]: number of primes: 222

[QRM NOTE]: Time elapsed since start: 9.256 seconds

[QRM NOTE]: Time elapsed since last: 0.105 seconds

[QRM NOTE]: Peak memory: 1585608 bytes


======================================================================================================

	[RED]: PRIME REDUCTION on [ivybench/sym_quorum/ivy/naive_consensus.ivy: node=3,value=3]

======================================================================================================

definition primes: set()


New level: 0
 pending : [0, 1, 2, 3, 4, 5, 6, 7, 8, 9, 10, 11]
 solution : []


Before reduction : 
 pending  : [0, 1, 2, 3, 4, 5, 6, 7, 8, 9, 10, 11]
 solution : []

Essensial at level 0 : {0, 2, 11}

Before removed
 coverage : [(0, -1), (1, -1), (2, -1), (3, -1), (4, -1), (5, -1), (6, -1), (7, -1), (8, -1), (9, -1), (10, -1), (11, -1)]

After removed
 coverage : [(0, -1), (1, 0), (2, -1), (3, 0), (4, 0), (5, 0), (6, 0), (7, 0), (8, 0), (9, 0), (10, 0), (11, -1)]

Covered at level 0 : {1, 3, 4, 5, 6, 7, 8, 9, 10}

After reduction : 
 pending  : []
 solution : [0, 2, 11]


Before reduction : 
 pending  : []
 solution : [0, 2, 11]

Essensial at level 0 : set()

Before removed
 coverage : [(0, -1), (1, 0), (2, -1), (3, 0), (4, 0), (5, 0), (6, 0), (7, 0), (8, 0), (9, 0), (10, 0), (11, -1)]

After removed
 coverage : [(0, -1), (1, -1), (2, -1), (3, -1), (4, -1), (5, -1), (6, -1), (7, -1), (8, -1), (9, -1), (10, -1), (11, -1)]

Covered at level 0 : set()

After reduction : 
 pending  : []
 solution : [0, 2, 11]

[QRM NOTE]: Time elapsed since start: 9.302 seconds

[QRM NOTE]: Time elapsed since last: 0.046 seconds

[QRM NOTE]: Peak memory: 548583 bytes


==========================================================================================================

	[QI]: Quantifier Inference on [ivybench/sym_quorum/ivy/naive_consensus.ivy: node=3,value=3]

==========================================================================================================


---------- quantifier_inference ----------


=== Prime Orbit 0 =====================
size : 9
num_suborbits: 1
0 (*) : -------------------11
0     : ['vote(node2,value1)', 'vote(node2,value2)']
1     : ------------------1-1
1     : ['vote(node2,value0)', 'vote(node2,value2)']
2     : ------------------11-
2     : ['vote(node2,value0)', 'vote(node2,value1)']
3     : ----------------11---
3     : ['vote(node1,value1)', 'vote(node1,value2)']
4     : ---------------1-1---
4     : ['vote(node1,value0)', 'vote(node1,value2)']
5     : ---------------11----
5     : ['vote(node1,value0)', 'vote(node1,value1)']
6     : -------------11------
6     : ['vote(node0,value1)', 'vote(node0,value2)']
7     : ------------1-1------
7     : ['vote(node0,value0)', 'vote(node0,value2)']
8     : ------------11-------
8     : ['vote(node0,value0)', 'vote(node0,value1)']
num_forall :   0
num_exists :   0
num_literals : 0
quantified form : None
qcost : 0




---------- QPrime ----------


---------- ConstArgBinding ----------

terms: ['vote(node2,value1)', 'vote(node2,value2)']

sign_func_name2args: {'0$vote': [(Const('node2', EnumeratedSort('node', ('node0', 'node1', 'node2'))), Const('value1', EnumeratedSort('value', ('value0', 'value1', 'value2')))), (Const('node2', EnumeratedSort('node', ('node0', 'node1', 'node2'))), Const('value2', EnumeratedSort('value', ('value0', 'value1', 'value2'))))]}

const2sigs: {Const('node2', EnumeratedSort('node', ('node0', 'node1', 'node2'))): [node$0$vote$0$0, node$0$vote$0$1], Const('value1', EnumeratedSort('value', ('value0', 'value1', 'value2'))): [value$0$vote$1$0], Const('value2', EnumeratedSort('value', ('value0', 'value1', 'value2'))): [value$0$vote$1$1]}

sig2const: {'node$0$vote$0$0': Const('node2', EnumeratedSort('node', ('node0', 'node1', 'node2'))), 'value$0$vote$1$0': Const('value1', EnumeratedSort('value', ('value0', 'value1', 'value2'))), 'node$0$vote$0$1': Const('node2', EnumeratedSort('node', ('node0', 'node1', 'node2'))), 'value$0$vote$1$1': Const('value2', EnumeratedSort('value', ('value0', 'value1', 'value2')))}


---------- ArgPartition ----------

sort2class_sigs: {EnumeratedSort('node', ('node0', 'node1', 'node2')): [node$0$vote$0$0; node$0$vote$0$1], EnumeratedSort('value', ('value0', 'value1', 'value2')): [value$0$vote$1$0, value$0$vote$1$1]}

sort2part_sig: {EnumeratedSort('node', ('node0', 'node1', 'node2')): node$0$vote$0$0; node$0$vote$0$1, EnumeratedSort('value', ('value0', 'value1', 'value2')): value$0$vote$1$0 | value$0$vote$1$1}

part_sig: ('node$0$vote$0$0; node$0$vote$0$1', 'value$0$vote$1$0 | value$0$vote$1$1')


---------- SigGenerator ----------

terms:  ['vote(node2,value1)', 'vote(node2,value2)']

func_name2symbol:  {'vote': Const('vote', FunctionSort(EnumeratedSort('node', ('node0', 'node1', 'node2')), EnumeratedSort('value', ('value0', 'value1', 'value2')), BooleanSort()))}

func_name2args_sort:  {'vote': (EnumeratedSort('node', ('node0', 'node1', 'node2')), EnumeratedSort('value', ('value0', 'value1', 'value2')))}

sign_func_name2count:  {'0$vote': 2}


---------- ProductArgPartition ----------

sort2class_sigs: {EnumeratedSort('node', ('node0', 'node1', 'node2')): [node$0$vote$0$0; node$0$vote$0$1], EnumeratedSort('value', ('value0', 'value1', 'value2')): [value$0$vote$1$0, value$0$vote$1$1]}

sort2part_sig: {EnumeratedSort('node', ('node0', 'node1', 'node2')): node$0$vote$0$0; node$0$vote$0$1, EnumeratedSort('value', ('value0', 'value1', 'value2')): value$0$vote$1$0 | value$0$vote$1$1}

	sort: node

	identical_classes: {'node$0$vote$0; node$0$vote$0': [node$0$vote$0$0; node$0$vote$0$1]}

	identical_single_classes: {'node$0$vote$0; node$0$vote$0': node$0$vote$0$0; node$0$vote$0$1}

	identical_multi_classes: {}

	sort: value

	identical_classes: {'value$0$vote$1': [value$0$vote$1$0, value$0$vote$1$1]}

	identical_single_classes: {}

	identical_multi_classes: {'value$0$vote$1': [value$0$vote$1$0, value$0$vote$1$1]}


---------- QInference: _set_sort_to_quantifier_mode ----------

quantifier mode: node: QuantifierMode.forall

quantifier mode: value: QuantifierMode.forall


---------- QInference: _set_constraint_mode ----------

constraint mode: ConstraintMode.no_merge


---------- QFormula: _set_qvars ----------

forall_qvars: {Var('NODE0', EnumeratedSort('node', ('node0', 'node1', 'node2'))), Var('VALUE0', EnumeratedSort('value', ('value0', 'value1', 'value2'))), Var('VALUE1', EnumeratedSort('value', ('value0', 'value1', 'value2')))}

exists_qvars: set()


---------- QFormula: _set_signed_func_name_to_args ----------

signed_func_name2args: {'0$vote': [[Var('NODE0', EnumeratedSort('node', ('node0', 'node1', 'node2'))), Var('VALUE0', EnumeratedSort('value', ('value0', 'value1', 'value2')))], [Var('NODE0', EnumeratedSort('node', ('node0', 'node1', 'node2'))), Var('VALUE1', EnumeratedSort('value', ('value0', 'value1', 'value2')))]]}


---------- QFormula: _set_qterms ----------

qterms: ['vote(NODE0,VALUE0)', 'vote(NODE0,VALUE1)']


---------- QFormula: get_qclause ----------

qclause: forall VALUE1,VALUE0,NODE0. ~vote(NODE0,VALUE0) | ~vote(NODE0,VALUE1) | VALUE0 = VALUE1


=== Prime Orbit 2 =====================
size : 18
num_suborbits: 1
45 (*) : --------1-----------0
45     : ['decide(quorum__node1_node2,value2)', '~vote(node2,value2)']
46     : -------1-----------0-
46     : ['decide(quorum__node1_node2,value1)', '~vote(node2,value1)']
47     : ------1-----------0--
47     : ['decide(quorum__node1_node2,value0)', '~vote(node2,value0)']
48     : --------1--------0---
48     : ['decide(quorum__node1_node2,value2)', '~vote(node1,value2)']
49     : -------1--------0----
49     : ['decide(quorum__node1_node2,value1)', '~vote(node1,value1)']
50     : ------1--------0-----
50     : ['decide(quorum__node1_node2,value0)', '~vote(node1,value0)']
51     : -----1--------------0
51     : ['decide(quorum__node0_node2,value2)', '~vote(node2,value2)']
52     : ----1--------------0-
52     : ['decide(quorum__node0_node2,value1)', '~vote(node2,value1)']
53     : ---1--------------0--
53     : ['decide(quorum__node0_node2,value0)', '~vote(node2,value0)']
54     : -----1--------0------
54     : ['decide(quorum__node0_node2,value2)', '~vote(node0,value2)']
55     : ----1--------0-------
55     : ['decide(quorum__node0_node2,value1)', '~vote(node0,value1)']
56     : ---1--------0--------
56     : ['decide(quorum__node0_node2,value0)', '~vote(node0,value0)']
57     : --1--------------0---
57     : ['decide(quorum__node0_node1,value2)', '~vote(node1,value2)']
58     : -1--------------0----
58     : ['decide(quorum__node0_node1,value1)', '~vote(node1,value1)']
59     : 1--------------0-----
59     : ['decide(quorum__node0_node1,value0)', '~vote(node1,value0)']
60     : --1-----------0------
60     : ['decide(quorum__node0_node1,value2)', '~vote(node0,value2)']
61     : -1-----------0-------
61     : ['decide(quorum__node0_node1,value1)', '~vote(node0,value1)']
62     : 1-----------0--------
62     : ['decide(quorum__node0_node1,value0)', '~vote(node0,value0)']
num_forall :   0
num_exists :   0
num_literals : 0
quantified form : None
qcost : 0




---------- QPrime ----------


---------- ConstArgBinding ----------

terms: ['decide(quorum__node1_node2,value2)', '~vote(node2,value2)', 'member(node2,quorum__node1_node2)']

sign_func_name2args: {'0$decide': [(Const('quorum__node1_node2', EnumeratedSort('quorum', ('quorum__node0_node1', 'quorum__node0_node2', 'quorum__node1_node2'))), Const('value2', EnumeratedSort('value', ('value0', 'value1', 'value2'))))], '1$vote': [(Const('node2', EnumeratedSort('node', ('node0', 'node1', 'node2'))), Const('value2', EnumeratedSort('value', ('value0', 'value1', 'value2'))))], '0$member': [(Const('node2', EnumeratedSort('node', ('node0', 'node1', 'node2'))), Const('quorum__node1_node2', EnumeratedSort('quorum', ('quorum__node0_node1', 'quorum__node0_node2', 'quorum__node1_node2'))))]}

const2sigs: {Const('quorum__node1_node2', EnumeratedSort('quorum', ('quorum__node0_node1', 'quorum__node0_node2', 'quorum__node1_node2'))): [quorum$0$decide$0$0, quorum$0$member$1$0], Const('value2', EnumeratedSort('value', ('value0', 'value1', 'value2'))): [value$0$decide$1$0, value$1$vote$1$0], Const('node2', EnumeratedSort('node', ('node0', 'node1', 'node2'))): [node$1$vote$0$0, node$0$member$0$0]}

sig2const: {'quorum$0$decide$0$0': Const('quorum__node1_node2', EnumeratedSort('quorum', ('quorum__node0_node1', 'quorum__node0_node2', 'quorum__node1_node2'))), 'value$0$decide$1$0': Const('value2', EnumeratedSort('value', ('value0', 'value1', 'value2'))), 'node$1$vote$0$0': Const('node2', EnumeratedSort('node', ('node0', 'node1', 'node2'))), 'value$1$vote$1$0': Const('value2', EnumeratedSort('value', ('value0', 'value1', 'value2'))), 'node$0$member$0$0': Const('node2', EnumeratedSort('node', ('node0', 'node1', 'node2'))), 'quorum$0$member$1$0': Const('quorum__node1_node2', EnumeratedSort('quorum', ('quorum__node0_node1', 'quorum__node0_node2', 'quorum__node1_node2')))}


---------- ArgPartition ----------

sort2class_sigs: {EnumeratedSort('quorum', ('quorum__node0_node1', 'quorum__node0_node2', 'quorum__node1_node2')): [quorum$0$decide$0$0; quorum$0$member$1$0], EnumeratedSort('value', ('value0', 'value1', 'value2')): [value$0$decide$1$0; value$1$vote$1$0], EnumeratedSort('node', ('node0', 'node1', 'node2')): [node$0$member$0$0; node$1$vote$0$0]}

sort2part_sig: {EnumeratedSort('quorum', ('quorum__node0_node1', 'quorum__node0_node2', 'quorum__node1_node2')): quorum$0$decide$0$0; quorum$0$member$1$0, EnumeratedSort('value', ('value0', 'value1', 'value2')): value$0$decide$1$0; value$1$vote$1$0, EnumeratedSort('node', ('node0', 'node1', 'node2')): node$0$member$0$0; node$1$vote$0$0}

part_sig: ('node$0$member$0$0; node$1$vote$0$0', 'quorum$0$decide$0$0; quorum$0$member$1$0', 'value$0$decide$1$0; value$1$vote$1$0')


---------- SigGenerator ----------

terms:  ['decide(quorum__node1_node2,value2)', '~vote(node2,value2)', 'member(node2,quorum__node1_node2)']

func_name2symbol:  {'decide': Const('decide', FunctionSort(EnumeratedSort('quorum', ('quorum__node0_node1', 'quorum__node0_node2', 'quorum__node1_node2')), EnumeratedSort('value', ('value0', 'value1', 'value2')), BooleanSort())), 'vote': Const('vote', FunctionSort(EnumeratedSort('node', ('node0', 'node1', 'node2')), EnumeratedSort('value', ('value0', 'value1', 'value2')), BooleanSort())), 'member': Const('member', FunctionSort(EnumeratedSort('node', ('node0', 'node1', 'node2')), EnumeratedSort('quorum', ('quorum__node0_node1', 'quorum__node0_node2', 'quorum__node1_node2')), BooleanSort()))}

func_name2args_sort:  {'decide': (EnumeratedSort('quorum', ('quorum__node0_node1', 'quorum__node0_node2', 'quorum__node1_node2')), EnumeratedSort('value', ('value0', 'value1', 'value2'))), 'vote': (EnumeratedSort('node', ('node0', 'node1', 'node2')), EnumeratedSort('value', ('value0', 'value1', 'value2'))), 'member': (EnumeratedSort('node', ('node0', 'node1', 'node2')), EnumeratedSort('quorum', ('quorum__node0_node1', 'quorum__node0_node2', 'quorum__node1_node2')))}

sign_func_name2count:  {'0$decide': 1, '1$vote': 1, '0$member': 1}


---------- ProductArgPartition ----------

sort2class_sigs: {EnumeratedSort('quorum', ('quorum__node0_node1', 'quorum__node0_node2', 'quorum__node1_node2')): [quorum$0$decide$0$0; quorum$0$member$1$0], EnumeratedSort('value', ('value0', 'value1', 'value2')): [value$0$decide$1$0; value$1$vote$1$0], EnumeratedSort('node', ('node0', 'node1', 'node2')): [node$0$member$0$0; node$1$vote$0$0]}

sort2part_sig: {EnumeratedSort('quorum', ('quorum__node0_node1', 'quorum__node0_node2', 'quorum__node1_node2')): quorum$0$decide$0$0; quorum$0$member$1$0, EnumeratedSort('value', ('value0', 'value1', 'value2')): value$0$decide$1$0; value$1$vote$1$0, EnumeratedSort('node', ('node0', 'node1', 'node2')): node$0$member$0$0; node$1$vote$0$0}

	sort: quorum

	identical_classes: {'quorum$0$decide$0; quorum$0$member$1': [quorum$0$decide$0$0; quorum$0$member$1$0]}

	identical_single_classes: {'quorum$0$decide$0; quorum$0$member$1': quorum$0$decide$0$0; quorum$0$member$1$0}

	identical_multi_classes: {}

	sort: value

	identical_classes: {'value$0$decide$1; value$1$vote$1': [value$0$decide$1$0; value$1$vote$1$0]}

	identical_single_classes: {'value$0$decide$1; value$1$vote$1': value$0$decide$1$0; value$1$vote$1$0}

	identical_multi_classes: {}

	sort: node

	identical_classes: {'node$0$member$0; node$1$vote$0': [node$0$member$0$0; node$1$vote$0$0]}

	identical_single_classes: {'node$0$member$0; node$1$vote$0': node$0$member$0$0; node$1$vote$0$0}

	identical_multi_classes: {}


---------- QInference: _set_sort_to_quantifier_mode ----------

quantifier mode: quorum: QuantifierMode.forall

quantifier mode: value: QuantifierMode.forall

quantifier mode: node: QuantifierMode.forall


---------- QInference: _set_constraint_mode ----------

constraint mode: ConstraintMode.no_merge


---------- QFormula: _set_qvars ----------

forall_qvars: {Var('QUORUM0', EnumeratedSort('quorum', ('quorum__node0_node1', 'quorum__node0_node2', 'quorum__node1_node2'))), Var('NODE0', EnumeratedSort('node', ('node0', 'node1', 'node2'))), Var('VALUE0', EnumeratedSort('value', ('value0', 'value1', 'value2')))}

exists_qvars: set()


---------- QFormula: _set_signed_func_name_to_args ----------

signed_func_name2args: {'0$decide': [[Var('QUORUM0', EnumeratedSort('quorum', ('quorum__node0_node1', 'quorum__node0_node2', 'quorum__node1_node2'))), Var('VALUE0', EnumeratedSort('value', ('value0', 'value1', 'value2')))]], '1$vote': [[Var('NODE0', EnumeratedSort('node', ('node0', 'node1', 'node2'))), Var('VALUE0', EnumeratedSort('value', ('value0', 'value1', 'value2')))]], '0$member': [[Var('NODE0', EnumeratedSort('node', ('node0', 'node1', 'node2'))), Var('QUORUM0', EnumeratedSort('quorum', ('quorum__node0_node1', 'quorum__node0_node2', 'quorum__node1_node2')))]]}


---------- QFormula: _set_qterms ----------

qterms: ['~vote(NODE0,VALUE0)', 'decide(QUORUM0,VALUE0)', 'member(NODE0,QUORUM0)']


---------- QFormula: get_qclause ----------

qclause: forall QUORUM0,VALUE0,NODE0. vote(NODE0,VALUE0) | ~decide(QUORUM0,VALUE0) | ~member(NODE0,QUORUM0)


=== Prime Orbit 11 =====================
size : 3
num_suborbits: 1
219 (*) : 0--0--0--1-----------
219     : ['decision(value0)', '~decide(quorum__node0_node1,value0)', '~decide(quorum__node0_node2,value0)', '~decide(quorum__node1_node2,value0)']
220     : -0--0--0--1----------
220     : ['decision(value1)', '~decide(quorum__node0_node1,value1)', '~decide(quorum__node0_node2,value1)', '~decide(quorum__node1_node2,value1)']
221     : --0--0--0--1---------
221     : ['decision(value2)', '~decide(quorum__node0_node1,value2)', '~decide(quorum__node0_node2,value2)', '~decide(quorum__node1_node2,value2)']
num_forall :   0
num_exists :   0
num_literals : 0
quantified form : None
qcost : 0




---------- QPrime ----------


---------- ConstArgBinding ----------

terms: ['~decide(quorum__node0_node1,value0)', '~decide(quorum__node0_node2,value0)', '~decide(quorum__node1_node2,value0)', 'decision(value0)']

sign_func_name2args: {'1$decide': [(Const('quorum__node0_node1', EnumeratedSort('quorum', ('quorum__node0_node1', 'quorum__node0_node2', 'quorum__node1_node2'))), Const('value0', EnumeratedSort('value', ('value0', 'value1', 'value2')))), (Const('quorum__node0_node2', EnumeratedSort('quorum', ('quorum__node0_node1', 'quorum__node0_node2', 'quorum__node1_node2'))), Const('value0', EnumeratedSort('value', ('value0', 'value1', 'value2')))), (Const('quorum__node1_node2', EnumeratedSort('quorum', ('quorum__node0_node1', 'quorum__node0_node2', 'quorum__node1_node2'))), Const('value0', EnumeratedSort('value', ('value0', 'value1', 'value2'))))], '0$decision': [(Const('value0', EnumeratedSort('value', ('value0', 'value1', 'value2'))),)]}

const2sigs: {Const('quorum__node0_node1', EnumeratedSort('quorum', ('quorum__node0_node1', 'quorum__node0_node2', 'quorum__node1_node2'))): [quorum$1$decide$0$0], Const('value0', EnumeratedSort('value', ('value0', 'value1', 'value2'))): [value$1$decide$1$0, value$1$decide$1$1, value$1$decide$1$2, value$0$decision$0$0], Const('quorum__node0_node2', EnumeratedSort('quorum', ('quorum__node0_node1', 'quorum__node0_node2', 'quorum__node1_node2'))): [quorum$1$decide$0$1], Const('quorum__node1_node2', EnumeratedSort('quorum', ('quorum__node0_node1', 'quorum__node0_node2', 'quorum__node1_node2'))): [quorum$1$decide$0$2]}

sig2const: {'quorum$1$decide$0$0': Const('quorum__node0_node1', EnumeratedSort('quorum', ('quorum__node0_node1', 'quorum__node0_node2', 'quorum__node1_node2'))), 'value$1$decide$1$0': Const('value0', EnumeratedSort('value', ('value0', 'value1', 'value2'))), 'quorum$1$decide$0$1': Const('quorum__node0_node2', EnumeratedSort('quorum', ('quorum__node0_node1', 'quorum__node0_node2', 'quorum__node1_node2'))), 'value$1$decide$1$1': Const('value0', EnumeratedSort('value', ('value0', 'value1', 'value2'))), 'quorum$1$decide$0$2': Const('quorum__node1_node2', EnumeratedSort('quorum', ('quorum__node0_node1', 'quorum__node0_node2', 'quorum__node1_node2'))), 'value$1$decide$1$2': Const('value0', EnumeratedSort('value', ('value0', 'value1', 'value2'))), 'value$0$decision$0$0': Const('value0', EnumeratedSort('value', ('value0', 'value1', 'value2')))}


---------- ArgPartition ----------

sort2class_sigs: {EnumeratedSort('quorum', ('quorum__node0_node1', 'quorum__node0_node2', 'quorum__node1_node2')): [quorum$1$decide$0$0, quorum$1$decide$0$1, quorum$1$decide$0$2], EnumeratedSort('value', ('value0', 'value1', 'value2')): [value$0$decision$0$0; value$1$decide$1$0; value$1$decide$1$1; value$1$decide$1$2]}

sort2part_sig: {EnumeratedSort('quorum', ('quorum__node0_node1', 'quorum__node0_node2', 'quorum__node1_node2')): quorum$1$decide$0$0 | quorum$1$decide$0$1 | quorum$1$decide$0$2, EnumeratedSort('value', ('value0', 'value1', 'value2')): value$0$decision$0$0; value$1$decide$1$0; value$1$decide$1$1; value$1$decide$1$2}

part_sig: ('quorum$1$decide$0$0 | quorum$1$decide$0$1 | quorum$1$decide$0$2', 'value$0$decision$0$0; value$1$decide$1$0; value$1$decide$1$1; value$1$decide$1$2')


---------- SigGenerator ----------

terms:  ['~decide(quorum__node0_node1,value0)', '~decide(quorum__node0_node2,value0)', '~decide(quorum__node1_node2,value0)', 'decision(value0)']

func_name2symbol:  {'decide': Const('decide', FunctionSort(EnumeratedSort('quorum', ('quorum__node0_node1', 'quorum__node0_node2', 'quorum__node1_node2')), EnumeratedSort('value', ('value0', 'value1', 'value2')), BooleanSort())), 'decision': Const('decision', FunctionSort(EnumeratedSort('value', ('value0', 'value1', 'value2')), BooleanSort()))}

func_name2args_sort:  {'decide': (EnumeratedSort('quorum', ('quorum__node0_node1', 'quorum__node0_node2', 'quorum__node1_node2')), EnumeratedSort('value', ('value0', 'value1', 'value2'))), 'decision': (EnumeratedSort('value', ('value0', 'value1', 'value2')),)}

sign_func_name2count:  {'1$decide': 3, '0$decision': 1}


---------- ProductArgPartition ----------

sort2class_sigs: {EnumeratedSort('quorum', ('quorum__node0_node1', 'quorum__node0_node2', 'quorum__node1_node2')): [quorum$1$decide$0$0, quorum$1$decide$0$1, quorum$1$decide$0$2], EnumeratedSort('value', ('value0', 'value1', 'value2')): [value$0$decision$0$0; value$1$decide$1$0; value$1$decide$1$1; value$1$decide$1$2]}

sort2part_sig: {EnumeratedSort('quorum', ('quorum__node0_node1', 'quorum__node0_node2', 'quorum__node1_node2')): quorum$1$decide$0$0 | quorum$1$decide$0$1 | quorum$1$decide$0$2, EnumeratedSort('value', ('value0', 'value1', 'value2')): value$0$decision$0$0; value$1$decide$1$0; value$1$decide$1$1; value$1$decide$1$2}

	sort: quorum

	identical_classes: {'quorum$1$decide$0': [quorum$1$decide$0$0, quorum$1$decide$0$1, quorum$1$decide$0$2]}

	identical_single_classes: {}

	identical_multi_classes: {'quorum$1$decide$0': [quorum$1$decide$0$0, quorum$1$decide$0$1, quorum$1$decide$0$2]}

	sort: value

	identical_classes: {'value$0$decision$0; value$1$decide$1; value$1$decide$1; value$1$decide$1': [value$0$decision$0$0; value$1$decide$1$0; value$1$decide$1$1; value$1$decide$1$2]}

	identical_single_classes: {'value$0$decision$0; value$1$decide$1; value$1$decide$1; value$1$decide$1': value$0$decision$0$0; value$1$decide$1$0; value$1$decide$1$1; value$1$decide$1$2}

	identical_multi_classes: {}


---------- QInference: _set_sort_to_quantifier_mode ----------

quantifier mode: quorum: QuantifierMode.exists

quantifier mode: value: QuantifierMode.forall


---------- QInference: _set_constraint_mode ----------

constraint mode: ConstraintMode.no_merge


---------- QFormula: _set_qvars ----------

forall_qvars: {Var('VALUE0', EnumeratedSort('value', ('value0', 'value1', 'value2')))}

exists_qvars: {Var('QUORUM0', EnumeratedSort('quorum', ('quorum__node0_node1', 'quorum__node0_node2', 'quorum__node1_node2')))}


---------- QFormula: _set_signed_func_name_to_args ----------

signed_func_name2args: {'1$decide': [[Var('QUORUM0', EnumeratedSort('quorum', ('quorum__node0_node1', 'quorum__node0_node2', 'quorum__node1_node2'))), Var('VALUE0', EnumeratedSort('value', ('value0', 'value1', 'value2')))], [Var('QUORUM0', EnumeratedSort('quorum', ('quorum__node0_node1', 'quorum__node0_node2', 'quorum__node1_node2'))), Var('VALUE0', EnumeratedSort('value', ('value0', 'value1', 'value2')))], [Var('QUORUM0', EnumeratedSort('quorum', ('quorum__node0_node1', 'quorum__node0_node2', 'quorum__node1_node2'))), Var('VALUE0', EnumeratedSort('value', ('value0', 'value1', 'value2')))]], '0$decision': [[Var('VALUE0', EnumeratedSort('value', ('value0', 'value1', 'value2')))]]}


---------- QFormula: _set_qterms ----------

qterms: ['decision(VALUE0)', '~decide(QUORUM0,VALUE0)']


---------- QFormula: get_qclause ----------

qclause: forall VALUE0. (exists QUORUM0. ~decision(VALUE0) | decide(QUORUM0,VALUE0))


====================================================================================================================

	[QI RESULT]: Quantified Prime Orbits on [ivybench/sym_quorum/ivy/naive_consensus.ivy: node=3,value=3]

====================================================================================================================


=== Prime Orbit 0 =====================
size : 9
num_suborbits: 1
0 (*) : -------------------11
0     : ['vote(node2,value1)', 'vote(node2,value2)']
1     : ------------------1-1
1     : ['vote(node2,value0)', 'vote(node2,value2)']
2     : ------------------11-
2     : ['vote(node2,value0)', 'vote(node2,value1)']
3     : ----------------11---
3     : ['vote(node1,value1)', 'vote(node1,value2)']
4     : ---------------1-1---
4     : ['vote(node1,value0)', 'vote(node1,value2)']
5     : ---------------11----
5     : ['vote(node1,value0)', 'vote(node1,value1)']
6     : -------------11------
6     : ['vote(node0,value1)', 'vote(node0,value2)']
7     : ------------1-1------
7     : ['vote(node0,value0)', 'vote(node0,value2)']
8     : ------------11-------
8     : ['vote(node0,value0)', 'vote(node0,value1)']
num_forall :   3
num_exists :   0
num_literals : 4
quantified form : forall VALUE1,VALUE0,NODE0. ~vote(NODE0,VALUE0) | ~vote(NODE0,VALUE1) | VALUE0 = VALUE1
qcost : 7




=== Prime Orbit 2 =====================
size : 18
num_suborbits: 1
45 (*) : --------1-----------0
45     : ['decide(quorum__node1_node2,value2)', '~vote(node2,value2)']
46     : -------1-----------0-
46     : ['decide(quorum__node1_node2,value1)', '~vote(node2,value1)']
47     : ------1-----------0--
47     : ['decide(quorum__node1_node2,value0)', '~vote(node2,value0)']
48     : --------1--------0---
48     : ['decide(quorum__node1_node2,value2)', '~vote(node1,value2)']
49     : -------1--------0----
49     : ['decide(quorum__node1_node2,value1)', '~vote(node1,value1)']
50     : ------1--------0-----
50     : ['decide(quorum__node1_node2,value0)', '~vote(node1,value0)']
51     : -----1--------------0
51     : ['decide(quorum__node0_node2,value2)', '~vote(node2,value2)']
52     : ----1--------------0-
52     : ['decide(quorum__node0_node2,value1)', '~vote(node2,value1)']
53     : ---1--------------0--
53     : ['decide(quorum__node0_node2,value0)', '~vote(node2,value0)']
54     : -----1--------0------
54     : ['decide(quorum__node0_node2,value2)', '~vote(node0,value2)']
55     : ----1--------0-------
55     : ['decide(quorum__node0_node2,value1)', '~vote(node0,value1)']
56     : ---1--------0--------
56     : ['decide(quorum__node0_node2,value0)', '~vote(node0,value0)']
57     : --1--------------0---
57     : ['decide(quorum__node0_node1,value2)', '~vote(node1,value2)']
58     : -1--------------0----
58     : ['decide(quorum__node0_node1,value1)', '~vote(node1,value1)']
59     : 1--------------0-----
59     : ['decide(quorum__node0_node1,value0)', '~vote(node1,value0)']
60     : --1-----------0------
60     : ['decide(quorum__node0_node1,value2)', '~vote(node0,value2)']
61     : -1-----------0-------
61     : ['decide(quorum__node0_node1,value1)', '~vote(node0,value1)']
62     : 1-----------0--------
62     : ['decide(quorum__node0_node1,value0)', '~vote(node0,value0)']
num_forall :   3
num_exists :   0
num_literals : 3
quantified form : forall QUORUM0,VALUE0,NODE0. vote(NODE0,VALUE0) | ~decide(QUORUM0,VALUE0) | ~member(NODE0,QUORUM0)
qcost : 6




=== Prime Orbit 11 =====================
size : 3
num_suborbits: 1
219 (*) : 0--0--0--1-----------
219     : ['decision(value0)', '~decide(quorum__node0_node1,value0)', '~decide(quorum__node0_node2,value0)', '~decide(quorum__node1_node2,value0)']
220     : -0--0--0--1----------
220     : ['decision(value1)', '~decide(quorum__node0_node1,value1)', '~decide(quorum__node0_node2,value1)', '~decide(quorum__node1_node2,value1)']
221     : --0--0--0--1---------
221     : ['decision(value2)', '~decide(quorum__node0_node1,value2)', '~decide(quorum__node0_node2,value2)', '~decide(quorum__node1_node2,value2)']
num_forall :   1
num_exists :   1
num_literals : 2
quantified form : forall VALUE0. (exists QUORUM0. ~decision(VALUE0) | decide(QUORUM0,VALUE0))
qcost : 4



[QRM NOTE]: Time elapsed since start: 9.641 seconds

[QRM NOTE]: Time elapsed since last: 0.339 seconds

[QRM NOTE]: Peak memory: 2285176 bytes


===================================================================================================

	[MIN]: Minimization on [ivybench/sym_quorum/ivy/naive_consensus.ivy: node=3,value=3]

===================================================================================================


New level: 1
 pending : []
 solution : [0, 2, 11]


Before reduction : 
 pending  : []
 solution : [0, 2, 11]

Essensial at level 1 : set()

Before removed
 coverage : [(0, -1), (1, -1), (2, -1), (3, -1), (4, -1), (5, -1), (6, -1), (7, -1), (8, -1), (9, -1), (10, -1), (11, -1)]

After removed
 coverage : [(0, -1), (1, -1), (2, -1), (3, -1), (4, -1), (5, -1), (6, -1), (7, -1), (8, -1), (9, -1), (10, -1), (11, -1)]

Covered at level 1 : set()

After reduction : 
 pending  : []
 solution : [0, 2, 11]


Solution : [0, 2, 11] has cost 17.


Before backtrack at level 1
 pending : []
 solution : [0, 2, 11]

After backtrack at level 1
 pending : []
 solution : [0, 2, 11]


==================================================================================================================

	[MIN RESULT]: Minimized Invariants on [ivybench/sym_quorum/ivy/naive_consensus.ivy: node=3,value=3]

==================================================================================================================

[MIN NOTE]: number of minimal solution found: 1

[MIN NOTE]: upper bound: 17

[MIN NOTE]: maximum branch and bound depth: 1

[MIN NOTE]: number of definitions: 0

[MIN NOTE]: number of equality relations: 0

[MIN NOTE]: Solution 0 : [0, 2, 11]

[MIN NOTE]: solution length: 3

invariant [invar_0] forall VALUE1,VALUE0,NODE0. ~vote(NODE0,VALUE0) | ~vote(NODE0,VALUE1) | VALUE0 = VALUE1 # qcost: 7

invariant [invar_2] forall QUORUM0,VALUE0,NODE0. vote(NODE0,VALUE0) | ~decide(QUORUM0,VALUE0) | ~member(NODE0,QUORUM0) # qcost: 6

invariant [invar_11] forall VALUE0. (exists QUORUM0. ~decision(VALUE0) | decide(QUORUM0,VALUE0)) # qcost: 4

[MIN NOTE]: number of total invariants: 3

[MIN NOTE]: total qCost: 17




[QRM NOTE]: Time elapsed since start: 9.711 seconds

[QRM NOTE]: Time elapsed since last: 0.070 seconds

[QRM NOTE]: Peak memory: 2263849 bytes


=============================================

	[IVY_CHECK] Ivy Check for Rmin

=============================================


=======================================================================================================

	[IVY_CHECK]: Ivy check on [ivybench/sym_quorum/ivy/naive_consensus.node_3_value_3.0.ivy]

=======================================================================================================

ivy_check complete=fo ivybench/sym_quorum/ivy/naive_consensus.node_3_value_3.0.ivy


Isolate this:

    The following properties are assumed as axioms:
        ivybench/sym_quorum/ivy/naive_consensus.node_3_value_3.0.ivy: line 12: axiom1

    The inductive invariant consists of the following conjectures:
        ivybench/sym_quorum/ivy/naive_consensus.node_3_value_3.0.ivy: line 46: invar_0
        ivybench/sym_quorum/ivy/naive_consensus.node_3_value_3.0.ivy: line 47: invar_2
        ivybench/sym_quorum/ivy/naive_consensus.node_3_value_3.0.ivy: line 48: invar_11

    The following action implementations are present:
        ivybench/sym_quorum/ivy/naive_consensus.node_3_value_3.0.ivy: line 20: implementation of cast_vote
        ivybench/sym_quorum/ivy/naive_consensus.node_3_value_3.0.ivy: line 25: implementation of collect_votes
        ivybench/sym_quorum/ivy/naive_consensus.node_3_value_3.0.ivy: line 30: implementation of learn_value

    The following initializers are present:
        ivybench/sym_quorum/ivy/naive_consensus.node_3_value_3.0.ivy: line 14: init[after2]

    Initialization must establish the invariant
        ivybench/sym_quorum/ivy/naive_consensus.node_3_value_3.0.ivy: line 46: invar_0 ... PASS
        ivybench/sym_quorum/ivy/naive_consensus.node_3_value_3.0.ivy: line 47: invar_2 ... PASS
        ivybench/sym_quorum/ivy/naive_consensus.node_3_value_3.0.ivy: line 48: invar_11 ... PASS

    The following set of external actions must preserve the invariant:
        (internal) ext:cast_vote
            ivybench/sym_quorum/ivy/naive_consensus.node_3_value_3.0.ivy: line 46: invar_0 ... PASS
            ivybench/sym_quorum/ivy/naive_consensus.node_3_value_3.0.ivy: line 47: invar_2 ... PASS
            ivybench/sym_quorum/ivy/naive_consensus.node_3_value_3.0.ivy: line 48: invar_11 ... PASS
        (internal) ext:collect_votes
            ivybench/sym_quorum/ivy/naive_consensus.node_3_value_3.0.ivy: line 46: invar_0 ... PASS
            ivybench/sym_quorum/ivy/naive_consensus.node_3_value_3.0.ivy: line 47: invar_2 ... PASS
            ivybench/sym_quorum/ivy/naive_consensus.node_3_value_3.0.ivy: line 48: invar_11 ... PASS
        (internal) ext:learn_value
            ivybench/sym_quorum/ivy/naive_consensus.node_3_value_3.0.ivy: line 46: invar_0 ... PASS
            ivybench/sym_quorum/ivy/naive_consensus.node_3_value_3.0.ivy: line 47: invar_2 ... PASS
            ivybench/sym_quorum/ivy/naive_consensus.node_3_value_3.0.ivy: line 48: invar_11 ... PASS

    The following program assertions are treated as assumptions:
        in action cast_vote when called from the environment:
            ivybench/sym_quorum/ivy/naive_consensus.node_3_value_3.0.ivy: line 21: assumption
        in action collect_votes when called from the environment:
            ivybench/sym_quorum/ivy/naive_consensus.node_3_value_3.0.ivy: line 26: assumption
        in action learn_value when called from the environment:
            ivybench/sym_quorum/ivy/naive_consensus.node_3_value_3.0.ivy: line 31: assumption

OK
[IVY_CHECK RESULT]: PASS


========================================================================================================================

	[MUS]: Extract strengthening assertion for [ivybench/sym_quorum/ivy/naive_consensus.node_3_value_3.0.ivy]

========================================================================================================================

[MUS NOTE]: number of strengthening assertions: 3

[MUS NOTE]: min mus: {0, 1, 2}

invariant [invar_0] forall VALUE1,VALUE0,NODE0. ~vote(NODE0,VALUE0) | ~vote(NODE0,VALUE1) | VALUE0 = VALUE1 # qcost: 7

invariant [invar_2] forall QUORUM0,VALUE0,NODE0. vote(NODE0,VALUE0) | ~decide(QUORUM0,VALUE0) | ~member(NODE0,QUORUM0) # qcost: 6

invariant [invar_11] forall VALUE0. (exists QUORUM0. ~decision(VALUE0) | decide(QUORUM0,VALUE0)) # qcost: 4


==============================================================================================================

	[IVY_CHECK]: Ivy check on [ivybench/sym_quorum/ivy/naive_consensus.node_3_value_3.0.assert.ivy]

==============================================================================================================

ivy_check complete=fo ivybench/sym_quorum/ivy/naive_consensus.node_3_value_3.0.assert.ivy


Isolate this:

    The following properties are assumed as axioms:
        ivybench/sym_quorum/ivy/naive_consensus.node_3_value_3.0.assert.ivy: line 12: axiom1

    The inductive invariant consists of the following conjectures:
        ivybench/sym_quorum/ivy/naive_consensus.node_3_value_3.0.assert.ivy: line 40: invar6
        ivybench/sym_quorum/ivy/naive_consensus.node_3_value_3.0.assert.ivy: line 46: invar_0
        ivybench/sym_quorum/ivy/naive_consensus.node_3_value_3.0.assert.ivy: line 47: invar_2
        ivybench/sym_quorum/ivy/naive_consensus.node_3_value_3.0.assert.ivy: line 48: invar_11

    The following action implementations are present:
        ivybench/sym_quorum/ivy/naive_consensus.node_3_value_3.0.assert.ivy: line 20: implementation of cast_vote
        ivybench/sym_quorum/ivy/naive_consensus.node_3_value_3.0.assert.ivy: line 25: implementation of collect_votes
        ivybench/sym_quorum/ivy/naive_consensus.node_3_value_3.0.assert.ivy: line 30: implementation of learn_value

    The following initializers are present:
        ivybench/sym_quorum/ivy/naive_consensus.node_3_value_3.0.assert.ivy: line 14: init[after2]

    Initialization must establish the invariant
        ivybench/sym_quorum/ivy/naive_consensus.node_3_value_3.0.assert.ivy: line 40: invar6 ... PASS
        ivybench/sym_quorum/ivy/naive_consensus.node_3_value_3.0.assert.ivy: line 46: invar_0 ... PASS
        ivybench/sym_quorum/ivy/naive_consensus.node_3_value_3.0.assert.ivy: line 47: invar_2 ... PASS
        ivybench/sym_quorum/ivy/naive_consensus.node_3_value_3.0.assert.ivy: line 48: invar_11 ... PASS

    The following set of external actions must preserve the invariant:
        (internal) ext:cast_vote
            ivybench/sym_quorum/ivy/naive_consensus.node_3_value_3.0.assert.ivy: line 40: invar6 ... PASS
            ivybench/sym_quorum/ivy/naive_consensus.node_3_value_3.0.assert.ivy: line 46: invar_0 ... PASS
            ivybench/sym_quorum/ivy/naive_consensus.node_3_value_3.0.assert.ivy: line 47: invar_2 ... PASS
            ivybench/sym_quorum/ivy/naive_consensus.node_3_value_3.0.assert.ivy: line 48: invar_11 ... PASS
        (internal) ext:collect_votes
            ivybench/sym_quorum/ivy/naive_consensus.node_3_value_3.0.assert.ivy: line 40: invar6 ... PASS
            ivybench/sym_quorum/ivy/naive_consensus.node_3_value_3.0.assert.ivy: line 46: invar_0 ... PASS
            ivybench/sym_quorum/ivy/naive_consensus.node_3_value_3.0.assert.ivy: line 47: invar_2 ... PASS
            ivybench/sym_quorum/ivy/naive_consensus.node_3_value_3.0.assert.ivy: line 48: invar_11 ... PASS
        (internal) ext:learn_value
            ivybench/sym_quorum/ivy/naive_consensus.node_3_value_3.0.assert.ivy: line 40: invar6 ... PASS
            ivybench/sym_quorum/ivy/naive_consensus.node_3_value_3.0.assert.ivy: line 46: invar_0 ... PASS
            ivybench/sym_quorum/ivy/naive_consensus.node_3_value_3.0.assert.ivy: line 47: invar_2 ... PASS
            ivybench/sym_quorum/ivy/naive_consensus.node_3_value_3.0.assert.ivy: line 48: invar_11 ... PASS

    The following program assertions are treated as assumptions:
        in action cast_vote when called from the environment:
            ivybench/sym_quorum/ivy/naive_consensus.node_3_value_3.0.assert.ivy: line 21: assumption
        in action collect_votes when called from the environment:
            ivybench/sym_quorum/ivy/naive_consensus.node_3_value_3.0.assert.ivy: line 26: assumption
        in action learn_value when called from the environment:
            ivybench/sym_quorum/ivy/naive_consensus.node_3_value_3.0.assert.ivy: line 31: assumption

OK
[IVY_CHECK RESULT]: PASS

[ASSERT_CHECK RESULT]: PASS

[QRM NOTE]: Time elapsed since start: 16.156 seconds

[QRM NOTE]: Time elapsed since last: 6.445 seconds

[QRM NOTE]: Peak memory: 2328701 bytes


**********************************************************************

	[QRM]: ivybench/sym_quorum/ivy/naive_consensus.ivy

**********************************************************************

[QRM RESULT]: PASS

