
**********************************************************************

	[QRM]: ivybench/sym_quorum/ivy/naive_consensus.ivy

**********************************************************************


---------- Parsing Ivy ----------


Printing isolate this:

OK


======================================================================================================

	[FW]: Forward Reachability on [ivybench/sym_quorum/ivy/naive_consensus: node=4,value=4]

======================================================================================================


==============================================

	Set up for forward reachability

==============================================

ivy_to_cpp target=qrm naive_consensus.node_4_value_4.finite.ivy

[IVY_TO_CPP RESULT]: OK

swig -c++ -python -o naive_consensus.node_4_value_4.finite_wrap.cpp ivy_exec.i

[SWIG RESULT]: OK

g++ -std=c++11 -fpic -pthread -O3 naive_consensus.node_4_value_4.finite.cpp naive_consensus.node_4_value_4.finite_wrap.cpp -I/home/yunrong/.pyenv/versions/3.12.0/include/python3.12 -c

[G++ RESULT]: OK

g++ -shared naive_consensus.node_4_value_4.finite.o naive_consensus.node_4_value_4.finite_wrap.o -o _ivy_exec.so -lm -lstdc++

[LINK RESULT]: OK

[FW NOTE]: number of state atoms: 36

[FW NOTE]: number of interpreted atoms (e.g. member,le): 16

[FW NOTE]: number of branching actions: 48

[FW NOTE]: symmetric group order: 576

[QRM NOTE]: Time elapsed since start: 7.081 seconds

[QRM NOTE]: Time elapsed since last: 7.081 seconds

[QRM NOTE]: Peak memory: 1236664 bytes


=====================================

	Symmetric Quotient DFS

=====================================

[FW NOTE]: dfs max depth: 9

[FW NOTE]: number of total reachable states:        873

[FW NOTE]: number of dfs representative states:     24

[FW NOTE]: number of dfs non-representative states: 849


=============================================================================================================

	[FW RESULT]: Forward Reachability on [ivybench/sym_quorum/ivy/naive_consensus: node=4,value=4]

=============================================================================================================

sort: node=['node0', 'node1', 'node2', 'node3']
sort: value=['value0', 'value1', 'value2', 'value3']
sort: quorum=['quorum__node0_node1_node2', 'quorum__node0_node1_node3', 'quorum__node0_node2_node3', 'quorum__node1_node2_node3']
predicate: decision('value',)
predicate: decide('quorum', 'value')
predicate: member('node', 'quorum')
predicate: vote('node', 'value')
interpreted atoms: {'member(node0,quorum__node0_node1_node2)': '1', 'member(node0,quorum__node0_node1_node3)': '1', 'member(node0,quorum__node0_node2_node3)': '1', 'member(node0,quorum__node1_node2_node3)': '0', 'member(node1,quorum__node0_node1_node2)': '1', 'member(node1,quorum__node0_node1_node3)': '1', 'member(node1,quorum__node0_node2_node3)': '0', 'member(node1,quorum__node1_node2_node3)': '1', 'member(node2,quorum__node0_node1_node2)': '1', 'member(node2,quorum__node0_node1_node3)': '0', 'member(node2,quorum__node0_node2_node3)': '1', 'member(node2,quorum__node1_node2_node3)': '1', 'member(node3,quorum__node0_node1_node2)': '0', 'member(node3,quorum__node0_node1_node3)': '1', 'member(node3,quorum__node0_node2_node3)': '1', 'member(node3,quorum__node1_node2_node3)': '1'}
state atoms: ['decide(quorum__node0_node1_node2,value0)', 'decide(quorum__node0_node1_node2,value1)', 'decide(quorum__node0_node1_node2,value2)', 'decide(quorum__node0_node1_node2,value3)', 'decide(quorum__node0_node1_node3,value0)', 'decide(quorum__node0_node1_node3,value1)', 'decide(quorum__node0_node1_node3,value2)', 'decide(quorum__node0_node1_node3,value3)', 'decide(quorum__node0_node2_node3,value0)', 'decide(quorum__node0_node2_node3,value1)', 'decide(quorum__node0_node2_node3,value2)', 'decide(quorum__node0_node2_node3,value3)', 'decide(quorum__node1_node2_node3,value0)', 'decide(quorum__node1_node2_node3,value1)', 'decide(quorum__node1_node2_node3,value2)', 'decide(quorum__node1_node2_node3,value3)', 'decision(value0)', 'decision(value1)', 'decision(value2)', 'decision(value3)', 'vote(node0,value0)', 'vote(node0,value1)', 'vote(node0,value2)', 'vote(node0,value3)', 'vote(node1,value0)', 'vote(node1,value1)', 'vote(node1,value2)', 'vote(node1,value3)', 'vote(node2,value0)', 'vote(node2,value1)', 'vote(node2,value2)', 'vote(node2,value3)', 'vote(node3,value0)', 'vote(node3,value1)', 'vote(node3,value2)', 'vote(node3,value3)']
representative states : 60855, 126391, 1174967, 17952183, 286387639, 69005864375, 1168517492151, 18760703536567, 300235680247223, 300239975214519, 18764998503863, 1172812459447, 73300831671, 286453175, 69274299831, 73569267127, 68737428919, 73032396215, 18017719, 287501751, 287632823, 1240503, 19197367, 306769335


=== State Orbit 0 =====================
size : 1
repr state: 000000000000000000000000000000000000
lex min decimal: 60855
states:
000000000000000000000000000000000000




=== State Orbit 1 =====================
size : 16
repr state: 000000000000000000001000000000000000
lex min decimal: 126391
states:
000000000000000000000000000000100000
000000000000000000001000000000000000
000000000000000000000000000000000100
000000000000000000000000000000000010
000000000000000000000001000000000000
000000000000000000000100000000000000
000000000000000000000000100000000000
000000000000000000000000001000000000
000000000000000000000000000100000000
000000000000000000000000000000000001
000000000000000000000000000000001000
000000000000000000000000000001000000
000000000000000000000000000010000000
000000000000000000000000000000010000
000000000000000000000010000000000000
000000000000000000000000010000000000




=== State Orbit 2 =====================
size : 24
repr state: 000000000000000000001000100000000000
lex min decimal: 1174967
states:
000000000000000000000000000000010001
000000000000000000000010000000100000
000000000000000000000100000000000100
000000000000000000000001000000000001
000000000000000000000001000100000000
000000000000000000001000100000000000
000000000000000000000100000001000000
000000000000000000000100010000000000
000000000000000000000010000000000010
000000000000000000000010001000000000
000000000000000000000000001000100000
000000000000000000000000010000000100
000000000000000000001000000000001000
000000000000000000000001000000010000
000000000000000000000000100000001000
000000000000000000000000001000000010
000000000000000000000000100010000000
000000000000000000000000000010001000
000000000000000000000000000000100010
000000000000000000000000000100000001
000000000000000000000000000001000100
000000000000000000000000000100010000
000000000000000000001000000010000000
000000000000000000000000010001000000




=== State Orbit 3 =====================
size : 16
repr state: 000000000000000000001000100010000000
lex min decimal: 17952183
states:
000000000000000000000010001000100000
000000000000000000000010000000100010
000000000000000000000001000000010001
000000000000000000001000100000001000
000000000000000000000001000100010000
000000000000000000000000100010001000
000000000000000000000000010001000100
000000000000000000000100010000000100
000000000000000000000010001000000010
000000000000000000000001000100000001
000000000000000000000000001000100010
000000000000000000001000100010000000
000000000000000000000000000100010001
000000000000000000000100010001000000
000000000000000000000100000001000100
000000000000000000001000000010001000




=== State Orbit 4 =====================
size : 4
repr state: 000000000000000000001000100010001000
lex min decimal: 286387639
states:
000000000000000000000001000100010001
000000000000000000000100010001000100
000000000000000000001000100010001000
000000000000000000000010001000100010




=== State Orbit 5 =====================
size : 16
repr state: 100000000000000000001000100010001000
lex min decimal: 69005864375
states:
000001000000000000000100010001000100
000000000010000000000010001000100010
000000000000100000001000100010001000
000000000001000000000001000100010001
000000000000010000000100010001000100
000000000100000000000100010001000100
000000000000001000000010001000100010
000000000000000100000001000100010001
000100000000000000000001000100010001
000000001000000000001000100010001000
000010000000000000001000100010001000
000000100000000000000010001000100010
010000000000000000000100010001000100
001000000000000000000010001000100010
100000000000000000001000100010001000
000000010000000000000001000100010001




=== State Orbit 6 =====================
size : 24
repr state: 100010000000000000001000100010001000
lex min decimal: 1168517492151
states:
000000000100010000000100010001000100
100000000000100000001000100010001000
000000010000000100000001000100010001
000001000000010000000100010001000100
000010000000100000001000100010001000
000000001000100000001000100010001000
000000100000001000000010001000100010
100000001000000000001000100010001000
010001000000000000000100010001000100
010000000000010000000100010001000100
001000000010000000000010001000100010
000100000000000100000001000100010001
000000100010000000000010001000100010
000000000001000100000001000100010001
100010000000000000001000100010001000
000010001000000000001000100010001000
000000010001000000000001000100010001
000000000010001000000010001000100010
010000000100000000000100010001000100
000001000100000000000100010001000100
001000100000000000000010001000100010
000100010000000000000001000100010001
000100000001000000000001000100010001
001000000000001000000010001000100010




=== State Orbit 7 =====================
size : 16
repr state: 100010001000000000001000100010001000
lex min decimal: 18760703536567
states:
100010000000100000001000100010001000
001000100000001000000010001000100010
010001000100000000000100010001000100
001000100010000000000010001000100010
000100010000000100000001000100010001
010000000100010000000100010001000100
100000001000100000001000100010001000
010001000000010000000100010001000100
000010001000100000001000100010001000
000000100010001000000010001000100010
000001000100010000000100010001000100
000000010001000100000001000100010001
000100000001000100000001000100010001
000100010001000000000001000100010001
001000000010001000000010001000100010
100010001000000000001000100010001000




=== State Orbit 8 =====================
size : 4
repr state: 100010001000100000001000100010001000
lex min decimal: 300235680247223
states:
010001000100010000000100010001000100
000100010001000100000001000100010001
001000100010001000000010001000100010
100010001000100000001000100010001000




=== State Orbit 9 =====================
size : 4
repr state: 100010001000100010001000100010001000
lex min decimal: 300239975214519
states:
100010001000100010001000100010001000
001000100010001000100010001000100010
000100010001000100010001000100010001
010001000100010001000100010001000100




=== State Orbit 10 =====================
size : 16
repr state: 100010001000000010001000100010001000
lex min decimal: 18764998503863
states:
000100010000000100010001000100010001
010001000100000001000100010001000100
001000100010000000100010001000100010
000100000001000100010001000100010001
000001000100010001000100010001000100
100010001000000010001000100010001000
000100010001000000010001000100010001
001000000010001000100010001000100010
100010000000100010001000100010001000
010001000000010001000100010001000100
001000100000001000100010001000100010
010000000100010001000100010001000100
000000100010001000100010001000100010
000000010001000100010001000100010001
100000001000100010001000100010001000
000010001000100010001000100010001000




=== State Orbit 11 =====================
size : 24
repr state: 100010000000000010001000100010001000
lex min decimal: 1172812459447
states:
000000000001000100010001000100010001
001000000000001000100010001000100010
000000010001000000010001000100010001
000000000010001000100010001000100010
000100010000000000010001000100010001
010001000000000001000100010001000100
000010000000100010001000100010001000
000100000001000000010001000100010001
100010000000000010001000100010001000
001000000010000000100010001000100010
010000000100000001000100010001000100
100000001000000010001000100010001000
000001000100000001000100010001000100
000100000000000100010001000100010001
000000010000000100010001000100010001
000000100010000000100010001000100010
100000000000100010001000100010001000
000000000100010001000100010001000100
000001000000010001000100010001000100
010000000000010001000100010001000100
000010001000000010001000100010001000
000000100000001000100010001000100010
000000001000100010001000100010001000
001000100000000000100010001000100010




=== State Orbit 12 =====================
size : 16
repr state: 100000000000000010001000100010001000
lex min decimal: 73300831671
states:
000000100000000000100010001000100010
000000000000100010001000100010001000
000000000000000100010001000100010001
000000000010000000100010001000100010
000000000001000000010001000100010001
100000000000000010001000100010001000
000000000000010001000100010001000100
000001000000000001000100010001000100
000000000100000001000100010001000100
000000000000001000100010001000100010
000010000000000010001000100010001000
000100000000000000010001000100010001
000000001000000010001000100010001000
010000000000000001000100010001000100
000000010000000000010001000100010001
001000000000000000100010001000100010




=== State Orbit 13 =====================
size : 48
repr state: 000000000000000000001000100010000100
lex min decimal: 286453175
states:
000000000000000000000001001000100010
000000000000000000001000100000011000
000000000000000000001000100010000100
000000000000000000000100010001001000
000000000000000000000010100000100010
000000000000000000000010000100010001
000000000000000000000100010010000100
000000000000000000000010001000101000
000000000000000000000001000101000001
000000000000000000000010001000010010
000000000000000000000100001001000100
000000000000000000000100010001000001
000000000000000000000001010000010001
000000000000000000001000001000100010
000000000000000000000001000100010010
000000000000000000000001000100011000
000000000000000000000100100010001000
000000000000000000000010100010001000
000000000000000000000010010000100010
000000000000000000000100000100010001
000000000000000000000001000100010100
000000000000000000000001000110000001
000000000000000000000001001000010001
000000000000000000000010001010000010
000000000000000000001000100010000001
000000000000000000000100100001000100
000000000000000000001000100000101000
000000000000000000001000010010001000
000000000000000000000001010001000100
000000000000000000000100010001000010
000000000000000000001000000100010001
000000000000000000000001100000010001
000000000000000000001000100001001000
000000000000000000000001100010001000
000000000000000000000100010000100100
000000000000000000001000000110001000
000000000000000000000100010000010100
000000000000000000000010000100100010
000000000000000000001000100010000010
000000000000000000000001000100100001
000000000000000000000010001001000010
000000000000000000000010010001000100
000000000000000000001000001010001000
000000000000000000001000010001000100
000000000000000000000100001000100010
000000000000000000000010001000100001
000000000000000000000100000101000100
000000000000000000000010001000100100




=== State Orbit 14 =====================
size : 48
repr state: 100000000000000000001000100010000100
lex min decimal: 69274299831
states:
000010000000000000001000100001001000
000000010000000000000001000100100001
100000000000000000001000100010000100
000000000100000000000100001001000100
000000000100000000000100100001000100
001000000000000000000010001000101000
000001000000000000000100010000010100
000001000000000000000100010010000100
000000100000000000000010001001000010
000000100000000000000010001000010010
000000001000000000001000001010001000
000000000001000000000001010000010001
000000000000001000001000001000100010
000000000001000000000001100000010001
000000001000000000001000010010001000
000000000000010000001000010001000100
100000000000000000001000100010000010
001000000000000000000010001000100001
000100000000000000000001000100010010
000000001000000000001000000110001000
100000000000000000001000100010000001
000000000000000100000100000100010001
001000000000000000000010001000100100
000000000001000000000001001000010001
000010000000000000001000100000011000
000000000000100000000010100010001000
000000000000100000000001100010001000
000000000000001000000100001000100010
010000000000000000000100010001000010
000000000000100000000100100010001000
000000010000000000000001000101000001
000100000000000000000001000100011000
000000000000010000000001010001000100
000000000010000000000010000100100010
000000100000000000000010001010000010
000000000010000000000010100000100010
000000000010000000000010010000100010
000010000000000000001000100000101000
000000000100000000000100000101000100
000000000000010000000010010001000100
000000000000001000000001001000100010
000100000000000000000001000100010100
000001000000000000000100010000100100
010000000000000000000100010001001000
000000000000000100000010000100010001
000000010000000000000001000110000001
010000000000000000000100010001000001
000000000000000100001000000100010001




=== State Orbit 15 =====================
size : 48
repr state: 100000000000000010001000100010000100
lex min decimal: 73569267127
states:
000000000000000100010010000100010001
000000000010000000100010100000100010
000000100000000000100010001001000010
001000000000000000100010001000101000
000010000000000010001000100000101000
000000000000100010000001100010001000
000000010000000000010001000101000001
000000000000010001000001010001000100
000000000100000001000100100001000100
000001000000000001000100010000100100
000100000000000000010001000100010010
000100000000000000010001000100010100
000010000000000010001000100001001000
000000000000100010000100100010001000
000010000000000010001000100000011000
000100000000000000010001000100011000
000001000000000001000100010010000100
000000000000010001000010010001000100
001000000000000000100010001000100100
010000000000000001000100010001001000
000000100000000000100010001000010010
000000010000000000010001000100100001
001000000000000000100010001000100001
000000000000001000100001001000100010
000000100000000000100010001010000010
100000000000000010001000100010000010
000000000100000001000100000101000100
000000010000000000010001000110000001
000000001000000010001000001010001000
000000000000100010000010100010001000
000000000010000000100010000100100010
100000000000000010001000100010000100
100000000000000010001000100010000001
000000001000000010001000000110001000
000000000001000000010001001000010001
000000000000000100010100000100010001
000000001000000010001000010010001000
000000000000010001001000010001000100
000000000000001000100100001000100010
000000000100000001000100001001000100
000000000001000000010001100000010001
010000000000000001000100010001000001
000001000000000001000100010000010100
000000000000001000101000001000100010
000000000000000100011000000100010001
000000000010000000100010010000100010
010000000000000001000100010001000010
000000000001000000010001010000010001




=== State Orbit 16 =====================
size : 16
repr state: 100000000000000000001000100010000000
lex min decimal: 68737428919
states:
000010000000000000001000100000001000
000000000000010000000000010001000100
001000000000000000000010001000100000
010000000000000000000100010001000000
000000000000001000000000001000100010
000000100000000000000010001000000010
000000010000000000000001000100000001
000000000000100000000000100010001000
000000001000000000001000000010001000
000000000010000000000010000000100010
000000000000000100000000000100010001
000100000000000000000001000100010000
000000000001000000000001000000010001
000001000000000000000100010000000100
000000000100000000000100000001000100
100000000000000000001000100010000000




=== State Orbit 17 =====================
size : 16
repr state: 100000000000000010001000100010000000
lex min decimal: 73032396215
states:
000000010000000000010001000100000001
100000000000000010001000100010000000
000000000000001000100000001000100010
000010000000000010001000100000001000
010000000000000001000100010001000000
000000000010000000100010000000100010
000000000000010001000000010001000100
001000000000000000100010001000100000
000000000000000100010000000100010001
000001000000000001000100010000000100
000000001000000010001000000010001000
000100000000000000010001000100010000
000000000001000000010001000000010001
000000000000100010000000100010001000
000000000100000001000100000001000100
000000100000000000100010001000000010




=== State Orbit 18 =====================
size : 144
repr state: 000000000000000000001000100001000000
lex min decimal: 18017719
states:
000000000000000000000100010010000000
000000000000000000000010000000100001
000000000000000000000001000100001000
000000000000000000000001000010000001
000000000000000000000100001001000000
000000000000000000000000001000010001
000000000000000000000100000000010100
000000000000000000001000000000100010
000000000000000000000100000100010000
000000000000000000000100010000000010
000000000000000000000001010000000001
000000000000000000000010010000100000
000000000000000000000000000110000001
000000000000000000000100001000100000
000000000000000000000010000000010010
000000000000000000000100000001000001
000000000000000000000010000010001000
000000000000000000000001000100100000
000000000000000000000100000001001000
000000000000000000000000100010000100
000000000000000000000100001000000010
000000000000000000001000000010000001
000000000000000000000100000101000000
000000000000000000001000000001001000
000000000000000000000000010001000001
000000000000000000001000000000011000
000000000000000000000001000010001000
000000000000000000001000001010000000
000000000000000000000001100000010000
000000000000000000000001000000100010
000000000000000000001000100000010000
000000000000000000000000001001000100
000000000000000000001000010000001000
000000000000000000001000000100001000
000000000000000000000001001000010000
000000000000000000001000000010000100
000000000000000000000100000000010001
000000000000000000000000000100011000
000000000000000000000010000000010001
000000000000000000000010010000000010
000000000000000000000010001000000100
000000000000000000000000000100010010
000000000000000000001000000001000100
000000000000000000000001000001000001
000000000000000000000010001001000000
000000000000000000000001000000010100
000000000000000000000001001000000001
000000000000000000000100000010000100
000000000000000000000010100010000000
000000000000000000001000000100010000
000000000000000000000000100000101000
000000000000000000001000100000000100
000000000000000000000010000000101000
000000000000000000000000010000100010
000000000000000000000001001000100000
000000000000000000000000010001000010
000000000000000000000001010000000100
000000000000000000001000001000000010
000000000000000000000100000100000001
000000000000000000000010001000001000
000000000000000000000000010010000100
000000000000000000000001000100000010
000000000000000000000100000000100100
000000000000000000000010000100000001
000000000000000000000100000001000010
000000000000000000000000010000010100
000000000000000000000001000001000100
000000000000000000000000100010000001
000000000000000000000000001010001000
000000000000000000000010000100000010
000000000000000000000000010001001000
000000000000000000000100000100000100
000000000000000000001000000000101000
000000000000000000000001010001000000
000000000000000000001000000010000010
000000000000000000000000000100010100
000000000000000000000001000101000000
000000000000000000000100100001000000
000000000000000000000010000010000010
000000000000000000000000001000101000
000000000000000000001000010000000100
000000000000000000000000001000100001
000000000000000000000000000110001000
000000000000000000000010010001000000
000000000000000000000100010000010000
000000000000000000000100000000100010
000000000000000000000001100000001000
000000000000000000001000100000000001
000000000000000000000000001010000010
000000000000000000001000001000001000
000000000000000000001000100000000010
000000000000000000000000100001000100
000000000000000000000010000001000010
000000000000000000000001000000010010
000000000000000000000100010000000001
000000000000000000000010100000100000
000000000000000000000001000000100001
000000000000000000001000010010000000
000000000000000000000000000101000100
000000000000000000001000000100000001
000000000000000000001000100001000000
000000000000000000000010010000000100
000000000000000000000000010000010001
000000000000000000001000100000100000
000000000000000000000000001001000010
000000000000000000000100000010001000
000000000000000000000100001000000100
000000000000000000000001000000011000
000000000000000000000010100000000010
000000000000000000000000100000010001
000000000000000000000100100000001000
000000000000000000000001000100000100
000000000000000000000000100000100010
000000000000000000000010000000100100
000000000000000000000001100010000000
000000000000000000000000000101000001
000000000000000000000000000100100010
000000000000000000001000001000100000
000000000000000000000010001000010000
000000000000000000000100100000000100
000000000000000000000000000100100001
000000000000000000000001000110000000
000000000000000000000000100000011000
000000000000000000000000100001001000
000000000000000000000010000001000100
000000000000000000000000010000100100
000000000000000000000001100000000001
000000000000000000000010001010000000
000000000000000000000001001000000010
000000000000000000000010000100100000
000000000000000000001000000110000000
000000000000000000000010000100010000
000000000000000000000100010000100000
000000000000000000000001010000010000
000000000000000000000000001000100100
000000000000000000000010100000001000
000000000000000000000000100010000010
000000000000000000001000010001000000
000000000000000000000100010000001000
000000000000000000000100100010000000
000000000000000000001000000000010001
000000000000000000000000001000010010
000000000000000000000010001000000001
000000000000000000000000010010001000




=== State Orbit 19 =====================
size : 36
repr state: 000000000000000000001000100001000100
lex min decimal: 287501751
states:
000000000000000000000001001000100001
000000000000000000000100100001001000
000000000000000000000001000101000100
000000000000000000000100010000010001
000000000000000000000100000100010100
000000000000000000000010100000101000
000000000000000000000001000100100010
000000000000000000000100100010000100
000000000000000000001000100000010001
000000000000000000001000010001001000
000000000000000000001000000100011000
000000000000000000000100001000100100
000000000000000000001000001010000010
000000000000000000000010001001000100
000000000000000000000001100010000001
000000000000000000000001001000010010
000000000000000000000010000100010010
000000000000000000001000100000100010
000000000000000000000010010001000010
000000000000000000000001100000011000
000000000000000000000010000100100001
000000000000000000000100010010001000
000000000000000000000100001001000010
000000000000000000001000000110000001
000000000000000000001000010010000100
000000000000000000000001010000010100
000000000000000000000010100010000010
000000000000000000000100010000100010
000000000000000000000010001000010001
000000000000000000000001000110001000
000000000000000000001000001000101000
000000000000000000000010001010001000
000000000000000000001000100001000100
000000000000000000000100000101000001
000000000000000000000001010001000001
000000000000000000000010010000100100




=== State Orbit 20 =====================
size : 144
repr state: 000000000000000000001000100001000010
lex min decimal: 287632823
states:
000000000000000000001000001001000100
000000000000000000000001001001000100
000000000000000000000100010000010010
000000000000000000000010000101000100
000000000000000000000001010001000010
000000000000000000000001010010000001
000000000000000000001000000101001000
000000000000000000000001001010001000
000000000000000000000100001000010001
000000000000000000000100001000010010
000000000000000000000010000100101000
000000000000000000000010010010000010
000000000000000000001000010010000010
000000000000000000000010010000010100
000000000000000000000100001010000010
000000000000000000000001010001001000
000000000000000000000100100001000010
000000000000000000000100001010001000
000000000000000000001000100001000001
000000000000000000000100100000011000
000000000000000000000001000110000010
000000000000000000000010100001000010
000000000000000000001000001000010001
000000000000000000000100100010000001
000000000000000000001000100000010010
000000000000000000000010001000011000
000000000000000000001000001010000100
000000000000000000000010001010000100
000000000000000000000100000101001000
000000000000000000001000000110000010
000000000000000000000100000110000001
000000000000000000000001010000100100
000000000000000000000100000110001000
000000000000000000000001001010000010
000000000000000000000001100001000100
000000000000000000001000001001001000
000000000000000000001000001000100001
000000000000000000000001001000010100
000000000000000000000001100010000010
000000000000000000001000100000010100
000000000000000000000100001000100001
000000000000000000000100001000010100
000000000000000000000010000100100100
000000000000000000001000010000010001
000000000000000000000100010000011000
000000000000000000000001000100101000
000000000000000000000100001010000100
000000000000000000000001010010001000
000000000000000000000001100000010010
000000000000000000000001000100100100
000000000000000000000010001000010100
000000000000000000001000100000100100
000000000000000000000001010000100010
000000000000000000000001000101001000
000000000000000000000100100000100100
000000000000000000001000010000100100
000000000000000000000010000100011000
000000000000000000000001000101000010
000000000000000000000001100001000001
000000000000000000000010000110000001
000000000000000000001000000100101000
000000000000000000000100000100011000
000000000000000000000100010010000010
000000000000000000000010000110001000
000000000000000000000100010000101000
000000000000000000000100000100100001
000000000000000000001000010010000001
000000000000000000000001010000010010
000000000000000000001000001000010010
000000000000000000000010100010000100
000000000000000000000001100001001000
000000000000000000000010010000010001
000000000000000000001000001001000010
000000000000000000001000001000011000
000000000000000000001000010001000001
000000000000000000000010010000101000
000000000000000000000100100000010100
000000000000000000001000000100010010
000000000000000000000100010000100001
000000000000000000000001001010000001
000000000000000000001000001000100100
000000000000000000000001001000011000
000000000000000000001000000110000100
000000000000000000000010010001000001
000000000000000000001000010000101000
000000000000000000000100000110000100
000000000000000000000001010000011000
000000000000000000001000010000011000
000000000000000000000010010000100001
000000000000000000000001100000010100
000000000000000000001000000100010100
000000000000000000000010100000010001
000000000000000000000010000101000001
000000000000000000000100000100100100
000000000000000000000100000100100010
000000000000000000001000010000100010
000000000000000000000100010010000001
000000000000000000000100100010000010
000000000000000000000010010000010010
000000000000000000000010010010000100
000000000000000000000010100000100001
000000000000000000000001001001000001
000000000000000000000001100000101000
000000000000000000000010000110000010
000000000000000000000001100010000100
000000000000000000000100100001000001
000000000000000000000001100000100010
000000000000000000000010001001001000
000000000000000000000100000101000010
000000000000000000000100100000101000
000000000000000000001000100001000010
000000000000000000000010000101000010
000000000000000000000100000100010010
000000000000000000000010100000011000
000000000000000000001000000101000001
000000000000000000000100001000101000
000000000000000000000100100000010001
000000000000000000000010001001000001
000000000000000000000100001001001000
000000000000000000000010100010000001
000000000000000000000010100000100100
000000000000000000000010100000010010
000000000000000000000001001000101000
000000000000000000001000000100100010
000000000000000000000001001000100100
000000000000000000000010100001000100
000000000000000000000100100000100010
000000000000000000000001010000100001
000000000000000000000001010010000100
000000000000000000000001001001000010
000000000000000000001000100000100001
000000000000000000000010100001001000
000000000000000000001000010000010100
000000000000000000001000000101000100
000000000000000000001000001010000001
000000000000000000000010010001001000
000000000000000000000010000100010100
000000000000000000000010010010001000
000000000000000000001000000100100001
000000000000000000000010001010000001
000000000000000000000001100000100001
000000000000000000001000010001000010
000000000000000000000001000110000100
000000000000000000000100001001000001




=== State Orbit 21 =====================
size : 72
repr state: 000000000000000000001000010000000000
lex min decimal: 1240503
states:
000000000000000000000000001000000001
000000000000000000000010000001000000
000000000000000000000000010010000000
000000000000000000000000010000010000
000000000000000000000010100000000000
000000000000000000000000010000000001
000000000000000000001000000100000000
000000000000000000000000000100001000
000000000000000000000001001000000000
000000000000000000000000001000000100
000000000000000000000000010000001000
000000000000000000000000000000100001
000000000000000000000100001000000000
000000000000000000000010000100000000
000000000000000000000010010000000000
000000000000000000000000010000000010
000000000000000000000001000000100000
000000000000000000000010000000001000
000000000000000000000000100000000010
000000000000000000000100100000000000
000000000000000000000000000100000100
000000000000000000000010000000010000
000000000000000000001000000000010000
000000000000000000000010000010000000
000000000000000000000000001010000000
000000000000000000000000000010000001
000000000000000000000000000001000010
000000000000000000000100000000000001
000000000000000000000001000000000010
000000000000000000000000000110000000
000000000000000000001000000000000001
000000000000000000000000000000100100
000000000000000000000001000000000100
000000000000000000000000000101000000
000000000000000000000000000000101000
000000000000000000000100000100000000
000000000000000000001000000000100000
000000000000000000000001000000001000
000000000000000000001000001000000000
000000000000000000000001100000000000
000000000000000000000000000010000010
000000000000000000000000000000011000
000000000000000000000000100001000000
000000000000000000000000010000100000
000000000000000000000000000001001000
000000000000000000000000001000010000
000000000000000000000000100000000001
000000000000000000000010000000000100
000000000000000000000100000000001000
000000000000000000001000010000000000
000000000000000000000000000010000100
000000000000000000000100000010000000
000000000000000000001000000001000000
000000000000000000000001010000000000
000000000000000000000100000000000010
000000000000000000000001000010000000
000000000000000000000000001001000000
000000000000000000000000000000010100
000000000000000000000000000000010010
000000000000000000000000100000100000
000000000000000000001000000000000100
000000000000000000000000000100000010
000000000000000000000010000000000001
000000000000000000000001000001000000
000000000000000000000000100000010000
000000000000000000000000000100100000
000000000000000000001000000000000010
000000000000000000000000100000000100
000000000000000000000100000000010000
000000000000000000000000000001000001
000000000000000000000000001000001000
000000000000000000000100000000100000




=== State Orbit 22 =====================
size : 96
repr state: 000000000000000000001000010000100000
lex min decimal: 19197367
states:
000000000000000000000000100000010010
000000000000000000000010010010000000
000000000000000000001000010000010000
000000000000000000000010010000000001
000000000000000000000100001000000001
000000000000000000000100100000000010
000000000000000000000010100000000100
000000000000000000001000000100000010
000000000000000000000000000101000010
000000000000000000000001000010000010
000000000000000000001000001000010000
000000000000000000000100000010000001
000000000000000000000000010000100001
000000000000000000000000010010000001
000000000000000000000000001010000100
000000000000000000000010000101000000
000000000000000000000010000100000100
000000000000000000000010100000010000
000000000000000000001000000001000010
000000000000000000000000000100100100
000000000000000000000001000010000100
000000000000000000000100000000011000
000000000000000000000000100000100100
000000000000000000001000000000100001
000000000000000000001000010000000001
000000000000000000001000001000000100
000000000000000000000000100001000010
000000000000000000001000000000010100
000000000000000000000001100001000000
000000000000000000000001001001000000
000000000000000000000010000010000001
000000000000000000000000000110000100
000000000000000000000001000000100100
000000000000000000000100000100000010
000000000000000000000001100000000100
000000000000000000000000010000101000
000000000000000000000010000100001000
000000000000000000000010000001001000
000000000000000000000000000110000010
000000000000000000001000000100100000
000000000000000000000000010000011000
000000000000000000000000001010000001
000000000000000000000100000000010010
000000000000000000000010010000010000
000000000000000000000010000001000001
000000000000000000000000001001000001
000000000000000000001000010000000010
000000000000000000000100000000101000
000000000000000000000100100000010000
000000000000000000000010100001000000
000000000000000000000000000101001000
000000000000000000000010000110000000
000000000000000000000100001000010000
000000000000000000000000001000011000
000000000000000000000000000100101000
000000000000000000000000001000010100
000000000000000000001000010000100000
000000000000000000000001010000100000
000000000000000000000010010000001000
000000000000000000000010100000000001
000000000000000000001000000001000001
000000000000000000000000001001001000
000000000000000000000100001010000000
000000000000000000000010000000010100
000000000000000000000001001000001000
000000000000000000001000000101000000
000000000000000000000000010000010010
000000000000000000000000100001000001
000000000000000000000100100000000001
000000000000000000000100000110000000
000000000000000000000001010000001000
000000000000000000000001001000000100
000000000000000000000001100000000010
000000000000000000001000000000100100
000000000000000000001000001001000000
000000000000000000000010000010000100
000000000000000000001000001000000001
000000000000000000000001100000100000
000000000000000000000100001000001000
000000000000000000000001000000101000
000000000000000000000100100000100000
000000000000000000000100000010000010
000000000000000000001000000000010010
000000000000000000000001010010000000
000000000000000000000001000001001000
000000000000000000000010000000011000
000000000000000000000001010000000010
000000000000000000000000010010000010
000000000000000000000000100000010100
000000000000000000000100000000100001
000000000000000000001000000100000100
000000000000000000000000100000100001
000000000000000000000100000100001000
000000000000000000000100000100100000
000000000000000000000001000001000010
000000000000000000000001001010000000




=== State Orbit 23 =====================
size : 24
repr state: 000000000000000000001000010000100001
lex min decimal: 306769335
states:
000000000000000000000010010000011000
000000000000000000000010100001000001
000000000000000000000010100000010100
000000000000000000000100001000011000
000000000000000000001000001001000001
000000000000000000001000010000010010
000000000000000000000001100000100100
000000000000000000000001001010000100
000000000000000000000001100001000010
000000000000000000001000000100100100
000000000000000000000001010000101000
000000000000000000000010000110000100
000000000000000000000001001001001000
000000000000000000000100100000010010
000000000000000000000010010010000001
000000000000000000000100000100101000
000000000000000000001000001000010100
000000000000000000000001010010000010
000000000000000000000100000110000010
000000000000000000000010000101001000
000000000000000000000100100000100001
000000000000000000001000010000100001
000000000000000000000100001010000001
000000000000000000001000000101000010



[QRM NOTE]: Time elapsed since start: 13.586 seconds

[QRM NOTE]: Time elapsed since last: 6.506 seconds

[QRM NOTE]: Peak memory: 1466731 bytes

