[runlim] version:		2.0.0rc12
[runlim] host:			caen-vnc-mi17.engin.umich.edu
[runlim] time limit:		2000 seconds
[runlim] real time limit:	2000 seconds
[runlim] space limit:		15000 MB
[runlim] argv[0]:		python3
[runlim] argv[1]:		qrm.py
[runlim] argv[2]:		ivybench/sym_quorum/ivy/quorum-leader-election-wo-maj.ivy
[runlim] argv[3]:		-s
[runlim] argv[4]:		node=6
[runlim] argv[5]:		-v
[runlim] argv[6]:		5
[runlim] argv[7]:		-w
[runlim] argv[8]:		-l
[runlim] argv[9]:		ivybench/sym_quorum/ivy/quorum-leader-election-wo-maj.fw.log
[runlim] start:			Thu Jan  9 16:57:42 2025
[runlim] child:			194755
[runlim] sample:		5.22 time, 10.01 real, 183 MB, 1.18 load
[runlim] sample:		14.87 time, 20.01 real, 63 MB, 1.15 load
[runlim] sample:		24.83 time, 30.01 real, 66 MB, 1.13 load
[runlim] sample:		34.80 time, 40.01 real, 68 MB, 1.11 load
[runlim] sample:		44.76 time, 50.01 real, 73 MB, 1.09 load
[runlim] sample:		54.73 time, 60.01 real, 76 MB, 1.08 load
[runlim] sample:		64.69 time, 70.01 real, 79 MB, 1.06 load
[runlim] sample:		74.66 time, 80.01 real, 83 MB, 1.05 load
[runlim] sample:		84.62 time, 90.01 real, 88 MB, 1.04 load
[runlim] sample:		94.59 time, 100.01 real, 91 MB, 1.04 load
[runlim] sample:		104.56 time, 110.01 real, 93 MB, 1.03 load
[runlim] sample:		114.53 time, 120.01 real, 95 MB, 1.03 load
[runlim] sample:		124.50 time, 130.01 real, 101 MB, 1.02 load
[runlim] sample:		134.46 time, 140.01 real, 104 MB, 1.02 load
[runlim] sample:		144.42 time, 150.01 real, 106 MB, 1.01 load
[runlim] sample:		154.39 time, 160.01 real, 114 MB, 1.01 load
[runlim] sample:		164.35 time, 170.01 real, 117 MB, 1.01 load
[runlim] sample:		174.32 time, 180.01 real, 120 MB, 1.01 load
[runlim] sample:		184.28 time, 190.01 real, 123 MB, 1.01 load
[runlim] sample:		194.26 time, 200.01 real, 125 MB, 1.00 load
[runlim] sample:		204.22 time, 210.01 real, 128 MB, 1.00 load
[runlim] sample:		214.19 time, 220.01 real, 131 MB, 1.00 load
[runlim] sample:		224.16 time, 230.01 real, 134 MB, 1.00 load
[runlim] sample:		234.13 time, 240.01 real, 140 MB, 1.08 load
[runlim] sample:		244.10 time, 250.01 real, 143 MB, 1.07 load
[runlim] sample:		254.07 time, 260.01 real, 146 MB, 1.06 load
[runlim] sample:		264.04 time, 270.01 real, 149 MB, 1.05 load
[runlim] sample:		274.01 time, 280.01 real, 152 MB, 1.04 load
[runlim] sample:		283.98 time, 290.01 real, 162 MB, 1.03 load
[runlim] sample:		293.95 time, 300.01 real, 165 MB, 1.03 load
[runlim] sample:		303.92 time, 310.01 real, 169 MB, 1.02 load
[runlim] sample:		313.88 time, 320.01 real, 172 MB, 1.02 load
[runlim] sample:		323.86 time, 330.01 real, 174 MB, 1.02 load
[runlim] sample:		333.83 time, 340.01 real, 176 MB, 1.01 load
[runlim] sample:		343.80 time, 350.01 real, 179 MB, 1.01 load
[runlim] sample:		353.77 time, 360.01 real, 181 MB, 1.01 load
[runlim] sample:		363.73 time, 370.01 real, 184 MB, 1.01 load
[runlim] sample:		373.71 time, 380.01 real, 185 MB, 1.00 load
[runlim] sample:		383.68 time, 390.01 real, 187 MB, 1.00 load
[runlim] sample:		393.65 time, 400.01 real, 188 MB, 1.00 load
[runlim] sample:		403.63 time, 410.01 real, 190 MB, 1.00 load
[runlim] sample:		413.60 time, 420.01 real, 191 MB, 1.00 load
[runlim] sample:		423.56 time, 430.01 real, 193 MB, 1.00 load
[runlim] sample:		433.54 time, 440.01 real, 194 MB, 1.08 load
[runlim] sample:		443.51 time, 450.01 real, 197 MB, 1.22 load
[runlim] sample:		453.48 time, 460.01 real, 200 MB, 1.26 load
[runlim] sample:		463.44 time, 470.01 real, 203 MB, 1.22 load
[runlim] sample:		473.42 time, 480.01 real, 206 MB, 1.19 load
[runlim] sample:		483.38 time, 490.01 real, 208 MB, 1.16 load
[runlim] sample:		493.34 time, 500.01 real, 220 MB, 1.13 load
[runlim] sample:		503.31 time, 510.01 real, 222 MB, 1.11 load
[runlim] sample:		513.29 time, 520.01 real, 226 MB, 1.09 load
[runlim] sample:		523.26 time, 530.01 real, 229 MB, 1.08 load
[runlim] sample:		533.23 time, 540.01 real, 232 MB, 1.07 load
[runlim] sample:		543.20 time, 550.01 real, 234 MB, 1.06 load
[runlim] sample:		553.17 time, 560.01 real, 237 MB, 1.05 load
[runlim] sample:		563.14 time, 570.01 real, 240 MB, 1.04 load
[runlim] sample:		573.11 time, 580.01 real, 243 MB, 1.03 load
[runlim] sample:		583.09 time, 590.01 real, 246 MB, 1.03 load
[runlim] sample:		593.05 time, 600.01 real, 265 MB, 1.02 load
[runlim] sample:		603.03 time, 610.01 real, 268 MB, 1.02 load
[runlim] sample:		612.99 time, 620.01 real, 271 MB, 1.02 load
[runlim] sample:		622.97 time, 630.01 real, 275 MB, 1.01 load
[runlim] sample:		632.94 time, 640.01 real, 278 MB, 1.01 load
[runlim] sample:		642.92 time, 650.01 real, 281 MB, 1.01 load
[runlim] sample:		652.89 time, 660.01 real, 284 MB, 1.01 load
[runlim] sample:		662.85 time, 670.01 real, 287 MB, 1.00 load
[runlim] sample:		672.82 time, 680.01 real, 289 MB, 1.00 load
[runlim] sample:		682.80 time, 690.01 real, 292 MB, 1.00 load
[runlim] sample:		692.77 time, 700.01 real, 294 MB, 1.00 load
[runlim] sample:		702.74 time, 710.01 real, 298 MB, 1.00 load
[runlim] sample:		712.71 time, 720.01 real, 301 MB, 1.00 load
[runlim] sample:		722.68 time, 730.01 real, 303 MB, 1.08 load
[runlim] sample:		732.65 time, 740.01 real, 305 MB, 1.07 load
[runlim] sample:		742.61 time, 750.01 real, 307 MB, 1.06 load
[runlim] sample:		752.59 time, 760.01 real, 308 MB, 1.05 load
[runlim] sample:		762.55 time, 770.01 real, 311 MB, 1.04 load
[runlim] sample:		772.53 time, 780.01 real, 314 MB, 1.03 load
[runlim] sample:		782.49 time, 790.01 real, 318 MB, 1.03 load
[runlim] sample:		792.47 time, 800.01 real, 321 MB, 1.02 load
[runlim] sample:		802.43 time, 810.01 real, 324 MB, 1.02 load
[runlim] sample:		812.41 time, 820.01 real, 327 MB, 1.09 load
[runlim] sample:		822.38 time, 830.01 real, 329 MB, 1.08 load
[runlim] sample:		832.35 time, 840.01 real, 331 MB, 1.06 load
[runlim] sample:		842.32 time, 850.01 real, 333 MB, 1.05 load
[runlim] sample:		852.29 time, 860.01 real, 335 MB, 1.04 load
[runlim] sample:		862.27 time, 870.01 real, 338 MB, 1.04 load
[runlim] sample:		872.23 time, 880.01 real, 340 MB, 1.03 load
[runlim] sample:		882.20 time, 890.01 real, 343 MB, 1.03 load
[runlim] sample:		892.17 time, 900.01 real, 344 MB, 1.02 load
[runlim] sample:		902.14 time, 910.01 real, 347 MB, 1.02 load
[runlim] sample:		912.11 time, 920.01 real, 350 MB, 1.01 load
[runlim] sample:		922.09 time, 930.01 real, 353 MB, 1.01 load
[runlim] sample:		932.05 time, 940.01 real, 356 MB, 1.09 load
[runlim] sample:		942.02 time, 950.01 real, 376 MB, 1.23 load
[runlim] sample:		951.99 time, 960.01 real, 379 MB, 1.19 load
[runlim] sample:		961.97 time, 970.01 real, 382 MB, 1.16 load
[runlim] sample:		971.94 time, 980.01 real, 385 MB, 1.14 load
[runlim] sample:		981.90 time, 990.01 real, 388 MB, 1.12 load
[runlim] sample:		991.88 time, 1000.01 real, 391 MB, 1.10 load
[runlim] sample:		1001.85 time, 1010.01 real, 394 MB, 1.08 load
[runlim] sample:		1011.82 time, 1020.01 real, 397 MB, 1.07 load
[runlim] sample:		1021.78 time, 1030.01 real, 400 MB, 1.06 load
[runlim] sample:		1031.76 time, 1040.01 real, 403 MB, 1.05 load
[runlim] sample:		1041.72 time, 1050.01 real, 406 MB, 1.04 load
[runlim] sample:		1051.70 time, 1060.01 real, 409 MB, 1.03 load
[runlim] sample:		1061.67 time, 1070.01 real, 411 MB, 1.03 load
[runlim] sample:		1071.64 time, 1080.01 real, 415 MB, 1.02 load
[runlim] sample:		1081.61 time, 1090.01 real, 417 MB, 1.02 load
[runlim] sample:		1091.58 time, 1100.01 real, 420 MB, 1.02 load
[runlim] sample:		1101.55 time, 1110.01 real, 423 MB, 1.01 load
[runlim] sample:		1111.52 time, 1120.01 real, 426 MB, 1.01 load
[runlim] sample:		1121.50 time, 1130.01 real, 429 MB, 1.01 load
[runlim] sample:		1131.47 time, 1140.01 real, 464 MB, 1.01 load
[runlim] sample:		1141.44 time, 1150.01 real, 467 MB, 1.01 load
[runlim] sample:		1151.42 time, 1160.01 real, 471 MB, 1.00 load
[runlim] sample:		1161.39 time, 1170.01 real, 474 MB, 1.00 load
[runlim] sample:		1171.36 time, 1180.01 real, 477 MB, 1.00 load
[runlim] sample:		1181.33 time, 1190.01 real, 480 MB, 1.00 load
[runlim] sample:		1191.30 time, 1200.01 real, 484 MB, 1.00 load
[runlim] sample:		1201.27 time, 1210.01 real, 487 MB, 1.00 load
[runlim] sample:		1211.24 time, 1220.01 real, 490 MB, 1.00 load
[runlim] sample:		1221.21 time, 1230.01 real, 493 MB, 1.00 load
[runlim] sample:		1231.18 time, 1240.01 real, 496 MB, 1.00 load
[runlim] sample:		1241.15 time, 1250.01 real, 499 MB, 1.00 load
[runlim] sample:		1251.12 time, 1260.01 real, 501 MB, 1.00 load
[runlim] sample:		1261.09 time, 1270.01 real, 505 MB, 1.00 load
[runlim] sample:		1271.07 time, 1280.01 real, 508 MB, 1.00 load
[runlim] sample:		1281.03 time, 1290.01 real, 510 MB, 1.00 load
[runlim] sample:		1291.00 time, 1300.01 real, 514 MB, 1.00 load
[runlim] sample:		1300.98 time, 1310.01 real, 517 MB, 1.00 load
[runlim] sample:		1310.95 time, 1320.01 real, 521 MB, 1.00 load
[runlim] sample:		1320.92 time, 1330.01 real, 524 MB, 1.00 load
[runlim] sample:		1330.89 time, 1340.01 real, 528 MB, 1.08 load
[runlim] sample:		1340.86 time, 1350.02 real, 530 MB, 1.22 load
[runlim] sample:		1350.83 time, 1360.01 real, 533 MB, 1.19 load
[runlim] sample:		1360.81 time, 1370.01 real, 535 MB, 1.16 load
[runlim] sample:		1370.77 time, 1380.01 real, 538 MB, 1.13 load
[runlim] sample:		1380.75 time, 1390.01 real, 540 MB, 1.11 load
[runlim] sample:		1390.71 time, 1400.01 real, 542 MB, 1.26 load
[runlim] sample:		1400.69 time, 1410.01 real, 545 MB, 1.37 load
[runlim] sample:		1410.66 time, 1420.01 real, 549 MB, 1.47 load
[runlim] sample:		1420.62 time, 1430.01 real, 551 MB, 1.55 load
[runlim] sample:		1430.60 time, 1440.01 real, 553 MB, 1.70 load
[runlim] sample:		1440.57 time, 1450.01 real, 556 MB, 1.90 load
[runlim] sample:		1450.55 time, 1460.01 real, 558 MB, 1.99 load
[runlim] sample:		1460.51 time, 1470.01 real, 561 MB, 1.99 load
[runlim] sample:		1470.48 time, 1480.01 real, 563 MB, 1.99 load
[runlim] sample:		1480.46 time, 1490.01 real, 566 MB, 2.00 load
[runlim] sample:		1490.43 time, 1500.01 real, 568 MB, 2.00 load
[runlim] sample:		1500.39 time, 1510.01 real, 570 MB, 2.00 load
[runlim] sample:		1510.37 time, 1520.01 real, 572 MB, 2.00 load
[runlim] sample:		1520.34 time, 1530.01 real, 574 MB, 2.00 load
[runlim] sample:		1530.32 time, 1540.01 real, 575 MB, 2.00 load
[runlim] sample:		1540.28 time, 1550.01 real, 576 MB, 1.92 load
[runlim] sample:		1550.26 time, 1560.01 real, 578 MB, 1.78 load
[runlim] sample:		1560.23 time, 1570.01 real, 579 MB, 1.66 load
[runlim] sample:		1570.20 time, 1580.01 real, 580 MB, 1.56 load
[runlim] sample:		1580.17 time, 1590.01 real, 582 MB, 1.47 load
[runlim] sample:		1590.14 time, 1600.01 real, 584 MB, 1.40 load
[runlim] sample:		1599.93 time, 1610.01 real, 651 MB, 1.34 load
[runlim] end:			Thu Jan  9 17:24:36 2025
[runlim] status:		ok
[runlim] result:		0
[runlim] children:		19
[runlim] processes:		20
[runlim] real:			1613.38 seconds
[runlim] time:			1602.97 seconds
[runlim] space:			654 MB
[runlim] load:			2.00 maximum
[runlim] samples:		16134
