
***********************************************************************

	[QRM]: ivybench/sym/ivy/sharded_kv_no_lost_keys.ivy

***********************************************************************


---------- Parsing Ivy ----------


Printing isolate this:

OK


=============================================================================================================

	[FW]: Forward Reachability on [ivybench/sym/ivy/sharded_kv_no_lost_keys: node=4,key=2,value=3]

=============================================================================================================


==============================================

	Set up for forward reachability

==============================================

ivy_to_cpp target=qrm sharded_kv_no_lost_keys.node_4_key_2_value_3.finite.ivy

[IVY_TO_CPP RESULT]: OK

swig -c++ -python -o sharded_kv_no_lost_keys.node_4_key_2_value_3.finite_wrap.cpp ivy_exec.i

[SWIG RESULT]: OK

g++ -std=c++11 -fpic -pthread -O3 sharded_kv_no_lost_keys.node_4_key_2_value_3.finite.cpp sharded_kv_no_lost_keys.node_4_key_2_value_3.finite_wrap.cpp -I/home/yunrong/.pyenv/versions/3.12.0/include/python3.12 -c

[G++ RESULT]: OK

g++ -shared sharded_kv_no_lost_keys.node_4_key_2_value_3.finite.o sharded_kv_no_lost_keys.node_4_key_2_value_3.finite_wrap.o -o _ivy_exec.so -lm -lstdc++

[LINK RESULT]: OK

[FW NOTE]: number of state atoms: 56

[FW NOTE]: number of interpreted atoms (e.g. member,le): 0

[FW NOTE]: number of branching actions: 144

[FW NOTE]: symmetric group order: 288

[QRM NOTE]: Time elapsed since start: 6.951 seconds

[QRM NOTE]: Time elapsed since last: 6.951 seconds

[QRM NOTE]: Peak memory: 1215933 bytes


=====================================

	Symmetric Quotient DFS

=====================================

[FW NOTE]: dfs max depth: 12

[FW NOTE]: number of total reachable states:        784

[FW NOTE]: number of dfs representative states:     18

[FW NOTE]: number of dfs non-representative states: 766


====================================================================================================================

	[FW RESULT]: Forward Reachability on [ivybench/sym/ivy/sharded_kv_no_lost_keys: node=4,key=2,value=3]

====================================================================================================================

sort: key=['key0', 'key1']
sort: value=['value0', 'value1', 'value2']
sort: node=['node0', 'node1', 'node2', 'node3']
predicate: table('node', 'key', 'value')
predicate: owner('node', 'key')
predicate: transfer_msg('node', 'key', 'value')
interpreted atoms: {}
state atoms: ['owner(node0,key0)', 'owner(node0,key1)', 'owner(node1,key0)', 'owner(node1,key1)', 'owner(node2,key0)', 'owner(node2,key1)', 'owner(node3,key0)', 'owner(node3,key1)', 'table(node0,key0,value0)', 'table(node0,key0,value1)', 'table(node0,key0,value2)', 'table(node0,key1,value0)', 'table(node0,key1,value1)', 'table(node0,key1,value2)', 'table(node1,key0,value0)', 'table(node1,key0,value1)', 'table(node1,key0,value2)', 'table(node1,key1,value0)', 'table(node1,key1,value1)', 'table(node1,key1,value2)', 'table(node2,key0,value0)', 'table(node2,key0,value1)', 'table(node2,key0,value2)', 'table(node2,key1,value0)', 'table(node2,key1,value1)', 'table(node2,key1,value2)', 'table(node3,key0,value0)', 'table(node3,key0,value1)', 'table(node3,key0,value2)', 'table(node3,key1,value0)', 'table(node3,key1,value1)', 'table(node3,key1,value2)', 'transfer_msg(node0,key0,value0)', 'transfer_msg(node0,key0,value1)', 'transfer_msg(node0,key0,value2)', 'transfer_msg(node0,key1,value0)', 'transfer_msg(node0,key1,value1)', 'transfer_msg(node0,key1,value2)', 'transfer_msg(node1,key0,value0)', 'transfer_msg(node1,key0,value1)', 'transfer_msg(node1,key0,value2)', 'transfer_msg(node1,key1,value0)', 'transfer_msg(node1,key1,value1)', 'transfer_msg(node1,key1,value2)', 'transfer_msg(node2,key0,value0)', 'transfer_msg(node2,key0,value1)', 'transfer_msg(node2,key0,value2)', 'transfer_msg(node2,key1,value0)', 'transfer_msg(node2,key1,value1)', 'transfer_msg(node2,key1,value2)', 'transfer_msg(node3,key0,value0)', 'transfer_msg(node3,key0,value1)', 'transfer_msg(node3,key0,value2)', 'transfer_msg(node3,key1,value0)', 'transfer_msg(node3,key1,value1)', 'transfer_msg(node3,key1,value2)']
representative states : 844424930131968, 1688849860263936, 844424946909184, 281474976711168, 1688849994481664, 281474976710664, 281474993487880, 72, 281474993488384, 9, 1688851068223488, 1688851202441216, 281474993487888, 10, 80, 281474993488896, 844425097904128, 844425081126912


=== State Orbit 0 =====================
size : 4
repr state: 00000011000000000000000000000000000000000000000000000000
lex min decimal: 844424930131968
states:
11000000000000000000000000000000000000000000000000000000
00000011000000000000000000000000000000000000000000000000
00001100000000000000000000000000000000000000000000000000
00110000000000000000000000000000000000000000000000000000




=== State Orbit 1 =====================
size : 12
repr state: 00100100000000000000000000000000000000000000000000000000
lex min decimal: 1688849860263936
states:
01001000000000000000000000000000000000000000000000000000
00000110000000000000000000000000000000000000000000000000
01100000000000000000000000000000000000000000000000000000
00100100000000000000000000000000000000000000000000000000
10000100000000000000000000000000000000000000000000000000
10010000000000000000000000000000000000000000000000000000
00011000000000000000000000000000000000000000000000000000
00010010000000000000000000000000000000000000000000000000
00100001000000000000000000000000000000000000000000000000
00001001000000000000000000000000000000000000000000000000
10000001000000000000000000000000000000000000000000000000
01000010000000000000000000000000000000000000000000000000




=== State Orbit 2 =====================
size : 24
repr state: 00000011000000000000000000100000000000000000000000000000
lex min decimal: 844424946909184
states:
11000000000010000000000000000000000000000000000000000000
00110000000000100000000000000000000000000000000000000000
11000000000001000000000000000000000000000000000000000000
00000011000000000000000000000001000000000000000000000000
00001100000000000000100000000000000000000000000000000000
00110000000000000001000000000000000000000000000000000000
00110000000000000010000000000000000000000000000000000000
00110000000000000100000000000000000000000000000000000000
00001100000000000000001000000000000000000000000000000000
00001100000000000000010000000000000000000000000000000000
11000000100000000000000000000000000000000000000000000000
00001100000000000000000010000000000000000000000000000000
11000000001000000000000000000000000000000000000000000000
00000011000000000000000000100000000000000000000000000000
00000011000000000000000000001000000000000000000000000000
00000011000000000000000000000100000000000000000000000000
00001100000000000000000001000000000000000000000000000000
00110000000000010000000000000000000000000000000000000000
00000011000000000000000000010000000000000000000000000000
00110000000000001000000000000000000000000000000000000000
11000000010000000000000000000000000000000000000000000000
11000000000100000000000000000000000000000000000000000000
00000011000000000000000000000010000000000000000000000000
00001100000000000000000100000000000000000000000000000000




=== State Orbit 3 =====================
size : 72
repr state: 00000001000000000000000000000000100000000000000000000000
lex min decimal: 281474976711168
states:
00010000000000000000000000000000000000000000010000000000
00000100000000000000000000000000000000100000000000000000
00001000000000000000000000000000000001000000000000000000
00000010000000000000000000000000000000000000000100000000
00001000000000000000000000000000000000000001000000000000
10000000000000000000000000000000000000000000000010000000
10000000000000000000000000000000000000000000000001000000
01000000000000000000000000000000000000000000000000100000
00010000000000000000000000000000000000000000100000000000
00000001000000000000000000000000000000000000100000000000
00010000000000000000000000000000001000000000000000000000
00000010000000000000000000000000000000000000000001000000
01000000000000000000000000000000000000001000000000000000
01000000000000000000000000000000000000000000100000000000
00001000000000000000000000000000000000000010000000000000
00000001000000000000000000000000000000000000001000000000
00000001000000000000000000000000000000100000000000000000
00001000000000000000000000000000000100000000000000000000
10000000000000000000000000000000000000000000000000000010
00000100000000000000000000000000000000001000000000000000
00010000000000000000000000000000000000000000000000001000
00001000000000000000000000000000000000000000000000000010
10000000000000000000000000000000000000000000000000000001
00000001000000000000000000000000010000000000000000000000
10000000000000000000000000000000000000000010000000000000
00000001000000000000000000000000000000000000010000000000
10000000000000000000000000000000000000000001000000000000
10000000000000000000000000000000000000000100000000000000
00000100000000000000000000000000001000000000000000000000
01000000000000000000000000000000000000000000000000001000
00100000000000000000000000000000000000000000000100000000
00000100000000000000000000000000000000000000000000010000
00000010000000000000000000000000000010000000000000000000
00000010000000000000000000000000000100000000000000000000
00000001000000000000000000000000100000000000000000000000
01000000000000000000000000000000000000000000000000010000
00100000000000000000000000000000000000000000000000000010
01000000000000000000000000000000000000100000000000000000
01000000000000000000000000000000000000000000001000000000
00010000000000000000000000000000010000000000000000000000
00000100000000000000000000000000000000010000000000000000
00100000000000000000000000000000000000000000000001000000
01000000000000000000000000000000000000000000010000000000
00000100000000000000000000000000000000000000000000100000
01000000000000000000000000000000000000010000000000000000
00100000000000000000000000000000000000000000000000000100
00010000000000000000000000000000000000000000000000010000
00010000000000000000000000000000000000000000000000100000
00010000000000000000000000000000000000000000001000000000
00001000000000000000000000000000000010000000000000000000
00100000000000000000000000000000000000000000000000000001
00000100000000000000000000000000010000000000000000000000
00001000000000000000000000000000000000000100000000000000
10000000000000000000000000000000000000000000000100000000
00100000000000000000000000000000000010000000000000000000
10000000000000000000000000000000000000000000000000000100
00000010000000000000000000000000000000000000000010000000
00000001000000000000000000000000001000000000000000000000
00000001000000000000000000000000000000010000000000000000
00000010000000000000000000000000000000000010000000000000
00100000000000000000000000000000000100000000000000000000
00100000000000000000000000000000000000000000000010000000
00100000000000000000000000000000000001000000000000000000
00000010000000000000000000000000000001000000000000000000
00000010000000000000000000000000000000000001000000000000
00010000000000000000000000000000100000000000000000000000
00000100000000000000000000000000000000000000000000001000
00001000000000000000000000000000000000000000000000000100
00000100000000000000000000000000100000000000000000000000
00000001000000000000000000000000000000001000000000000000
00001000000000000000000000000000000000000000000000000001
00000010000000000000000000000000000000000100000000000000




=== State Orbit 4 =====================
size : 72
repr state: 10000001100000000000000000000000000000000000000000000000
lex min decimal: 1688849994481664
states:
10000100010000000000000000000000000000000000000000000000
00001001000000000000000000000010000000000000000000000000
00100100000000000000000001000000000000000000000000000000
00001001000000000000000000000100000000000000000000000000
00100001000000000000000000000001000000000000000000000000
00000110000000000000000001000000000000000000000000000000
10000001000000000000000000000100000000000000000000000000
01100000000000001000000000000000000000000000000000000000
00000110000000000000000010000000000000000000000000000000
00010010000000000010000000000000000000000000000000000000
00001001000000000000001000000000000000000000000000000000
00011000000000000100000000000000000000000000000000000000
10010000010000000000000000000000000000000000000000000000
00100100000000000000000100000000000000000000000000000000
01100000000010000000000000000000000000000000000000000000
00000110000000000000000000100000000000000000000000000000
00000110000000000000000000010000000000000000000000000000
10010000000000000100000000000000000000000000000000000000
10000001001000000000000000000000000000000000000000000000
01000010000010000000000000000000000000000000000000000000
00011000000000000001000000000000000000000000000000000000
10000001000000000000000000000010000000000000000000000000
10000001000000000000000000000001000000000000000000000000
10000100100000000000000000000000000000000000000000000000
10010000100000000000000000000000000000000000000000000000
01001000000000000000100000000000000000000000000000000000
10000100000000000000000010000000000000000000000000000000
01000010000001000000000000000000000000000000000000000000
10010000000000000001000000000000000000000000000000000000
00010010000000000000000000010000000000000000000000000000
10010000001000000000000000000000000000000000000000000000
01001000000000000000001000000000000000000000000000000000
00001001000000000000000000000001000000000000000000000000
00001001000000000000100000000000000000000000000000000000
00011000000000000000001000000000000000000000000000000000
01001000000000000000010000000000000000000000000000000000
00010010000000000000000000100000000000000000000000000000
01000010000000000000000000010000000000000000000000000000
00010010000000000000000000001000000000000000000000000000
00010010000000000100000000000000000000000000000000000000
01001000000010000000000000000000000000000000000000000000
01100000000100000000000000000000000000000000000000000000
10000001010000000000000000000000000000000000000000000000
00100001000000000000000000000010000000000000000000000000
10000100000000000000000100000000000000000000000000000000
01100000000001000000000000000000000000000000000000000000
01001000000001000000000000000000000000000000000000000000
00000110000000000000000100000000000000000000000000000000
00001001000000000000010000000000000000000000000000000000
01100000000000100000000000000000000000000000000000000000
00011000000000000000010000000000000000000000000000000000
00000110000000000000000000001000000000000000000000000000
00010010000000000001000000000000000000000000000000000000
00011000000000000000100000000000000000000000000000000000
00100001000000100000000000000000000000000000000000000000
00100100000000001000000000000000000000000000000000000000
10000100001000000000000000000000000000000000000000000000
00100100000000010000000000000000000000000000000000000000
00100001000000001000000000000000000000000000000000000000
00011000000000000010000000000000000000000000000000000000
00100100000000000000000010000000000000000000000000000000
00100001000000010000000000000000000000000000000000000000
10000100000000000000000001000000000000000000000000000000
01001000000100000000000000000000000000000000000000000000
00100100000000100000000000000000000000000000000000000000
01100000000000010000000000000000000000000000000000000000
00100001000000000000000000000100000000000000000000000000
01000010000000000000000000001000000000000000000000000000
10000001100000000000000000000000000000000000000000000000
01000010000100000000000000000000000000000000000000000000
10010000000000000010000000000000000000000000000000000000
01000010000000000000000000100000000000000000000000000000




=== State Orbit 5 =====================
size : 24
repr state: 00000001000000000000000000000000000000000000000000100000
lex min decimal: 281474976710664
states:
00000001000000000000000000000000000000000000000000100000
00000100000000000000000000000000000000000000010000000000
00100000000000000000000000000000000000000100000000000000
00000100000000000000000000000000000000000000100000000000
00001000000000000000000000000000000000000000000010000000
00000010000000000000000000000000000000000000000000000001
01000000000000000000000000000000010000000000000000000000
10000000000000000000000000000000000001000000000000000000
00000001000000000000000000000000000000000000000000010000
00000010000000000000000000000000000000000000000000000100
00001000000000000000000000000000000000000000000100000000
10000000000000000000000000000000000100000000000000000000
00100000000000000000000000000000000000000001000000000000
00000100000000000000000000000000000000000000001000000000
00010000000000000000000000000000000000010000000000000000
01000000000000000000000000000000100000000000000000000000
00010000000000000000000000000000000000100000000000000000
01000000000000000000000000000000001000000000000000000000
00000001000000000000000000000000000000000000000000001000
00100000000000000000000000000000000000000010000000000000
00000010000000000000000000000000000000000000000000000010
00001000000000000000000000000000000000000000000001000000
00010000000000000000000000000000000000001000000000000000
10000000000000000000000000000000000010000000000000000000




=== State Orbit 6 =====================
size : 24
repr state: 00000001000000000000000000000100000000000000000000100000
lex min decimal: 281474993487880
states:
00100000000000100000000000000000000000000100000000000000
00100000000000010000000000000000000000000010000000000000
01000000000010000000000000000000010000000000000000000000
00000010000000000000000000100000000000000000000000000100
00000001000000000000000000000100000000000000000000100000
00000100000000000000000100000000000000000000100000000000
01000000000100000000000000000000100000000000000000000000
00000010000000000000000000010000000000000000000000000010
00010000000000000100000000000000000000100000000000000000
00100000000000001000000000000000000000000001000000000000
01000000000001000000000000000000001000000000000000000000
00000100000000000000000010000000000000000000010000000000
00000001000000000000000000000001000000000000000000001000
10000000010000000000000000000000000010000000000000000000
00010000000000000010000000000000000000010000000000000000
00001000000000000000100000000000000000000000000100000000
00000010000000000000000000001000000000000000000000000001
00010000000000000001000000000000000000001000000000000000
00000100000000000000000001000000000000000000001000000000
10000000001000000000000000000000000001000000000000000000
00001000000000000000010000000000000000000000000010000000
00000001000000000000000000000010000000000000000000010000
10000000100000000000000000000000000100000000000000000000
00001000000000000000001000000000000000000000000001000000




=== State Orbit 7 =====================
size : 36
repr state: 00000000000000000000000000000000000100000000000000100000
lex min decimal: 72
states:
00000000000000000000000000000000000000000000010000000010
00000000000000000000000000000000000001000000000000001000
00000000000000000000000000000000000000000001001000000000
00000000000000000000000000000000000000000000000100100000
00000000000000000000000000000000000000100000000000000100
00000000000000000000000000000000100000000000000100000000
00000000000000000000000000000000000000000100000000100000
00000000000000000000000000000000000000010000000000000010
00000000000000000000000000000000100000000100000000000000
00000000000000000000000000000000000010000000000000010000
00000000000000000000000000000000000010010000000000000000
00000000000000000000000000000000000000000010000000010000
00000000000000000000000000000000000000000000100000000100
00000000000000000000000000000000000001000000001000000000
00000000000000000000000000000000000000000000000001001000
00000000000000000000000000000000000100000000000000100000
00000000000000000000000000000000000000000010010000000000
00000000000000000000000000000000010000000000000000000010
00000000000000000000000000000000100000000000000000000100
00000000000000000000000000000000000000001000000000000001
00000000000000000000000000000000010000000010000000000000
00000000000000000000000000000000010000000000000010000000
00000000000000000000000000000000000000000000000010010000
00000000000000000000000000000000001000000000000000000001
00000000000000000000000000000000000000000001000000001000
00000000000000000000000000000000000000001000000001000000
00000000000000000000000000000000000000010000000010000000
00000000000000000000000000000000000010000000010000000000
00000000000000000000000000000000000000000100100000000000
00000000000000000000000000000000000000000000001000000001
00000000000000000000000000000000000100100000000000000000
00000000000000000000000000000000001000000001000000000000
00000000000000000000000000000000001000000000000001000000
00000000000000000000000000000000000000100000000100000000
00000000000000000000000000000000000001001000000000000000
00000000000000000000000000000000000100000000100000000000




=== State Orbit 8 =====================
size : 72
repr state: 01000000000100000000000000000000000000000000000000100000
lex min decimal: 281474993488384
states:
00000001000000000000000000000001001000000000000000000000
00010000000000000010000000000000010000000000000000000000
01000000000100000000000000000000000000000000100000000000
01000000000010000000000000000000000000000000010000000000
10000000001000000000000000000000000000000000000001000000
00000010000000000000000000001000000000000000000001000000
00000100000000000000000100000000000000000000000000100000
00000001000000000000000000000100000000000000100000000000
00000010000000000000000000100000000100000000000000000000
00100000000000010000000000000000000000000000000010000000
00100000000000001000000000000000000000000000000000000001
00000001000000000000000000000100100000000000000000000000
00000001000000000000000000000010010000000000000000000000
10000000100000000000000000000000000000000000000000000100
01000000000010000000000000000000000000010000000000000000
00100000000000010000000000000000000000000000000000000010
00000001000000000000000000000001000000001000000000000000
10000000001000000000000000000000000000000000000000000001
00001000000000000000001000000000000001000000000000000000
01000000000100000000000000000000000000100000000000000000
00010000000000000100000000000000000000000000100000000000
00000010000000000000000000001000000000000001000000000000
10000000010000000000000000000000000000000000000000000010
00010000000000000100000000000000100000000000000000000000
00100000000000001000000000000000000001000000000000000000
00001000000000000000001000000000000000000001000000000000
00100000000000010000000000000000000010000000000000000000
00000001000000000000000000000010000000010000000000000000
00000001000000000000000000000001000000000000001000000000
10000000010000000000000000000000000000000000000010000000
01000000000001000000000000000000000000001000000000000000
00000100000000000000000010000000000000010000000000000000
01000000000010000000000000000000000000000000000000010000
00010000000000000010000000000000000000000000010000000000
00010000000000000100000000000000000000000000000000100000
00010000000000000010000000000000000000000000000000010000
00000100000000000000000100000000000000100000000000000000
01000000000001000000000000000000000000000000001000000000
00001000000000000000100000000000000000000000000000000100
00001000000000000000010000000000000000000000000000000010
00100000000000100000000000000000000100000000000000000000
00010000000000000001000000000000000000000000001000000000
00000100000000000000000001000000001000000000000000000000
00001000000000000000100000000000000000000100000000000000
00000010000000000000000000100000000000000100000000000000
00001000000000000000010000000000000010000000000000000000
10000000100000000000000000000000000000000000000100000000
00010000000000000001000000000000001000000000000000000000
01000000000001000000000000000000000000000000000000001000
10000000001000000000000000000000000000000001000000000000
01000000000100000000000000000000000000000000000000100000
00000010000000000000000000001000000001000000000000000000
00001000000000000000100000000000000100000000000000000000
00100000000000100000000000000000000000000000000000000100
10000000010000000000000000000000000000000010000000000000
00100000000000001000000000000000000000000000000001000000
10000000100000000000000000000000000000000100000000000000
00000100000000000000000100000000100000000000000000000000
00100000000000100000000000000000000000000000000100000000
00000100000000000000000010000000010000000000000000000000
00000010000000000000000000100000000000000000000100000000
00001000000000000000010000000000000000000010000000000000
00000010000000000000000000010000000000000010000000000000
00000100000000000000000010000000000000000000000000010000
00001000000000000000001000000000000000000000000000000001
00010000000000000001000000000000000000000000000000001000
00000100000000000000000001000000000000000000000000001000
00000010000000000000000000010000000000000000000010000000
00000100000000000000000001000000000000001000000000000000
00000001000000000000000000000010000000000000010000000000
00000010000000000000000000010000000010000000000000000000
00000001000000000000000000000100000000100000000000000000




=== State Orbit 9 =====================
size : 12
repr state: 00000000000000000000000000000000000000000000000000100100
lex min decimal: 9
states:
00000000000000000000000000000000000000000000100100000000
00000000000000000000000000000000000000000000001001000000
00000000000000000000000000000000010010000000000000000000
00000000000000000000000000000000100100000000000000000000
00000000000000000000000000000000001001000000000000000000
00000000000000000000000000000000000000001001000000000000
00000000000000000000000000000000000000100100000000000000
00000000000000000000000000000000000000000000000000100100
00000000000000000000000000000000000000000000000000010010
00000000000000000000000000000000000000010010000000000000
00000000000000000000000000000000000000000000000000001001
00000000000000000000000000000000000000000000010010000000




=== State Orbit 10 =====================
size : 36
repr state: 01000010000100000000000000100000000000000000000000000000
lex min decimal: 1688851068223488
states:
01000010000001000000000000001000000000000000000000000000
00011000000000000010010000000000000000000000000000000000
10010000001000000001000000000000000000000000000000000000
00100100000000100000000100000000000000000000000000000000
10000001010000000000000000000010000000000000000000000000
01001000000010000000010000000000000000000000000000000000
00100001000000100000000000000100000000000000000000000000
01100000000100100000000000000000000000000000000000000000
10010000010000000010000000000000000000000000000000000000
10000100001000000000000001000000000000000000000000000000
01000010000010000000000000010000000000000000000000000000
00001001000000000000001000000001000000000000000000000000
00001001000000000000010000000010000000000000000000000000
10000100100000000000000100000000000000000000000000000000
10000001100000000000000000000100000000000000000000000000
00100100000000001000000001000000000000000000000000000000
00010010000000000010000000010000000000000000000000000000
00100001000000010000000000000010000000000000000000000000
00011000000000000001001000000000000000000000000000000000
01000010000100000000000000100000000000000000000000000000
01100000000010010000000000000000000000000000000000000000
01001000000100000000100000000000000000000000000000000000
10010000100000000100000000000000000000000000000000000000
10000100010000000000000010000000000000000000000000000000
10000001001000000000000000000001000000000000000000000000
00010010000000000100000000100000000000000000000000000000
00000110000000000000000010010000000000000000000000000000
00011000000000000100100000000000000000000000000000000000
00000110000000000000000100100000000000000000000000000000
01100000000001001000000000000000000000000000000000000000
01001000000001000000001000000000000000000000000000000000
00100001000000001000000000000001000000000000000000000000
00000110000000000000000001001000000000000000000000000000
00100100000000010000000010000000000000000000000000000000
00010010000000000001000000001000000000000000000000000000
00001001000000000000100000000100000000000000000000000000




=== State Orbit 11 =====================
size : 72
repr state: 01000010000010000000000000100000000000000000000000000000
lex min decimal: 1688851202441216
states:
00100100000000010000000001000000000000000000000000000000
00010010000000000100000000001000000000000000000000000000
00000110000000000000000100001000000000000000000000000000
00100001000000100000000000000010000000000000000000000000
00000110000000000000000001100000000000000000000000000000
10010000001000000100000000000000000000000000000000000000
01100000000001100000000000000000000000000000000000000000
01001000000100000000010000000000000000000000000000000000
00000110000000000000000010100000000000000000000000000000
00001001000000000000100000000001000000000000000000000000
01000010000100000000000000001000000000000000000000000000
10010000001000000010000000000000000000000000000000000000
00100100000000001000000010000000000000000000000000000000
00011000000000000001010000000000000000000000000000000000
01100000000001010000000000000000000000000000000000000000
00100001000000010000000000000001000000000000000000000000
01000010000010000000000000001000000000000000000000000000
00011000000000000010100000000000000000000000000000000000
00010010000000000010000000100000000000000000000000000000
00001001000000000000100000000010000000000000000000000000
00001001000000000000010000000001000000000000000000000000
01100000000100001000000000000000000000000000000000000000
00010010000000000010000000001000000000000000000000000000
10010000010000000100000000000000000000000000000000000000
00100100000000100000000001000000000000000000000000000000
00100100000000010000000100000000000000000000000000000000
10000100010000000000000100000000000000000000000000000000
10000001100000000000000000000001000000000000000000000000
00010010000000000100000000010000000000000000000000000000
01001000000001000000010000000000000000000000000000000000
01001000000010000000100000000000000000000000000000000000
10000100100000000000000010000000000000000000000000000000
00000110000000000000000010001000000000000000000000000000
10000001001000000000000000000010000000000000000000000000
10010000100000000010000000000000000000000000000000000000
00100001000000010000000000000100000000000000000000000000
10000100001000000000000100000000000000000000000000000000
01100000000010001000000000000000000000000000000000000000
00001001000000000000001000000010000000000000000000000000
00100001000000100000000000000001000000000000000000000000
01100000000010100000000000000000000000000000000000000000
00011000000000000010001000000000000000000000000000000000
01100000000100010000000000000000000000000000000000000000
00001001000000000000001000000100000000000000000000000000
01000010000100000000000000010000000000000000000000000000
01000010000001000000000000010000000000000000000000000000
00100100000000001000000100000000000000000000000000000000
10000100010000000000000001000000000000000000000000000000
00011000000000000100001000000000000000000000000000000000
00001001000000000000010000000100000000000000000000000000
10000001001000000000000000000100000000000000000000000000
00100100000000100000000010000000000000000000000000000000
10000001010000000000000000000100000000000000000000000000
00100001000000001000000000000100000000000000000000000000
00100001000000001000000000000010000000000000000000000000
10010000010000000001000000000000000000000000000000000000
01000010000010000000000000100000000000000000000000000000
01001000000001000000100000000000000000000000000000000000
00010010000000000001000000100000000000000000000000000000
10010000100000000001000000000000000000000000000000000000
01000010000001000000000000100000000000000000000000000000
00011000000000000100010000000000000000000000000000000000
00000110000000000000000100010000000000000000000000000000
10000001100000000000000000000010000000000000000000000000
00010010000000000001000000010000000000000000000000000000
00000110000000000000000001010000000000000000000000000000
00011000000000000001100000000000000000000000000000000000
10000001010000000000000000000001000000000000000000000000
10000100001000000000000010000000000000000000000000000000
10000100100000000000000001000000000000000000000000000000
01001000000100000000001000000000000000000000000000000000
01001000000010000000001000000000000000000000000000000000




=== State Orbit 12 =====================
size : 48
repr state: 01000000000010000000000000000000100000000000000000000000
lex min decimal: 281474993487888
states:
00010000000000000010000000000000000000001000000000000000
10000000100000000000000000000000000010000000000000000000
00010000000000000100000000000000000000010000000000000000
00100000000000001000000000000000000000000010000000000000
00000001000000000000000000000001000000000000000000010000
00000001000000000000000000000010000000000000000000001000
00000010000000000000000000010000000000000000000000000100
00000010000000000000000000100000000000000000000000000010
01000000000100000000000000000000001000000000000000000000
00001000000000000000100000000000000000000000000010000000
00000010000000000000000000010000000000000000000000000001
00000001000000000000000000000100000000000000000000010000
10000000010000000000000000000000000001000000000000000000
00000100000000000000000010000000000000000000001000000000
00000010000000000000000000100000000000000000000000000001
00100000000000001000000000000000000000000100000000000000
00100000000000100000000000000000000000000010000000000000
00000010000000000000000000001000000000000000000000000010
10000000001000000000000000000000000100000000000000000000
00001000000000000000010000000000000000000000000100000000
00000100000000000000000010000000000000000000100000000000
00001000000000000000100000000000000000000000000001000000
00010000000000000001000000000000000000010000000000000000
10000000001000000000000000000000000010000000000000000000
00001000000000000000001000000000000000000000000010000000
00000001000000000000000000000010000000000000000000100000
00100000000000010000000000000000000000000100000000000000
01000000000100000000000000000000010000000000000000000000
00000100000000000000000001000000000000000000010000000000
00010000000000000001000000000000000000100000000000000000
00000001000000000000000000000100000000000000000000001000
01000000000001000000000000000000010000000000000000000000
00000100000000000000000001000000000000000000100000000000
01000000000010000000000000000000001000000000000000000000
00010000000000000100000000000000000000001000000000000000
01000000000010000000000000000000100000000000000000000000
00000001000000000000000000000001000000000000000000100000
00000010000000000000000000001000000000000000000000000100
01000000000001000000000000000000100000000000000000000000
00100000000000010000000000000000000000000001000000000000
10000000100000000000000000000000000001000000000000000000
00000100000000000000000100000000000000000000001000000000
00010000000000000010000000000000000000100000000000000000
00001000000000000000001000000000000000000000000100000000
00100000000000100000000000000000000000000001000000000000
00001000000000000000010000000000000000000000000001000000
00000100000000000000000100000000000000000000010000000000
10000000010000000000000000000000000100000000000000000000




=== State Orbit 13 =====================
size : 24
repr state: 00000000000000000000000000000000100010000000000000000000
lex min decimal: 10
states:
00000000000000000000000000000000000000000000000000100010
00000000000000000000000000000000000000001100000000000000
00000000000000000000000000000000000000000000001010000000
00000000000000000000000000000000010001000000000000000000
00000000000000000000000000000000000000100001000000000000
00000000000000000000000000000000000000100010000000000000
00000000000000000000000000000000000000000000100010000000
00000000000000000000000000000000000000000000100001000000
00000000000000000000000000000000000000000000000000010100
00000000000000000000000000000000000000010001000000000000
00000000000000000000000000000000000000001010000000000000
00000000000000000000000000000000000000000000000000100001
00000000000000000000000000000000010100000000000000000000
00000000000000000000000000000000000000000000010001000000
00000000000000000000000000000000100010000000000000000000
00000000000000000000000000000000000000010100000000000000
00000000000000000000000000000000000000000000000000001100
00000000000000000000000000000000000000000000000000001010
00000000000000000000000000000000100001000000000000000000
00000000000000000000000000000000001100000000000000000000
00000000000000000000000000000000001010000000000000000000
00000000000000000000000000000000000000000000010100000000
00000000000000000000000000000000000000000000001100000000
00000000000000000000000000000000000000000000000000010001




=== State Orbit 14 =====================
size : 72
repr state: 00000000000000000000000000000000100000000010000000000000
lex min decimal: 80
states:
00000000000000000000000000000000000000000000010000000100
00000000000000000000000000000000000010001000000000000000
00000000000000000000000000000000000000000001000000010000
00000000000000000000000000000000000000100000000001000000
00000000000000000000000000000000000000000010000000001000
00000000000000000000000000000000000000100000000000000001
00000000000000000000000000000000000000100000000000000010
00000000000000000000000000000000000000010000000000000100
00000000000000000000000000000000100000000000000010000000
00000000000000000000000000000000000000000000100000000001
00000000000000000000000000000000100000000000000000000010
00000000000000000000000000000000000000001000000100000000
00000000000000000000000000000000000100000000000000010000
00000000000000000000000000000000000000000000100000000010
00000000000000000000000000000000000000000000000001010000
00000000000000000000000000000000000010000000000000001000
00000000000000000000000000000000000000000000000010001000
00000000000000000000000000000000001000000100000000000000
00000000000000000000000000000000000001100000000000000000
00000000000000000000000000000000000000010000000000000001
00000000000000000000000000000000010000000100000000000000
00000000000000000000000000000000000000000000000010100000
00000000000000000000000000000000000000000000010000000001
00000000000000000000000000000000000010000000001000000000
00000000000000000000000000000000010000000000000000000100
00000000000000000000000000000000000100000000000000001000
00000000000000000000000000000000100000000000000001000000
00000000000000000000000000000000000100000000001000000000
00000000000000000000000000000000000001000000000000010000
00000000000000000000000000000000000000000000001000000100
00000000000000000000000000000000000000001000000010000000
00000000000000000000000000000000000001000000100000000000
00000000000000000000000000000000000000000100010000000000
00000000000000000000000000000000000010000000000000100000
00000000000000000000000000000000000000000010001000000000
00000000000000000000000000000000000100000000010000000000
00000000000000000000000000000000000001000000010000000000
00000000000000000000000000000000000000000001000000100000
00000000000000000000000000000000000010000000100000000000
00000000000000000000000000000000000000000100000000001000
00000000000000000000000000000000000000000000000100010000
00000000000000000000000000000000001000000000000100000000
00000000000000000000000000000000000000100000000010000000
00000000000000000000000000000000010000000000000100000000
00000000000000000000000000000000001000000010000000000000
00000000000000000000000000000000000000001000000000000100
00000000000000000000000000000000000100001000000000000000
00000000000000000000000000000000000100010000000000000000
00000000000000000000000000000000100000000010000000000000
00000000000000000000000000000000001000000000000010000000
00000000000000000000000000000000000000000000000100001000
00000000000000000000000000000000000000000100001000000000
00000000000000000000000000000000000000000001010000000000
00000000000000000000000000000000000000010000000100000000
00000000000000000000000000000000001000000000000000000100
00000000000000000000000000000000001000000000000000000010
00000000000000000000000000000000000000000010000000100000
00000000000000000000000000000000000000000001100000000000
00000000000000000000000000000000000000001000000000000010
00000000000000000000000000000000100000000000000000000001
00000000000000000000000000000000010000000000000000000001
00000000000000000000000000000000010000000000000001000000
00000000000000000000000000000000100000000001000000000000
00000000000000000000000000000000000001010000000000000000
00000000000000000000000000000000000000000000000001100000
00000000000000000000000000000000000000010000000001000000
00000000000000000000000000000000000000000100000000010000
00000000000000000000000000000000000000000000001000000010
00000000000000000000000000000000010000000001000000000000
00000000000000000000000000000000000010100000000000000000
00000000000000000000000000000000000000000010100000000000
00000000000000000000000000000000000001000000000000100000




=== State Orbit 15 =====================
size : 144
repr state: 10000000100000000000000000000000000000000010000000000000
lex min decimal: 281474993488896
states:
00010000000000000100000000000000010000000000000000000000
00000001000000000000000000000010000000001000000000000000
00100000000000100000000000000000000000000000000010000000
10000000001000000000000000000000000000000000000010000000
00001000000000000000001000000000000000000000000000000100
00010000000000000010000000000000100000000000000000000000
00010000000000000100000000000000000000000000000000001000
00001000000000000000001000000000000000000100000000000000
10000000001000000000000000000000000000000000000000000010
00000100000000000000000001000000000000100000000000000000
00100000000000100000000000000000000010000000000000000000
00000010000000000000000000010000000100000000000000000000
00000010000000000000000000001000000100000000000000000000
00000100000000000000000100000000000000010000000000000000
00000100000000000000000010000000001000000000000000000000
00100000000000100000000000000000000001000000000000000000
00000001000000000000000000000001000000000000100000000000
00010000000000000001000000000000010000000000000000000000
00000100000000000000000001000000000000000000000000010000
00000010000000000000000000001000000000000010000000000000
00000010000000000000000000100000000010000000000000000000
00001000000000000000001000000000000000000010000000000000
01000000000001000000000000000000000000000000000000100000
01000000000100000000000000000000000000010000000000000000
00000010000000000000000000001000000000000000000100000000
00010000000000000100000000000000000000000000001000000000
00100000000000010000000000000000000000000000000100000000
00000010000000000000000000100000000000000001000000000000
00000010000000000000000000100000000001000000000000000000
01000000000010000000000000000000000000000000000000001000
00010000000000000001000000000000100000000000000000000000
10000000010000000000000000000000000000000000000100000000
00001000000000000000100000000000000000000000000000000001
00000100000000000000000010000000000000000000000000100000
00000001000000000000000000000100000000000000001000000000
00100000000000001000000000000000000000000000000000000010
10000000010000000000000000000000000000000000000001000000
10000000100000000000000000000000000000000010000000000000
00000100000000000000000100000000010000000000000000000000
00000100000000000000000010000000000000100000000000000000
00010000000000000100000000000000001000000000000000000000
00001000000000000000100000000000000000000000000000000010
00000010000000000000000000001000000000000100000000000000
00000001000000000000000000000010000000100000000000000000
10000000010000000000000000000000000000000000000000000001
00000001000000000000000000000001100000000000000000000000
00000001000000000000000000000010100000000000000000000000
00010000000000000010000000000000000000000000001000000000
10000000100000000000000000000000000000000000000000000010
01000000000100000000000000000000000000000000010000000000
00100000000000010000000000000000000000000000000001000000
00001000000000000000001000000000000000000000000000000010
00000001000000000000000000000100000000001000000000000000
01000000000010000000000000000000000000100000000000000000
00000010000000000000000000100000000000000000000010000000
00100000000000001000000000000000000000000000000010000000
10000000001000000000000000000000000000000000000000000100
10000000001000000000000000000000000000000100000000000000
00001000000000000000010000000000000000000000000000000100
00001000000000000000100000000000000000000001000000000000
00000010000000000000000000100000000000000000000001000000
01000000000010000000000000000000000000000000001000000000
00010000000000000010000000000000000000000000000000001000
00000010000000000000000000010000000000000100000000000000
00000100000000000000000100000000000000001000000000000000
00100000000000010000000000000000000000000000000000000100
00000100000000000000000100000000000000000000000000001000
00000100000000000000000001000000010000000000000000000000
00000100000000000000000100000000000000000000000000010000
00000001000000000000000000000010001000000000000000000000
00001000000000000000010000000000000000000000000000000001
00100000000000010000000000000000000100000000000000000000
00001000000000000000001000000000000100000000000000000000
00000010000000000000000000010000000000000000000001000000
00000010000000000000000000010000000001000000000000000000
01000000000001000000000000000000000000100000000000000000
00100000000000100000000000000000000000000000000000000001
01000000000001000000000000000000000000000000100000000000
00000100000000000000000010000000100000000000000000000000
01000000000100000000000000000000000000000000000000001000
00100000000000010000000000000000000001000000000000000000
00000001000000000000000000000100010000000000000000000000
00010000000000000100000000000000000000000000000000010000
00000100000000000000000010000000000000000000000000001000
00100000000000001000000000000000000100000000000000000000
00000001000000000000000000000100001000000000000000000000
00000001000000000000000000000100000000010000000000000000
00000100000000000000000100000000001000000000000000000000
10000000100000000000000000000000000000000000000000000001
01000000000100000000000000000000000000000000001000000000
01000000000001000000000000000000000000000000010000000000
00100000000000100000000000000000000000000000000001000000
00001000000000000000100000000000000010000000000000000000
00010000000000000010000000000000000000000000100000000000
00000010000000000000000000100000000000000010000000000000
00010000000000000001000000000000000000000000100000000000
10000000100000000000000000000000000000000001000000000000
10000000010000000000000000000000000000000001000000000000
00010000000000000010000000000000001000000000000000000000
00000001000000000000000000000010000000000000001000000000
00010000000000000001000000000000000000000000010000000000
10000000100000000000000000000000000000000000000001000000
00000001000000000000000000000001010000000000000000000000
01000000000001000000000000000000000000010000000000000000
00001000000000000000010000000000000000000100000000000000
00000001000000000000000000000001000000100000000000000000
00100000000000001000000000000000000000000000000000000100
00000100000000000000000001000000000000010000000000000000
10000000001000000000000000000000000000000000000100000000
00000001000000000000000000000010000000000000100000000000
10000000100000000000000000000000000000000000000010000000
01000000000100000000000000000000000000001000000000000000
00100000000000100000000000000000000000000000000000000010
00000100000000000000000010000000000000001000000000000000
00010000000000000001000000000000000000000000000000010000
00000001000000000000000000000001000000010000000000000000
00001000000000000000100000000000000001000000000000000000
00100000000000010000000000000000000000000000000000000001
00010000000000000001000000000000000000000000000000100000
00000001000000000000000000000001000000000000010000000000
10000000010000000000000000000000000000000100000000000000
10000000001000000000000000000000000000000010000000000000
00100000000000001000000000000000000000000000000100000000
01000000000010000000000000000000000000001000000000000000
00010000000000000010000000000000000000000000000000100000
00000010000000000000000000001000000000000000000010000000
00000001000000000000000000000100000000000000010000000000
00001000000000000000010000000000000000000001000000000000
00010000000000000100000000000000000000000000010000000000
00000100000000000000000001000000100000000000000000000000
00001000000000000000010000000000000001000000000000000000
00000010000000000000000000001000000010000000000000000000
01000000000010000000000000000000000000000000000000100000
00000010000000000000000000010000000000000000000100000000
00000100000000000000000001000000000000000000000000100000
01000000000001000000000000000000000000000000000000010000
00001000000000000000010000000000000100000000000000000000
00000010000000000000000000010000000000000001000000000000
00001000000000000000001000000000000010000000000000000000
00001000000000000000100000000000000000000010000000000000
00100000000000001000000000000000000010000000000000000000
01000000000100000000000000000000000000000000000000010000
01000000000010000000000000000000000000000000100000000000
10000000010000000000000000000000000000000000000000000100




=== State Orbit 16 =====================
size : 24
repr state: 11000000100010000000000000000000000000000000000000000000
lex min decimal: 844425097904128
states:
00110000000000001100000000000000000000000000000000000000
00000011000000000000000000100001000000000000000000000000
00001100000000000000100010000000000000000000000000000000
00110000000000010100000000000000000000000000000000000000
00110000000000010001000000000000000000000000000000000000
00001100000000000000001010000000000000000000000000000000
11000000010100000000000000000000000000000000000000000000
00001100000000000000001100000000000000000000000000000000
00000011000000000000000000001100000000000000000000000000
11000000010001000000000000000000000000000000000000000000
00001100000000000000010100000000000000000000000000000000
11000000001100000000000000000000000000000000000000000000
00000011000000000000000000010100000000000000000000000000
11000000001010000000000000000000000000000000000000000000
11000000100010000000000000000000000000000000000000000000
00110000000000100001000000000000000000000000000000000000
00000011000000000000000000010001000000000000000000000000
00001100000000000000100001000000000000000000000000000000
00110000000000001010000000000000000000000000000000000000
00000011000000000000000000001010000000000000000000000000
00000011000000000000000000100010000000000000000000000000
11000000100001000000000000000000000000000000000000000000
00110000000000100010000000000000000000000000000000000000
00001100000000000000010001000000000000000000000000000000




=== State Orbit 17 =====================
size : 12
repr state: 11000000010010000000000000000000000000000000000000000000
lex min decimal: 844425081126912
states:
11000000001001000000000000000000000000000000000000000000
00110000000000010010000000000000000000000000000000000000
11000000100100000000000000000000000000000000000000000000
00110000000000001001000000000000000000000000000000000000
00001100000000000000001001000000000000000000000000000000
00001100000000000000100100000000000000000000000000000000
00000011000000000000000000010010000000000000000000000000
00001100000000000000010010000000000000000000000000000000
00000011000000000000000000100100000000000000000000000000
11000000010010000000000000000000000000000000000000000000
00110000000000100100000000000000000000000000000000000000
00000011000000000000000000001001000000000000000000000000



[QRM NOTE]: Time elapsed since start: 11.460 seconds

[QRM NOTE]: Time elapsed since last: 4.509 seconds

[QRM NOTE]: Peak memory: 1433648 bytes

