
**********************************************************************

	[QRM]: ivybench/sym_quorum/ivy/naive_consensus.ivy

**********************************************************************


---------- Parsing Ivy ----------


Printing isolate this:

OK


==========================================================================================================

	[FW]: Forward Reachability on [ivybench/sym_quorum/ivy/naive_consensus.ivy: node=3,value=3]

==========================================================================================================


==============================================

	Set up for forward reachability

==============================================

[FW NOTE]: number of state atoms: 21

[FW NOTE]: number of interpreted atoms (e.g. member,le): 9

[FW NOTE]: symmetric group order: 36

[FW NOTE]: number of branching actions: 27

ivy_to_cpp target=qrm naive_consensus.node_3_value_3.finite.ivy

[IVY_TO_CPP RESULT]: OK

swig -c++ -python -o naive_consensus.node_3_value_3.finite_wrap.cpp ivy_exec.i

[SWIG RESULT]: OK

g++ -std=c++11 -fpic -pthread -O3 naive_consensus.node_3_value_3.finite.cpp naive_consensus.node_3_value_3.finite_wrap.cpp -I/home/yunrong/.pyenv/versions/3.12.0/include/python3.12 -c

[G++ RESULT]: OK

g++ -shared naive_consensus.node_3_value_3.finite.o naive_consensus.node_3_value_3.finite_wrap.o -o _ivy_exec.so -lm -lstdc++

[LINK RESULT]: OK

[QRM NOTE]: Time elapsed since start: 6.982 seconds

[QRM NOTE]: Time elapsed since last: 6.982 seconds

[QRM NOTE]: Peak memory: 1188809 bytes


===================================

	Forward reachability

===================================

[FW NOTE]: dfs max depth: 7

[FW NOTE]: number of total reachable states:        160

[FW NOTE]: number of dfs representative states:     17

[FW NOTE]: number of dfs non-representative states: 143


=================================================================================================================

	[FW RESULT]: Forward Reachability on [ivybench/sym_quorum/ivy/naive_consensus.ivy: node=3,value=3]

=================================================================================================================

sort: node=['node0', 'node1', 'node2']
sort: value=['value0', 'value1', 'value2']
sort: quorum=['quorum__node0_node1', 'quorum__node0_node2', 'quorum__node1_node2']
predicate: vote('node', 'value')
predicate: member('node', 'quorum')
predicate: decide('quorum', 'value')
predicate: decision('value',)
interpreted atoms: {'member(node0,quorum__node0_node1)': '1', 'member(node0,quorum__node0_node2)': '1', 'member(node0,quorum__node1_node2)': '0', 'member(node1,quorum__node0_node1)': '1', 'member(node1,quorum__node0_node2)': '0', 'member(node1,quorum__node1_node2)': '1', 'member(node2,quorum__node0_node1)': '0', 'member(node2,quorum__node0_node2)': '1', 'member(node2,quorum__node1_node2)': '1'}
state atoms: ['decide(quorum__node0_node1,value0)', 'decide(quorum__node0_node1,value1)', 'decide(quorum__node0_node1,value2)', 'decide(quorum__node0_node2,value0)', 'decide(quorum__node0_node2,value1)', 'decide(quorum__node0_node2,value2)', 'decide(quorum__node1_node2,value0)', 'decide(quorum__node1_node2,value1)', 'decide(quorum__node1_node2,value2)', 'decision(value0)', 'decision(value1)', 'decision(value2)', 'vote(node0,value0)', 'vote(node0,value1)', 'vote(node0,value2)', 'vote(node1,value0)', 'vote(node1,value1)', 'vote(node1,value2)', 'vote(node2,value0)', 'vote(node2,value1)', 'vote(node2,value2)']
representative states : 427, 939, 5035, 37803, 2134955, 18912171, 153129899, 153392043, 19174315, 2397099, 38315, 2167723, 2429867, 2102187, 2364331, 5547, 43435


=== State Orbit 0 =====================
size : 1
repr state: 000000000000000000000
lex min decimal: 427
states:
000000000000000000000




=== State Orbit 1 =====================
size : 9
repr state: 000000000000100000000
lex min decimal: 939
states:
000000000000000000010
000000000000100000000
000000000000000000100
000000000000000100000
000000000000010000000
000000000000001000000
000000000000000000001
000000000000000001000
000000000000000010000




=== State Orbit 2 =====================
size : 9
repr state: 000000000000100100000
lex min decimal: 5035
states:
000000000000010010000
000000000000001000001
000000000000000001001
000000000000010000010
000000000000001001000
000000000000000010010
000000000000100100000
000000000000000100100
000000000000100000100




=== State Orbit 3 =====================
size : 3
repr state: 000000000000100100100
lex min decimal: 37803
states:
000000000000001001001
000000000000100100100
000000000000010010010




=== State Orbit 4 =====================
size : 9
repr state: 100000000000100100100
lex min decimal: 2134955
states:
001000000000001001001
000100000000100100100
000010000000010010010
000000001000001001001
010000000000010010010
000001000000001001001
000000100000100100100
000000010000010010010
100000000000100100100




=== State Orbit 5 =====================
size : 9
repr state: 100100000000100100100
lex min decimal: 18912171
states:
010010000000010010010
000100100000100100100
100100000000100100100
000001001000001001001
001000001000001001001
010000010000010010010
100000100000100100100
001001000000001001001
000010010000010010010




=== State Orbit 6 =====================
size : 3
repr state: 100100100000100100100
lex min decimal: 153129899
states:
001001001000001001001
010010010000010010010
100100100000100100100




=== State Orbit 7 =====================
size : 3
repr state: 100100100100100100100
lex min decimal: 153392043
states:
001001001001001001001
010010010010010010010
100100100100100100100




=== State Orbit 8 =====================
size : 9
repr state: 100100000100100100100
lex min decimal: 19174315
states:
100000100100100100100
000001001001001001001
001000001001001001001
010000010010010010010
001001000001001001001
000100100100100100100
100100000100100100100
010010000010010010010
000010010010010010010




=== State Orbit 9 =====================
size : 9
repr state: 100000000100100100100
lex min decimal: 2397099
states:
000010000010010010010
100000000100100100100
001000000001001001001
010000000010010010010
000001000001001001001
000000001001001001001
000000100100100100100
000000010010010010010
000100000100100100100




=== State Orbit 10 =====================
size : 18
repr state: 000000000000100100010
lex min decimal: 38315
states:
000000000000100001001
000000000000010100100
000000000000100001100
000000000000010001010
000000000000010010100
000000000000100100001
000000000000100010100
000000000000001010001
000000000000010001001
000000000000001100001
000000000000010010001
000000000000001010010
000000000000010100010
000000000000001001100
000000000000001001010
000000000000100010010
000000000000001100100
000000000000100100010




=== State Orbit 11 =====================
size : 18
repr state: 100000000000100100010
lex min decimal: 2167723
states:
000100000000100001100
100000000000100100010
000000010000001010010
000001000000001100001
000000100000010100100
000010000000010100010
000010000000010001010
001000000000001001010
000001000000001010001
010000000000010010100
001000000000001001100
000000100000001100100
000000001000100001001
000000010000100010010
000000001000010001001
100000000000100100001
010000000000010010001
000100000000100010100




=== State Orbit 12 =====================
size : 18
repr state: 100000000100100100010
lex min decimal: 2429867
states:
001000000001001001010
001000000001001001100
100000000100100100010
100000000100100100001
000000100100001100100
000100000100100010100
000001000001001100001
000001000001001010001
000100000100100001100
010000000010010010100
000010000010010001010
000000001001010001001
000010000010010100010
000000001001100001001
000000010010001010010
000000010010100010010
000000100100010100100
010000000010010010001




=== State Orbit 13 =====================
size : 9
repr state: 100000000000100100000
lex min decimal: 2102187
states:
010000000000010010000
000001000000001000001
001000000000001001000
000000100000000100100
000000001000000001001
000100000000100000100
100000000000100100000
000000010000000010010
000010000000010000010




=== State Orbit 14 =====================
size : 9
repr state: 100000000100100100000
lex min decimal: 2364331
states:
000000010010000010010
000100000100100000100
000000100100000100100
000010000010010000010
010000000010010010000
001000000001001001000
000000001001000001001
000001000001001000001
100000000100100100000




=== State Orbit 15 =====================
size : 18
repr state: 000000000000100010000
lex min decimal: 5547
states:
000000000000100000010
000000000000000100010
000000000000100001000
000000000000000010100
000000000000001000010
000000000000000001100
000000000000100000001
000000000000001000100
000000000000000100001
000000000000010100000
000000000000000001010
000000000000010000100
000000000000000010001
000000000000001010000
000000000000010000001
000000000000010001000
000000000000001100000
000000000000100010000




=== State Orbit 16 =====================
size : 6
repr state: 000000000000100010001
lex min decimal: 43435
states:
000000000000100010001
000000000000010001100
000000000000001010100
000000000000001100010
000000000000010100001
000000000000100001010



[QRM NOTE]: Time elapsed since start: 7.260 seconds

[QRM NOTE]: Time elapsed since last: 0.278 seconds

[QRM NOTE]: Peak memory: 1268347 bytes


======================================

	Reduce Equivalent Atoms

======================================

[FW NOTE]: equivalent atoms

[FW NOTE]: complement atoms

[FW NOTE]: remove_atom_ids: set()

[QRM NOTE]: Time elapsed since start: 7.265 seconds

[QRM NOTE]: Time elapsed since last: 0.004 seconds

[QRM NOTE]: Peak memory: 257796 bytes


=================================================================================================================

	[PRIME]: Prime Orbit Generatation on [ivybench/sym_quorum/ivy/naive_consensus.ivy: node=3,value=3]

=================================================================================================================


============================================================================================================

	[PRIME RESULT]: Prime Orbits on [ivybench/sym_quorum/ivy/naive_consensus.ivy: node=3,value=3]

============================================================================================================


=== Prime Orbit 0 =====================
size : 36
num_suborbits: 1
0 (*) : --------1---------1--
0     : ['decide(quorum__node1_node2,value2)', 'vote(node2,value0)']
1     : -------1----------1--
1     : ['decide(quorum__node1_node2,value1)', 'vote(node2,value0)']
2     : --------1----------1-
2     : ['decide(quorum__node1_node2,value2)', 'vote(node2,value1)']
3     : ------1------------1-
3     : ['decide(quorum__node1_node2,value0)', 'vote(node2,value1)']
4     : -------1------------1
4     : ['decide(quorum__node1_node2,value1)', 'vote(node2,value2)']
5     : ------1-------------1
5     : ['decide(quorum__node1_node2,value0)', 'vote(node2,value2)']
6     : --------1------1-----
6     : ['decide(quorum__node1_node2,value2)', 'vote(node1,value0)']
7     : -------1-------1-----
7     : ['decide(quorum__node1_node2,value1)', 'vote(node1,value0)']
8     : --------1-------1----
8     : ['decide(quorum__node1_node2,value2)', 'vote(node1,value1)']
9     : ------1---------1----
9     : ['decide(quorum__node1_node2,value0)', 'vote(node1,value1)']
10     : -------1---------1---
10     : ['decide(quorum__node1_node2,value1)', 'vote(node1,value2)']
11     : ------1----------1---
11     : ['decide(quorum__node1_node2,value0)', 'vote(node1,value2)']
12     : -----1------------1--
12     : ['decide(quorum__node0_node2,value2)', 'vote(node2,value0)']
13     : ----1-------------1--
13     : ['decide(quorum__node0_node2,value1)', 'vote(node2,value0)']
14     : -----1-------------1-
14     : ['decide(quorum__node0_node2,value2)', 'vote(node2,value1)']
15     : ---1---------------1-
15     : ['decide(quorum__node0_node2,value0)', 'vote(node2,value1)']
16     : ----1---------------1
16     : ['decide(quorum__node0_node2,value1)', 'vote(node2,value2)']
17     : ---1----------------1
17     : ['decide(quorum__node0_node2,value0)', 'vote(node2,value2)']
18     : -----1------1--------
18     : ['decide(quorum__node0_node2,value2)', 'vote(node0,value0)']
19     : ----1-------1--------
19     : ['decide(quorum__node0_node2,value1)', 'vote(node0,value0)']
20     : -----1-------1-------
20     : ['decide(quorum__node0_node2,value2)', 'vote(node0,value1)']
21     : ---1---------1-------
21     : ['decide(quorum__node0_node2,value0)', 'vote(node0,value1)']
22     : ----1---------1------
22     : ['decide(quorum__node0_node2,value1)', 'vote(node0,value2)']
23     : ---1----------1------
23     : ['decide(quorum__node0_node2,value0)', 'vote(node0,value2)']
24     : --1------------1-----
24     : ['decide(quorum__node0_node1,value2)', 'vote(node1,value0)']
25     : -1-------------1-----
25     : ['decide(quorum__node0_node1,value1)', 'vote(node1,value0)']
26     : --1-------------1----
26     : ['decide(quorum__node0_node1,value2)', 'vote(node1,value1)']
27     : 1---------------1----
27     : ['decide(quorum__node0_node1,value0)', 'vote(node1,value1)']
28     : -1---------------1---
28     : ['decide(quorum__node0_node1,value1)', 'vote(node1,value2)']
29     : 1----------------1---
29     : ['decide(quorum__node0_node1,value0)', 'vote(node1,value2)']
30     : --1---------1--------
30     : ['decide(quorum__node0_node1,value2)', 'vote(node0,value0)']
31     : -1----------1--------
31     : ['decide(quorum__node0_node1,value1)', 'vote(node0,value0)']
32     : --1----------1-------
32     : ['decide(quorum__node0_node1,value2)', 'vote(node0,value1)']
33     : 1------------1-------
33     : ['decide(quorum__node0_node1,value0)', 'vote(node0,value1)']
34     : -1------------1------
34     : ['decide(quorum__node0_node1,value1)', 'vote(node0,value2)']
35     : 1-------------1------
35     : ['decide(quorum__node0_node1,value0)', 'vote(node0,value2)']
num_forall :   0
num_exists :   0
num_literals : 0
quantified form : None
qcost : 0


=== Prime Orbit 1 =====================
size : 9
num_suborbits: 1
36 (*) : ------------------11-
36     : ['vote(node2,value0)', 'vote(node2,value1)']
37     : ------------------1-1
37     : ['vote(node2,value0)', 'vote(node2,value2)']
38     : -------------------11
38     : ['vote(node2,value1)', 'vote(node2,value2)']
39     : ---------------11----
39     : ['vote(node1,value0)', 'vote(node1,value1)']
40     : ---------------1-1---
40     : ['vote(node1,value0)', 'vote(node1,value2)']
41     : ----------------11---
41     : ['vote(node1,value1)', 'vote(node1,value2)']
42     : ------------11-------
42     : ['vote(node0,value0)', 'vote(node0,value1)']
43     : ------------1-1------
43     : ['vote(node0,value0)', 'vote(node0,value2)']
44     : -------------11------
44     : ['vote(node0,value1)', 'vote(node0,value2)']
num_forall :   0
num_exists :   0
num_literals : 0
quantified form : None
qcost : 0


=== Prime Orbit 2 =====================
size : 18
num_suborbits: 1
45 (*) : --1------1-----------
45     : ['decide(quorum__node0_node1,value2)', 'decision(value0)']
46     : -1-------1-----------
46     : ['decide(quorum__node0_node1,value1)', 'decision(value0)']
47     : --1-------1----------
47     : ['decide(quorum__node0_node1,value2)', 'decision(value1)']
48     : 1---------1----------
48     : ['decide(quorum__node0_node1,value0)', 'decision(value1)']
49     : -1---------1---------
49     : ['decide(quorum__node0_node1,value1)', 'decision(value2)']
50     : 1----------1---------
50     : ['decide(quorum__node0_node1,value0)', 'decision(value2)']
51     : -----1---1-----------
51     : ['decide(quorum__node0_node2,value2)', 'decision(value0)']
52     : ----1----1-----------
52     : ['decide(quorum__node0_node2,value1)', 'decision(value0)']
53     : -----1----1----------
53     : ['decide(quorum__node0_node2,value2)', 'decision(value1)']
54     : ---1------1----------
54     : ['decide(quorum__node0_node2,value0)', 'decision(value1)']
55     : ----1------1---------
55     : ['decide(quorum__node0_node2,value1)', 'decision(value2)']
56     : ---1-------1---------
56     : ['decide(quorum__node0_node2,value0)', 'decision(value2)']
57     : --------11-----------
57     : ['decide(quorum__node1_node2,value2)', 'decision(value0)']
58     : -------1-1-----------
58     : ['decide(quorum__node1_node2,value1)', 'decision(value0)']
59     : --------1-1----------
59     : ['decide(quorum__node1_node2,value2)', 'decision(value1)']
60     : ------1---1----------
60     : ['decide(quorum__node1_node2,value0)', 'decision(value1)']
61     : -------1---1---------
61     : ['decide(quorum__node1_node2,value1)', 'decision(value2)']
62     : ------1----1---------
62     : ['decide(quorum__node1_node2,value0)', 'decision(value2)']
num_forall :   0
num_exists :   0
num_literals : 0
quantified form : None
qcost : 0


=== Prime Orbit 3 =====================
size : 3
num_suborbits: 1
63 (*) : ---------1-1---------
63     : ['decision(value0)', 'decision(value2)']
64     : ---------11----------
64     : ['decision(value0)', 'decision(value1)']
65     : ----------11---------
65     : ['decision(value1)', 'decision(value2)']
num_forall :   0
num_exists :   0
num_literals : 0
quantified form : None
qcost : 0


=== Prime Orbit 4 =====================
size : 18
num_suborbits: 1
66 (*) : ---1--------------0--
66     : ['decide(quorum__node0_node2,value0)', '~vote(node2,value0)']
67     : ----1--------------0-
67     : ['decide(quorum__node0_node2,value1)', '~vote(node2,value1)']
68     : -----1--------------0
68     : ['decide(quorum__node0_node2,value2)', '~vote(node2,value2)']
69     : 1--------------0-----
69     : ['decide(quorum__node0_node1,value0)', '~vote(node1,value0)']
70     : -1--------------0----
70     : ['decide(quorum__node0_node1,value1)', '~vote(node1,value1)']
71     : --1--------------0---
71     : ['decide(quorum__node0_node1,value2)', '~vote(node1,value2)']
72     : ------1-----------0--
72     : ['decide(quorum__node1_node2,value0)', '~vote(node2,value0)']
73     : -------1-----------0-
73     : ['decide(quorum__node1_node2,value1)', '~vote(node2,value1)']
74     : --------1-----------0
74     : ['decide(quorum__node1_node2,value2)', '~vote(node2,value2)']
75     : 1-----------0--------
75     : ['decide(quorum__node0_node1,value0)', '~vote(node0,value0)']
76     : -1-----------0-------
76     : ['decide(quorum__node0_node1,value1)', '~vote(node0,value1)']
77     : --1-----------0------
77     : ['decide(quorum__node0_node1,value2)', '~vote(node0,value2)']
78     : ------1--------0-----
78     : ['decide(quorum__node1_node2,value0)', '~vote(node1,value0)']
79     : -------1--------0----
79     : ['decide(quorum__node1_node2,value1)', '~vote(node1,value1)']
80     : --------1--------0---
80     : ['decide(quorum__node1_node2,value2)', '~vote(node1,value2)']
81     : ---1--------0--------
81     : ['decide(quorum__node0_node2,value0)', '~vote(node0,value0)']
82     : ----1--------0-------
82     : ['decide(quorum__node0_node2,value1)', '~vote(node0,value1)']
83     : -----1--------0------
83     : ['decide(quorum__node0_node2,value2)', '~vote(node0,value2)']
num_forall :   0
num_exists :   0
num_literals : 0
quantified form : None
qcost : 0


=== Prime Orbit 5 =====================
size : 27
num_suborbits: 2
84 (*) : 1-1------------------
84     : ['decide(quorum__node0_node1,value0)', 'decide(quorum__node0_node1,value2)']
85     : 11-------------------
85     : ['decide(quorum__node0_node1,value0)', 'decide(quorum__node0_node1,value1)']
86     : -11------------------
86     : ['decide(quorum__node0_node1,value1)', 'decide(quorum__node0_node1,value2)']
87     : ---1-1---------------
87     : ['decide(quorum__node0_node2,value0)', 'decide(quorum__node0_node2,value2)']
88     : ---11----------------
88     : ['decide(quorum__node0_node2,value0)', 'decide(quorum__node0_node2,value1)']
89     : ----11---------------
89     : ['decide(quorum__node0_node2,value1)', 'decide(quorum__node0_node2,value2)']
90     : ------1-1------------
90     : ['decide(quorum__node1_node2,value0)', 'decide(quorum__node1_node2,value2)']
91     : ------11-------------
91     : ['decide(quorum__node1_node2,value0)', 'decide(quorum__node1_node2,value1)']
92     : -------11------------
92     : ['decide(quorum__node1_node2,value1)', 'decide(quorum__node1_node2,value2)']
93 (*) : --11-----------------
93     : ['decide(quorum__node0_node1,value2)', 'decide(quorum__node0_node2,value0)']
94     : -1-1-----------------
94     : ['decide(quorum__node0_node1,value1)', 'decide(quorum__node0_node2,value0)']
95     : --1-1----------------
95     : ['decide(quorum__node0_node1,value2)', 'decide(quorum__node0_node2,value1)']
96     : 1---1----------------
96     : ['decide(quorum__node0_node1,value0)', 'decide(quorum__node0_node2,value1)']
97     : -1---1---------------
97     : ['decide(quorum__node0_node1,value1)', 'decide(quorum__node0_node2,value2)']
98     : 1----1---------------
98     : ['decide(quorum__node0_node1,value0)', 'decide(quorum__node0_node2,value2)']
99     : --1---1--------------
99     : ['decide(quorum__node0_node1,value2)', 'decide(quorum__node1_node2,value0)']
100     : -1----1--------------
100     : ['decide(quorum__node0_node1,value1)', 'decide(quorum__node1_node2,value0)']
101     : --1----1-------------
101     : ['decide(quorum__node0_node1,value2)', 'decide(quorum__node1_node2,value1)']
102     : 1------1-------------
102     : ['decide(quorum__node0_node1,value0)', 'decide(quorum__node1_node2,value1)']
103     : -1------1------------
103     : ['decide(quorum__node0_node1,value1)', 'decide(quorum__node1_node2,value2)']
104     : 1-------1------------
104     : ['decide(quorum__node0_node1,value0)', 'decide(quorum__node1_node2,value2)']
105     : -----11--------------
105     : ['decide(quorum__node0_node2,value2)', 'decide(quorum__node1_node2,value0)']
106     : ----1-1--------------
106     : ['decide(quorum__node0_node2,value1)', 'decide(quorum__node1_node2,value0)']
107     : -----1-1-------------
107     : ['decide(quorum__node0_node2,value2)', 'decide(quorum__node1_node2,value1)']
108     : ---1---1-------------
108     : ['decide(quorum__node0_node2,value0)', 'decide(quorum__node1_node2,value1)']
109     : ----1---1------------
109     : ['decide(quorum__node0_node2,value1)', 'decide(quorum__node1_node2,value2)']
110     : ---1----1------------
110     : ['decide(quorum__node0_node2,value0)', 'decide(quorum__node1_node2,value2)']
num_forall :   0
num_exists :   0
num_literals : 0
quantified form : None
qcost : 0


=== Prime Orbit 6 =====================
size : 9
num_suborbits: 1
111 (*) : -----0-----1-----0---
111     : ['decision(value2)', '~decide(quorum__node0_node2,value2)', '~vote(node1,value2)']
112     : ----0-----1-----0----
112     : ['decision(value1)', '~decide(quorum__node0_node2,value1)', '~vote(node1,value1)']
113     : ---0-----1-----0-----
113     : ['decision(value0)', '~decide(quorum__node0_node2,value0)', '~vote(node1,value0)']
114     : --0--------1--------0
114     : ['decision(value2)', '~decide(quorum__node0_node1,value2)', '~vote(node2,value2)']
115     : -0--------1--------0-
115     : ['decision(value1)', '~decide(quorum__node0_node1,value1)', '~vote(node2,value1)']
116     : 0--------1--------0--
116     : ['decision(value0)', '~decide(quorum__node0_node1,value0)', '~vote(node2,value0)']
117     : --------0--1--0------
117     : ['decision(value2)', '~decide(quorum__node1_node2,value2)', '~vote(node0,value2)']
118     : -------0--1--0-------
118     : ['decision(value1)', '~decide(quorum__node1_node2,value1)', '~vote(node0,value1)']
119     : ------0--1--0--------
119     : ['decision(value0)', '~decide(quorum__node1_node2,value0)', '~vote(node0,value0)']
num_forall :   0
num_exists :   0
num_literals : 0
quantified form : None
qcost : 0


=== Prime Orbit 7 =====================
size : 9
num_suborbits: 1
120 (*) : -----------1--0--0---
120     : ['decision(value2)', '~vote(node0,value2)', '~vote(node1,value2)']
121     : ----------1--0--0----
121     : ['decision(value1)', '~vote(node0,value1)', '~vote(node1,value1)']
122     : ---------1--0--0-----
122     : ['decision(value0)', '~vote(node0,value0)', '~vote(node1,value0)']
123     : -----------1--0-----0
123     : ['decision(value2)', '~vote(node0,value2)', '~vote(node2,value2)']
124     : ----------1--0-----0-
124     : ['decision(value1)', '~vote(node0,value1)', '~vote(node2,value1)']
125     : ---------1--0-----0--
125     : ['decision(value0)', '~vote(node0,value0)', '~vote(node2,value0)']
126     : -----------1-----0--0
126     : ['decision(value2)', '~vote(node1,value2)', '~vote(node2,value2)']
127     : ----------1-----0--0-
127     : ['decision(value1)', '~vote(node1,value1)', '~vote(node2,value1)']
128     : ---------1-----0--0--
128     : ['decision(value0)', '~vote(node1,value0)', '~vote(node2,value0)']
num_forall :   0
num_exists :   0
num_literals : 0
quantified form : None
qcost : 0


=== Prime Orbit 8 =====================
size : 18
num_suborbits: 1
129 (*) : --------0--1-1-------
129     : ['decision(value2)', 'vote(node0,value1)', '~decide(quorum__node1_node2,value2)']
130     : -------0--1---1------
130     : ['decision(value1)', 'vote(node0,value2)', '~decide(quorum__node1_node2,value1)']
131     : --------0--11--------
131     : ['decision(value2)', 'vote(node0,value0)', '~decide(quorum__node1_node2,value2)']
132     : ------0--1----1------
132     : ['decision(value0)', 'vote(node0,value2)', '~decide(quorum__node1_node2,value0)']
133     : -------0--1-1--------
133     : ['decision(value1)', 'vote(node0,value0)', '~decide(quorum__node1_node2,value1)']
134     : ------0--1---1-------
134     : ['decision(value0)', 'vote(node0,value1)', '~decide(quorum__node1_node2,value0)']
135     : -----0-----1----1----
135     : ['decision(value2)', 'vote(node1,value1)', '~decide(quorum__node0_node2,value2)']
136     : ----0-----1------1---
136     : ['decision(value1)', 'vote(node1,value2)', '~decide(quorum__node0_node2,value1)']
137     : -----0-----1---1-----
137     : ['decision(value2)', 'vote(node1,value0)', '~decide(quorum__node0_node2,value2)']
138     : ---0-----1-------1---
138     : ['decision(value0)', 'vote(node1,value2)', '~decide(quorum__node0_node2,value0)']
139     : ----0-----1----1-----
139     : ['decision(value1)', 'vote(node1,value0)', '~decide(quorum__node0_node2,value1)']
140     : ---0-----1------1----
140     : ['decision(value0)', 'vote(node1,value1)', '~decide(quorum__node0_node2,value0)']
141     : --0--------1-------1-
141     : ['decision(value2)', 'vote(node2,value1)', '~decide(quorum__node0_node1,value2)']
142     : -0--------1---------1
142     : ['decision(value1)', 'vote(node2,value2)', '~decide(quorum__node0_node1,value1)']
143     : --0--------1------1--
143     : ['decision(value2)', 'vote(node2,value0)', '~decide(quorum__node0_node1,value2)']
144     : 0--------1----------1
144     : ['decision(value0)', 'vote(node2,value2)', '~decide(quorum__node0_node1,value0)']
145     : -0--------1-------1--
145     : ['decision(value1)', 'vote(node2,value0)', '~decide(quorum__node0_node1,value1)']
146     : 0--------1---------1-
146     : ['decision(value0)', 'vote(node2,value1)', '~decide(quorum__node0_node1,value0)']
num_forall :   0
num_exists :   0
num_literals : 0
quantified form : None
qcost : 0


=== Prime Orbit 9 =====================
size : 36
num_suborbits: 1
147 (*) : -----------1-1---0---
147     : ['decision(value2)', 'vote(node0,value1)', '~vote(node1,value2)']
148     : ----------1---1-0----
148     : ['decision(value1)', 'vote(node0,value2)', '~vote(node1,value1)']
149     : -----------11----0---
149     : ['decision(value2)', 'vote(node0,value0)', '~vote(node1,value2)']
150     : ---------1----10-----
150     : ['decision(value0)', 'vote(node0,value2)', '~vote(node1,value0)']
151     : ----------1-1---0----
151     : ['decision(value1)', 'vote(node0,value0)', '~vote(node1,value1)']
152     : ---------1---1-0-----
152     : ['decision(value0)', 'vote(node0,value1)', '~vote(node1,value0)']
153     : -----------1-1------0
153     : ['decision(value2)', 'vote(node0,value1)', '~vote(node2,value2)']
154     : ----------1---1----0-
154     : ['decision(value1)', 'vote(node0,value2)', '~vote(node2,value1)']
155     : -----------11-------0
155     : ['decision(value2)', 'vote(node0,value0)', '~vote(node2,value2)']
156     : ---------1----1---0--
156     : ['decision(value0)', 'vote(node0,value2)', '~vote(node2,value0)']
157     : ----------1-1------0-
157     : ['decision(value1)', 'vote(node0,value0)', '~vote(node2,value1)']
158     : ---------1---1----0--
158     : ['decision(value0)', 'vote(node0,value1)', '~vote(node2,value0)']
159     : -----------1--0-1----
159     : ['decision(value2)', 'vote(node1,value1)', '~vote(node0,value2)']
160     : ----------1--0---1---
160     : ['decision(value1)', 'vote(node1,value2)', '~vote(node0,value1)']
161     : -----------1--01-----
161     : ['decision(value2)', 'vote(node1,value0)', '~vote(node0,value2)']
162     : ---------1--0----1---
162     : ['decision(value0)', 'vote(node1,value2)', '~vote(node0,value0)']
163     : ----------1--0-1-----
163     : ['decision(value1)', 'vote(node1,value0)', '~vote(node0,value1)']
164     : ---------1--0---1----
164     : ['decision(value0)', 'vote(node1,value1)', '~vote(node0,value0)']
165     : -----------1----1---0
165     : ['decision(value2)', 'vote(node1,value1)', '~vote(node2,value2)']
166     : ----------1------1-0-
166     : ['decision(value1)', 'vote(node1,value2)', '~vote(node2,value1)']
167     : -----------1---1----0
167     : ['decision(value2)', 'vote(node1,value0)', '~vote(node2,value2)']
168     : ---------1-------10--
168     : ['decision(value0)', 'vote(node1,value2)', '~vote(node2,value0)']
169     : ----------1----1---0-
169     : ['decision(value1)', 'vote(node1,value0)', '~vote(node2,value1)']
170     : ---------1------1-0--
170     : ['decision(value0)', 'vote(node1,value1)', '~vote(node2,value0)']
171     : -----------1--0----1-
171     : ['decision(value2)', 'vote(node2,value1)', '~vote(node0,value2)']
172     : ----------1--0------1
172     : ['decision(value1)', 'vote(node2,value2)', '~vote(node0,value1)']
173     : -----------1--0---1--
173     : ['decision(value2)', 'vote(node2,value0)', '~vote(node0,value2)']
174     : ---------1--0-------1
174     : ['decision(value0)', 'vote(node2,value2)', '~vote(node0,value0)']
175     : ----------1--0----1--
175     : ['decision(value1)', 'vote(node2,value0)', '~vote(node0,value1)']
176     : ---------1--0------1-
176     : ['decision(value0)', 'vote(node2,value1)', '~vote(node0,value0)']
177     : -----------1-----0-1-
177     : ['decision(value2)', 'vote(node2,value1)', '~vote(node1,value2)']
178     : ----------1-----0---1
178     : ['decision(value1)', 'vote(node2,value2)', '~vote(node1,value1)']
179     : -----------1-----01--
179     : ['decision(value2)', 'vote(node2,value0)', '~vote(node1,value2)']
180     : ---------1-----0----1
180     : ['decision(value0)', 'vote(node2,value2)', '~vote(node1,value0)']
181     : ----------1-----0-1--
181     : ['decision(value1)', 'vote(node2,value0)', '~vote(node1,value1)']
182     : ---------1-----0---1-
182     : ['decision(value0)', 'vote(node2,value1)', '~vote(node1,value0)']
num_forall :   0
num_exists :   0
num_literals : 0
quantified form : None
qcost : 0


=== Prime Orbit 10 =====================
size : 36
num_suborbits: 2
183 (*) : -----------1-1--1----
183     : ['decision(value2)', 'vote(node0,value1)', 'vote(node1,value1)']
184     : ----------1---1--1---
184     : ['decision(value1)', 'vote(node0,value2)', 'vote(node1,value2)']
185     : -----------11--1-----
185     : ['decision(value2)', 'vote(node0,value0)', 'vote(node1,value0)']
186     : ---------1----1--1---
186     : ['decision(value0)', 'vote(node0,value2)', 'vote(node1,value2)']
187     : ----------1-1--1-----
187     : ['decision(value1)', 'vote(node0,value0)', 'vote(node1,value0)']
188     : ---------1---1--1----
188     : ['decision(value0)', 'vote(node0,value1)', 'vote(node1,value1)']
189     : -----------1-1-----1-
189     : ['decision(value2)', 'vote(node0,value1)', 'vote(node2,value1)']
190     : ----------1---1-----1
190     : ['decision(value1)', 'vote(node0,value2)', 'vote(node2,value2)']
191     : -----------11-----1--
191     : ['decision(value2)', 'vote(node0,value0)', 'vote(node2,value0)']
192     : ---------1----1-----1
192     : ['decision(value0)', 'vote(node0,value2)', 'vote(node2,value2)']
193     : ----------1-1-----1--
193     : ['decision(value1)', 'vote(node0,value0)', 'vote(node2,value0)']
194     : ---------1---1-----1-
194     : ['decision(value0)', 'vote(node0,value1)', 'vote(node2,value1)']
195     : -----------1----1--1-
195     : ['decision(value2)', 'vote(node1,value1)', 'vote(node2,value1)']
196     : ----------1------1--1
196     : ['decision(value1)', 'vote(node1,value2)', 'vote(node2,value2)']
197     : -----------1---1--1--
197     : ['decision(value2)', 'vote(node1,value0)', 'vote(node2,value0)']
198     : ---------1-------1--1
198     : ['decision(value0)', 'vote(node1,value2)', 'vote(node2,value2)']
199     : ----------1----1--1--
199     : ['decision(value1)', 'vote(node1,value0)', 'vote(node2,value0)']
200     : ---------1------1--1-
200     : ['decision(value0)', 'vote(node1,value1)', 'vote(node2,value1)']
201 (*) : ----------1---1---1--
201     : ['decision(value1)', 'vote(node0,value2)', 'vote(node2,value0)']
202     : -----------1-1----1--
202     : ['decision(value2)', 'vote(node0,value1)', 'vote(node2,value0)']
203     : ---------1----1----1-
203     : ['decision(value0)', 'vote(node0,value2)', 'vote(node2,value1)']
204     : -----------11------1-
204     : ['decision(value2)', 'vote(node0,value0)', 'vote(node2,value1)']
205     : ---------1---1------1
205     : ['decision(value0)', 'vote(node0,value1)', 'vote(node2,value2)']
206     : ----------1-1-------1
206     : ['decision(value1)', 'vote(node0,value0)', 'vote(node2,value2)']
207     : ----------1---11-----
207     : ['decision(value1)', 'vote(node0,value2)', 'vote(node1,value0)']
208     : -----------1-1-1-----
208     : ['decision(value2)', 'vote(node0,value1)', 'vote(node1,value0)']
209     : ---------1----1-1----
209     : ['decision(value0)', 'vote(node0,value2)', 'vote(node1,value1)']
210     : -----------11---1----
210     : ['decision(value2)', 'vote(node0,value0)', 'vote(node1,value1)']
211     : ---------1---1---1---
211     : ['decision(value0)', 'vote(node0,value1)', 'vote(node1,value2)']
212     : ----------1-1----1---
212     : ['decision(value1)', 'vote(node0,value0)', 'vote(node1,value2)']
213     : ----------1------11--
213     : ['decision(value1)', 'vote(node1,value2)', 'vote(node2,value0)']
214     : -----------1----1-1--
214     : ['decision(value2)', 'vote(node1,value1)', 'vote(node2,value0)']
215     : ---------1-------1-1-
215     : ['decision(value0)', 'vote(node1,value2)', 'vote(node2,value1)']
216     : -----------1---1---1-
216     : ['decision(value2)', 'vote(node1,value0)', 'vote(node2,value1)']
217     : ---------1------1---1
217     : ['decision(value0)', 'vote(node1,value1)', 'vote(node2,value2)']
218     : ----------1----1----1
218     : ['decision(value1)', 'vote(node1,value0)', 'vote(node2,value2)']
num_forall :   0
num_exists :   0
num_literals : 0
quantified form : None
qcost : 0


=== Prime Orbit 11 =====================
size : 3
num_suborbits: 1
219 (*) : --0--0--0--1---------
219     : ['decision(value2)', '~decide(quorum__node0_node1,value2)', '~decide(quorum__node0_node2,value2)', '~decide(quorum__node1_node2,value2)']
220     : -0--0--0--1----------
220     : ['decision(value1)', '~decide(quorum__node0_node1,value1)', '~decide(quorum__node0_node2,value1)', '~decide(quorum__node1_node2,value1)']
221     : 0--0--0--1-----------
221     : ['decision(value0)', '~decide(quorum__node0_node1,value0)', '~decide(quorum__node0_node2,value0)', '~decide(quorum__node1_node2,value0)']
num_forall :   0
num_exists :   0
num_literals : 0
quantified form : None
qcost : 0



[PRIME NOTE]: number of orbits after merging: 12

[PRIME NOTE]: number of orbits before merging: 14

[PRIME NOTE]: number of primes: 222

[QRM NOTE]: Time elapsed since start: 7.337 seconds

[QRM NOTE]: Time elapsed since last: 0.072 seconds

[QRM NOTE]: Peak memory: 1585969 bytes


======================================================================================================

	[RED]: PRIME REDUCTION on [ivybench/sym_quorum/ivy/naive_consensus.ivy: node=3,value=3]

======================================================================================================

definition primes: set()


New level: 0
 pending : [0, 1, 2, 3, 4, 5, 6, 7, 8, 9, 10, 11]
 solution : []


Before reduction : 
 pending  : [0, 1, 2, 3, 4, 5, 6, 7, 8, 9, 10, 11]
 solution : []

Essensial at level 0 : {1, 11, 4}

Before removed
 coverage : [(0, -1), (1, -1), (2, -1), (3, -1), (4, -1), (5, -1), (6, -1), (7, -1), (8, -1), (9, -1), (10, -1), (11, -1)]

After removed
 coverage : [(0, 0), (1, -1), (2, 0), (3, 0), (4, -1), (5, 0), (6, 0), (7, 0), (8, 0), (9, 0), (10, 0), (11, -1)]

Covered at level 0 : {0, 2, 3, 5, 6, 7, 8, 9, 10}

After reduction : 
 pending  : []
 solution : [1, 11, 4]


Before reduction : 
 pending  : []
 solution : [1, 11, 4]

Essensial at level 0 : set()

Before removed
 coverage : [(0, 0), (1, -1), (2, 0), (3, 0), (4, -1), (5, 0), (6, 0), (7, 0), (8, 0), (9, 0), (10, 0), (11, -1)]

After removed
 coverage : [(0, -1), (1, -1), (2, -1), (3, -1), (4, -1), (5, -1), (6, -1), (7, -1), (8, -1), (9, -1), (10, -1), (11, -1)]

Covered at level 0 : set()

After reduction : 
 pending  : []
 solution : [1, 11, 4]

[QRM NOTE]: Time elapsed since start: 7.375 seconds

[QRM NOTE]: Time elapsed since last: 0.038 seconds

[QRM NOTE]: Peak memory: 548843 bytes


==========================================================================================================

	[QI]: Quantifier Inference on [ivybench/sym_quorum/ivy/naive_consensus.ivy: node=3,value=3]

==========================================================================================================


---------- quantifier_inference ----------


=== Prime Orbit 1 =====================
size : 9
num_suborbits: 1
36 (*) : ------------------11-
36     : ['vote(node2,value0)', 'vote(node2,value1)']
37     : ------------------1-1
37     : ['vote(node2,value0)', 'vote(node2,value2)']
38     : -------------------11
38     : ['vote(node2,value1)', 'vote(node2,value2)']
39     : ---------------11----
39     : ['vote(node1,value0)', 'vote(node1,value1)']
40     : ---------------1-1---
40     : ['vote(node1,value0)', 'vote(node1,value2)']
41     : ----------------11---
41     : ['vote(node1,value1)', 'vote(node1,value2)']
42     : ------------11-------
42     : ['vote(node0,value0)', 'vote(node0,value1)']
43     : ------------1-1------
43     : ['vote(node0,value0)', 'vote(node0,value2)']
44     : -------------11------
44     : ['vote(node0,value1)', 'vote(node0,value2)']
num_forall :   0
num_exists :   0
num_literals : 0
quantified form : None
qcost : 0




---------- QPrime ----------


---------- ConstArgBinding ----------

terms: ['vote(node2,value0)', 'vote(node2,value1)']

sign_func_name2args: {'0$vote': [(Const('node2', EnumeratedSort('node', ('node0', 'node1', 'node2'))), Const('value0', EnumeratedSort('value', ('value0', 'value1', 'value2')))), (Const('node2', EnumeratedSort('node', ('node0', 'node1', 'node2'))), Const('value1', EnumeratedSort('value', ('value0', 'value1', 'value2'))))]}

const2sigs: {Const('node2', EnumeratedSort('node', ('node0', 'node1', 'node2'))): [node$0$vote$0$0, node$0$vote$0$1], Const('value0', EnumeratedSort('value', ('value0', 'value1', 'value2'))): [value$0$vote$1$0], Const('value1', EnumeratedSort('value', ('value0', 'value1', 'value2'))): [value$0$vote$1$1]}

sig2const: {'node$0$vote$0$0': Const('node2', EnumeratedSort('node', ('node0', 'node1', 'node2'))), 'value$0$vote$1$0': Const('value0', EnumeratedSort('value', ('value0', 'value1', 'value2'))), 'node$0$vote$0$1': Const('node2', EnumeratedSort('node', ('node0', 'node1', 'node2'))), 'value$0$vote$1$1': Const('value1', EnumeratedSort('value', ('value0', 'value1', 'value2')))}


---------- ArgPartition ----------

sort2class_sigs: {EnumeratedSort('node', ('node0', 'node1', 'node2')): [node$0$vote$0$0; node$0$vote$0$1], EnumeratedSort('value', ('value0', 'value1', 'value2')): [value$0$vote$1$0, value$0$vote$1$1]}

sort2part_sig: {EnumeratedSort('node', ('node0', 'node1', 'node2')): node$0$vote$0$0; node$0$vote$0$1, EnumeratedSort('value', ('value0', 'value1', 'value2')): value$0$vote$1$0 | value$0$vote$1$1}

part_sig: ('node$0$vote$0$0; node$0$vote$0$1', 'value$0$vote$1$0 | value$0$vote$1$1')


---------- SigGenerator ----------

terms:  ['vote(node2,value0)', 'vote(node2,value1)']

func_name2symbol:  {'vote': Const('vote', FunctionSort(EnumeratedSort('node', ('node0', 'node1', 'node2')), EnumeratedSort('value', ('value0', 'value1', 'value2')), BooleanSort()))}

func_name2args_sort:  {'vote': (EnumeratedSort('node', ('node0', 'node1', 'node2')), EnumeratedSort('value', ('value0', 'value1', 'value2')))}

sign_func_name2count:  {'0$vote': 2}


---------- ProductArgPartition ----------

sort2class_sigs: {EnumeratedSort('node', ('node0', 'node1', 'node2')): [node$0$vote$0$0; node$0$vote$0$1], EnumeratedSort('value', ('value0', 'value1', 'value2')): [value$0$vote$1$0, value$0$vote$1$1]}

sort2part_sig: {EnumeratedSort('node', ('node0', 'node1', 'node2')): node$0$vote$0$0; node$0$vote$0$1, EnumeratedSort('value', ('value0', 'value1', 'value2')): value$0$vote$1$0 | value$0$vote$1$1}

	sort: node

	identical_classes: {'node$0$vote$0; node$0$vote$0': [node$0$vote$0$0; node$0$vote$0$1]}

	identical_single_classes: {'node$0$vote$0; node$0$vote$0': node$0$vote$0$0; node$0$vote$0$1}

	identical_multi_classes: {}

	sort: value

	identical_classes: {'value$0$vote$1': [value$0$vote$1$0, value$0$vote$1$1]}

	identical_single_classes: {}

	identical_multi_classes: {'value$0$vote$1': [value$0$vote$1$0, value$0$vote$1$1]}


---------- QInference: _set_sort_to_quantifier_mode ----------

quantifier mode: node: QuantifierMode.forall

quantifier mode: value: QuantifierMode.forall


---------- QInference: _set_constraint_mode ----------

constraint mode: ConstraintMode.no_merge


---------- QFormula: _set_qvars ----------

forall_qvars: {Var('VALUE0', EnumeratedSort('value', ('value0', 'value1', 'value2'))), Var('NODE0', EnumeratedSort('node', ('node0', 'node1', 'node2'))), Var('VALUE1', EnumeratedSort('value', ('value0', 'value1', 'value2')))}

exists_qvars: set()


---------- QFormula: _set_signed_func_name_to_args ----------

signed_func_name2args: {'0$vote': [[Var('NODE0', EnumeratedSort('node', ('node0', 'node1', 'node2'))), Var('VALUE0', EnumeratedSort('value', ('value0', 'value1', 'value2')))], [Var('NODE0', EnumeratedSort('node', ('node0', 'node1', 'node2'))), Var('VALUE1', EnumeratedSort('value', ('value0', 'value1', 'value2')))]]}


---------- QFormula: _set_qterms ----------

qterms: ['vote(NODE0,VALUE1)', 'vote(NODE0,VALUE0)']


---------- QFormula: get_qclause ----------

qclause: forall NODE0,VALUE0,VALUE1. ~vote(NODE0,VALUE1) | ~vote(NODE0,VALUE0) | VALUE0 = VALUE1


=== Prime Orbit 11 =====================
size : 3
num_suborbits: 1
219 (*) : --0--0--0--1---------
219     : ['decision(value2)', '~decide(quorum__node0_node1,value2)', '~decide(quorum__node0_node2,value2)', '~decide(quorum__node1_node2,value2)']
220     : -0--0--0--1----------
220     : ['decision(value1)', '~decide(quorum__node0_node1,value1)', '~decide(quorum__node0_node2,value1)', '~decide(quorum__node1_node2,value1)']
221     : 0--0--0--1-----------
221     : ['decision(value0)', '~decide(quorum__node0_node1,value0)', '~decide(quorum__node0_node2,value0)', '~decide(quorum__node1_node2,value0)']
num_forall :   0
num_exists :   0
num_literals : 0
quantified form : None
qcost : 0




---------- QPrime ----------


---------- ConstArgBinding ----------

terms: ['~decide(quorum__node0_node1,value2)', '~decide(quorum__node0_node2,value2)', '~decide(quorum__node1_node2,value2)', 'decision(value2)']

sign_func_name2args: {'1$decide': [(Const('quorum__node0_node1', EnumeratedSort('quorum', ('quorum__node0_node1', 'quorum__node0_node2', 'quorum__node1_node2'))), Const('value2', EnumeratedSort('value', ('value0', 'value1', 'value2')))), (Const('quorum__node0_node2', EnumeratedSort('quorum', ('quorum__node0_node1', 'quorum__node0_node2', 'quorum__node1_node2'))), Const('value2', EnumeratedSort('value', ('value0', 'value1', 'value2')))), (Const('quorum__node1_node2', EnumeratedSort('quorum', ('quorum__node0_node1', 'quorum__node0_node2', 'quorum__node1_node2'))), Const('value2', EnumeratedSort('value', ('value0', 'value1', 'value2'))))], '0$decision': [(Const('value2', EnumeratedSort('value', ('value0', 'value1', 'value2'))),)]}

const2sigs: {Const('quorum__node0_node1', EnumeratedSort('quorum', ('quorum__node0_node1', 'quorum__node0_node2', 'quorum__node1_node2'))): [quorum$1$decide$0$0], Const('value2', EnumeratedSort('value', ('value0', 'value1', 'value2'))): [value$1$decide$1$0, value$1$decide$1$1, value$1$decide$1$2, value$0$decision$0$0], Const('quorum__node0_node2', EnumeratedSort('quorum', ('quorum__node0_node1', 'quorum__node0_node2', 'quorum__node1_node2'))): [quorum$1$decide$0$1], Const('quorum__node1_node2', EnumeratedSort('quorum', ('quorum__node0_node1', 'quorum__node0_node2', 'quorum__node1_node2'))): [quorum$1$decide$0$2]}

sig2const: {'quorum$1$decide$0$0': Const('quorum__node0_node1', EnumeratedSort('quorum', ('quorum__node0_node1', 'quorum__node0_node2', 'quorum__node1_node2'))), 'value$1$decide$1$0': Const('value2', EnumeratedSort('value', ('value0', 'value1', 'value2'))), 'quorum$1$decide$0$1': Const('quorum__node0_node2', EnumeratedSort('quorum', ('quorum__node0_node1', 'quorum__node0_node2', 'quorum__node1_node2'))), 'value$1$decide$1$1': Const('value2', EnumeratedSort('value', ('value0', 'value1', 'value2'))), 'quorum$1$decide$0$2': Const('quorum__node1_node2', EnumeratedSort('quorum', ('quorum__node0_node1', 'quorum__node0_node2', 'quorum__node1_node2'))), 'value$1$decide$1$2': Const('value2', EnumeratedSort('value', ('value0', 'value1', 'value2'))), 'value$0$decision$0$0': Const('value2', EnumeratedSort('value', ('value0', 'value1', 'value2')))}


---------- ArgPartition ----------

sort2class_sigs: {EnumeratedSort('quorum', ('quorum__node0_node1', 'quorum__node0_node2', 'quorum__node1_node2')): [quorum$1$decide$0$0, quorum$1$decide$0$1, quorum$1$decide$0$2], EnumeratedSort('value', ('value0', 'value1', 'value2')): [value$0$decision$0$0; value$1$decide$1$0; value$1$decide$1$1; value$1$decide$1$2]}

sort2part_sig: {EnumeratedSort('quorum', ('quorum__node0_node1', 'quorum__node0_node2', 'quorum__node1_node2')): quorum$1$decide$0$0 | quorum$1$decide$0$1 | quorum$1$decide$0$2, EnumeratedSort('value', ('value0', 'value1', 'value2')): value$0$decision$0$0; value$1$decide$1$0; value$1$decide$1$1; value$1$decide$1$2}

part_sig: ('quorum$1$decide$0$0 | quorum$1$decide$0$1 | quorum$1$decide$0$2', 'value$0$decision$0$0; value$1$decide$1$0; value$1$decide$1$1; value$1$decide$1$2')


---------- SigGenerator ----------

terms:  ['~decide(quorum__node0_node1,value2)', '~decide(quorum__node0_node2,value2)', '~decide(quorum__node1_node2,value2)', 'decision(value2)']

func_name2symbol:  {'decide': Const('decide', FunctionSort(EnumeratedSort('quorum', ('quorum__node0_node1', 'quorum__node0_node2', 'quorum__node1_node2')), EnumeratedSort('value', ('value0', 'value1', 'value2')), BooleanSort())), 'decision': Const('decision', FunctionSort(EnumeratedSort('value', ('value0', 'value1', 'value2')), BooleanSort()))}

func_name2args_sort:  {'decide': (EnumeratedSort('quorum', ('quorum__node0_node1', 'quorum__node0_node2', 'quorum__node1_node2')), EnumeratedSort('value', ('value0', 'value1', 'value2'))), 'decision': (EnumeratedSort('value', ('value0', 'value1', 'value2')),)}

sign_func_name2count:  {'1$decide': 3, '0$decision': 1}


---------- ProductArgPartition ----------

sort2class_sigs: {EnumeratedSort('quorum', ('quorum__node0_node1', 'quorum__node0_node2', 'quorum__node1_node2')): [quorum$1$decide$0$0, quorum$1$decide$0$1, quorum$1$decide$0$2], EnumeratedSort('value', ('value0', 'value1', 'value2')): [value$0$decision$0$0; value$1$decide$1$0; value$1$decide$1$1; value$1$decide$1$2]}

sort2part_sig: {EnumeratedSort('quorum', ('quorum__node0_node1', 'quorum__node0_node2', 'quorum__node1_node2')): quorum$1$decide$0$0 | quorum$1$decide$0$1 | quorum$1$decide$0$2, EnumeratedSort('value', ('value0', 'value1', 'value2')): value$0$decision$0$0; value$1$decide$1$0; value$1$decide$1$1; value$1$decide$1$2}

	sort: quorum

	identical_classes: {'quorum$1$decide$0': [quorum$1$decide$0$0, quorum$1$decide$0$1, quorum$1$decide$0$2]}

	identical_single_classes: {}

	identical_multi_classes: {'quorum$1$decide$0': [quorum$1$decide$0$0, quorum$1$decide$0$1, quorum$1$decide$0$2]}

	sort: value

	identical_classes: {'value$0$decision$0; value$1$decide$1; value$1$decide$1; value$1$decide$1': [value$0$decision$0$0; value$1$decide$1$0; value$1$decide$1$1; value$1$decide$1$2]}

	identical_single_classes: {'value$0$decision$0; value$1$decide$1; value$1$decide$1; value$1$decide$1': value$0$decision$0$0; value$1$decide$1$0; value$1$decide$1$1; value$1$decide$1$2}

	identical_multi_classes: {}


---------- QInference: _set_sort_to_quantifier_mode ----------

quantifier mode: quorum: QuantifierMode.exists

quantifier mode: value: QuantifierMode.forall


---------- QInference: _set_constraint_mode ----------

constraint mode: ConstraintMode.no_merge


---------- QFormula: _set_qvars ----------

forall_qvars: {Var('VALUE0', EnumeratedSort('value', ('value0', 'value1', 'value2')))}

exists_qvars: {Var('QUORUM0', EnumeratedSort('quorum', ('quorum__node0_node1', 'quorum__node0_node2', 'quorum__node1_node2')))}


---------- QFormula: _set_signed_func_name_to_args ----------

signed_func_name2args: {'1$decide': [[Var('QUORUM0', EnumeratedSort('quorum', ('quorum__node0_node1', 'quorum__node0_node2', 'quorum__node1_node2'))), Var('VALUE0', EnumeratedSort('value', ('value0', 'value1', 'value2')))], [Var('QUORUM0', EnumeratedSort('quorum', ('quorum__node0_node1', 'quorum__node0_node2', 'quorum__node1_node2'))), Var('VALUE0', EnumeratedSort('value', ('value0', 'value1', 'value2')))], [Var('QUORUM0', EnumeratedSort('quorum', ('quorum__node0_node1', 'quorum__node0_node2', 'quorum__node1_node2'))), Var('VALUE0', EnumeratedSort('value', ('value0', 'value1', 'value2')))]], '0$decision': [[Var('VALUE0', EnumeratedSort('value', ('value0', 'value1', 'value2')))]]}


---------- QFormula: _set_qterms ----------

qterms: ['~decide(QUORUM0,VALUE0)', 'decision(VALUE0)']


---------- QFormula: get_qclause ----------

qclause: forall VALUE0. (exists QUORUM0. decide(QUORUM0,VALUE0) | ~decision(VALUE0))


=== Prime Orbit 4 =====================
size : 18
num_suborbits: 1
66 (*) : ---1--------------0--
66     : ['decide(quorum__node0_node2,value0)', '~vote(node2,value0)']
67     : ----1--------------0-
67     : ['decide(quorum__node0_node2,value1)', '~vote(node2,value1)']
68     : -----1--------------0
68     : ['decide(quorum__node0_node2,value2)', '~vote(node2,value2)']
69     : 1--------------0-----
69     : ['decide(quorum__node0_node1,value0)', '~vote(node1,value0)']
70     : -1--------------0----
70     : ['decide(quorum__node0_node1,value1)', '~vote(node1,value1)']
71     : --1--------------0---
71     : ['decide(quorum__node0_node1,value2)', '~vote(node1,value2)']
72     : ------1-----------0--
72     : ['decide(quorum__node1_node2,value0)', '~vote(node2,value0)']
73     : -------1-----------0-
73     : ['decide(quorum__node1_node2,value1)', '~vote(node2,value1)']
74     : --------1-----------0
74     : ['decide(quorum__node1_node2,value2)', '~vote(node2,value2)']
75     : 1-----------0--------
75     : ['decide(quorum__node0_node1,value0)', '~vote(node0,value0)']
76     : -1-----------0-------
76     : ['decide(quorum__node0_node1,value1)', '~vote(node0,value1)']
77     : --1-----------0------
77     : ['decide(quorum__node0_node1,value2)', '~vote(node0,value2)']
78     : ------1--------0-----
78     : ['decide(quorum__node1_node2,value0)', '~vote(node1,value0)']
79     : -------1--------0----
79     : ['decide(quorum__node1_node2,value1)', '~vote(node1,value1)']
80     : --------1--------0---
80     : ['decide(quorum__node1_node2,value2)', '~vote(node1,value2)']
81     : ---1--------0--------
81     : ['decide(quorum__node0_node2,value0)', '~vote(node0,value0)']
82     : ----1--------0-------
82     : ['decide(quorum__node0_node2,value1)', '~vote(node0,value1)']
83     : -----1--------0------
83     : ['decide(quorum__node0_node2,value2)', '~vote(node0,value2)']
num_forall :   0
num_exists :   0
num_literals : 0
quantified form : None
qcost : 0




---------- QPrime ----------


---------- ConstArgBinding ----------

terms: ['decide(quorum__node0_node2,value0)', '~vote(node2,value0)', 'member(node2,quorum__node0_node2)']

sign_func_name2args: {'0$decide': [(Const('quorum__node0_node2', EnumeratedSort('quorum', ('quorum__node0_node1', 'quorum__node0_node2', 'quorum__node1_node2'))), Const('value0', EnumeratedSort('value', ('value0', 'value1', 'value2'))))], '1$vote': [(Const('node2', EnumeratedSort('node', ('node0', 'node1', 'node2'))), Const('value0', EnumeratedSort('value', ('value0', 'value1', 'value2'))))], '0$member': [(Const('node2', EnumeratedSort('node', ('node0', 'node1', 'node2'))), Const('quorum__node0_node2', EnumeratedSort('quorum', ('quorum__node0_node1', 'quorum__node0_node2', 'quorum__node1_node2'))))]}

const2sigs: {Const('quorum__node0_node2', EnumeratedSort('quorum', ('quorum__node0_node1', 'quorum__node0_node2', 'quorum__node1_node2'))): [quorum$0$decide$0$0, quorum$0$member$1$0], Const('value0', EnumeratedSort('value', ('value0', 'value1', 'value2'))): [value$0$decide$1$0, value$1$vote$1$0], Const('node2', EnumeratedSort('node', ('node0', 'node1', 'node2'))): [node$1$vote$0$0, node$0$member$0$0]}

sig2const: {'quorum$0$decide$0$0': Const('quorum__node0_node2', EnumeratedSort('quorum', ('quorum__node0_node1', 'quorum__node0_node2', 'quorum__node1_node2'))), 'value$0$decide$1$0': Const('value0', EnumeratedSort('value', ('value0', 'value1', 'value2'))), 'node$1$vote$0$0': Const('node2', EnumeratedSort('node', ('node0', 'node1', 'node2'))), 'value$1$vote$1$0': Const('value0', EnumeratedSort('value', ('value0', 'value1', 'value2'))), 'node$0$member$0$0': Const('node2', EnumeratedSort('node', ('node0', 'node1', 'node2'))), 'quorum$0$member$1$0': Const('quorum__node0_node2', EnumeratedSort('quorum', ('quorum__node0_node1', 'quorum__node0_node2', 'quorum__node1_node2')))}


---------- ArgPartition ----------

sort2class_sigs: {EnumeratedSort('quorum', ('quorum__node0_node1', 'quorum__node0_node2', 'quorum__node1_node2')): [quorum$0$decide$0$0; quorum$0$member$1$0], EnumeratedSort('value', ('value0', 'value1', 'value2')): [value$0$decide$1$0; value$1$vote$1$0], EnumeratedSort('node', ('node0', 'node1', 'node2')): [node$0$member$0$0; node$1$vote$0$0]}

sort2part_sig: {EnumeratedSort('quorum', ('quorum__node0_node1', 'quorum__node0_node2', 'quorum__node1_node2')): quorum$0$decide$0$0; quorum$0$member$1$0, EnumeratedSort('value', ('value0', 'value1', 'value2')): value$0$decide$1$0; value$1$vote$1$0, EnumeratedSort('node', ('node0', 'node1', 'node2')): node$0$member$0$0; node$1$vote$0$0}

part_sig: ('node$0$member$0$0; node$1$vote$0$0', 'quorum$0$decide$0$0; quorum$0$member$1$0', 'value$0$decide$1$0; value$1$vote$1$0')


---------- SigGenerator ----------

terms:  ['decide(quorum__node0_node2,value0)', '~vote(node2,value0)', 'member(node2,quorum__node0_node2)']

func_name2symbol:  {'decide': Const('decide', FunctionSort(EnumeratedSort('quorum', ('quorum__node0_node1', 'quorum__node0_node2', 'quorum__node1_node2')), EnumeratedSort('value', ('value0', 'value1', 'value2')), BooleanSort())), 'vote': Const('vote', FunctionSort(EnumeratedSort('node', ('node0', 'node1', 'node2')), EnumeratedSort('value', ('value0', 'value1', 'value2')), BooleanSort())), 'member': Const('member', FunctionSort(EnumeratedSort('node', ('node0', 'node1', 'node2')), EnumeratedSort('quorum', ('quorum__node0_node1', 'quorum__node0_node2', 'quorum__node1_node2')), BooleanSort()))}

func_name2args_sort:  {'decide': (EnumeratedSort('quorum', ('quorum__node0_node1', 'quorum__node0_node2', 'quorum__node1_node2')), EnumeratedSort('value', ('value0', 'value1', 'value2'))), 'vote': (EnumeratedSort('node', ('node0', 'node1', 'node2')), EnumeratedSort('value', ('value0', 'value1', 'value2'))), 'member': (EnumeratedSort('node', ('node0', 'node1', 'node2')), EnumeratedSort('quorum', ('quorum__node0_node1', 'quorum__node0_node2', 'quorum__node1_node2')))}

sign_func_name2count:  {'0$decide': 1, '1$vote': 1, '0$member': 1}


---------- ProductArgPartition ----------

sort2class_sigs: {EnumeratedSort('quorum', ('quorum__node0_node1', 'quorum__node0_node2', 'quorum__node1_node2')): [quorum$0$decide$0$0; quorum$0$member$1$0], EnumeratedSort('value', ('value0', 'value1', 'value2')): [value$0$decide$1$0; value$1$vote$1$0], EnumeratedSort('node', ('node0', 'node1', 'node2')): [node$0$member$0$0; node$1$vote$0$0]}

sort2part_sig: {EnumeratedSort('quorum', ('quorum__node0_node1', 'quorum__node0_node2', 'quorum__node1_node2')): quorum$0$decide$0$0; quorum$0$member$1$0, EnumeratedSort('value', ('value0', 'value1', 'value2')): value$0$decide$1$0; value$1$vote$1$0, EnumeratedSort('node', ('node0', 'node1', 'node2')): node$0$member$0$0; node$1$vote$0$0}

	sort: quorum

	identical_classes: {'quorum$0$decide$0; quorum$0$member$1': [quorum$0$decide$0$0; quorum$0$member$1$0]}

	identical_single_classes: {'quorum$0$decide$0; quorum$0$member$1': quorum$0$decide$0$0; quorum$0$member$1$0}

	identical_multi_classes: {}

	sort: value

	identical_classes: {'value$0$decide$1; value$1$vote$1': [value$0$decide$1$0; value$1$vote$1$0]}

	identical_single_classes: {'value$0$decide$1; value$1$vote$1': value$0$decide$1$0; value$1$vote$1$0}

	identical_multi_classes: {}

	sort: node

	identical_classes: {'node$0$member$0; node$1$vote$0': [node$0$member$0$0; node$1$vote$0$0]}

	identical_single_classes: {'node$0$member$0; node$1$vote$0': node$0$member$0$0; node$1$vote$0$0}

	identical_multi_classes: {}


---------- QInference: _set_sort_to_quantifier_mode ----------

quantifier mode: quorum: QuantifierMode.forall

quantifier mode: value: QuantifierMode.forall

quantifier mode: node: QuantifierMode.forall


---------- QInference: _set_constraint_mode ----------

constraint mode: ConstraintMode.no_merge


---------- QFormula: _set_qvars ----------

forall_qvars: {Var('QUORUM0', EnumeratedSort('quorum', ('quorum__node0_node1', 'quorum__node0_node2', 'quorum__node1_node2'))), Var('VALUE0', EnumeratedSort('value', ('value0', 'value1', 'value2'))), Var('NODE0', EnumeratedSort('node', ('node0', 'node1', 'node2')))}

exists_qvars: set()


---------- QFormula: _set_signed_func_name_to_args ----------

signed_func_name2args: {'0$decide': [[Var('QUORUM0', EnumeratedSort('quorum', ('quorum__node0_node1', 'quorum__node0_node2', 'quorum__node1_node2'))), Var('VALUE0', EnumeratedSort('value', ('value0', 'value1', 'value2')))]], '1$vote': [[Var('NODE0', EnumeratedSort('node', ('node0', 'node1', 'node2'))), Var('VALUE0', EnumeratedSort('value', ('value0', 'value1', 'value2')))]], '0$member': [[Var('NODE0', EnumeratedSort('node', ('node0', 'node1', 'node2'))), Var('QUORUM0', EnumeratedSort('quorum', ('quorum__node0_node1', 'quorum__node0_node2', 'quorum__node1_node2')))]]}


---------- QFormula: _set_qterms ----------

qterms: ['~vote(NODE0,VALUE0)', 'decide(QUORUM0,VALUE0)', 'member(NODE0,QUORUM0)']


---------- QFormula: get_qclause ----------

qclause: forall NODE0,VALUE0,QUORUM0. vote(NODE0,VALUE0) | ~decide(QUORUM0,VALUE0) | ~member(NODE0,QUORUM0)


====================================================================================================================

	[QI RESULT]: Quantified Prime Orbits on [ivybench/sym_quorum/ivy/naive_consensus.ivy: node=3,value=3]

====================================================================================================================


=== Prime Orbit 1 =====================
size : 9
num_suborbits: 1
36 (*) : ------------------11-
36     : ['vote(node2,value0)', 'vote(node2,value1)']
37     : ------------------1-1
37     : ['vote(node2,value0)', 'vote(node2,value2)']
38     : -------------------11
38     : ['vote(node2,value1)', 'vote(node2,value2)']
39     : ---------------11----
39     : ['vote(node1,value0)', 'vote(node1,value1)']
40     : ---------------1-1---
40     : ['vote(node1,value0)', 'vote(node1,value2)']
41     : ----------------11---
41     : ['vote(node1,value1)', 'vote(node1,value2)']
42     : ------------11-------
42     : ['vote(node0,value0)', 'vote(node0,value1)']
43     : ------------1-1------
43     : ['vote(node0,value0)', 'vote(node0,value2)']
44     : -------------11------
44     : ['vote(node0,value1)', 'vote(node0,value2)']
num_forall :   3
num_exists :   0
num_literals : 3
quantified form : forall NODE0,VALUE0,VALUE1. ~vote(NODE0,VALUE1) | ~vote(NODE0,VALUE0) | VALUE0 = VALUE1
qcost : 6




=== Prime Orbit 11 =====================
size : 3
num_suborbits: 1
219 (*) : --0--0--0--1---------
219     : ['decision(value2)', '~decide(quorum__node0_node1,value2)', '~decide(quorum__node0_node2,value2)', '~decide(quorum__node1_node2,value2)']
220     : -0--0--0--1----------
220     : ['decision(value1)', '~decide(quorum__node0_node1,value1)', '~decide(quorum__node0_node2,value1)', '~decide(quorum__node1_node2,value1)']
221     : 0--0--0--1-----------
221     : ['decision(value0)', '~decide(quorum__node0_node1,value0)', '~decide(quorum__node0_node2,value0)', '~decide(quorum__node1_node2,value0)']
num_forall :   1
num_exists :   1
num_literals : 2
quantified form : forall VALUE0. (exists QUORUM0. decide(QUORUM0,VALUE0) | ~decision(VALUE0))
qcost : 4




=== Prime Orbit 4 =====================
size : 18
num_suborbits: 1
66 (*) : ---1--------------0--
66     : ['decide(quorum__node0_node2,value0)', '~vote(node2,value0)']
67     : ----1--------------0-
67     : ['decide(quorum__node0_node2,value1)', '~vote(node2,value1)']
68     : -----1--------------0
68     : ['decide(quorum__node0_node2,value2)', '~vote(node2,value2)']
69     : 1--------------0-----
69     : ['decide(quorum__node0_node1,value0)', '~vote(node1,value0)']
70     : -1--------------0----
70     : ['decide(quorum__node0_node1,value1)', '~vote(node1,value1)']
71     : --1--------------0---
71     : ['decide(quorum__node0_node1,value2)', '~vote(node1,value2)']
72     : ------1-----------0--
72     : ['decide(quorum__node1_node2,value0)', '~vote(node2,value0)']
73     : -------1-----------0-
73     : ['decide(quorum__node1_node2,value1)', '~vote(node2,value1)']
74     : --------1-----------0
74     : ['decide(quorum__node1_node2,value2)', '~vote(node2,value2)']
75     : 1-----------0--------
75     : ['decide(quorum__node0_node1,value0)', '~vote(node0,value0)']
76     : -1-----------0-------
76     : ['decide(quorum__node0_node1,value1)', '~vote(node0,value1)']
77     : --1-----------0------
77     : ['decide(quorum__node0_node1,value2)', '~vote(node0,value2)']
78     : ------1--------0-----
78     : ['decide(quorum__node1_node2,value0)', '~vote(node1,value0)']
79     : -------1--------0----
79     : ['decide(quorum__node1_node2,value1)', '~vote(node1,value1)']
80     : --------1--------0---
80     : ['decide(quorum__node1_node2,value2)', '~vote(node1,value2)']
81     : ---1--------0--------
81     : ['decide(quorum__node0_node2,value0)', '~vote(node0,value0)']
82     : ----1--------0-------
82     : ['decide(quorum__node0_node2,value1)', '~vote(node0,value1)']
83     : -----1--------0------
83     : ['decide(quorum__node0_node2,value2)', '~vote(node0,value2)']
num_forall :   3
num_exists :   0
num_literals : 3
quantified form : forall NODE0,VALUE0,QUORUM0. vote(NODE0,VALUE0) | ~decide(QUORUM0,VALUE0) | ~member(NODE0,QUORUM0)
qcost : 6



[QRM NOTE]: Time elapsed since start: 7.444 seconds

[QRM NOTE]: Time elapsed since last: 0.070 seconds

[QRM NOTE]: Peak memory: 2284330 bytes


===================================================================================================

	[MIN]: Minimization on [ivybench/sym_quorum/ivy/naive_consensus.ivy: node=3,value=3]

===================================================================================================


New level: 1
 pending : []
 solution : [1, 11, 4]


Before reduction : 
 pending  : []
 solution : [1, 11, 4]

Essensial at level 1 : set()

Before removed
 coverage : [(0, -1), (1, -1), (2, -1), (3, -1), (4, -1), (5, -1), (6, -1), (7, -1), (8, -1), (9, -1), (10, -1), (11, -1)]

After removed
 coverage : [(0, -1), (1, -1), (2, -1), (3, -1), (4, -1), (5, -1), (6, -1), (7, -1), (8, -1), (9, -1), (10, -1), (11, -1)]

Covered at level 1 : set()

After reduction : 
 pending  : []
 solution : [1, 11, 4]


Solution : [1, 11, 4] has cost 16.


Before backtrack at level 1
 pending : []
 solution : [1, 11, 4]

After backtrack at level 1
 pending : []
 solution : [1, 11, 4]


==================================================================================================================

	[MIN RESULT]: Minimized Invariants on [ivybench/sym_quorum/ivy/naive_consensus.ivy: node=3,value=3]

==================================================================================================================

[MIN NOTE]: number of minimal solution found: 1

[MIN NOTE]: upper bound: 16

[MIN NOTE]: maximum branch and bound depth: 1

[MIN NOTE]: number of definitions: 0

[MIN NOTE]: number of equality relations: 0

[MIN NOTE]: Solution 0 : [1, 11, 4]

[MIN NOTE]: solution length: 3

invariant [invar_1] forall NODE0,VALUE0,VALUE1. ~vote(NODE0,VALUE1) | ~vote(NODE0,VALUE0) | VALUE0 = VALUE1 # qcost: 6

invariant [invar_11] forall VALUE0. (exists QUORUM0. decide(QUORUM0,VALUE0) | ~decision(VALUE0)) # qcost: 4

invariant [invar_4] forall NODE0,VALUE0,QUORUM0. vote(NODE0,VALUE0) | ~decide(QUORUM0,VALUE0) | ~member(NODE0,QUORUM0) # qcost: 6

[MIN NOTE]: number of total invariants: 3

[MIN NOTE]: total qCost: 16




[QRM NOTE]: Time elapsed since start: 7.480 seconds

[QRM NOTE]: Time elapsed since last: 0.036 seconds

[QRM NOTE]: Peak memory: 2264135 bytes


=============================================

	[IVY_CHECK] Ivy Check for Rmin

=============================================


=======================================================================================================

	[IVY_CHECK]: Ivy check on [ivybench/sym_quorum/ivy/naive_consensus.node_3_value_3.0.ivy]

=======================================================================================================

ivy_check complete=fo ivybench/sym_quorum/ivy/naive_consensus.node_3_value_3.0.ivy


Isolate this:

    The following properties are assumed as axioms:
        ivybench/sym_quorum/ivy/naive_consensus.node_3_value_3.0.ivy: line 12: axiom1

    The inductive invariant consists of the following conjectures:
        ivybench/sym_quorum/ivy/naive_consensus.node_3_value_3.0.ivy: line 46: invar_1
        ivybench/sym_quorum/ivy/naive_consensus.node_3_value_3.0.ivy: line 47: invar_11
        ivybench/sym_quorum/ivy/naive_consensus.node_3_value_3.0.ivy: line 48: invar_4

    The following action implementations are present:
        ivybench/sym_quorum/ivy/naive_consensus.node_3_value_3.0.ivy: line 20: implementation of cast_vote
        ivybench/sym_quorum/ivy/naive_consensus.node_3_value_3.0.ivy: line 25: implementation of collect_votes
        ivybench/sym_quorum/ivy/naive_consensus.node_3_value_3.0.ivy: line 30: implementation of learn_value

    The following initializers are present:
        ivybench/sym_quorum/ivy/naive_consensus.node_3_value_3.0.ivy: line 14: init[after2]

    Initialization must establish the invariant
        ivybench/sym_quorum/ivy/naive_consensus.node_3_value_3.0.ivy: line 46: invar_1 ... PASS
        ivybench/sym_quorum/ivy/naive_consensus.node_3_value_3.0.ivy: line 47: invar_11 ... PASS
        ivybench/sym_quorum/ivy/naive_consensus.node_3_value_3.0.ivy: line 48: invar_4 ... PASS

    The following set of external actions must preserve the invariant:
        (internal) ext:cast_vote
            ivybench/sym_quorum/ivy/naive_consensus.node_3_value_3.0.ivy: line 46: invar_1 ... PASS
            ivybench/sym_quorum/ivy/naive_consensus.node_3_value_3.0.ivy: line 47: invar_11 ... PASS
            ivybench/sym_quorum/ivy/naive_consensus.node_3_value_3.0.ivy: line 48: invar_4 ... PASS
        (internal) ext:collect_votes
            ivybench/sym_quorum/ivy/naive_consensus.node_3_value_3.0.ivy: line 46: invar_1 ... PASS
            ivybench/sym_quorum/ivy/naive_consensus.node_3_value_3.0.ivy: line 47: invar_11 ... PASS
            ivybench/sym_quorum/ivy/naive_consensus.node_3_value_3.0.ivy: line 48: invar_4 ... PASS
        (internal) ext:learn_value
            ivybench/sym_quorum/ivy/naive_consensus.node_3_value_3.0.ivy: line 46: invar_1 ... PASS
            ivybench/sym_quorum/ivy/naive_consensus.node_3_value_3.0.ivy: line 47: invar_11 ... PASS
            ivybench/sym_quorum/ivy/naive_consensus.node_3_value_3.0.ivy: line 48: invar_4 ... PASS

    The following program assertions are treated as assumptions:
        in action cast_vote when called from the environment:
            ivybench/sym_quorum/ivy/naive_consensus.node_3_value_3.0.ivy: line 21: assumption
        in action collect_votes when called from the environment:
            ivybench/sym_quorum/ivy/naive_consensus.node_3_value_3.0.ivy: line 26: assumption
        in action learn_value when called from the environment:
            ivybench/sym_quorum/ivy/naive_consensus.node_3_value_3.0.ivy: line 31: assumption

OK
[IVY_CHECK RESULT]: PASS


========================================================================================================================

	[MUS]: Extract strengthening assertion for [ivybench/sym_quorum/ivy/naive_consensus.node_3_value_3.0.ivy]

========================================================================================================================

[MUS NOTE]: number of strengthening assertions: 3

[MUS NOTE]: min mus: {0, 1, 2}

invariant [invar_1] forall NODE0,VALUE0,VALUE1. ~vote(NODE0,VALUE1) | ~vote(NODE0,VALUE0) | VALUE0 = VALUE1 # qcost: 6

invariant [invar_11] forall VALUE0. (exists QUORUM0. decide(QUORUM0,VALUE0) | ~decision(VALUE0)) # qcost: 4

invariant [invar_4] forall NODE0,VALUE0,QUORUM0. vote(NODE0,VALUE0) | ~decide(QUORUM0,VALUE0) | ~member(NODE0,QUORUM0) # qcost: 6


==============================================================================================================

	[IVY_CHECK]: Ivy check on [ivybench/sym_quorum/ivy/naive_consensus.node_3_value_3.0.assert.ivy]

==============================================================================================================

ivy_check complete=fo ivybench/sym_quorum/ivy/naive_consensus.node_3_value_3.0.assert.ivy


Isolate this:

    The following properties are assumed as axioms:
        ivybench/sym_quorum/ivy/naive_consensus.node_3_value_3.0.assert.ivy: line 12: axiom1

    The inductive invariant consists of the following conjectures:
        ivybench/sym_quorum/ivy/naive_consensus.node_3_value_3.0.assert.ivy: line 40: invar6
        ivybench/sym_quorum/ivy/naive_consensus.node_3_value_3.0.assert.ivy: line 46: invar_1
        ivybench/sym_quorum/ivy/naive_consensus.node_3_value_3.0.assert.ivy: line 47: invar_11
        ivybench/sym_quorum/ivy/naive_consensus.node_3_value_3.0.assert.ivy: line 48: invar_4

    The following action implementations are present:
        ivybench/sym_quorum/ivy/naive_consensus.node_3_value_3.0.assert.ivy: line 20: implementation of cast_vote
        ivybench/sym_quorum/ivy/naive_consensus.node_3_value_3.0.assert.ivy: line 25: implementation of collect_votes
        ivybench/sym_quorum/ivy/naive_consensus.node_3_value_3.0.assert.ivy: line 30: implementation of learn_value

    The following initializers are present:
        ivybench/sym_quorum/ivy/naive_consensus.node_3_value_3.0.assert.ivy: line 14: init[after2]

    Initialization must establish the invariant
        ivybench/sym_quorum/ivy/naive_consensus.node_3_value_3.0.assert.ivy: line 40: invar6 ... PASS
        ivybench/sym_quorum/ivy/naive_consensus.node_3_value_3.0.assert.ivy: line 46: invar_1 ... PASS
        ivybench/sym_quorum/ivy/naive_consensus.node_3_value_3.0.assert.ivy: line 47: invar_11 ... PASS
        ivybench/sym_quorum/ivy/naive_consensus.node_3_value_3.0.assert.ivy: line 48: invar_4 ... PASS

    The following set of external actions must preserve the invariant:
        (internal) ext:cast_vote
            ivybench/sym_quorum/ivy/naive_consensus.node_3_value_3.0.assert.ivy: line 40: invar6 ... PASS
            ivybench/sym_quorum/ivy/naive_consensus.node_3_value_3.0.assert.ivy: line 46: invar_1 ... PASS
            ivybench/sym_quorum/ivy/naive_consensus.node_3_value_3.0.assert.ivy: line 47: invar_11 ... PASS
            ivybench/sym_quorum/ivy/naive_consensus.node_3_value_3.0.assert.ivy: line 48: invar_4 ... PASS
        (internal) ext:collect_votes
            ivybench/sym_quorum/ivy/naive_consensus.node_3_value_3.0.assert.ivy: line 40: invar6 ... PASS
            ivybench/sym_quorum/ivy/naive_consensus.node_3_value_3.0.assert.ivy: line 46: invar_1 ... PASS
            ivybench/sym_quorum/ivy/naive_consensus.node_3_value_3.0.assert.ivy: line 47: invar_11 ... PASS
            ivybench/sym_quorum/ivy/naive_consensus.node_3_value_3.0.assert.ivy: line 48: invar_4 ... PASS
        (internal) ext:learn_value
            ivybench/sym_quorum/ivy/naive_consensus.node_3_value_3.0.assert.ivy: line 40: invar6 ... PASS
            ivybench/sym_quorum/ivy/naive_consensus.node_3_value_3.0.assert.ivy: line 46: invar_1 ... PASS
            ivybench/sym_quorum/ivy/naive_consensus.node_3_value_3.0.assert.ivy: line 47: invar_11 ... PASS
            ivybench/sym_quorum/ivy/naive_consensus.node_3_value_3.0.assert.ivy: line 48: invar_4 ... PASS

    The following program assertions are treated as assumptions:
        in action cast_vote when called from the environment:
            ivybench/sym_quorum/ivy/naive_consensus.node_3_value_3.0.assert.ivy: line 21: assumption
        in action collect_votes when called from the environment:
            ivybench/sym_quorum/ivy/naive_consensus.node_3_value_3.0.assert.ivy: line 26: assumption
        in action learn_value when called from the environment:
            ivybench/sym_quorum/ivy/naive_consensus.node_3_value_3.0.assert.ivy: line 31: assumption

OK
[IVY_CHECK RESULT]: PASS

[ASSERT_CHECK RESULT]: PASS

[QRM NOTE]: Time elapsed since start: 11.059 seconds

[QRM NOTE]: Time elapsed since last: 3.579 seconds

[QRM NOTE]: Peak memory: 2329699 bytes


**********************************************************************

	[QRM]: ivybench/sym_quorum/ivy/naive_consensus.ivy

**********************************************************************

[QRM RESULT]: PASS

