
***********************************************************

	[QRM]: ivybench/sym/ivy/lock_server.ivy

***********************************************************


**************************************************************************************

	[Synthesize Rmin]: ivybench/sym/ivy/lock_server: server=1,client=1

**************************************************************************************

python3 qrm.py ivybench/sym/ivy/lock_server.ivy -s server=1,client=1 -f 1 -g -w -r -v 5 -w -l ivybench/sym/ivy/lock_server.cvg.log


---------- Parsing Ivy ----------


Printing isolate this:

OK


==============================================================================================

	[FW]: Forward Reachability on [ivybench/sym/ivy/lock_server: server=1,client=1]

==============================================================================================


==============================================

	Set up for forward reachability

==============================================

ivy_to_cpp target=qrm lock_server.server_1_client_1.finite.ivy

[IVY_TO_CPP RESULT]: OK

swig -c++ -python -o lock_server.server_1_client_1.finite_wrap.cpp ivy_exec.i

[SWIG RESULT]: OK

g++ -std=c++11 -fpic -pthread -O3 lock_server.server_1_client_1.finite.cpp lock_server.server_1_client_1.finite_wrap.cpp -I/home/yunrong/.pyenv/versions/3.12.0/include/python3.12 -c

[G++ RESULT]: OK

g++ -shared lock_server.server_1_client_1.finite.o lock_server.server_1_client_1.finite_wrap.o -o _ivy_exec.so -lm -lstdc++

[LINK RESULT]: OK

[FW NOTE]: number of state atoms: 2

[FW NOTE]: number of interpreted atoms (e.g. member,le): 0

[FW NOTE]: number of branching actions: 2

[FW NOTE]: symmetric group order: 1

[QRM NOTE]: Time elapsed since start: 5.886 seconds

[QRM NOTE]: Time elapsed since last: 5.886 seconds

[QRM NOTE]: Peak memory: 1169117 bytes


=====================================

	Symmetric Quotient DFS

=====================================

[FW NOTE]: dfs max depth: 1

[FW NOTE]: number of total reachable states:        2

[FW NOTE]: number of dfs representative states:     2

[FW NOTE]: number of dfs non-representative states: 0


=====================================================================================================

	[FW RESULT]: Forward Reachability on [ivybench/sym/ivy/lock_server: server=1,client=1]

=====================================================================================================

sort: client=['client0']
sort: server=['server0']
predicate: semaphore('server',)
predicate: link('client', 'server')
interpreted atoms: {}
state atoms: ['link(client0,server0)', 'semaphore(server0)']
representative states : 1, 2


=== State Orbit 0 =====================
size : 1
repr state: 01
lex min decimal: 1
states:
01




=== State Orbit 1 =====================
size : 1
repr state: 10
lex min decimal: 2
states:
10



[QRM NOTE]: Time elapsed since start: 5.957 seconds

[QRM NOTE]: Time elapsed since last: 0.072 seconds

[QRM NOTE]: Peak memory: 1193432 bytes


======================================

	Reduce Equivalent Atoms

======================================

[FW NOTE]: equivalent atoms

[FW NOTE]: complement atoms

[FW NOTE]: remove_atom_ids: set()

[QRM NOTE]: Time elapsed since start: 5.961 seconds

[QRM NOTE]: Time elapsed since last: 0.003 seconds

[QRM NOTE]: Peak memory: 143650 bytes


=====================================================================================================

	[PRIME]: Prime Orbit Generatation on [ivybench/sym/ivy/lock_server: server=1,client=1]

=====================================================================================================


================================================================================================

	[PRIME RESULT]: Prime Orbits on [ivybench/sym/ivy/lock_server: server=1,client=1]

================================================================================================


=== Prime Orbit 0 =====================
size : 1
num_suborbits: 1
0 (*) : 00
0     : ['~link(client0,server0)', '~semaphore(server0)']
num_forall :   0
num_exists :   0
num_literals : 0
quantified form : None
qcost : 0


=== Prime Orbit 1 =====================
size : 1
num_suborbits: 1
1 (*) : 11
1     : ['link(client0,server0)', 'semaphore(server0)']
num_forall :   0
num_exists :   0
num_literals : 0
quantified form : None
qcost : 0



[PRIME NOTE]: number of orbits after merging: 2

[PRIME NOTE]: number of orbits before merging: 2

[PRIME NOTE]: number of primes: 2

[QRM NOTE]: Time elapsed since start: 5.970 seconds

[QRM NOTE]: Time elapsed since last: 0.009 seconds

[QRM NOTE]: Peak memory: 1198258 bytes


==========================================================================================

	[RED]: PRIME REDUCTION on [ivybench/sym/ivy/lock_server: server=1,client=1]

==========================================================================================

definition primes: set()


New level: 0
 pending : [0, 1]
 solution : []


Before reduction : 
 pending  : [0, 1]
 solution : []

Essensial at level 0 : {0, 1}

Before removed
 coverage : [(0, -1), (1, -1)]

After removed
 coverage : [(0, -1), (1, -1)]

Covered at level 0 : set()

After reduction : 
 pending  : []
 solution : [0, 1]


Before reduction : 
 pending  : []
 solution : [0, 1]

Essensial at level 0 : set()

Before removed
 coverage : [(0, -1), (1, -1)]

After removed
 coverage : [(0, -1), (1, -1)]

Covered at level 0 : set()

After reduction : 
 pending  : []
 solution : [0, 1]

[QRM NOTE]: Time elapsed since start: 5.971 seconds

[QRM NOTE]: Time elapsed since last: 0.001 seconds

[QRM NOTE]: Peak memory: 150582 bytes


==============================================================================================

	[QI]: Quantifier Inference on [ivybench/sym/ivy/lock_server: server=1,client=1]

==============================================================================================


---------- quantifier_inference ----------


=== Prime Orbit 0 =====================
size : 1
num_suborbits: 1
0 (*) : 00
0     : ['~link(client0,server0)', '~semaphore(server0)']
num_forall :   0
num_exists :   0
num_literals : 0
quantified form : None
qcost : 0




---------- QPrime ----------


---------- ConstArgBinding ----------

terms: ['~link(client0,server0)', '~semaphore(server0)']

sign_func_name2args: {'1$link': [(Const('client0', EnumeratedSort('client', ('client0',))), Const('server0', EnumeratedSort('server', ('server0',))))], '1$semaphore': [(Const('server0', EnumeratedSort('server', ('server0',))),)]}

const2sigs: {Const('client0', EnumeratedSort('client', ('client0',))): [client$1$link$0$0], Const('server0', EnumeratedSort('server', ('server0',))): [server$1$link$1$0, server$1$semaphore$0$0]}

sig2const: {'client$1$link$0$0': Const('client0', EnumeratedSort('client', ('client0',))), 'server$1$link$1$0': Const('server0', EnumeratedSort('server', ('server0',))), 'server$1$semaphore$0$0': Const('server0', EnumeratedSort('server', ('server0',)))}


---------- ArgPartition ----------

sort2class_sigs: {EnumeratedSort('client', ('client0',)): [client$1$link$0$0], EnumeratedSort('server', ('server0',)): [server$1$link$1$0; server$1$semaphore$0$0]}

sort2part_sig: {EnumeratedSort('client', ('client0',)): client$1$link$0$0, EnumeratedSort('server', ('server0',)): server$1$link$1$0; server$1$semaphore$0$0}

part_sig: ('client$1$link$0$0', 'server$1$link$1$0; server$1$semaphore$0$0')


---------- SigGenerator ----------

terms:  ['~link(client0,server0)', '~semaphore(server0)']

func_name2symbol:  {'link': Const('link', FunctionSort(EnumeratedSort('client', ('client0',)), EnumeratedSort('server', ('server0',)), BooleanSort())), 'semaphore': Const('semaphore', FunctionSort(EnumeratedSort('server', ('server0',)), BooleanSort()))}

func_name2args_sort:  {'link': (EnumeratedSort('client', ('client0',)), EnumeratedSort('server', ('server0',))), 'semaphore': (EnumeratedSort('server', ('server0',)),)}

sign_func_name2count:  {'1$link': 1, '1$semaphore': 1}


---------- ProductArgPartition ----------

sort2class_sigs: {EnumeratedSort('client', ('client0',)): [client$1$link$0$0], EnumeratedSort('server', ('server0',)): [server$1$link$1$0; server$1$semaphore$0$0]}

sort2part_sig: {EnumeratedSort('client', ('client0',)): client$1$link$0$0, EnumeratedSort('server', ('server0',)): server$1$link$1$0; server$1$semaphore$0$0}

	sort: client

	identical_classes: {'client$1$link$0': [client$1$link$0$0]}

	identical_single_classes: {'client$1$link$0': client$1$link$0$0}

	identical_multi_classes: {}

	sort: server

	identical_classes: {'server$1$link$1; server$1$semaphore$0': [server$1$link$1$0; server$1$semaphore$0$0]}

	identical_single_classes: {'server$1$link$1; server$1$semaphore$0': server$1$link$1$0; server$1$semaphore$0$0}

	identical_multi_classes: {}


---------- QInference: _set_sort_to_quantifier_mode ----------

quantifier mode: client: QuantifierMode.forall

quantifier mode: server: QuantifierMode.forall


---------- QInference: _set_constraint_mode ----------

constraint mode: ConstraintMode.no_merge


---------- QFormula: _set_qvars ----------

forall_qvars: {Var('SERVER0', EnumeratedSort('server', ('server0',))), Var('CLIENT0', EnumeratedSort('client', ('client0',)))}

exists_qvars: set()


---------- QFormula: _set_signed_func_name_to_args ----------

signed_func_name2args: {'1$link': [[Var('CLIENT0', EnumeratedSort('client', ('client0',))), Var('SERVER0', EnumeratedSort('server', ('server0',)))]], '1$semaphore': [[Var('SERVER0', EnumeratedSort('server', ('server0',)))]]}


---------- QFormula: _set_qterms ----------

qterms: ['~semaphore(SERVER0)', '~link(CLIENT0,SERVER0)']


---------- QFormula: get_qclause ----------

qclause: forall CLIENT0,SERVER0. semaphore(SERVER0) | link(CLIENT0,SERVER0)


=== Prime Orbit 1 =====================
size : 1
num_suborbits: 1
1 (*) : 11
1     : ['link(client0,server0)', 'semaphore(server0)']
num_forall :   0
num_exists :   0
num_literals : 0
quantified form : None
qcost : 0




---------- QPrime ----------


---------- ConstArgBinding ----------

terms: ['link(client0,server0)', 'semaphore(server0)']

sign_func_name2args: {'0$link': [(Const('client0', EnumeratedSort('client', ('client0',))), Const('server0', EnumeratedSort('server', ('server0',))))], '0$semaphore': [(Const('server0', EnumeratedSort('server', ('server0',))),)]}

const2sigs: {Const('client0', EnumeratedSort('client', ('client0',))): [client$0$link$0$0], Const('server0', EnumeratedSort('server', ('server0',))): [server$0$link$1$0, server$0$semaphore$0$0]}

sig2const: {'client$0$link$0$0': Const('client0', EnumeratedSort('client', ('client0',))), 'server$0$link$1$0': Const('server0', EnumeratedSort('server', ('server0',))), 'server$0$semaphore$0$0': Const('server0', EnumeratedSort('server', ('server0',)))}


---------- ArgPartition ----------

sort2class_sigs: {EnumeratedSort('client', ('client0',)): [client$0$link$0$0], EnumeratedSort('server', ('server0',)): [server$0$link$1$0; server$0$semaphore$0$0]}

sort2part_sig: {EnumeratedSort('client', ('client0',)): client$0$link$0$0, EnumeratedSort('server', ('server0',)): server$0$link$1$0; server$0$semaphore$0$0}

part_sig: ('client$0$link$0$0', 'server$0$link$1$0; server$0$semaphore$0$0')


---------- SigGenerator ----------

terms:  ['link(client0,server0)', 'semaphore(server0)']

func_name2symbol:  {'link': Const('link', FunctionSort(EnumeratedSort('client', ('client0',)), EnumeratedSort('server', ('server0',)), BooleanSort())), 'semaphore': Const('semaphore', FunctionSort(EnumeratedSort('server', ('server0',)), BooleanSort()))}

func_name2args_sort:  {'link': (EnumeratedSort('client', ('client0',)), EnumeratedSort('server', ('server0',))), 'semaphore': (EnumeratedSort('server', ('server0',)),)}

sign_func_name2count:  {'0$link': 1, '0$semaphore': 1}


---------- ProductArgPartition ----------

sort2class_sigs: {EnumeratedSort('client', ('client0',)): [client$0$link$0$0], EnumeratedSort('server', ('server0',)): [server$0$link$1$0; server$0$semaphore$0$0]}

sort2part_sig: {EnumeratedSort('client', ('client0',)): client$0$link$0$0, EnumeratedSort('server', ('server0',)): server$0$link$1$0; server$0$semaphore$0$0}

	sort: client

	identical_classes: {'client$0$link$0': [client$0$link$0$0]}

	identical_single_classes: {'client$0$link$0': client$0$link$0$0}

	identical_multi_classes: {}

	sort: server

	identical_classes: {'server$0$link$1; server$0$semaphore$0': [server$0$link$1$0; server$0$semaphore$0$0]}

	identical_single_classes: {'server$0$link$1; server$0$semaphore$0': server$0$link$1$0; server$0$semaphore$0$0}

	identical_multi_classes: {}


---------- QInference: _set_sort_to_quantifier_mode ----------

quantifier mode: client: QuantifierMode.forall

quantifier mode: server: QuantifierMode.forall


---------- QInference: _set_constraint_mode ----------

constraint mode: ConstraintMode.no_merge


---------- QFormula: _set_qvars ----------

forall_qvars: {Var('SERVER0', EnumeratedSort('server', ('server0',))), Var('CLIENT0', EnumeratedSort('client', ('client0',)))}

exists_qvars: set()


---------- QFormula: _set_signed_func_name_to_args ----------

signed_func_name2args: {'0$link': [[Var('CLIENT0', EnumeratedSort('client', ('client0',))), Var('SERVER0', EnumeratedSort('server', ('server0',)))]], '0$semaphore': [[Var('SERVER0', EnumeratedSort('server', ('server0',)))]]}


---------- QFormula: _set_qterms ----------

qterms: ['link(CLIENT0,SERVER0)', 'semaphore(SERVER0)']


---------- QFormula: get_qclause ----------

qclause: forall CLIENT0,SERVER0. ~link(CLIENT0,SERVER0) | ~semaphore(SERVER0)


========================================================================================================

	[QI RESULT]: Quantified Prime Orbits on [ivybench/sym/ivy/lock_server: server=1,client=1]

========================================================================================================


=== Prime Orbit 0 =====================
size : 1
num_suborbits: 1
0 (*) : 00
0     : ['~link(client0,server0)', '~semaphore(server0)']
num_forall :   2
num_exists :   0
num_literals : 2
quantified form : forall CLIENT0,SERVER0. semaphore(SERVER0) | link(CLIENT0,SERVER0)
qcost : 4




=== Prime Orbit 1 =====================
size : 1
num_suborbits: 1
1 (*) : 11
1     : ['link(client0,server0)', 'semaphore(server0)']
num_forall :   2
num_exists :   0
num_literals : 2
quantified form : forall CLIENT0,SERVER0. ~link(CLIENT0,SERVER0) | ~semaphore(SERVER0)
qcost : 4



[QRM NOTE]: Time elapsed since start: 6.030 seconds

[QRM NOTE]: Time elapsed since last: 0.059 seconds

[QRM NOTE]: Peak memory: 1810555 bytes


=======================================================================================

	[MIN]: Minimization on [ivybench/sym/ivy/lock_server: server=1,client=1]

=======================================================================================


New level: 1
 pending : []
 solution : [0, 1]


Before reduction : 
 pending  : []
 solution : [0, 1]

Essensial at level 1 : set()

Before removed
 coverage : [(0, -1), (1, -1)]

After removed
 coverage : [(0, -1), (1, -1)]

Covered at level 1 : set()

After reduction : 
 pending  : []
 solution : [0, 1]


Solution : [0, 1] has cost 8.


Before backtrack at level 1
 pending : []
 solution : [0, 1]

After backtrack at level 1
 pending : []
 solution : [0, 1]


======================================================================================================

	[MIN RESULT]: Minimized Invariants on [ivybench/sym/ivy/lock_server: server=1,client=1]

======================================================================================================

[MIN NOTE]: number of minimal solution found: 1

[MIN NOTE]: total qcost: 8

[MIN NOTE]: maximum branch and bound depth: 1

Definitions (length=0)

Equality Relations (length=0)

Solution 0 : [0, 1] (length = 2)

invariant [invar_0] forall CLIENT0,SERVER0. semaphore(SERVER0) | link(CLIENT0,SERVER0) # qcost: 4

invariant [invar_1] forall CLIENT0,SERVER0. ~link(CLIENT0,SERVER0) | ~semaphore(SERVER0) # qcost: 4




[QRM NOTE]: Time elapsed since start: 6.063 seconds

[QRM NOTE]: Time elapsed since last: 0.033 seconds

[QRM NOTE]: Peak memory: 1799174 bytes


=========================================================================================================

	[MIN_CHECK] Minimization Sanity Check on [ivybench/sym/ivy/lock_server: server=1,client=1]

=========================================================================================================

Minimization check for Solution 0

[MIN_CHECK RESULT]: PASS

[QRM NOTE]: Time elapsed since start: 6.066 seconds

[QRM NOTE]: Time elapsed since last: 0.002 seconds

[QRM NOTE]: Peak memory: 752511 bytes


==========================================================================================

	[IVY_CHECK]: Ivy Check on [ivybench/sym/ivy/lock_server: server=1,client=1]

==========================================================================================

ivy_check complete=fo ivybench/sym/ivy/lock_server.server_1_client_1.0.ivy


Isolate this:

    The inductive invariant consists of the following conjectures:
        ivybench/sym/ivy/lock_server.server_1_client_1.0.ivy: line 39: invar_0
        ivybench/sym/ivy/lock_server.server_1_client_1.0.ivy: line 40: invar_1

    The following action implementations are present:
        ivybench/sym/ivy/lock_server.server_1_client_1.0.ivy: line 18: implementation of connect
        ivybench/sym/ivy/lock_server.server_1_client_1.0.ivy: line 24: implementation of disconnect

    The following initializers are present:
        ivybench/sym/ivy/lock_server.server_1_client_1.0.ivy: line 5: init[after1]

    Initialization must establish the invariant
        ivybench/sym/ivy/lock_server.server_1_client_1.0.ivy: line 39: invar_0 ... PASS
        ivybench/sym/ivy/lock_server.server_1_client_1.0.ivy: line 40: invar_1 ... PASS

    The following set of external actions must preserve the invariant:
        (internal) ext:connect
            ivybench/sym/ivy/lock_server.server_1_client_1.0.ivy: line 39: invar_0 ... FAIL
            ivybench/sym/ivy/lock_server.server_1_client_1.0.ivy: line 40: invar_1 ... PASS
        (internal) ext:disconnect
            ivybench/sym/ivy/lock_server.server_1_client_1.0.ivy: line 39: invar_0 ... PASS
            ivybench/sym/ivy/lock_server.server_1_client_1.0.ivy: line 40: invar_1 ... FAIL

    The following program assertions are treated as assumptions:
        in action connect when called from the environment:
            ivybench/sym/ivy/lock_server.server_1_client_1.0.ivy: line 19: assumption
        in action disconnect when called from the environment:
            ivybench/sym/ivy/lock_server.server_1_client_1.0.ivy: line 25: assumption

error: failed checks: 2
[IVY_CHECK RESULT]: FAIL ... exit with return code 1

[QRM NOTE]: Time elapsed since start: 7.948 seconds

[QRM NOTE]: Time elapsed since last: 1.882 seconds

[QRM NOTE]: Peak memory: 802254 bytes


*****************************************************************************************************

	[Reachability Convergence Check]: ivybench/sym/ivy/lock_server: server=1,client=1

*****************************************************************************************************

python3 qrm.py ivybench/sym/ivy/lock_server.server_1_client_1.0.ivy -s server=2,client=1 -f 2 -g -w -r -v 5 -w -l ivybench/sym/ivy/lock_server.cvg.log


---------- Parsing Ivy ----------


Printing isolate this:

OK


==============================================================================================

	[FW]: Forward Reachability on [ivybench/sym/ivy/lock_server: server=2,client=1]

==============================================================================================


==============================================

	Set up for forward reachability

==============================================

ivy_to_cpp target=qrm lock_server.server_2_client_1.finite.ivy

[IVY_TO_CPP RESULT]: OK

swig -c++ -python -o lock_server.server_2_client_1.finite_wrap.cpp ivy_exec.i

[SWIG RESULT]: OK

g++ -std=c++11 -fpic -pthread -O3 lock_server.server_2_client_1.finite.cpp lock_server.server_2_client_1.finite_wrap.cpp -I/home/yunrong/.pyenv/versions/3.12.0/include/python3.12 -c

[G++ RESULT]: OK

g++ -shared lock_server.server_2_client_1.finite.o lock_server.server_2_client_1.finite_wrap.o -o _ivy_exec.so -lm -lstdc++

[LINK RESULT]: OK

[FW NOTE]: number of state atoms: 4

[FW NOTE]: number of interpreted atoms (e.g. member,le): 0

[FW NOTE]: number of branching actions: 4

[FW NOTE]: symmetric group order: 2

[QRM NOTE]: Time elapsed since start: 5.831 seconds

[QRM NOTE]: Time elapsed since last: 5.831 seconds

[QRM NOTE]: Peak memory: 1171270 bytes


=====================================

	Symmetric Quotient DFS

=====================================

[FW NOTE]: dfs max depth: 2

[FW NOTE]: number of total reachable states:        4

[FW NOTE]: number of dfs representative states:     3

[FW NOTE]: number of dfs non-representative states: 1


=====================================================================================================

	[FW RESULT]: Forward Reachability on [ivybench/sym/ivy/lock_server: server=2,client=1]

=====================================================================================================

sort: client=['client0']
sort: server=['server0', 'server1']
predicate: link('client', 'server')
predicate: semaphore('server',)
interpreted atoms: {}
state atoms: ['link(client0,server0)', 'link(client0,server1)', 'semaphore(server0)', 'semaphore(server1)']
representative states : 3, 6, 12


=== State Orbit 0 =====================
size : 1
repr state: 0011
lex min decimal: 3
states:
0011




=== State Orbit 1 =====================
size : 2
repr state: 1001
lex min decimal: 6
states:
1001
0110




=== State Orbit 2 =====================
size : 1
repr state: 1100
lex min decimal: 12
states:
1100



[QRM NOTE]: Time elapsed since start: 5.897 seconds

[QRM NOTE]: Time elapsed since last: 0.067 seconds

[QRM NOTE]: Peak memory: 1196630 bytes


==========================================================================================================================

	[REACH_CHECK]: Reachability Convergence Check for Rmin on [ivybench/sym/ivy/lock_server: server=2,client=1]

==========================================================================================================================

[REACH_CHECK RESULT]: PASS

[QRM NOTE]: Time elapsed since start: 5.904 seconds

[QRM NOTE]: Time elapsed since last: 0.007 seconds

[QRM NOTE]: Peak memory: 152607 bytes

python3 qrm.py ivybench/sym/ivy/lock_server.server_1_client_1.0.ivy -s server=1,client=2 -f 2 -g -w -r -v 5 -w -l ivybench/sym/ivy/lock_server.cvg.log


---------- Parsing Ivy ----------


Printing isolate this:

OK


==============================================================================================

	[FW]: Forward Reachability on [ivybench/sym/ivy/lock_server: server=1,client=2]

==============================================================================================


==============================================

	Set up for forward reachability

==============================================

ivy_to_cpp target=qrm lock_server.server_1_client_2.finite.ivy

[IVY_TO_CPP RESULT]: OK

swig -c++ -python -o lock_server.server_1_client_2.finite_wrap.cpp ivy_exec.i

[SWIG RESULT]: OK

g++ -std=c++11 -fpic -pthread -O3 lock_server.server_1_client_2.finite.cpp lock_server.server_1_client_2.finite_wrap.cpp -I/home/yunrong/.pyenv/versions/3.12.0/include/python3.12 -c

[G++ RESULT]: OK

g++ -shared lock_server.server_1_client_2.finite.o lock_server.server_1_client_2.finite_wrap.o -o _ivy_exec.so -lm -lstdc++

[LINK RESULT]: OK

[FW NOTE]: number of state atoms: 3

[FW NOTE]: number of interpreted atoms (e.g. member,le): 0

[FW NOTE]: number of branching actions: 4

[FW NOTE]: symmetric group order: 2

[QRM NOTE]: Time elapsed since start: 5.783 seconds

[QRM NOTE]: Time elapsed since last: 5.783 seconds

[QRM NOTE]: Peak memory: 1170804 bytes


=====================================

	Symmetric Quotient DFS

=====================================

[FW NOTE]: dfs max depth: 1

[FW NOTE]: number of total reachable states:        3

[FW NOTE]: number of dfs representative states:     2

[FW NOTE]: number of dfs non-representative states: 1


=====================================================================================================

	[FW RESULT]: Forward Reachability on [ivybench/sym/ivy/lock_server: server=1,client=2]

=====================================================================================================

sort: client=['client0', 'client1']
sort: server=['server0']
predicate: link('client', 'server')
predicate: semaphore('server',)
interpreted atoms: {}
state atoms: ['link(client0,server0)', 'link(client1,server0)', 'semaphore(server0)']
representative states : 1, 2


=== State Orbit 0 =====================
size : 1
repr state: 001
lex min decimal: 1
states:
001




=== State Orbit 1 =====================
size : 2
repr state: 100
lex min decimal: 2
states:
100
010



[QRM NOTE]: Time elapsed since start: 5.852 seconds

[QRM NOTE]: Time elapsed since last: 0.069 seconds

[QRM NOTE]: Peak memory: 1195386 bytes


==========================================================================================================================

	[REACH_CHECK]: Reachability Convergence Check for Rmin on [ivybench/sym/ivy/lock_server: server=1,client=2]

==========================================================================================================================

Found a representative state in Rmin not in reachability: decimal: 6, binary: 110

Representatitive states in reachability not in Rmin

{2}

[REACH_CHECK RESULT]: FAIL

[QRM NOTE]: Time elapsed since start: 5.859 seconds

[QRM NOTE]: Time elapsed since last: 0.007 seconds

[QRM NOTE]: Peak memory: 151453 bytes

next size: server=1,client=2


**************************************************************************************

	[Synthesize Rmin]: ivybench/sym/ivy/lock_server: server=1,client=2

**************************************************************************************

python3 qrm.py ivybench/sym/ivy/lock_server.ivy -s server=1,client=2 -f 1 -g -w -r -v 5 -w -l ivybench/sym/ivy/lock_server.cvg.log


---------- Parsing Ivy ----------


Printing isolate this:

OK


---------- Initializing reachability from file ----------

OK


======================================

	Reduce Equivalent Atoms

======================================

[FW NOTE]: equivalent atoms

[FW NOTE]: complement atoms

[FW NOTE]: remove_atom_ids: set()

[QRM NOTE]: Time elapsed since start: 0.017 seconds

[QRM NOTE]: Time elapsed since last: 0.017 seconds

[QRM NOTE]: Peak memory: 934 bytes


=====================================================================================================

	[PRIME]: Prime Orbit Generatation on [ivybench/sym/ivy/lock_server: server=1,client=2]

=====================================================================================================


================================================================================================

	[PRIME RESULT]: Prime Orbits on [ivybench/sym/ivy/lock_server: server=1,client=2]

================================================================================================


=== Prime Orbit 0 =====================
size : 1
num_suborbits: 1
0 (*) : 11-
0     : ['link(client0,server0)', 'link(client1,server0)']
num_forall :   0
num_exists :   0
num_literals : 0
quantified form : None
qcost : 0


=== Prime Orbit 1 =====================
size : 2
num_suborbits: 1
1 (*) : 1-1
1     : ['link(client0,server0)', 'semaphore(server0)']
2     : -11
2     : ['link(client1,server0)', 'semaphore(server0)']
num_forall :   0
num_exists :   0
num_literals : 0
quantified form : None
qcost : 0


=== Prime Orbit 2 =====================
size : 1
num_suborbits: 1
3 (*) : 000
3     : ['~link(client0,server0)', '~link(client1,server0)', '~semaphore(server0)']
num_forall :   0
num_exists :   0
num_literals : 0
quantified form : None
qcost : 0



[PRIME NOTE]: number of orbits after merging: 3

[PRIME NOTE]: number of orbits before merging: 3

[PRIME NOTE]: number of primes: 4

[QRM NOTE]: Time elapsed since start: 0.029 seconds

[QRM NOTE]: Time elapsed since last: 0.012 seconds

[QRM NOTE]: Peak memory: 1058923 bytes


==========================================================================================

	[RED]: PRIME REDUCTION on [ivybench/sym/ivy/lock_server: server=1,client=2]

==========================================================================================

definition primes: set()


New level: 0
 pending : [0, 1, 2]
 solution : []


Before reduction : 
 pending  : [0, 1, 2]
 solution : []

Essensial at level 0 : {0, 1, 2}

Before removed
 coverage : [(0, -1), (1, -1), (2, -1)]

After removed
 coverage : [(0, -1), (1, -1), (2, -1)]

Covered at level 0 : set()

After reduction : 
 pending  : []
 solution : [0, 1, 2]


Before reduction : 
 pending  : []
 solution : [0, 1, 2]

Essensial at level 0 : set()

Before removed
 coverage : [(0, -1), (1, -1), (2, -1)]

After removed
 coverage : [(0, -1), (1, -1), (2, -1)]

Covered at level 0 : set()

After reduction : 
 pending  : []
 solution : [0, 1, 2]

[QRM NOTE]: Time elapsed since start: 0.032 seconds

[QRM NOTE]: Time elapsed since last: 0.003 seconds

[QRM NOTE]: Peak memory: 11354 bytes


==============================================================================================

	[QI]: Quantifier Inference on [ivybench/sym/ivy/lock_server: server=1,client=2]

==============================================================================================


---------- quantifier_inference ----------


=== Prime Orbit 0 =====================
size : 1
num_suborbits: 1
0 (*) : 11-
0     : ['link(client0,server0)', 'link(client1,server0)']
num_forall :   0
num_exists :   0
num_literals : 0
quantified form : None
qcost : 0




---------- QPrime ----------


---------- ConstArgBinding ----------

terms: ['link(client0,server0)', 'link(client1,server0)']

sign_func_name2args: {'0$link': [(Const('client0', EnumeratedSort('client', ('client0', 'client1'))), Const('server0', EnumeratedSort('server', ('server0',)))), (Const('client1', EnumeratedSort('client', ('client0', 'client1'))), Const('server0', EnumeratedSort('server', ('server0',))))]}

const2sigs: {Const('client0', EnumeratedSort('client', ('client0', 'client1'))): [client$0$link$0$0], Const('server0', EnumeratedSort('server', ('server0',))): [server$0$link$1$0, server$0$link$1$1], Const('client1', EnumeratedSort('client', ('client0', 'client1'))): [client$0$link$0$1]}

sig2const: {'client$0$link$0$0': Const('client0', EnumeratedSort('client', ('client0', 'client1'))), 'server$0$link$1$0': Const('server0', EnumeratedSort('server', ('server0',))), 'client$0$link$0$1': Const('client1', EnumeratedSort('client', ('client0', 'client1'))), 'server$0$link$1$1': Const('server0', EnumeratedSort('server', ('server0',)))}


---------- ArgPartition ----------

sort2class_sigs: {EnumeratedSort('client', ('client0', 'client1')): [client$0$link$0$0, client$0$link$0$1], EnumeratedSort('server', ('server0',)): [server$0$link$1$0; server$0$link$1$1]}

sort2part_sig: {EnumeratedSort('client', ('client0', 'client1')): client$0$link$0$0 | client$0$link$0$1, EnumeratedSort('server', ('server0',)): server$0$link$1$0; server$0$link$1$1}

part_sig: ('client$0$link$0$0 | client$0$link$0$1', 'server$0$link$1$0; server$0$link$1$1')


---------- SigGenerator ----------

terms:  ['link(client0,server0)', 'link(client1,server0)']

func_name2symbol:  {'link': Const('link', FunctionSort(EnumeratedSort('client', ('client0', 'client1')), EnumeratedSort('server', ('server0',)), BooleanSort()))}

func_name2args_sort:  {'link': (EnumeratedSort('client', ('client0', 'client1')), EnumeratedSort('server', ('server0',)))}

sign_func_name2count:  {'0$link': 2}


---------- ProductArgPartition ----------

sort2class_sigs: {EnumeratedSort('client', ('client0', 'client1')): [client$0$link$0$0, client$0$link$0$1], EnumeratedSort('server', ('server0',)): [server$0$link$1$0; server$0$link$1$1]}

sort2part_sig: {EnumeratedSort('client', ('client0', 'client1')): client$0$link$0$0 | client$0$link$0$1, EnumeratedSort('server', ('server0',)): server$0$link$1$0; server$0$link$1$1}

	sort: client

	identical_classes: {'client$0$link$0': [client$0$link$0$0, client$0$link$0$1]}

	identical_single_classes: {}

	identical_multi_classes: {'client$0$link$0': [client$0$link$0$0, client$0$link$0$1]}

	sort: server

	identical_classes: {'server$0$link$1; server$0$link$1': [server$0$link$1$0; server$0$link$1$1]}

	identical_single_classes: {'server$0$link$1; server$0$link$1': server$0$link$1$0; server$0$link$1$1}

	identical_multi_classes: {}


---------- QInference: _set_sort_to_quantifier_mode ----------

quantifier mode: client: QuantifierMode.exists

quantifier mode: server: QuantifierMode.forall


---------- QInference: _set_constraint_mode ----------

constraint mode: ConstraintMode.no_merge


---------- QFormula: _set_qvars ----------

forall_qvars: {Var('SERVER0', EnumeratedSort('server', ('server0',)))}

exists_qvars: {Var('CLIENT0', EnumeratedSort('client', ('client0', 'client1')))}


---------- QFormula: _set_signed_func_name_to_args ----------

signed_func_name2args: {'0$link': [[Var('CLIENT0', EnumeratedSort('client', ('client0', 'client1'))), Var('SERVER0', EnumeratedSort('server', ('server0',)))], [Var('CLIENT0', EnumeratedSort('client', ('client0', 'client1'))), Var('SERVER0', EnumeratedSort('server', ('server0',)))]]}


---------- QFormula: _set_qterms ----------

qterms: ['link(CLIENT0,SERVER0)']


---------- QFormula: get_qclause ----------

qclause: forall SERVER0. (exists CLIENT0. ~link(CLIENT0,SERVER0))


=== Prime Orbit 1 =====================
size : 2
num_suborbits: 1
1 (*) : 1-1
1     : ['link(client0,server0)', 'semaphore(server0)']
2     : -11
2     : ['link(client1,server0)', 'semaphore(server0)']
num_forall :   0
num_exists :   0
num_literals : 0
quantified form : None
qcost : 0




---------- QPrime ----------


---------- ConstArgBinding ----------

terms: ['link(client0,server0)', 'semaphore(server0)']

sign_func_name2args: {'0$link': [(Const('client0', EnumeratedSort('client', ('client0', 'client1'))), Const('server0', EnumeratedSort('server', ('server0',))))], '0$semaphore': [(Const('server0', EnumeratedSort('server', ('server0',))),)]}

const2sigs: {Const('client0', EnumeratedSort('client', ('client0', 'client1'))): [client$0$link$0$0], Const('server0', EnumeratedSort('server', ('server0',))): [server$0$link$1$0, server$0$semaphore$0$0]}

sig2const: {'client$0$link$0$0': Const('client0', EnumeratedSort('client', ('client0', 'client1'))), 'server$0$link$1$0': Const('server0', EnumeratedSort('server', ('server0',))), 'server$0$semaphore$0$0': Const('server0', EnumeratedSort('server', ('server0',)))}


---------- ArgPartition ----------

sort2class_sigs: {EnumeratedSort('client', ('client0', 'client1')): [client$0$link$0$0], EnumeratedSort('server', ('server0',)): [server$0$link$1$0; server$0$semaphore$0$0]}

sort2part_sig: {EnumeratedSort('client', ('client0', 'client1')): client$0$link$0$0, EnumeratedSort('server', ('server0',)): server$0$link$1$0; server$0$semaphore$0$0}

part_sig: ('client$0$link$0$0', 'server$0$link$1$0; server$0$semaphore$0$0')


---------- SigGenerator ----------

terms:  ['link(client0,server0)', 'semaphore(server0)']

func_name2symbol:  {'link': Const('link', FunctionSort(EnumeratedSort('client', ('client0', 'client1')), EnumeratedSort('server', ('server0',)), BooleanSort())), 'semaphore': Const('semaphore', FunctionSort(EnumeratedSort('server', ('server0',)), BooleanSort()))}

func_name2args_sort:  {'link': (EnumeratedSort('client', ('client0', 'client1')), EnumeratedSort('server', ('server0',))), 'semaphore': (EnumeratedSort('server', ('server0',)),)}

sign_func_name2count:  {'0$link': 1, '0$semaphore': 1}


---------- ProductArgPartition ----------

sort2class_sigs: {EnumeratedSort('client', ('client0', 'client1')): [client$0$link$0$0], EnumeratedSort('server', ('server0',)): [server$0$link$1$0; server$0$semaphore$0$0]}

sort2part_sig: {EnumeratedSort('client', ('client0', 'client1')): client$0$link$0$0, EnumeratedSort('server', ('server0',)): server$0$link$1$0; server$0$semaphore$0$0}

	sort: client

	identical_classes: {'client$0$link$0': [client$0$link$0$0]}

	identical_single_classes: {'client$0$link$0': client$0$link$0$0}

	identical_multi_classes: {}

	sort: server

	identical_classes: {'server$0$link$1; server$0$semaphore$0': [server$0$link$1$0; server$0$semaphore$0$0]}

	identical_single_classes: {'server$0$link$1; server$0$semaphore$0': server$0$link$1$0; server$0$semaphore$0$0}

	identical_multi_classes: {}


---------- QInference: _set_sort_to_quantifier_mode ----------

quantifier mode: client: QuantifierMode.forall

quantifier mode: server: QuantifierMode.forall


---------- QInference: _set_constraint_mode ----------

constraint mode: ConstraintMode.no_merge


---------- QFormula: _set_qvars ----------

forall_qvars: {Var('CLIENT0', EnumeratedSort('client', ('client0', 'client1'))), Var('SERVER0', EnumeratedSort('server', ('server0',)))}

exists_qvars: set()


---------- QFormula: _set_signed_func_name_to_args ----------

signed_func_name2args: {'0$link': [[Var('CLIENT0', EnumeratedSort('client', ('client0', 'client1'))), Var('SERVER0', EnumeratedSort('server', ('server0',)))]], '0$semaphore': [[Var('SERVER0', EnumeratedSort('server', ('server0',)))]]}


---------- QFormula: _set_qterms ----------

qterms: ['link(CLIENT0,SERVER0)', 'semaphore(SERVER0)']


---------- QFormula: get_qclause ----------

qclause: forall CLIENT0,SERVER0. ~link(CLIENT0,SERVER0) | ~semaphore(SERVER0)


=== Prime Orbit 2 =====================
size : 1
num_suborbits: 1
3 (*) : 000
3     : ['~link(client0,server0)', '~link(client1,server0)', '~semaphore(server0)']
num_forall :   0
num_exists :   0
num_literals : 0
quantified form : None
qcost : 0




---------- QPrime ----------


---------- ConstArgBinding ----------

terms: ['~link(client0,server0)', '~link(client1,server0)', '~semaphore(server0)']

sign_func_name2args: {'1$link': [(Const('client0', EnumeratedSort('client', ('client0', 'client1'))), Const('server0', EnumeratedSort('server', ('server0',)))), (Const('client1', EnumeratedSort('client', ('client0', 'client1'))), Const('server0', EnumeratedSort('server', ('server0',))))], '1$semaphore': [(Const('server0', EnumeratedSort('server', ('server0',))),)]}

const2sigs: {Const('client0', EnumeratedSort('client', ('client0', 'client1'))): [client$1$link$0$0], Const('server0', EnumeratedSort('server', ('server0',))): [server$1$link$1$0, server$1$link$1$1, server$1$semaphore$0$0], Const('client1', EnumeratedSort('client', ('client0', 'client1'))): [client$1$link$0$1]}

sig2const: {'client$1$link$0$0': Const('client0', EnumeratedSort('client', ('client0', 'client1'))), 'server$1$link$1$0': Const('server0', EnumeratedSort('server', ('server0',))), 'client$1$link$0$1': Const('client1', EnumeratedSort('client', ('client0', 'client1'))), 'server$1$link$1$1': Const('server0', EnumeratedSort('server', ('server0',))), 'server$1$semaphore$0$0': Const('server0', EnumeratedSort('server', ('server0',)))}


---------- ArgPartition ----------

sort2class_sigs: {EnumeratedSort('client', ('client0', 'client1')): [client$1$link$0$0, client$1$link$0$1], EnumeratedSort('server', ('server0',)): [server$1$link$1$0; server$1$link$1$1; server$1$semaphore$0$0]}

sort2part_sig: {EnumeratedSort('client', ('client0', 'client1')): client$1$link$0$0 | client$1$link$0$1, EnumeratedSort('server', ('server0',)): server$1$link$1$0; server$1$link$1$1; server$1$semaphore$0$0}

part_sig: ('client$1$link$0$0 | client$1$link$0$1', 'server$1$link$1$0; server$1$link$1$1; server$1$semaphore$0$0')


---------- SigGenerator ----------

terms:  ['~link(client0,server0)', '~link(client1,server0)', '~semaphore(server0)']

func_name2symbol:  {'link': Const('link', FunctionSort(EnumeratedSort('client', ('client0', 'client1')), EnumeratedSort('server', ('server0',)), BooleanSort())), 'semaphore': Const('semaphore', FunctionSort(EnumeratedSort('server', ('server0',)), BooleanSort()))}

func_name2args_sort:  {'link': (EnumeratedSort('client', ('client0', 'client1')), EnumeratedSort('server', ('server0',))), 'semaphore': (EnumeratedSort('server', ('server0',)),)}

sign_func_name2count:  {'1$link': 2, '1$semaphore': 1}


---------- ProductArgPartition ----------

sort2class_sigs: {EnumeratedSort('client', ('client0', 'client1')): [client$1$link$0$0, client$1$link$0$1], EnumeratedSort('server', ('server0',)): [server$1$link$1$0; server$1$link$1$1; server$1$semaphore$0$0]}

sort2part_sig: {EnumeratedSort('client', ('client0', 'client1')): client$1$link$0$0 | client$1$link$0$1, EnumeratedSort('server', ('server0',)): server$1$link$1$0; server$1$link$1$1; server$1$semaphore$0$0}

	sort: client

	identical_classes: {'client$1$link$0': [client$1$link$0$0, client$1$link$0$1]}

	identical_single_classes: {}

	identical_multi_classes: {'client$1$link$0': [client$1$link$0$0, client$1$link$0$1]}

	sort: server

	identical_classes: {'server$1$link$1; server$1$link$1; server$1$semaphore$0': [server$1$link$1$0; server$1$link$1$1; server$1$semaphore$0$0]}

	identical_single_classes: {'server$1$link$1; server$1$link$1; server$1$semaphore$0': server$1$link$1$0; server$1$link$1$1; server$1$semaphore$0$0}

	identical_multi_classes: {}


---------- QInference: _set_sort_to_quantifier_mode ----------

quantifier mode: client: QuantifierMode.exists

quantifier mode: server: QuantifierMode.forall


---------- QInference: _set_constraint_mode ----------

constraint mode: ConstraintMode.no_merge


---------- QFormula: _set_qvars ----------

forall_qvars: {Var('SERVER0', EnumeratedSort('server', ('server0',)))}

exists_qvars: {Var('CLIENT0', EnumeratedSort('client', ('client0', 'client1')))}


---------- QFormula: _set_signed_func_name_to_args ----------

signed_func_name2args: {'1$link': [[Var('CLIENT0', EnumeratedSort('client', ('client0', 'client1'))), Var('SERVER0', EnumeratedSort('server', ('server0',)))], [Var('CLIENT0', EnumeratedSort('client', ('client0', 'client1'))), Var('SERVER0', EnumeratedSort('server', ('server0',)))]], '1$semaphore': [[Var('SERVER0', EnumeratedSort('server', ('server0',)))]]}


---------- QFormula: _set_qterms ----------

qterms: ['~link(CLIENT0,SERVER0)', '~semaphore(SERVER0)']


---------- QFormula: get_qclause ----------

qclause: forall SERVER0. (exists CLIENT0. link(CLIENT0,SERVER0) | semaphore(SERVER0))


========================================================================================================

	[QI RESULT]: Quantified Prime Orbits on [ivybench/sym/ivy/lock_server: server=1,client=2]

========================================================================================================


=== Prime Orbit 0 =====================
size : 1
num_suborbits: 1
0 (*) : 11-
0     : ['link(client0,server0)', 'link(client1,server0)']
num_forall :   1
num_exists :   1
num_literals : 1
quantified form : forall SERVER0. (exists CLIENT0. ~link(CLIENT0,SERVER0))
qcost : 3




=== Prime Orbit 1 =====================
size : 2
num_suborbits: 1
1 (*) : 1-1
1     : ['link(client0,server0)', 'semaphore(server0)']
2     : -11
2     : ['link(client1,server0)', 'semaphore(server0)']
num_forall :   2
num_exists :   0
num_literals : 2
quantified form : forall CLIENT0,SERVER0. ~link(CLIENT0,SERVER0) | ~semaphore(SERVER0)
qcost : 4




=== Prime Orbit 2 =====================
size : 1
num_suborbits: 1
3 (*) : 000
3     : ['~link(client0,server0)', '~link(client1,server0)', '~semaphore(server0)']
num_forall :   1
num_exists :   1
num_literals : 2
quantified form : forall SERVER0. (exists CLIENT0. link(CLIENT0,SERVER0) | semaphore(SERVER0))
qcost : 4



[QRM NOTE]: Time elapsed since start: 0.102 seconds

[QRM NOTE]: Time elapsed since last: 0.071 seconds

[QRM NOTE]: Peak memory: 1686194 bytes


=======================================================================================

	[MIN]: Minimization on [ivybench/sym/ivy/lock_server: server=1,client=2]

=======================================================================================


New level: 1
 pending : []
 solution : [0, 1, 2]


Before reduction : 
 pending  : []
 solution : [0, 1, 2]

Essensial at level 1 : set()

Before removed
 coverage : [(0, -1), (1, -1), (2, -1)]

After removed
 coverage : [(0, -1), (1, -1), (2, -1)]

Covered at level 1 : set()

After reduction : 
 pending  : []
 solution : [0, 1, 2]


Solution : [0, 1, 2] has cost 11.


Before backtrack at level 1
 pending : []
 solution : [0, 1, 2]

After backtrack at level 1
 pending : []
 solution : [0, 1, 2]


======================================================================================================

	[MIN RESULT]: Minimized Invariants on [ivybench/sym/ivy/lock_server: server=1,client=2]

======================================================================================================

[MIN NOTE]: number of minimal solution found: 1

[MIN NOTE]: total qcost: 11

[MIN NOTE]: maximum branch and bound depth: 1

Definitions (length=0)

Equality Relations (length=0)

Solution 0 : [0, 1, 2] (length = 3)

invariant [invar_0] forall SERVER0. (exists CLIENT0. ~link(CLIENT0,SERVER0)) # qcost: 3

invariant [invar_1] forall CLIENT0,SERVER0. ~link(CLIENT0,SERVER0) | ~semaphore(SERVER0) # qcost: 4

invariant [invar_2] forall SERVER0. (exists CLIENT0. link(CLIENT0,SERVER0) | semaphore(SERVER0)) # qcost: 4




[QRM NOTE]: Time elapsed since start: 0.150 seconds

[QRM NOTE]: Time elapsed since last: 0.047 seconds

[QRM NOTE]: Peak memory: 1672582 bytes


=========================================================================================================

	[MIN_CHECK] Minimization Sanity Check on [ivybench/sym/ivy/lock_server: server=1,client=2]

=========================================================================================================

Minimization check for Solution 0

[MIN_CHECK RESULT]: PASS

[QRM NOTE]: Time elapsed since start: 0.157 seconds

[QRM NOTE]: Time elapsed since last: 0.007 seconds

[QRM NOTE]: Peak memory: 627954 bytes


==========================================================================================

	[IVY_CHECK]: Ivy Check on [ivybench/sym/ivy/lock_server: server=1,client=2]

==========================================================================================

ivy_check complete=fo ivybench/sym/ivy/lock_server.server_1_client_2.0.ivy


Isolate this:

    The inductive invariant consists of the following conjectures:
        ivybench/sym/ivy/lock_server.server_1_client_2.0.ivy: line 39: invar_0
        ivybench/sym/ivy/lock_server.server_1_client_2.0.ivy: line 40: invar_1
        ivybench/sym/ivy/lock_server.server_1_client_2.0.ivy: line 41: invar_2

    The following action implementations are present:
        ivybench/sym/ivy/lock_server.server_1_client_2.0.ivy: line 18: implementation of connect
        ivybench/sym/ivy/lock_server.server_1_client_2.0.ivy: line 24: implementation of disconnect

    The following initializers are present:
        ivybench/sym/ivy/lock_server.server_1_client_2.0.ivy: line 5: init[after1]

    Initialization must establish the invariant
        ivybench/sym/ivy/lock_server.server_1_client_2.0.ivy: line 39: invar_0 ... PASS
        ivybench/sym/ivy/lock_server.server_1_client_2.0.ivy: line 40: invar_1 ... PASS
        ivybench/sym/ivy/lock_server.server_1_client_2.0.ivy: line 41: invar_2 ... PASS

    The following set of external actions must preserve the invariant:
        (internal) ext:connect
            ivybench/sym/ivy/lock_server.server_1_client_2.0.ivy: line 39: invar_0 ... FAIL
            ivybench/sym/ivy/lock_server.server_1_client_2.0.ivy: line 40: invar_1 ... PASS
            ivybench/sym/ivy/lock_server.server_1_client_2.0.ivy: line 41: invar_2 ... PASS
        (internal) ext:disconnect
            ivybench/sym/ivy/lock_server.server_1_client_2.0.ivy: line 39: invar_0 ... PASS
            ivybench/sym/ivy/lock_server.server_1_client_2.0.ivy: line 40: invar_1 ... FAIL
            ivybench/sym/ivy/lock_server.server_1_client_2.0.ivy: line 41: invar_2 ... PASS

    The following program assertions are treated as assumptions:
        in action connect when called from the environment:
            ivybench/sym/ivy/lock_server.server_1_client_2.0.ivy: line 19: assumption
        in action disconnect when called from the environment:
            ivybench/sym/ivy/lock_server.server_1_client_2.0.ivy: line 25: assumption

error: failed checks: 2
[IVY_CHECK RESULT]: FAIL ... exit with return code 1

[QRM NOTE]: Time elapsed since start: 1.988 seconds

[QRM NOTE]: Time elapsed since last: 1.831 seconds

[QRM NOTE]: Peak memory: 677776 bytes


*****************************************************************************************************

	[Reachability Convergence Check]: ivybench/sym/ivy/lock_server: server=1,client=2

*****************************************************************************************************

python3 qrm.py ivybench/sym/ivy/lock_server.server_1_client_2.0.ivy -s server=2,client=2 -f 2 -g -w -r -v 5 -w -l ivybench/sym/ivy/lock_server.cvg.log


---------- Parsing Ivy ----------


Printing isolate this:

OK


==============================================================================================

	[FW]: Forward Reachability on [ivybench/sym/ivy/lock_server: server=2,client=2]

==============================================================================================


==============================================

	Set up for forward reachability

==============================================

ivy_to_cpp target=qrm lock_server.server_2_client_2.finite.ivy

[IVY_TO_CPP RESULT]: OK

swig -c++ -python -o lock_server.server_2_client_2.finite_wrap.cpp ivy_exec.i

[SWIG RESULT]: OK

g++ -std=c++11 -fpic -pthread -O3 lock_server.server_2_client_2.finite.cpp lock_server.server_2_client_2.finite_wrap.cpp -I/home/yunrong/.pyenv/versions/3.12.0/include/python3.12 -c

[G++ RESULT]: OK

g++ -shared lock_server.server_2_client_2.finite.o lock_server.server_2_client_2.finite_wrap.o -o _ivy_exec.so -lm -lstdc++

[LINK RESULT]: OK

[FW NOTE]: number of state atoms: 6

[FW NOTE]: number of interpreted atoms (e.g. member,le): 0

[FW NOTE]: number of branching actions: 8

[FW NOTE]: symmetric group order: 4

[QRM NOTE]: Time elapsed since start: 6.340 seconds

[QRM NOTE]: Time elapsed since last: 6.340 seconds

[QRM NOTE]: Peak memory: 1172553 bytes


=====================================

	Symmetric Quotient DFS

=====================================

[FW NOTE]: dfs max depth: 2

[FW NOTE]: number of total reachable states:        9

[FW NOTE]: number of dfs representative states:     4

[FW NOTE]: number of dfs non-representative states: 5


=====================================================================================================

	[FW RESULT]: Forward Reachability on [ivybench/sym/ivy/lock_server: server=2,client=2]

=====================================================================================================

sort: client=['client0', 'client1']
sort: server=['server0', 'server1']
predicate: semaphore('server',)
predicate: link('client', 'server')
interpreted atoms: {}
state atoms: ['link(client0,server0)', 'link(client0,server1)', 'link(client1,server0)', 'link(client1,server1)', 'semaphore(server0)', 'semaphore(server1)']
representative states : 3, 6, 12, 24


=== State Orbit 0 =====================
size : 1
repr state: 000011
lex min decimal: 3
states:
000011




=== State Orbit 1 =====================
size : 4
repr state: 100001
lex min decimal: 6
states:
001001
000110
010010
100001




=== State Orbit 2 =====================
size : 2
repr state: 110000
lex min decimal: 12
states:
110000
001100




=== State Orbit 3 =====================
size : 2
repr state: 100100
lex min decimal: 24
states:
011000
100100



[QRM NOTE]: Time elapsed since start: 6.421 seconds

[QRM NOTE]: Time elapsed since last: 0.081 seconds

[QRM NOTE]: Peak memory: 1199948 bytes


==========================================================================================================================

	[REACH_CHECK]: Reachability Convergence Check for Rmin on [ivybench/sym/ivy/lock_server: server=2,client=2]

==========================================================================================================================

[REACH_CHECK RESULT]: PASS

[QRM NOTE]: Time elapsed since start: 6.441 seconds

[QRM NOTE]: Time elapsed since last: 0.020 seconds

[QRM NOTE]: Peak memory: 161037 bytes

python3 qrm.py ivybench/sym/ivy/lock_server.server_1_client_2.0.ivy -s server=1,client=3 -f 2 -g -w -r -v 5 -w -l ivybench/sym/ivy/lock_server.cvg.log


---------- Parsing Ivy ----------


Printing isolate this:

OK


==============================================================================================

	[FW]: Forward Reachability on [ivybench/sym/ivy/lock_server: server=1,client=3]

==============================================================================================


==============================================

	Set up for forward reachability

==============================================

ivy_to_cpp target=qrm lock_server.server_1_client_3.finite.ivy

[IVY_TO_CPP RESULT]: OK

swig -c++ -python -o lock_server.server_1_client_3.finite_wrap.cpp ivy_exec.i

[SWIG RESULT]: OK

g++ -std=c++11 -fpic -pthread -O3 lock_server.server_1_client_3.finite.cpp lock_server.server_1_client_3.finite_wrap.cpp -I/home/yunrong/.pyenv/versions/3.12.0/include/python3.12 -c

[G++ RESULT]: OK

g++ -shared lock_server.server_1_client_3.finite.o lock_server.server_1_client_3.finite_wrap.o -o _ivy_exec.so -lm -lstdc++

[LINK RESULT]: OK

[FW NOTE]: number of state atoms: 4

[FW NOTE]: number of interpreted atoms (e.g. member,le): 0

[FW NOTE]: number of branching actions: 6

[FW NOTE]: symmetric group order: 6

[QRM NOTE]: Time elapsed since start: 6.186 seconds

[QRM NOTE]: Time elapsed since last: 6.186 seconds

[QRM NOTE]: Peak memory: 1171735 bytes


=====================================

	Symmetric Quotient DFS

=====================================

[FW NOTE]: dfs max depth: 1

[FW NOTE]: number of total reachable states:        4

[FW NOTE]: number of dfs representative states:     2

[FW NOTE]: number of dfs non-representative states: 2


=====================================================================================================

	[FW RESULT]: Forward Reachability on [ivybench/sym/ivy/lock_server: server=1,client=3]

=====================================================================================================

sort: client=['client0', 'client1', 'client2']
sort: server=['server0']
predicate: link('client', 'server')
predicate: semaphore('server',)
interpreted atoms: {}
state atoms: ['link(client0,server0)', 'link(client1,server0)', 'link(client2,server0)', 'semaphore(server0)']
representative states : 1, 2


=== State Orbit 0 =====================
size : 1
repr state: 0001
lex min decimal: 1
states:
0001




=== State Orbit 1 =====================
size : 3
repr state: 1000
lex min decimal: 2
states:
0100
1000
0010



[QRM NOTE]: Time elapsed since start: 6.251 seconds

[QRM NOTE]: Time elapsed since last: 0.065 seconds

[QRM NOTE]: Peak memory: 1196557 bytes


==========================================================================================================================

	[REACH_CHECK]: Reachability Convergence Check for Rmin on [ivybench/sym/ivy/lock_server: server=1,client=3]

==========================================================================================================================

Found a representative state in Rmin not in reachability: decimal: 6, binary: 0110

[REACH_CHECK RESULT]: FAIL

[QRM NOTE]: Time elapsed since start: 6.262 seconds

[QRM NOTE]: Time elapsed since last: 0.011 seconds

[QRM NOTE]: Peak memory: 156415 bytes

next size: server=1,client=3


**************************************************************************************

	[Synthesize Rmin]: ivybench/sym/ivy/lock_server: server=1,client=3

**************************************************************************************

python3 qrm.py ivybench/sym/ivy/lock_server.ivy -s server=1,client=3 -f 1 -g -w -r -v 5 -w -l ivybench/sym/ivy/lock_server.cvg.log


---------- Parsing Ivy ----------


Printing isolate this:

OK


---------- Initializing reachability from file ----------

OK


======================================

	Reduce Equivalent Atoms

======================================

[FW NOTE]: equivalent atoms

[FW NOTE]: complement atoms

[FW NOTE]: remove_atom_ids: set()

[QRM NOTE]: Time elapsed since start: 0.017 seconds

[QRM NOTE]: Time elapsed since last: 0.017 seconds

[QRM NOTE]: Peak memory: 1022 bytes


=====================================================================================================

	[PRIME]: Prime Orbit Generatation on [ivybench/sym/ivy/lock_server: server=1,client=3]

=====================================================================================================


================================================================================================

	[PRIME RESULT]: Prime Orbits on [ivybench/sym/ivy/lock_server: server=1,client=3]

================================================================================================


=== Prime Orbit 0 =====================
size : 3
num_suborbits: 1
0 (*) : --11
0     : ['link(client2,server0)', 'semaphore(server0)']
1     : -1-1
1     : ['link(client1,server0)', 'semaphore(server0)']
2     : 1--1
2     : ['link(client0,server0)', 'semaphore(server0)']
num_forall :   0
num_exists :   0
num_literals : 0
quantified form : None
qcost : 0


=== Prime Orbit 1 =====================
size : 3
num_suborbits: 1
3 (*) : 1-1-
3     : ['link(client0,server0)', 'link(client2,server0)']
4     : 11--
4     : ['link(client0,server0)', 'link(client1,server0)']
5     : -11-
5     : ['link(client1,server0)', 'link(client2,server0)']
num_forall :   0
num_exists :   0
num_literals : 0
quantified form : None
qcost : 0


=== Prime Orbit 2 =====================
size : 1
num_suborbits: 1
6 (*) : 0000
6     : ['~link(client0,server0)', '~link(client1,server0)', '~link(client2,server0)', '~semaphore(server0)']
num_forall :   0
num_exists :   0
num_literals : 0
quantified form : None
qcost : 0



[PRIME NOTE]: number of orbits after merging: 3

[PRIME NOTE]: number of orbits before merging: 3

[PRIME NOTE]: number of primes: 7

[QRM NOTE]: Time elapsed since start: 0.028 seconds

[QRM NOTE]: Time elapsed since last: 0.011 seconds

[QRM NOTE]: Peak memory: 1063922 bytes


==========================================================================================

	[RED]: PRIME REDUCTION on [ivybench/sym/ivy/lock_server: server=1,client=3]

==========================================================================================

definition primes: set()


New level: 0
 pending : [0, 1, 2]
 solution : []


Before reduction : 
 pending  : [0, 1, 2]
 solution : []

Essensial at level 0 : {0, 1, 2}

Before removed
 coverage : [(0, -1), (1, -1), (2, -1)]

After removed
 coverage : [(0, -1), (1, -1), (2, -1)]

Covered at level 0 : set()

After reduction : 
 pending  : []
 solution : [0, 1, 2]


Before reduction : 
 pending  : []
 solution : [0, 1, 2]

Essensial at level 0 : set()

Before removed
 coverage : [(0, -1), (1, -1), (2, -1)]

After removed
 coverage : [(0, -1), (1, -1), (2, -1)]

Covered at level 0 : set()

After reduction : 
 pending  : []
 solution : [0, 1, 2]

[QRM NOTE]: Time elapsed since start: 0.029 seconds

[QRM NOTE]: Time elapsed since last: 0.001 seconds

[QRM NOTE]: Peak memory: 16179 bytes


==============================================================================================

	[QI]: Quantifier Inference on [ivybench/sym/ivy/lock_server: server=1,client=3]

==============================================================================================


---------- quantifier_inference ----------


=== Prime Orbit 0 =====================
size : 3
num_suborbits: 1
0 (*) : --11
0     : ['link(client2,server0)', 'semaphore(server0)']
1     : -1-1
1     : ['link(client1,server0)', 'semaphore(server0)']
2     : 1--1
2     : ['link(client0,server0)', 'semaphore(server0)']
num_forall :   0
num_exists :   0
num_literals : 0
quantified form : None
qcost : 0




---------- QPrime ----------


---------- ConstArgBinding ----------

terms: ['link(client2,server0)', 'semaphore(server0)']

sign_func_name2args: {'0$link': [(Const('client2', EnumeratedSort('client', ('client0', 'client1', 'client2'))), Const('server0', EnumeratedSort('server', ('server0',))))], '0$semaphore': [(Const('server0', EnumeratedSort('server', ('server0',))),)]}

const2sigs: {Const('client2', EnumeratedSort('client', ('client0', 'client1', 'client2'))): [client$0$link$0$0], Const('server0', EnumeratedSort('server', ('server0',))): [server$0$link$1$0, server$0$semaphore$0$0]}

sig2const: {'client$0$link$0$0': Const('client2', EnumeratedSort('client', ('client0', 'client1', 'client2'))), 'server$0$link$1$0': Const('server0', EnumeratedSort('server', ('server0',))), 'server$0$semaphore$0$0': Const('server0', EnumeratedSort('server', ('server0',)))}


---------- ArgPartition ----------

sort2class_sigs: {EnumeratedSort('client', ('client0', 'client1', 'client2')): [client$0$link$0$0], EnumeratedSort('server', ('server0',)): [server$0$link$1$0; server$0$semaphore$0$0]}

sort2part_sig: {EnumeratedSort('client', ('client0', 'client1', 'client2')): client$0$link$0$0, EnumeratedSort('server', ('server0',)): server$0$link$1$0; server$0$semaphore$0$0}

part_sig: ('client$0$link$0$0', 'server$0$link$1$0; server$0$semaphore$0$0')


---------- SigGenerator ----------

terms:  ['link(client2,server0)', 'semaphore(server0)']

func_name2symbol:  {'link': Const('link', FunctionSort(EnumeratedSort('client', ('client0', 'client1', 'client2')), EnumeratedSort('server', ('server0',)), BooleanSort())), 'semaphore': Const('semaphore', FunctionSort(EnumeratedSort('server', ('server0',)), BooleanSort()))}

func_name2args_sort:  {'link': (EnumeratedSort('client', ('client0', 'client1', 'client2')), EnumeratedSort('server', ('server0',))), 'semaphore': (EnumeratedSort('server', ('server0',)),)}

sign_func_name2count:  {'0$link': 1, '0$semaphore': 1}


---------- ProductArgPartition ----------

sort2class_sigs: {EnumeratedSort('client', ('client0', 'client1', 'client2')): [client$0$link$0$0], EnumeratedSort('server', ('server0',)): [server$0$link$1$0; server$0$semaphore$0$0]}

sort2part_sig: {EnumeratedSort('client', ('client0', 'client1', 'client2')): client$0$link$0$0, EnumeratedSort('server', ('server0',)): server$0$link$1$0; server$0$semaphore$0$0}

	sort: client

	identical_classes: {'client$0$link$0': [client$0$link$0$0]}

	identical_single_classes: {'client$0$link$0': client$0$link$0$0}

	identical_multi_classes: {}

	sort: server

	identical_classes: {'server$0$link$1; server$0$semaphore$0': [server$0$link$1$0; server$0$semaphore$0$0]}

	identical_single_classes: {'server$0$link$1; server$0$semaphore$0': server$0$link$1$0; server$0$semaphore$0$0}

	identical_multi_classes: {}


---------- QInference: _set_sort_to_quantifier_mode ----------

quantifier mode: client: QuantifierMode.forall

quantifier mode: server: QuantifierMode.forall


---------- QInference: _set_constraint_mode ----------

constraint mode: ConstraintMode.no_merge


---------- QFormula: _set_qvars ----------

forall_qvars: {Var('SERVER0', EnumeratedSort('server', ('server0',))), Var('CLIENT0', EnumeratedSort('client', ('client0', 'client1', 'client2')))}

exists_qvars: set()


---------- QFormula: _set_signed_func_name_to_args ----------

signed_func_name2args: {'0$link': [[Var('CLIENT0', EnumeratedSort('client', ('client0', 'client1', 'client2'))), Var('SERVER0', EnumeratedSort('server', ('server0',)))]], '0$semaphore': [[Var('SERVER0', EnumeratedSort('server', ('server0',)))]]}


---------- QFormula: _set_qterms ----------

qterms: ['semaphore(SERVER0)', 'link(CLIENT0,SERVER0)']


---------- QFormula: get_qclause ----------

qclause: forall SERVER0,CLIENT0. ~semaphore(SERVER0) | ~link(CLIENT0,SERVER0)


=== Prime Orbit 1 =====================
size : 3
num_suborbits: 1
3 (*) : 1-1-
3     : ['link(client0,server0)', 'link(client2,server0)']
4     : 11--
4     : ['link(client0,server0)', 'link(client1,server0)']
5     : -11-
5     : ['link(client1,server0)', 'link(client2,server0)']
num_forall :   0
num_exists :   0
num_literals : 0
quantified form : None
qcost : 0




---------- QPrime ----------


---------- ConstArgBinding ----------

terms: ['link(client0,server0)', 'link(client2,server0)']

sign_func_name2args: {'0$link': [(Const('client0', EnumeratedSort('client', ('client0', 'client1', 'client2'))), Const('server0', EnumeratedSort('server', ('server0',)))), (Const('client2', EnumeratedSort('client', ('client0', 'client1', 'client2'))), Const('server0', EnumeratedSort('server', ('server0',))))]}

const2sigs: {Const('client0', EnumeratedSort('client', ('client0', 'client1', 'client2'))): [client$0$link$0$0], Const('server0', EnumeratedSort('server', ('server0',))): [server$0$link$1$0, server$0$link$1$1], Const('client2', EnumeratedSort('client', ('client0', 'client1', 'client2'))): [client$0$link$0$1]}

sig2const: {'client$0$link$0$0': Const('client0', EnumeratedSort('client', ('client0', 'client1', 'client2'))), 'server$0$link$1$0': Const('server0', EnumeratedSort('server', ('server0',))), 'client$0$link$0$1': Const('client2', EnumeratedSort('client', ('client0', 'client1', 'client2'))), 'server$0$link$1$1': Const('server0', EnumeratedSort('server', ('server0',)))}


---------- ArgPartition ----------

sort2class_sigs: {EnumeratedSort('client', ('client0', 'client1', 'client2')): [client$0$link$0$0, client$0$link$0$1], EnumeratedSort('server', ('server0',)): [server$0$link$1$0; server$0$link$1$1]}

sort2part_sig: {EnumeratedSort('client', ('client0', 'client1', 'client2')): client$0$link$0$0 | client$0$link$0$1, EnumeratedSort('server', ('server0',)): server$0$link$1$0; server$0$link$1$1}

part_sig: ('client$0$link$0$0 | client$0$link$0$1', 'server$0$link$1$0; server$0$link$1$1')


---------- SigGenerator ----------

terms:  ['link(client0,server0)', 'link(client2,server0)']

func_name2symbol:  {'link': Const('link', FunctionSort(EnumeratedSort('client', ('client0', 'client1', 'client2')), EnumeratedSort('server', ('server0',)), BooleanSort()))}

func_name2args_sort:  {'link': (EnumeratedSort('client', ('client0', 'client1', 'client2')), EnumeratedSort('server', ('server0',)))}

sign_func_name2count:  {'0$link': 2}


---------- ProductArgPartition ----------

sort2class_sigs: {EnumeratedSort('client', ('client0', 'client1', 'client2')): [client$0$link$0$0, client$0$link$0$1], EnumeratedSort('server', ('server0',)): [server$0$link$1$0; server$0$link$1$1]}

sort2part_sig: {EnumeratedSort('client', ('client0', 'client1', 'client2')): client$0$link$0$0 | client$0$link$0$1, EnumeratedSort('server', ('server0',)): server$0$link$1$0; server$0$link$1$1}

	sort: client

	identical_classes: {'client$0$link$0': [client$0$link$0$0, client$0$link$0$1]}

	identical_single_classes: {}

	identical_multi_classes: {'client$0$link$0': [client$0$link$0$0, client$0$link$0$1]}

	sort: server

	identical_classes: {'server$0$link$1; server$0$link$1': [server$0$link$1$0; server$0$link$1$1]}

	identical_single_classes: {'server$0$link$1; server$0$link$1': server$0$link$1$0; server$0$link$1$1}

	identical_multi_classes: {}


---------- QInference: _set_sort_to_quantifier_mode ----------

quantifier mode: client: QuantifierMode.forall

quantifier mode: server: QuantifierMode.forall


---------- QInference: _set_constraint_mode ----------

constraint mode: ConstraintMode.no_merge


---------- QFormula: _set_qvars ----------

forall_qvars: {Var('SERVER0', EnumeratedSort('server', ('server0',))), Var('CLIENT0', EnumeratedSort('client', ('client0', 'client1', 'client2'))), Var('CLIENT1', EnumeratedSort('client', ('client0', 'client1', 'client2')))}

exists_qvars: set()


---------- QFormula: _set_signed_func_name_to_args ----------

signed_func_name2args: {'0$link': [[Var('CLIENT0', EnumeratedSort('client', ('client0', 'client1', 'client2'))), Var('SERVER0', EnumeratedSort('server', ('server0',)))], [Var('CLIENT1', EnumeratedSort('client', ('client0', 'client1', 'client2'))), Var('SERVER0', EnumeratedSort('server', ('server0',)))]]}


---------- QFormula: _set_qterms ----------

qterms: ['link(CLIENT1,SERVER0)', 'link(CLIENT0,SERVER0)']


---------- QFormula: get_qclause ----------

qclause: forall CLIENT1,SERVER0,CLIENT0. ~link(CLIENT1,SERVER0) | ~link(CLIENT0,SERVER0) | CLIENT0 = CLIENT1


=== Prime Orbit 2 =====================
size : 1
num_suborbits: 1
6 (*) : 0000
6     : ['~link(client0,server0)', '~link(client1,server0)', '~link(client2,server0)', '~semaphore(server0)']
num_forall :   0
num_exists :   0
num_literals : 0
quantified form : None
qcost : 0




---------- QPrime ----------


---------- ConstArgBinding ----------

terms: ['~link(client0,server0)', '~link(client1,server0)', '~link(client2,server0)', '~semaphore(server0)']

sign_func_name2args: {'1$link': [(Const('client0', EnumeratedSort('client', ('client0', 'client1', 'client2'))), Const('server0', EnumeratedSort('server', ('server0',)))), (Const('client1', EnumeratedSort('client', ('client0', 'client1', 'client2'))), Const('server0', EnumeratedSort('server', ('server0',)))), (Const('client2', EnumeratedSort('client', ('client0', 'client1', 'client2'))), Const('server0', EnumeratedSort('server', ('server0',))))], '1$semaphore': [(Const('server0', EnumeratedSort('server', ('server0',))),)]}

const2sigs: {Const('client0', EnumeratedSort('client', ('client0', 'client1', 'client2'))): [client$1$link$0$0], Const('server0', EnumeratedSort('server', ('server0',))): [server$1$link$1$0, server$1$link$1$1, server$1$link$1$2, server$1$semaphore$0$0], Const('client1', EnumeratedSort('client', ('client0', 'client1', 'client2'))): [client$1$link$0$1], Const('client2', EnumeratedSort('client', ('client0', 'client1', 'client2'))): [client$1$link$0$2]}

sig2const: {'client$1$link$0$0': Const('client0', EnumeratedSort('client', ('client0', 'client1', 'client2'))), 'server$1$link$1$0': Const('server0', EnumeratedSort('server', ('server0',))), 'client$1$link$0$1': Const('client1', EnumeratedSort('client', ('client0', 'client1', 'client2'))), 'server$1$link$1$1': Const('server0', EnumeratedSort('server', ('server0',))), 'client$1$link$0$2': Const('client2', EnumeratedSort('client', ('client0', 'client1', 'client2'))), 'server$1$link$1$2': Const('server0', EnumeratedSort('server', ('server0',))), 'server$1$semaphore$0$0': Const('server0', EnumeratedSort('server', ('server0',)))}


---------- ArgPartition ----------

sort2class_sigs: {EnumeratedSort('client', ('client0', 'client1', 'client2')): [client$1$link$0$0, client$1$link$0$1, client$1$link$0$2], EnumeratedSort('server', ('server0',)): [server$1$link$1$0; server$1$link$1$1; server$1$link$1$2; server$1$semaphore$0$0]}

sort2part_sig: {EnumeratedSort('client', ('client0', 'client1', 'client2')): client$1$link$0$0 | client$1$link$0$1 | client$1$link$0$2, EnumeratedSort('server', ('server0',)): server$1$link$1$0; server$1$link$1$1; server$1$link$1$2; server$1$semaphore$0$0}

part_sig: ('client$1$link$0$0 | client$1$link$0$1 | client$1$link$0$2', 'server$1$link$1$0; server$1$link$1$1; server$1$link$1$2; server$1$semaphore$0$0')


---------- SigGenerator ----------

terms:  ['~link(client0,server0)', '~link(client1,server0)', '~link(client2,server0)', '~semaphore(server0)']

func_name2symbol:  {'link': Const('link', FunctionSort(EnumeratedSort('client', ('client0', 'client1', 'client2')), EnumeratedSort('server', ('server0',)), BooleanSort())), 'semaphore': Const('semaphore', FunctionSort(EnumeratedSort('server', ('server0',)), BooleanSort()))}

func_name2args_sort:  {'link': (EnumeratedSort('client', ('client0', 'client1', 'client2')), EnumeratedSort('server', ('server0',))), 'semaphore': (EnumeratedSort('server', ('server0',)),)}

sign_func_name2count:  {'1$link': 3, '1$semaphore': 1}


---------- ProductArgPartition ----------

sort2class_sigs: {EnumeratedSort('client', ('client0', 'client1', 'client2')): [client$1$link$0$0, client$1$link$0$1, client$1$link$0$2], EnumeratedSort('server', ('server0',)): [server$1$link$1$0; server$1$link$1$1; server$1$link$1$2; server$1$semaphore$0$0]}

sort2part_sig: {EnumeratedSort('client', ('client0', 'client1', 'client2')): client$1$link$0$0 | client$1$link$0$1 | client$1$link$0$2, EnumeratedSort('server', ('server0',)): server$1$link$1$0; server$1$link$1$1; server$1$link$1$2; server$1$semaphore$0$0}

	sort: client

	identical_classes: {'client$1$link$0': [client$1$link$0$0, client$1$link$0$1, client$1$link$0$2]}

	identical_single_classes: {}

	identical_multi_classes: {'client$1$link$0': [client$1$link$0$0, client$1$link$0$1, client$1$link$0$2]}

	sort: server

	identical_classes: {'server$1$link$1; server$1$link$1; server$1$link$1; server$1$semaphore$0': [server$1$link$1$0; server$1$link$1$1; server$1$link$1$2; server$1$semaphore$0$0]}

	identical_single_classes: {'server$1$link$1; server$1$link$1; server$1$link$1; server$1$semaphore$0': server$1$link$1$0; server$1$link$1$1; server$1$link$1$2; server$1$semaphore$0$0}

	identical_multi_classes: {}


---------- QInference: _set_sort_to_quantifier_mode ----------

quantifier mode: client: QuantifierMode.exists

quantifier mode: server: QuantifierMode.forall


---------- QInference: _set_constraint_mode ----------

constraint mode: ConstraintMode.no_merge


---------- QFormula: _set_qvars ----------

forall_qvars: {Var('SERVER0', EnumeratedSort('server', ('server0',)))}

exists_qvars: {Var('CLIENT0', EnumeratedSort('client', ('client0', 'client1', 'client2')))}


---------- QFormula: _set_signed_func_name_to_args ----------

signed_func_name2args: {'1$link': [[Var('CLIENT0', EnumeratedSort('client', ('client0', 'client1', 'client2'))), Var('SERVER0', EnumeratedSort('server', ('server0',)))], [Var('CLIENT0', EnumeratedSort('client', ('client0', 'client1', 'client2'))), Var('SERVER0', EnumeratedSort('server', ('server0',)))], [Var('CLIENT0', EnumeratedSort('client', ('client0', 'client1', 'client2'))), Var('SERVER0', EnumeratedSort('server', ('server0',)))]], '1$semaphore': [[Var('SERVER0', EnumeratedSort('server', ('server0',)))]]}


---------- QFormula: _set_qterms ----------

qterms: ['~link(CLIENT0,SERVER0)', '~semaphore(SERVER0)']


---------- QFormula: get_qclause ----------

qclause: forall SERVER0. (exists CLIENT0. link(CLIENT0,SERVER0) | semaphore(SERVER0))


========================================================================================================

	[QI RESULT]: Quantified Prime Orbits on [ivybench/sym/ivy/lock_server: server=1,client=3]

========================================================================================================


=== Prime Orbit 0 =====================
size : 3
num_suborbits: 1
0 (*) : --11
0     : ['link(client2,server0)', 'semaphore(server0)']
1     : -1-1
1     : ['link(client1,server0)', 'semaphore(server0)']
2     : 1--1
2     : ['link(client0,server0)', 'semaphore(server0)']
num_forall :   2
num_exists :   0
num_literals : 2
quantified form : forall SERVER0,CLIENT0. ~semaphore(SERVER0) | ~link(CLIENT0,SERVER0)
qcost : 4




=== Prime Orbit 1 =====================
size : 3
num_suborbits: 1
3 (*) : 1-1-
3     : ['link(client0,server0)', 'link(client2,server0)']
4     : 11--
4     : ['link(client0,server0)', 'link(client1,server0)']
5     : -11-
5     : ['link(client1,server0)', 'link(client2,server0)']
num_forall :   3
num_exists :   0
num_literals : 3
quantified form : forall CLIENT1,SERVER0,CLIENT0. ~link(CLIENT1,SERVER0) | ~link(CLIENT0,SERVER0) | CLIENT0 = CLIENT1
qcost : 6




=== Prime Orbit 2 =====================
size : 1
num_suborbits: 1
6 (*) : 0000
6     : ['~link(client0,server0)', '~link(client1,server0)', '~link(client2,server0)', '~semaphore(server0)']
num_forall :   1
num_exists :   1
num_literals : 2
quantified form : forall SERVER0. (exists CLIENT0. link(CLIENT0,SERVER0) | semaphore(SERVER0))
qcost : 4



[QRM NOTE]: Time elapsed since start: 0.096 seconds

[QRM NOTE]: Time elapsed since last: 0.068 seconds

[QRM NOTE]: Peak memory: 1694728 bytes


=======================================================================================

	[MIN]: Minimization on [ivybench/sym/ivy/lock_server: server=1,client=3]

=======================================================================================


New level: 1
 pending : []
 solution : [0, 1, 2]


Before reduction : 
 pending  : []
 solution : [0, 1, 2]

Essensial at level 1 : set()

Before removed
 coverage : [(0, -1), (1, -1), (2, -1)]

After removed
 coverage : [(0, -1), (1, -1), (2, -1)]

Covered at level 1 : set()

After reduction : 
 pending  : []
 solution : [0, 1, 2]


Solution : [0, 1, 2] has cost 14.


Before backtrack at level 1
 pending : []
 solution : [0, 1, 2]

After backtrack at level 1
 pending : []
 solution : [0, 1, 2]


======================================================================================================

	[MIN RESULT]: Minimized Invariants on [ivybench/sym/ivy/lock_server: server=1,client=3]

======================================================================================================

[MIN NOTE]: number of minimal solution found: 1

[MIN NOTE]: total qcost: 14

[MIN NOTE]: maximum branch and bound depth: 1

Definitions (length=0)

Equality Relations (length=0)

Solution 0 : [0, 1, 2] (length = 3)

invariant [invar_0] forall SERVER0,CLIENT0. ~semaphore(SERVER0) | ~link(CLIENT0,SERVER0) # qcost: 4

invariant [invar_1] forall CLIENT1,SERVER0,CLIENT0. ~link(CLIENT1,SERVER0) | ~link(CLIENT0,SERVER0) | CLIENT0 = CLIENT1 # qcost: 6

invariant [invar_2] forall SERVER0. (exists CLIENT0. link(CLIENT0,SERVER0) | semaphore(SERVER0)) # qcost: 4




[QRM NOTE]: Time elapsed since start: 0.142 seconds

[QRM NOTE]: Time elapsed since last: 0.046 seconds

[QRM NOTE]: Peak memory: 1678837 bytes


=========================================================================================================

	[MIN_CHECK] Minimization Sanity Check on [ivybench/sym/ivy/lock_server: server=1,client=3]

=========================================================================================================

Minimization check for Solution 0

[MIN_CHECK RESULT]: PASS

[QRM NOTE]: Time elapsed since start: 0.161 seconds

[QRM NOTE]: Time elapsed since last: 0.019 seconds

[QRM NOTE]: Peak memory: 640603 bytes


==========================================================================================

	[IVY_CHECK]: Ivy Check on [ivybench/sym/ivy/lock_server: server=1,client=3]

==========================================================================================

ivy_check complete=fo ivybench/sym/ivy/lock_server.server_1_client_3.0.ivy


Isolate this:

    The inductive invariant consists of the following conjectures:
        ivybench/sym/ivy/lock_server.server_1_client_3.0.ivy: line 39: invar_0
        ivybench/sym/ivy/lock_server.server_1_client_3.0.ivy: line 40: invar_1
        ivybench/sym/ivy/lock_server.server_1_client_3.0.ivy: line 41: invar_2

    The following action implementations are present:
        ivybench/sym/ivy/lock_server.server_1_client_3.0.ivy: line 18: implementation of connect
        ivybench/sym/ivy/lock_server.server_1_client_3.0.ivy: line 24: implementation of disconnect

    The following initializers are present:
        ivybench/sym/ivy/lock_server.server_1_client_3.0.ivy: line 5: init[after1]

    Initialization must establish the invariant
        ivybench/sym/ivy/lock_server.server_1_client_3.0.ivy: line 39: invar_0 ... PASS
        ivybench/sym/ivy/lock_server.server_1_client_3.0.ivy: line 40: invar_1 ... PASS
        ivybench/sym/ivy/lock_server.server_1_client_3.0.ivy: line 41: invar_2 ... PASS

    The following set of external actions must preserve the invariant:
        (internal) ext:connect
            ivybench/sym/ivy/lock_server.server_1_client_3.0.ivy: line 39: invar_0 ... PASS
            ivybench/sym/ivy/lock_server.server_1_client_3.0.ivy: line 40: invar_1 ... PASS
            ivybench/sym/ivy/lock_server.server_1_client_3.0.ivy: line 41: invar_2 ... PASS
        (internal) ext:disconnect
            ivybench/sym/ivy/lock_server.server_1_client_3.0.ivy: line 39: invar_0 ... PASS
            ivybench/sym/ivy/lock_server.server_1_client_3.0.ivy: line 40: invar_1 ... PASS
            ivybench/sym/ivy/lock_server.server_1_client_3.0.ivy: line 41: invar_2 ... PASS

    The following program assertions are treated as assumptions:
        in action connect when called from the environment:
            ivybench/sym/ivy/lock_server.server_1_client_3.0.ivy: line 19: assumption
        in action disconnect when called from the environment:
            ivybench/sym/ivy/lock_server.server_1_client_3.0.ivy: line 25: assumption

OK
[IVY_CHECK RESULT]: PASS

[R Implies P]: True

[UNSAT CORE]: ((forall CLIENT1,SERVER0,CLIENT0. ~link(CLIENT1,SERVER0) | ~link(CLIENT0,SERVER0) | CLIENT0 = CLIENT1))

[QRM NOTE]: Time elapsed since start: 1.808 seconds

[QRM NOTE]: Time elapsed since last: 1.646 seconds

[QRM NOTE]: Peak memory: 689569 bytes


*****************************************************************************************************

	[Reachability Convergence Check]: ivybench/sym/ivy/lock_server: server=1,client=3

*****************************************************************************************************

python3 qrm.py ivybench/sym/ivy/lock_server.server_1_client_3.0.ivy -s server=2,client=3 -f 2 -g -w -r -v 5 -w -l ivybench/sym/ivy/lock_server.cvg.log


---------- Parsing Ivy ----------


Printing isolate this:

OK


==============================================================================================

	[FW]: Forward Reachability on [ivybench/sym/ivy/lock_server: server=2,client=3]

==============================================================================================


==============================================

	Set up for forward reachability

==============================================

ivy_to_cpp target=qrm lock_server.server_2_client_3.finite.ivy

[IVY_TO_CPP RESULT]: OK

swig -c++ -python -o lock_server.server_2_client_3.finite_wrap.cpp ivy_exec.i

[SWIG RESULT]: OK

g++ -std=c++11 -fpic -pthread -O3 lock_server.server_2_client_3.finite.cpp lock_server.server_2_client_3.finite_wrap.cpp -I/home/yunrong/.pyenv/versions/3.12.0/include/python3.12 -c

[G++ RESULT]: OK

g++ -shared lock_server.server_2_client_3.finite.o lock_server.server_2_client_3.finite_wrap.o -o _ivy_exec.so -lm -lstdc++

[LINK RESULT]: OK

[FW NOTE]: number of state atoms: 8

[FW NOTE]: number of interpreted atoms (e.g. member,le): 0

[FW NOTE]: number of branching actions: 12

[FW NOTE]: symmetric group order: 12

[QRM NOTE]: Time elapsed since start: 6.346 seconds

[QRM NOTE]: Time elapsed since last: 6.346 seconds

[QRM NOTE]: Peak memory: 1171988 bytes


=====================================

	Symmetric Quotient DFS

=====================================

[FW NOTE]: dfs max depth: 2

[FW NOTE]: number of total reachable states:        16

[FW NOTE]: number of dfs representative states:     4

[FW NOTE]: number of dfs non-representative states: 12


=====================================================================================================

	[FW RESULT]: Forward Reachability on [ivybench/sym/ivy/lock_server: server=2,client=3]

=====================================================================================================

sort: client=['client0', 'client1', 'client2']
sort: server=['server0', 'server1']
predicate: link('client', 'server')
predicate: semaphore('server',)
interpreted atoms: {}
state atoms: ['link(client0,server0)', 'link(client0,server1)', 'link(client1,server0)', 'link(client1,server1)', 'link(client2,server0)', 'link(client2,server1)', 'semaphore(server0)', 'semaphore(server1)']
representative states : 3, 6, 12, 24


=== State Orbit 0 =====================
size : 1
repr state: 00000011
lex min decimal: 3
states:
00000011




=== State Orbit 1 =====================
size : 6
repr state: 10000001
lex min decimal: 6
states:
01000010
00001001
00010010
00100001
10000001
00000110




=== State Orbit 2 =====================
size : 3
repr state: 11000000
lex min decimal: 12
states:
00110000
00001100
11000000




=== State Orbit 3 =====================
size : 6
repr state: 10010000
lex min decimal: 24
states:
01100000
10000100
10010000
00100100
00011000
01001000



[QRM NOTE]: Time elapsed since start: 6.427 seconds

[QRM NOTE]: Time elapsed since last: 0.081 seconds

[QRM NOTE]: Peak memory: 1201313 bytes


==========================================================================================================================

	[REACH_CHECK]: Reachability Convergence Check for Rmin on [ivybench/sym/ivy/lock_server: server=2,client=3]

==========================================================================================================================

[REACH_CHECK RESULT]: PASS

[QRM NOTE]: Time elapsed since start: 6.466 seconds

[QRM NOTE]: Time elapsed since last: 0.039 seconds

[QRM NOTE]: Peak memory: 176583 bytes

python3 qrm.py ivybench/sym/ivy/lock_server.server_1_client_3.0.ivy -s server=1,client=4 -f 2 -g -w -r -v 5 -w -l ivybench/sym/ivy/lock_server.cvg.log


---------- Parsing Ivy ----------


Printing isolate this:

OK


==============================================================================================

	[FW]: Forward Reachability on [ivybench/sym/ivy/lock_server: server=1,client=4]

==============================================================================================


==============================================

	Set up for forward reachability

==============================================

ivy_to_cpp target=qrm lock_server.server_1_client_4.finite.ivy

[IVY_TO_CPP RESULT]: OK

swig -c++ -python -o lock_server.server_1_client_4.finite_wrap.cpp ivy_exec.i

[SWIG RESULT]: OK

g++ -std=c++11 -fpic -pthread -O3 lock_server.server_1_client_4.finite.cpp lock_server.server_1_client_4.finite_wrap.cpp -I/home/yunrong/.pyenv/versions/3.12.0/include/python3.12 -c

[G++ RESULT]: OK

g++ -shared lock_server.server_1_client_4.finite.o lock_server.server_1_client_4.finite_wrap.o -o _ivy_exec.so -lm -lstdc++

[LINK RESULT]: OK

[FW NOTE]: number of state atoms: 5

[FW NOTE]: number of interpreted atoms (e.g. member,le): 0

[FW NOTE]: number of branching actions: 8

[FW NOTE]: symmetric group order: 24

[QRM NOTE]: Time elapsed since start: 5.945 seconds

[QRM NOTE]: Time elapsed since last: 5.945 seconds

[QRM NOTE]: Peak memory: 1172022 bytes


=====================================

	Symmetric Quotient DFS

=====================================

[FW NOTE]: dfs max depth: 1

[FW NOTE]: number of total reachable states:        5

[FW NOTE]: number of dfs representative states:     2

[FW NOTE]: number of dfs non-representative states: 3


=====================================================================================================

	[FW RESULT]: Forward Reachability on [ivybench/sym/ivy/lock_server: server=1,client=4]

=====================================================================================================

sort: client=['client0', 'client1', 'client2', 'client3']
sort: server=['server0']
predicate: link('client', 'server')
predicate: semaphore('server',)
interpreted atoms: {}
state atoms: ['link(client0,server0)', 'link(client1,server0)', 'link(client2,server0)', 'link(client3,server0)', 'semaphore(server0)']
representative states : 1, 2


=== State Orbit 0 =====================
size : 1
repr state: 00001
lex min decimal: 1
states:
00001




=== State Orbit 1 =====================
size : 4
repr state: 10000
lex min decimal: 2
states:
00100
10000
01000
00010



[QRM NOTE]: Time elapsed since start: 6.015 seconds

[QRM NOTE]: Time elapsed since last: 0.070 seconds

[QRM NOTE]: Peak memory: 1197570 bytes


==========================================================================================================================

	[REACH_CHECK]: Reachability Convergence Check for Rmin on [ivybench/sym/ivy/lock_server: server=1,client=4]

==========================================================================================================================

[REACH_CHECK RESULT]: PASS

[QRM NOTE]: Time elapsed since start: 6.042 seconds

[QRM NOTE]: Time elapsed since last: 0.027 seconds

[QRM NOTE]: Peak memory: 170596 bytes

ivy_check complete=fo ivybench/sym/ivy/lock_server.server_1_client_3.0.ivy


Isolate this:

    The inductive invariant consists of the following conjectures:
        ivybench/sym/ivy/lock_server.server_1_client_3.0.ivy: line 39: invar_0
        ivybench/sym/ivy/lock_server.server_1_client_3.0.ivy: line 40: invar_1
        ivybench/sym/ivy/lock_server.server_1_client_3.0.ivy: line 41: invar_2

    The following action implementations are present:
        ivybench/sym/ivy/lock_server.server_1_client_3.0.ivy: line 18: implementation of connect
        ivybench/sym/ivy/lock_server.server_1_client_3.0.ivy: line 24: implementation of disconnect

    The following initializers are present:
        ivybench/sym/ivy/lock_server.server_1_client_3.0.ivy: line 5: init[after1]

    Initialization must establish the invariant
        ivybench/sym/ivy/lock_server.server_1_client_3.0.ivy: line 39: invar_0 ... PASS
        ivybench/sym/ivy/lock_server.server_1_client_3.0.ivy: line 40: invar_1 ... PASS
        ivybench/sym/ivy/lock_server.server_1_client_3.0.ivy: line 41: invar_2 ... PASS

    The following set of external actions must preserve the invariant:
        (internal) ext:connect
            ivybench/sym/ivy/lock_server.server_1_client_3.0.ivy: line 39: invar_0 ... PASS
            ivybench/sym/ivy/lock_server.server_1_client_3.0.ivy: line 40: invar_1 ... PASS
            ivybench/sym/ivy/lock_server.server_1_client_3.0.ivy: line 41: invar_2 ... PASS
        (internal) ext:disconnect
            ivybench/sym/ivy/lock_server.server_1_client_3.0.ivy: line 39: invar_0 ... PASS
            ivybench/sym/ivy/lock_server.server_1_client_3.0.ivy: line 40: invar_1 ... PASS
            ivybench/sym/ivy/lock_server.server_1_client_3.0.ivy: line 41: invar_2 ... PASS

    The following program assertions are treated as assumptions:
        in action connect when called from the environment:
            ivybench/sym/ivy/lock_server.server_1_client_3.0.ivy: line 19: assumption
        in action disconnect when called from the environment:
            ivybench/sym/ivy/lock_server.server_1_client_3.0.ivy: line 25: assumption

OK
[IVY_CHECK RESULT]: PASS


***********************************************************

	[QRM]: ivybench/sym/ivy/lock_server.ivy

***********************************************************

[RMIN NUM]: 1

[RMIN RESULT]: ['ivybench/sym/ivy/lock_server.server_1_client_3.0.ivy']

[CUTOFF]: server=1,client=3

[QRM RESULT]: PASS

[QRM NOTE]: Time elapsed since start: 75.242 seconds

[QRM NOTE]: Time elapsed since last: 75.242 seconds

