
*************************************************************

	[QRM]: logs/reach/Consensus.value_3.0.ivy

*************************************************************


---------- Parsing Ivy ----------


Printing isolate this:

OK


============================================================================

	[FW]: Forward Reachability on [logs/reach/Consensus: value=3]

============================================================================


==============================================

	Set up for forward reachability

==============================================

[FW NOTE]: number of state atoms: 3

[FW NOTE]: number of interpreted atoms (e.g. member,le): 0

[FW NOTE]: symmetric group order: 6

[FW NOTE]: number of branching actions: 3

ivy_to_cpp target=qrm Consensus.value_3.finite.ivy

[IVY_TO_CPP RESULT]: OK

swig -c++ -python -o Consensus.value_3.finite_wrap.cpp ivy_exec.i

[SWIG RESULT]: OK

g++ -std=c++11 -fpic -pthread -O3 Consensus.value_3.finite.cpp Consensus.value_3.finite_wrap.cpp -I/home/yunrong/.pyenv/versions/3.12.0/include/python3.12 -c

[G++ RESULT]: OK

g++ -shared Consensus.value_3.finite.o Consensus.value_3.finite_wrap.o -o _ivy_exec.so -lm -lstdc++

[LINK RESULT]: OK

[QRM NOTE]: Time elapsed since start: 7.089 seconds

[QRM NOTE]: Time elapsed since last: 7.089 seconds

[QRM NOTE]: Peak memory: 1174226 bytes


===================================

	Forward reachability

===================================

[FW NOTE]: dfs max depth: 1

[FW NOTE]: number of total reachable states:        4

[FW NOTE]: number of dfs representative states:     2

[FW NOTE]: number of dfs non-representative states: 2


===================================================================================

	[FW RESULT]: Forward Reachability on [logs/reach/Consensus: value=3]

===================================================================================

sort: value=['value0', 'value1', 'value2']
predicate: chosen('value',)
interpreted atoms: {}
state atoms: ['chosen(value0)', 'chosen(value1)', 'chosen(value2)']
representative states : 0, 1


=== State Orbit 0 =====================
size : 1
repr state: 000
lex min decimal: 0
states:
000




=== State Orbit 1 =====================
size : 3
repr state: 100
lex min decimal: 1
states:
001
100
010



[QRM NOTE]: Time elapsed since start: 7.386 seconds

[QRM NOTE]: Time elapsed since last: 0.297 seconds

[QRM NOTE]: Peak memory: 1198884 bytes


========================================================================================================

	[REACH_CHECK]: Reachability Convergence Check for Rmin on [logs/reach/Consensus: value=3]

========================================================================================================

[REACH_CHECK RESULT]: PASS

[QRM NOTE]: Time elapsed since start: 7.395 seconds

[QRM NOTE]: Time elapsed since last: 0.009 seconds

[QRM NOTE]: Peak memory: 158127 bytes

