
*************************************************************

	[QRM]: logs/reach/Consensus.value_3.0.ivy

*************************************************************


---------- Parsing Ivy ----------


Printing isolate this:

OK


============================================================================

	[FW]: Forward Reachability on [logs/reach/Consensus: value=2]

============================================================================


==============================================

	Set up for forward reachability

==============================================

[FW NOTE]: number of state atoms: 2

[FW NOTE]: number of interpreted atoms (e.g. member,le): 0

[FW NOTE]: symmetric group order: 2

[FW NOTE]: number of branching actions: 2

ivy_to_cpp target=qrm Consensus.value_2.finite.ivy

[IVY_TO_CPP RESULT]: OK

swig -c++ -python -o Consensus.value_2.finite_wrap.cpp ivy_exec.i

[SWIG RESULT]: OK

g++ -std=c++11 -fpic -pthread -O3 Consensus.value_2.finite.cpp Consensus.value_2.finite_wrap.cpp -I/home/yunrong/.pyenv/versions/3.12.0/include/python3.12 -c

[G++ RESULT]: OK

g++ -shared Consensus.value_2.finite.o Consensus.value_2.finite_wrap.o -o _ivy_exec.so -lm -lstdc++

[LINK RESULT]: OK

[QRM NOTE]: Time elapsed since start: 6.976 seconds

[QRM NOTE]: Time elapsed since last: 6.976 seconds

[QRM NOTE]: Peak memory: 1173513 bytes


===================================

	Forward reachability

===================================

[FW NOTE]: dfs max depth: 1

[FW NOTE]: number of total reachable states:        3

[FW NOTE]: number of dfs representative states:     2

[FW NOTE]: number of dfs non-representative states: 1


===================================================================================

	[FW RESULT]: Forward Reachability on [logs/reach/Consensus: value=2]

===================================================================================

sort: value=['value0', 'value1']
predicate: chosen('value',)
interpreted atoms: {}
state atoms: ['chosen(value0)', 'chosen(value1)']
representative states : 0, 1


=== State Orbit 0 =====================
size : 1
repr state: 00
lex min decimal: 0
states:
00




=== State Orbit 1 =====================
size : 2
repr state: 10
lex min decimal: 1
states:
10
01



[QRM NOTE]: Time elapsed since start: 7.050 seconds

[QRM NOTE]: Time elapsed since last: 0.074 seconds

[QRM NOTE]: Peak memory: 1197918 bytes


========================================================================================================

	[REACH_CHECK]: Reachability Convergence Check for Rmin on [logs/reach/Consensus: value=2]

========================================================================================================

[REACH_CHECK RESULT]: PASS

[QRM NOTE]: Time elapsed since start: 7.053 seconds

[QRM NOTE]: Time elapsed since last: 0.004 seconds

[QRM NOTE]: Peak memory: 153275 bytes

