
*************************************************************

	[QRM]: logs/reach/Consensus.value_3.0.ivy

*************************************************************


---------- Parsing Ivy ----------


Printing isolate this:

OK


============================================================================

	[FW]: Forward Reachability on [logs/reach/Consensus: value=5]

============================================================================


==============================================

	Set up for forward reachability

==============================================

[FW NOTE]: number of state atoms: 5

[FW NOTE]: number of interpreted atoms (e.g. member,le): 0

[FW NOTE]: symmetric group order: 120

[FW NOTE]: number of branching actions: 5

ivy_to_cpp target=qrm Consensus.value_5.finite.ivy

[IVY_TO_CPP RESULT]: OK

swig -c++ -python -o Consensus.value_5.finite_wrap.cpp ivy_exec.i

[SWIG RESULT]: OK

g++ -std=c++11 -fpic -pthread -O3 Consensus.value_5.finite.cpp Consensus.value_5.finite_wrap.cpp -I/home/yunrong/.pyenv/versions/3.12.0/include/python3.12 -c

[G++ RESULT]: OK

g++ -shared Consensus.value_5.finite.o Consensus.value_5.finite_wrap.o -o _ivy_exec.so -lm -lstdc++

[LINK RESULT]: OK

[QRM NOTE]: Time elapsed since start: 8.497 seconds

[QRM NOTE]: Time elapsed since last: 8.497 seconds

[QRM NOTE]: Peak memory: 1190668 bytes


===================================

	Forward reachability

===================================

[FW NOTE]: dfs max depth: 1

[FW NOTE]: number of total reachable states:        6

[FW NOTE]: number of dfs representative states:     2

[FW NOTE]: number of dfs non-representative states: 4


===================================================================================

	[FW RESULT]: Forward Reachability on [logs/reach/Consensus: value=5]

===================================================================================

sort: value=['value0', 'value1', 'value2', 'value3', 'value4']
predicate: chosen('value',)
interpreted atoms: {}
state atoms: ['chosen(value0)', 'chosen(value1)', 'chosen(value2)', 'chosen(value3)', 'chosen(value4)']
representative states : 0, 1


=== State Orbit 0 =====================
size : 1
repr state: 00000
lex min decimal: 0
states:
00000




=== State Orbit 1 =====================
size : 5
repr state: 10000
lex min decimal: 1
states:
01000
00100
00001
00010
10000



[QRM NOTE]: Time elapsed since start: 8.592 seconds

[QRM NOTE]: Time elapsed since last: 0.095 seconds

[QRM NOTE]: Peak memory: 1216786 bytes


========================================================================================================

	[REACH_CHECK]: Reachability Convergence Check for Rmin on [logs/reach/Consensus: value=5]

========================================================================================================

[REACH_CHECK RESULT]: PASS

[QRM NOTE]: Time elapsed since start: 8.625 seconds

[QRM NOTE]: Time elapsed since last: 0.034 seconds

[QRM NOTE]: Peak memory: 197063 bytes

