
*************************************************************

	[QRM]: logs/reach/Consensus.value_3.0.ivy

*************************************************************


---------- Parsing Ivy ----------


Printing isolate this:

OK


============================================================================

	[FW]: Forward Reachability on [logs/reach/Consensus: value=1]

============================================================================


==============================================

	Set up for forward reachability

==============================================

[FW NOTE]: number of state atoms: 1

[FW NOTE]: number of interpreted atoms (e.g. member,le): 0

[FW NOTE]: symmetric group order: 1

[FW NOTE]: number of branching actions: 1

ivy_to_cpp target=qrm Consensus.value_1.finite.ivy

[IVY_TO_CPP RESULT]: OK

swig -c++ -python -o Consensus.value_1.finite_wrap.cpp ivy_exec.i

[SWIG RESULT]: OK

g++ -std=c++11 -fpic -pthread -O3 Consensus.value_1.finite.cpp Consensus.value_1.finite_wrap.cpp -I/home/yunrong/.pyenv/versions/3.12.0/include/python3.12 -c

[G++ RESULT]: OK

g++ -shared Consensus.value_1.finite.o Consensus.value_1.finite_wrap.o -o _ivy_exec.so -lm -lstdc++

[LINK RESULT]: OK

[QRM NOTE]: Time elapsed since start: 7.019 seconds

[QRM NOTE]: Time elapsed since last: 7.019 seconds

[QRM NOTE]: Peak memory: 1168388 bytes


===================================

	Forward reachability

===================================

[FW NOTE]: dfs max depth: 1

[FW NOTE]: number of total reachable states:        2

[FW NOTE]: number of dfs representative states:     2

[FW NOTE]: number of dfs non-representative states: 0


===================================================================================

	[FW RESULT]: Forward Reachability on [logs/reach/Consensus: value=1]

===================================================================================

sort: value=['value0']
predicate: chosen('value',)
interpreted atoms: {}
state atoms: ['chosen(value0)']
representative states : 0, 1


=== State Orbit 0 =====================
size : 1
repr state: 0
lex min decimal: 0
states:
0




=== State Orbit 1 =====================
size : 1
repr state: 1
lex min decimal: 1
states:
1



[QRM NOTE]: Time elapsed since start: 7.101 seconds

[QRM NOTE]: Time elapsed since last: 0.082 seconds

[QRM NOTE]: Peak memory: 1189899 bytes


========================================================================================================

	[REACH_CHECK]: Reachability Convergence Check for Rmin on [logs/reach/Consensus: value=1]

========================================================================================================

[REACH_CHECK RESULT]: PASS

[QRM NOTE]: Time elapsed since start: 7.102 seconds

[QRM NOTE]: Time elapsed since last: 0.001 seconds

[QRM NOTE]: Peak memory: 143147 bytes

