
*************************************************************

	[QRM]: logs/reach/Consensus.value_3.0.ivy

*************************************************************


---------- Parsing Ivy ----------


Printing isolate this:

OK


============================================================================

	[FW]: Forward Reachability on [logs/reach/Consensus: value=6]

============================================================================


==============================================

	Set up for forward reachability

==============================================

[FW NOTE]: number of state atoms: 6

[FW NOTE]: number of interpreted atoms (e.g. member,le): 0

[FW NOTE]: symmetric group order: 720

[FW NOTE]: number of branching actions: 6

ivy_to_cpp target=qrm Consensus.value_6.finite.ivy

[IVY_TO_CPP RESULT]: OK

swig -c++ -python -o Consensus.value_6.finite_wrap.cpp ivy_exec.i

[SWIG RESULT]: OK

g++ -std=c++11 -fpic -pthread -O3 Consensus.value_6.finite.cpp Consensus.value_6.finite_wrap.cpp -I/home/yunrong/.pyenv/versions/3.12.0/include/python3.12 -c

[G++ RESULT]: OK

g++ -shared Consensus.value_6.finite.o Consensus.value_6.finite_wrap.o -o _ivy_exec.so -lm -lstdc++

[LINK RESULT]: OK

[QRM NOTE]: Time elapsed since start: 7.949 seconds

[QRM NOTE]: Time elapsed since last: 7.949 seconds

[QRM NOTE]: Peak memory: 1278763 bytes


===================================

	Forward reachability

===================================

[FW NOTE]: dfs max depth: 1

[FW NOTE]: number of total reachable states:        7

[FW NOTE]: number of dfs representative states:     2

[FW NOTE]: number of dfs non-representative states: 5


===================================================================================

	[FW RESULT]: Forward Reachability on [logs/reach/Consensus: value=6]

===================================================================================

sort: value=['value0', 'value1', 'value2', 'value3', 'value4', 'value5']
predicate: chosen('value',)
interpreted atoms: {}
state atoms: ['chosen(value0)', 'chosen(value1)', 'chosen(value2)', 'chosen(value3)', 'chosen(value4)', 'chosen(value5)']
representative states : 0, 1


=== State Orbit 0 =====================
size : 1
repr state: 000000
lex min decimal: 0
states:
000000




=== State Orbit 1 =====================
size : 6
repr state: 100000
lex min decimal: 1
states:
100000
001000
010000
000010
000001
000100



[QRM NOTE]: Time elapsed since start: 8.100 seconds

[QRM NOTE]: Time elapsed since last: 0.151 seconds

[QRM NOTE]: Peak memory: 1305077 bytes


========================================================================================================

	[REACH_CHECK]: Reachability Convergence Check for Rmin on [logs/reach/Consensus: value=6]

========================================================================================================

[REACH_CHECK RESULT]: PASS

[QRM NOTE]: Time elapsed since start: 8.199 seconds

[QRM NOTE]: Time elapsed since last: 0.099 seconds

[QRM NOTE]: Peak memory: 296337 bytes

