
***********************************************************

	[QRM]: logs/reach/firewall.node_3.0.ivy

***********************************************************


---------- Parsing Ivy ----------


Printing isolate this:

OK


==========================================================================

	[FW]: Forward Reachability on [logs/reach/firewall: node=1]

==========================================================================


==============================================

	Set up for forward reachability

==============================================

[FW NOTE]: number of state atoms: 3

[FW NOTE]: number of interpreted atoms (e.g. member,le): 0

[FW NOTE]: symmetric group order: 1

[FW NOTE]: number of branching actions: 2

ivy_to_cpp target=qrm firewall.node_1.finite.ivy

[IVY_TO_CPP RESULT]: OK

swig -c++ -python -o firewall.node_1.finite_wrap.cpp ivy_exec.i

[SWIG RESULT]: OK

g++ -std=c++11 -fpic -pthread -O3 firewall.node_1.finite.cpp firewall.node_1.finite_wrap.cpp -I/home/yunrong/.pyenv/versions/3.12.0/include/python3.12 -c

[G++ RESULT]: OK

g++ -shared firewall.node_1.finite.o firewall.node_1.finite_wrap.o -o _ivy_exec.so -lm -lstdc++

[LINK RESULT]: OK

[QRM NOTE]: Time elapsed since start: 7.695 seconds

[QRM NOTE]: Time elapsed since last: 7.695 seconds

[QRM NOTE]: Peak memory: 1173955 bytes


===================================

	Forward reachability

===================================

[FW NOTE]: dfs max depth: 0

[FW NOTE]: number of total reachable states:        2

[FW NOTE]: number of dfs representative states:     2

[FW NOTE]: number of dfs non-representative states: 0


=================================================================================

	[FW RESULT]: Forward Reachability on [logs/reach/firewall: node=1]

=================================================================================

sort: node=['node0']
predicate: allowed_in('node',)
predicate: internal('node',)
predicate: sent('node', 'node')
interpreted atoms: {}
state atoms: ['allowed_in(node0)', 'internal(node0)', 'sent(node0,node0)']
representative states : 0, 2


=== State Orbit 0 =====================
size : 1
repr state: 000
lex min decimal: 0
states:
000




=== State Orbit 1 =====================
size : 1
repr state: 010
lex min decimal: 2
states:
010



[QRM NOTE]: Time elapsed since start: 7.780 seconds

[QRM NOTE]: Time elapsed since last: 0.085 seconds

[QRM NOTE]: Peak memory: 1198377 bytes


======================================================================================================

	[REACH_CHECK]: Reachability Convergence Check for Rmin on [logs/reach/firewall: node=1]

======================================================================================================

[REACH_CHECK RESULT]: PASS

[QRM NOTE]: Time elapsed since start: 7.784 seconds

[QRM NOTE]: Time elapsed since last: 0.004 seconds

[QRM NOTE]: Peak memory: 153351 bytes

