
***********************************************************

	[QRM]: logs/reach/firewall.node_3.0.ivy

***********************************************************


---------- Parsing Ivy ----------


Printing isolate this:

OK


==========================================================================

	[FW]: Forward Reachability on [logs/reach/firewall: node=2]

==========================================================================


==============================================

	Set up for forward reachability

==============================================

[FW NOTE]: number of state atoms: 8

[FW NOTE]: number of interpreted atoms (e.g. member,le): 0

[FW NOTE]: symmetric group order: 2

[FW NOTE]: number of branching actions: 8

ivy_to_cpp target=qrm firewall.node_2.finite.ivy

[IVY_TO_CPP RESULT]: OK

swig -c++ -python -o firewall.node_2.finite_wrap.cpp ivy_exec.i

[SWIG RESULT]: OK

g++ -std=c++11 -fpic -pthread -O3 firewall.node_2.finite.cpp firewall.node_2.finite_wrap.cpp -I/home/yunrong/.pyenv/versions/3.12.0/include/python3.12 -c

[G++ RESULT]: OK

g++ -shared firewall.node_2.finite.o firewall.node_2.finite_wrap.o -o _ivy_exec.so -lm -lstdc++

[LINK RESULT]: OK

[QRM NOTE]: Time elapsed since start: 8.632 seconds

[QRM NOTE]: Time elapsed since last: 8.632 seconds

[QRM NOTE]: Peak memory: 1176599 bytes


===================================

	Forward reachability

===================================

[FW NOTE]: dfs max depth: 2

[FW NOTE]: number of total reachable states:        8

[FW NOTE]: number of dfs representative states:     5

[FW NOTE]: number of dfs non-representative states: 3


=================================================================================

	[FW RESULT]: Forward Reachability on [logs/reach/firewall: node=2]

=================================================================================

sort: node=['node0', 'node1']
predicate: allowed_in('node',)
predicate: internal('node',)
predicate: sent('node', 'node')
interpreted atoms: {}
state atoms: ['allowed_in(node0)', 'allowed_in(node1)', 'internal(node0)', 'internal(node1)', 'sent(node0,node0)', 'sent(node0,node1)', 'sent(node1,node0)', 'sent(node1,node1)']
representative states : 0, 48, 16, 100, 102


=== State Orbit 0 =====================
size : 1
repr state: 00000000
lex min decimal: 0
states:
00000000




=== State Orbit 1 =====================
size : 1
repr state: 00110000
lex min decimal: 48
states:
00110000




=== State Orbit 2 =====================
size : 2
repr state: 00100000
lex min decimal: 16
states:
00100000
00010000




=== State Orbit 3 =====================
size : 2
repr state: 01100100
lex min decimal: 100
states:
01100100
10010010




=== State Orbit 4 =====================
size : 2
repr state: 01100110
lex min decimal: 102
states:
10010110
01100110



[QRM NOTE]: Time elapsed since start: 8.710 seconds

[QRM NOTE]: Time elapsed since last: 0.078 seconds

[QRM NOTE]: Peak memory: 1204956 bytes


======================================================================================================

	[REACH_CHECK]: Reachability Convergence Check for Rmin on [logs/reach/firewall: node=2]

======================================================================================================

[REACH_CHECK RESULT]: PASS

[QRM NOTE]: Time elapsed since start: 8.728 seconds

[QRM NOTE]: Time elapsed since last: 0.018 seconds

[QRM NOTE]: Peak memory: 163894 bytes

