
**********************************************************************

	[QRM]: logs/reach/TCommit.resource_manager_2.0.ivy

**********************************************************************


---------- Parsing Ivy ----------


Printing isolate this:

OK


=====================================================================================

	[FW]: Forward Reachability on [logs/reach/TCommit: resource_manager=2]

=====================================================================================


==============================================

	Set up for forward reachability

==============================================

[FW NOTE]: number of state atoms: 8

[FW NOTE]: number of interpreted atoms (e.g. member,le): 0

[FW NOTE]: symmetric group order: 2

[FW NOTE]: number of branching actions: 6

ivy_to_cpp target=qrm TCommit.resource_manager_2.finite.ivy

[IVY_TO_CPP RESULT]: OK

swig -c++ -python -o TCommit.resource_manager_2.finite_wrap.cpp ivy_exec.i

[SWIG RESULT]: OK

g++ -std=c++11 -fpic -pthread -O3 TCommit.resource_manager_2.finite.cpp TCommit.resource_manager_2.finite_wrap.cpp -I/home/yunrong/.pyenv/versions/3.12.0/include/python3.12 -c

[G++ RESULT]: OK

g++ -shared TCommit.resource_manager_2.finite.o TCommit.resource_manager_2.finite_wrap.o -o _ivy_exec.so -lm -lstdc++

[LINK RESULT]: OK

[QRM NOTE]: Time elapsed since start: 7.897 seconds

[QRM NOTE]: Time elapsed since last: 7.897 seconds

[QRM NOTE]: Peak memory: 1178719 bytes


===================================

	Forward reachability

===================================

[FW NOTE]: dfs max depth: 4

[FW NOTE]: number of total reachable states:        12

[FW NOTE]: number of dfs representative states:     8

[FW NOTE]: number of dfs non-representative states: 4


============================================================================================

	[FW RESULT]: Forward Reachability on [logs/reach/TCommit: resource_manager=2]

============================================================================================

sort: resource_manager=['resource_manager0', 'resource_manager1']
predicate: committed('resource_manager',)
predicate: prepared('resource_manager',)
predicate: working('resource_manager',)
predicate: aborted('resource_manager',)
interpreted atoms: {}
state atoms: ['aborted(resource_manager0)', 'aborted(resource_manager1)', 'committed(resource_manager0)', 'committed(resource_manager1)', 'prepared(resource_manager0)', 'prepared(resource_manager1)', 'working(resource_manager0)', 'working(resource_manager1)']
representative states : 3, 6, 12, 24, 48, 72, 192, 66


=== State Orbit 0 =====================
size : 1
repr state: 00000011
lex min decimal: 3
states:
00000011




=== State Orbit 1 =====================
size : 2
repr state: 00001001
lex min decimal: 6
states:
00000110
00001001




=== State Orbit 2 =====================
size : 1
repr state: 00001100
lex min decimal: 12
states:
00001100




=== State Orbit 3 =====================
size : 2
repr state: 00100100
lex min decimal: 24
states:
00011000
00100100




=== State Orbit 4 =====================
size : 1
repr state: 00110000
lex min decimal: 48
states:
00110000




=== State Orbit 5 =====================
size : 2
repr state: 10000100
lex min decimal: 72
states:
10000100
01001000




=== State Orbit 6 =====================
size : 1
repr state: 11000000
lex min decimal: 192
states:
11000000




=== State Orbit 7 =====================
size : 2
repr state: 10000001
lex min decimal: 66
states:
10000001
01000010



[QRM NOTE]: Time elapsed since start: 7.984 seconds

[QRM NOTE]: Time elapsed since last: 0.087 seconds

[QRM NOTE]: Peak memory: 1209645 bytes


=================================================================================================================

	[REACH_CHECK]: Reachability Convergence Check for Rmin on [logs/reach/TCommit: resource_manager=2]

=================================================================================================================

[REACH_CHECK RESULT]: PASS

[QRM NOTE]: Time elapsed since start: 8.008 seconds

[QRM NOTE]: Time elapsed since last: 0.024 seconds

[QRM NOTE]: Peak memory: 175377 bytes

