
**********************************************************************

	[QRM]: logs/reach/TCommit.resource_manager_2.0.ivy

**********************************************************************


---------- Parsing Ivy ----------


Printing isolate this:

OK


=====================================================================================

	[FW]: Forward Reachability on [logs/reach/TCommit: resource_manager=4]

=====================================================================================


==============================================

	Set up for forward reachability

==============================================

[FW NOTE]: number of state atoms: 16

[FW NOTE]: number of interpreted atoms (e.g. member,le): 0

[FW NOTE]: symmetric group order: 24

[FW NOTE]: number of branching actions: 12

ivy_to_cpp target=qrm TCommit.resource_manager_4.finite.ivy

[IVY_TO_CPP RESULT]: OK

swig -c++ -python -o TCommit.resource_manager_4.finite_wrap.cpp ivy_exec.i

[SWIG RESULT]: OK

g++ -std=c++11 -fpic -pthread -O3 TCommit.resource_manager_4.finite.cpp TCommit.resource_manager_4.finite_wrap.cpp -I/home/yunrong/.pyenv/versions/3.12.0/include/python3.12 -c

[G++ RESULT]: OK

g++ -shared TCommit.resource_manager_4.finite.o TCommit.resource_manager_4.finite_wrap.o -o _ivy_exec.so -lm -lstdc++

[LINK RESULT]: OK

[QRM NOTE]: Time elapsed since start: 7.874 seconds

[QRM NOTE]: Time elapsed since last: 7.874 seconds

[QRM NOTE]: Peak memory: 1184740 bytes


===================================

	Forward reachability

===================================

[FW NOTE]: dfs max depth: 8

[FW NOTE]: number of total reachable states:        96

[FW NOTE]: number of dfs representative states:     19

[FW NOTE]: number of dfs non-representative states: 77


============================================================================================

	[FW RESULT]: Forward Reachability on [logs/reach/TCommit: resource_manager=4]

============================================================================================

sort: resource_manager=['resource_manager0', 'resource_manager1', 'resource_manager2', 'resource_manager3']
predicate: working('resource_manager',)
predicate: aborted('resource_manager',)
predicate: committed('resource_manager',)
predicate: prepared('resource_manager',)
interpreted atoms: {}
state atoms: ['aborted(resource_manager0)', 'aborted(resource_manager1)', 'aborted(resource_manager2)', 'aborted(resource_manager3)', 'committed(resource_manager0)', 'committed(resource_manager1)', 'committed(resource_manager2)', 'committed(resource_manager3)', 'prepared(resource_manager0)', 'prepared(resource_manager1)', 'prepared(resource_manager2)', 'prepared(resource_manager3)', 'working(resource_manager0)', 'working(resource_manager1)', 'working(resource_manager2)', 'working(resource_manager3)']
representative states : 15, 30, 60, 120, 240, 480, 960, 1920, 3840, 4320, 12480, 28800, 61440, 4200, 12360, 28680, 4140, 12300, 4110


=== State Orbit 0 =====================
size : 1
repr state: 0000000000001111
lex min decimal: 15
states:
0000000000001111




=== State Orbit 1 =====================
size : 4
repr state: 0000000010000111
lex min decimal: 30
states:
0000000010000111
0000000000011110
0000000000101101
0000000001001011




=== State Orbit 2 =====================
size : 6
repr state: 0000000011000011
lex min decimal: 60
states:
0000000001011010
0000000011000011
0000000010100101
0000000000111100
0000000010010110
0000000001101001




=== State Orbit 3 =====================
size : 4
repr state: 0000000011100001
lex min decimal: 120
states:
0000000011010010
0000000010110100
0000000001111000
0000000011100001




=== State Orbit 4 =====================
size : 1
repr state: 0000000011110000
lex min decimal: 240
states:
0000000011110000




=== State Orbit 5 =====================
size : 4
repr state: 0000100001110000
lex min decimal: 480
states:
0000100001110000
0000000111100000
0000001011010000
0000010010110000




=== State Orbit 6 =====================
size : 6
repr state: 0000110000110000
lex min decimal: 960
states:
0000001111000000
0000011010010000
0000110000110000
0000100101100000
0000101001010000
0000010110100000




=== State Orbit 7 =====================
size : 4
repr state: 0000111000010000
lex min decimal: 1920
states:
0000111000010000
0000110100100000
0000011110000000
0000101101000000




=== State Orbit 8 =====================
size : 1
repr state: 0000111100000000
lex min decimal: 3840
states:
0000111100000000




=== State Orbit 9 =====================
size : 4
repr state: 1000000001110000
lex min decimal: 4320
states:
1000000001110000
0100000010110000
0010000011010000
0001000011100000




=== State Orbit 10 =====================
size : 6
repr state: 1100000000110000
lex min decimal: 12480
states:
0101000010100000
1010000001010000
1100000000110000
0011000011000000
1001000001100000
0110000010010000




=== State Orbit 11 =====================
size : 4
repr state: 1110000000010000
lex min decimal: 28800
states:
0111000010000000
1011000001000000
1110000000010000
1101000000100000




=== State Orbit 12 =====================
size : 1
repr state: 1111000000000000
lex min decimal: 61440
states:
1111000000000000




=== State Orbit 13 =====================
size : 12
repr state: 1000000001100001
lex min decimal: 4200
states:
0010000010010100
0001000001101000
0001000011000010
0010000001011000
0001000010100100
0010000011000001
0100000010010010
1000000001010010
0100000010100001
1000000001100001
1000000000110100
0100000000111000




=== State Orbit 14 =====================
size : 12
repr state: 1100000000100001
lex min decimal: 12360
states:
1001000000100100
1010000001000001
0110000000011000
0101000000101000
1100000000010010
0011000001001000
0101000010000010
1100000000100001
0011000010000100
1001000001000010
0110000010000001
1010000000010100




=== State Orbit 15 =====================
size : 4
repr state: 1110000000000001
lex min decimal: 28680
states:
1110000000000001
0111000000001000
1011000000000100
1101000000000010




=== State Orbit 16 =====================
size : 12
repr state: 1000000001000011
lex min decimal: 4140
states:
0100000000011010
0010000001001001
0100000000101001
0001000001001010
0001000000101100
1000000000100101
1000000001000011
1000000000010110
0010000000011100
0001000010000110
0010000010000101
0100000010000011




=== State Orbit 17 =====================
size : 6
repr state: 1100000000000011
lex min decimal: 12300
states:
0011000000001100
1100000000000011
0110000000001001
0101000000001010
1001000000000110
1010000000000101




=== State Orbit 18 =====================
size : 4
repr state: 1000000000000111
lex min decimal: 4110
states:
0001000000001110
0100000000001011
1000000000000111
0010000000001101



[QRM NOTE]: Time elapsed since start: 8.035 seconds

[QRM NOTE]: Time elapsed since last: 0.161 seconds

[QRM NOTE]: Peak memory: 1248928 bytes


=================================================================================================================

	[REACH_CHECK]: Reachability Convergence Check for Rmin on [logs/reach/TCommit: resource_manager=4]

=================================================================================================================

[REACH_CHECK RESULT]: PASS

[QRM NOTE]: Time elapsed since start: 8.170 seconds

[QRM NOTE]: Time elapsed since last: 0.136 seconds

[QRM NOTE]: Peak memory: 236982 bytes

