
**********************************************************************

	[QRM]: logs/reach/TCommit.resource_manager_2.0.ivy

**********************************************************************


---------- Parsing Ivy ----------


Printing isolate this:

OK


=====================================================================================

	[FW]: Forward Reachability on [logs/reach/TCommit: resource_manager=1]

=====================================================================================


==============================================

	Set up for forward reachability

==============================================

[FW NOTE]: number of state atoms: 4

[FW NOTE]: number of interpreted atoms (e.g. member,le): 0

[FW NOTE]: symmetric group order: 1

[FW NOTE]: number of branching actions: 3

ivy_to_cpp target=qrm TCommit.resource_manager_1.finite.ivy

[IVY_TO_CPP RESULT]: OK

swig -c++ -python -o TCommit.resource_manager_1.finite_wrap.cpp ivy_exec.i

[SWIG RESULT]: OK

g++ -std=c++11 -fpic -pthread -O3 TCommit.resource_manager_1.finite.cpp TCommit.resource_manager_1.finite_wrap.cpp -I/home/yunrong/.pyenv/versions/3.12.0/include/python3.12 -c

[G++ RESULT]: OK

g++ -shared TCommit.resource_manager_1.finite.o TCommit.resource_manager_1.finite_wrap.o -o _ivy_exec.so -lm -lstdc++

[LINK RESULT]: OK

[QRM NOTE]: Time elapsed since start: 8.876 seconds

[QRM NOTE]: Time elapsed since last: 8.876 seconds

[QRM NOTE]: Peak memory: 1177154 bytes


===================================

	Forward reachability

===================================

[FW NOTE]: dfs max depth: 2

[FW NOTE]: number of total reachable states:        4

[FW NOTE]: number of dfs representative states:     4

[FW NOTE]: number of dfs non-representative states: 0


============================================================================================

	[FW RESULT]: Forward Reachability on [logs/reach/TCommit: resource_manager=1]

============================================================================================

sort: resource_manager=['resource_manager0']
predicate: prepared('resource_manager',)
predicate: aborted('resource_manager',)
predicate: working('resource_manager',)
predicate: committed('resource_manager',)
interpreted atoms: {}
state atoms: ['aborted(resource_manager0)', 'committed(resource_manager0)', 'prepared(resource_manager0)', 'working(resource_manager0)']
representative states : 1, 2, 4, 8


=== State Orbit 0 =====================
size : 1
repr state: 0001
lex min decimal: 1
states:
0001




=== State Orbit 1 =====================
size : 1
repr state: 0010
lex min decimal: 2
states:
0010




=== State Orbit 2 =====================
size : 1
repr state: 0100
lex min decimal: 4
states:
0100




=== State Orbit 3 =====================
size : 1
repr state: 1000
lex min decimal: 8
states:
1000



[QRM NOTE]: Time elapsed since start: 9.040 seconds

[QRM NOTE]: Time elapsed since last: 0.163 seconds

[QRM NOTE]: Peak memory: 1203171 bytes


=================================================================================================================

	[REACH_CHECK]: Reachability Convergence Check for Rmin on [logs/reach/TCommit: resource_manager=1]

=================================================================================================================

[REACH_CHECK RESULT]: PASS

[QRM NOTE]: Time elapsed since start: 9.054 seconds

[QRM NOTE]: Time elapsed since last: 0.014 seconds

[QRM NOTE]: Peak memory: 158779 bytes

