
**********************************************************************

	[QRM]: logs/reach/TCommit.resource_manager_2.0.ivy

**********************************************************************


---------- Parsing Ivy ----------


Printing isolate this:

OK


=====================================================================================

	[FW]: Forward Reachability on [logs/reach/TCommit: resource_manager=5]

=====================================================================================


==============================================

	Set up for forward reachability

==============================================

[FW NOTE]: number of state atoms: 20

[FW NOTE]: number of interpreted atoms (e.g. member,le): 0

[FW NOTE]: symmetric group order: 120

[FW NOTE]: number of branching actions: 15

ivy_to_cpp target=qrm TCommit.resource_manager_5.finite.ivy

[IVY_TO_CPP RESULT]: OK

swig -c++ -python -o TCommit.resource_manager_5.finite_wrap.cpp ivy_exec.i

[SWIG RESULT]: OK

g++ -std=c++11 -fpic -pthread -O3 TCommit.resource_manager_5.finite.cpp TCommit.resource_manager_5.finite_wrap.cpp -I/home/yunrong/.pyenv/versions/3.12.0/include/python3.12 -c

[G++ RESULT]: OK

g++ -shared TCommit.resource_manager_5.finite.o TCommit.resource_manager_5.finite_wrap.o -o _ivy_exec.so -lm -lstdc++

[LINK RESULT]: OK

[QRM NOTE]: Time elapsed since start: 8.769 seconds

[QRM NOTE]: Time elapsed since last: 8.769 seconds

[QRM NOTE]: Peak memory: 1199642 bytes


===================================

	Forward reachability

===================================

[FW NOTE]: dfs max depth: 10

[FW NOTE]: number of total reachable states:        274

[FW NOTE]: number of dfs representative states:     26

[FW NOTE]: number of dfs non-representative states: 248


============================================================================================

	[FW RESULT]: Forward Reachability on [logs/reach/TCommit: resource_manager=5]

============================================================================================

sort: resource_manager=['resource_manager0', 'resource_manager1', 'resource_manager2', 'resource_manager3', 'resource_manager4']
predicate: aborted('resource_manager',)
predicate: working('resource_manager',)
predicate: prepared('resource_manager',)
predicate: committed('resource_manager',)
interpreted atoms: {}
state atoms: ['aborted(resource_manager0)', 'aborted(resource_manager1)', 'aborted(resource_manager2)', 'aborted(resource_manager3)', 'aborted(resource_manager4)', 'committed(resource_manager0)', 'committed(resource_manager1)', 'committed(resource_manager2)', 'committed(resource_manager3)', 'committed(resource_manager4)', 'prepared(resource_manager0)', 'prepared(resource_manager1)', 'prepared(resource_manager2)', 'prepared(resource_manager3)', 'prepared(resource_manager4)', 'working(resource_manager0)', 'working(resource_manager1)', 'working(resource_manager2)', 'working(resource_manager3)', 'working(resource_manager4)']
representative states : 31, 62, 124, 248, 496, 992, 1984, 3968, 7936, 15872, 31744, 33728, 99200, 230144, 492032, 1015808, 33232, 98704, 229648, 491536, 32984, 98456, 229400, 32860, 98332, 32798


=== State Orbit 0 =====================
size : 1
repr state: 00000000000000011111
lex min decimal: 31
states:
00000000000000011111




=== State Orbit 1 =====================
size : 5
repr state: 00000000001000001111
lex min decimal: 62
states:
00000000000000111110
00000000000100010111
00000000000010011011
00000000000001011101
00000000001000001111




=== State Orbit 2 =====================
size : 10
repr state: 00000000001100000111
lex min decimal: 124
states:
00000000001100000111
00000000001000101110
00000000000110010011
00000000000100110110
00000000001001001101
00000000000010111010
00000000000001111100
00000000000101010101
00000000001010001011
00000000000011011001




=== State Orbit 3 =====================
size : 10
repr state: 00000000001110000011
lex min decimal: 248
states:
00000000000101110100
00000000001101000101
00000000001001101100
00000000001010101010
00000000001011001001
00000000000011111000
00000000000111010001
00000000001110000011
00000000001100100110
00000000000110110010




=== State Orbit 4 =====================
size : 5
repr state: 00000000001111000001
lex min decimal: 496
states:
00000000001110100010
00000000001011101000
00000000001101100100
00000000000111110000
00000000001111000001




=== State Orbit 5 =====================
size : 1
repr state: 00000000001111100000
lex min decimal: 992
states:
00000000001111100000




=== State Orbit 6 =====================
size : 5
repr state: 00000100000111100000
lex min decimal: 1984
states:
00000010001011100000
00000000101110100000
00000001001101100000
00000100000111100000
00000000011111000000




=== State Orbit 7 =====================
size : 10
repr state: 00000110000011100000
lex min decimal: 3968
states:
00000100100110100000
00000000111110000000
00000010101010100000
00000110000011100000
00000010011011000000
00000001101100100000
00000001011101000000
00000011001001100000
00000101000101100000
00000100010111000000




=== State Orbit 8 =====================
size : 10
repr state: 00000111000001100000
lex min decimal: 7936
states:
00000100110110000000
00000011011001000000
00000010111010000000
00000110100010100000
00000110010011000000
00000001111100000000
00000111000001100000
00000101010101000000
00000101100100100000
00000011101000100000




=== State Orbit 9 =====================
size : 5
repr state: 00000111100000100000
lex min decimal: 15872
states:
00000111100000100000
00000111010001000000
00000110110010000000
00000011111000000000
00000101110100000000




=== State Orbit 10 =====================
size : 1
repr state: 00000111110000000000
lex min decimal: 31744
states:
00000111110000000000




=== State Orbit 11 =====================
size : 5
repr state: 10000000000111100000
lex min decimal: 33728
states:
00010000001110100000
00100000001101100000
00001000001111000000
01000000001011100000
10000000000111100000




=== State Orbit 12 =====================
size : 10
repr state: 11000000000011100000
lex min decimal: 99200
states:
00011000001110000000
00110000001100100000
00101000001101000000
10001000000111000000
01001000001011000000
10100000000101100000
01010000001010100000
10010000000110100000
11000000000011100000
01100000001001100000




=== State Orbit 13 =====================
size : 10
repr state: 11100000000001100000
lex min decimal: 230144
states:
10110000000100100000
00111000001100000000
11001000000011000000
01011000001010000000
10101000000101000000
11010000000010100000
01101000001001000000
11100000000001100000
10011000000110000000
01110000001000100000




=== State Orbit 14 =====================
size : 5
repr state: 11110000000000100000
lex min decimal: 492032
states:
11011000000010000000
10111000000100000000
11101000000001000000
11110000000000100000
01111000001000000000




=== State Orbit 15 =====================
size : 1
repr state: 11111000000000000000
lex min decimal: 1015808
states:
11111000000000000000




=== State Orbit 16 =====================
size : 20
repr state: 10000000000111000001
lex min decimal: 33232
states:
00100000001100100010
10000000000110100010
00100000001001101000
00010000001110000001
00100000000101110000
00001000001110000010
00001000000111010000
01000000001010100010
01000000001011000001
00010000001010101000
00001000001011001000
00010000000110110000
10000000000101100100
01000000001001100100
00010000001100100100
01000000000011110000
00001000001101000100
10000000000111000001
10000000000011101000
00100000001101000001




=== State Orbit 17 =====================
size : 30
repr state: 11000000000011000001
lex min decimal: 98704
states:
00110000001100000001
00101000001100000010
00011000001010001000
10100000000001101000
10001000000101000100
11000000000001100100
01010000001010000001
01100000001001000001
01100000001000100010
00101000000101010000
10010000000110000001
10010000000010101000
00101000001001001000
10001000000110000010
10100000000100100010
00110000000100110000
11000000000010100010
00011000001100000100
00011000000110010000
00110000001000101000
10100000000101000001
01001000001010000010
11000000000011000001
01001000001001000100
01010000000010110000
10001000000011001000
01010000001000100100
01100000000001110000
01001000000011010000
10010000000100100100




=== State Orbit 18 =====================
size : 20
repr state: 11100000000001000001
lex min decimal: 229648
states:
10110000000000101000
10011000000010001000
11100000000001000001
10011000000100000100
10101000000001001000
11010000000010000001
11010000000000100100
01110000001000000001
01101000001000000010
00111000000100010000
10101000000100000010
11001000000010000010
10110000000100000001
01011000000010010000
01110000000000110000
11100000000000100010
11001000000001000100
01101000000001010000
00111000001000001000
01011000001000000100




=== State Orbit 19 =====================
size : 5
repr state: 11110000000000000001
lex min decimal: 491536
states:
01111000000000010000
11101000000000000010
11110000000000000001
10111000000000001000
11011000000000000100




=== State Orbit 20 =====================
size : 30
repr state: 10000000000110000011
lex min decimal: 32984
states:
00001000001001001100
00001000000011011000
00001000001010001010
10000000000001101100
01000000001010000011
00010000001010001001
00100000000101010001
00100000000100110010
00100000001000101010
10000000000011001001
00100000000001111000
00001000000101010100
01000000001000100110
00001000001100000110
10000000000010101010
00010000000110010001
00100000001100000011
01000000000011010001
00010000001000101100
00010000000010111000
00010000001100000101
10000000000101000101
00100000001001001001
10000000000100100110
01000000000010110010
00010000000100110100
10000000000110000011
01000000001001000101
01000000000001110100
00001000000110010010




=== State Orbit 21 =====================
size : 30
repr state: 11000000000010000011
lex min decimal: 98456
states:
11000000000000100110
11000000000001000101
10010000000010001001
10001000000010001010
00110000000000111000
10100000000000101010
01010000000000110100
00011000000100010100
01010000001000000101
01010000000010010001
01001000000010010010
00110000000100010001
10010000000000101100
10100000000001001001
01100000000001010001
10001000000100000110
01100000000000110010
00101000000100010010
10010000000100000101
00101000000001011000
01001000000001010100
00011000001000001100
10001000000001001100
00101000001000001010
00110000001000001001
00011000000010011000
01001000001000000110
10100000000100000011
11000000000010000011
01100000001000000011




=== State Orbit 22 =====================
size : 10
repr state: 11100000000000000011
lex min decimal: 229400
states:
10110000000000001001
01110000000000010001
10011000000000001100
11100000000000000011
01101000000000010010
11010000000000000101
11001000000000000110
10101000000000001010
01011000000000010100
00111000000000011000




=== State Orbit 23 =====================
size : 20
repr state: 10000000000100000111
lex min decimal: 32860
states:
00001000000001011100
00001000001000001110
10000000000100000111
00010000000100010101
01000000001000000111
00100000001000001011
00010000001000001101
01000000000001010101
10000000000010001011
00001000000100010110
00100000000100010011
10000000000000101110
00010000000000111100
01000000000010010011
01000000000000110110
10000000000001001101
00001000000010011010
00100000000001011001
00100000000000111010
00010000000010011001




=== State Orbit 24 =====================
size : 10
repr state: 11000000000000000111
lex min decimal: 98332
states:
00011000000000011100
00110000000000011001
10010000000000001101
10001000000000001110
00101000000000011010
01100000000000010011
01001000000000010110
11000000000000000111
01010000000000010101
10100000000000001011




=== State Orbit 25 =====================
size : 5
repr state: 10000000000000001111
lex min decimal: 32798
states:
01000000000000010111
00010000000000011101
00100000000000011011
10000000000000001111
00001000000000011110



[QRM NOTE]: Time elapsed since start: 9.444 seconds

[QRM NOTE]: Time elapsed since last: 0.675 seconds

[QRM NOTE]: Peak memory: 1316274 bytes


=================================================================================================================

	[REACH_CHECK]: Reachability Convergence Check for Rmin on [logs/reach/TCommit: resource_manager=5]

=================================================================================================================

[REACH_CHECK RESULT]: PASS

[QRM NOTE]: Time elapsed since start: 10.049 seconds

[QRM NOTE]: Time elapsed since last: 0.605 seconds

[QRM NOTE]: Peak memory: 315090 bytes

