
**********************************************************************

	[QRM]: logs/reach/TCommit.resource_manager_2.0.ivy

**********************************************************************


---------- Parsing Ivy ----------


Printing isolate this:

OK


=====================================================================================

	[FW]: Forward Reachability on [logs/reach/TCommit: resource_manager=6]

=====================================================================================


==============================================

	Set up for forward reachability

==============================================

[FW NOTE]: number of state atoms: 24

[FW NOTE]: number of interpreted atoms (e.g. member,le): 0

[FW NOTE]: symmetric group order: 720

[FW NOTE]: number of branching actions: 18

ivy_to_cpp target=qrm TCommit.resource_manager_6.finite.ivy

[IVY_TO_CPP RESULT]: OK

swig -c++ -python -o TCommit.resource_manager_6.finite_wrap.cpp ivy_exec.i

[SWIG RESULT]: OK

g++ -std=c++11 -fpic -pthread -O3 TCommit.resource_manager_6.finite.cpp TCommit.resource_manager_6.finite_wrap.cpp -I/home/yunrong/.pyenv/versions/3.12.0/include/python3.12 -c

[G++ RESULT]: OK

g++ -shared TCommit.resource_manager_6.finite.o TCommit.resource_manager_6.finite_wrap.o -o _ivy_exec.so -lm -lstdc++

[LINK RESULT]: OK

[QRM NOTE]: Time elapsed since start: 7.928 seconds

[QRM NOTE]: Time elapsed since last: 7.928 seconds

[QRM NOTE]: Peak memory: 1271614 bytes


===================================

	Forward reachability

===================================

[FW NOTE]: dfs max depth: 12

[FW NOTE]: number of total reachable states:        792

[FW NOTE]: number of dfs representative states:     34

[FW NOTE]: number of dfs non-representative states: 758


============================================================================================

	[FW RESULT]: Forward Reachability on [logs/reach/TCommit: resource_manager=6]

============================================================================================

sort: resource_manager=['resource_manager0', 'resource_manager1', 'resource_manager2', 'resource_manager3', 'resource_manager4', 'resource_manager5']
predicate: prepared('resource_manager',)
predicate: committed('resource_manager',)
predicate: aborted('resource_manager',)
predicate: working('resource_manager',)
interpreted atoms: {}
state atoms: ['aborted(resource_manager0)', 'aborted(resource_manager1)', 'aborted(resource_manager2)', 'aborted(resource_manager3)', 'aborted(resource_manager4)', 'aborted(resource_manager5)', 'committed(resource_manager0)', 'committed(resource_manager1)', 'committed(resource_manager2)', 'committed(resource_manager3)', 'committed(resource_manager4)', 'committed(resource_manager5)', 'prepared(resource_manager0)', 'prepared(resource_manager1)', 'prepared(resource_manager2)', 'prepared(resource_manager3)', 'prepared(resource_manager4)', 'prepared(resource_manager5)', 'working(resource_manager0)', 'working(resource_manager1)', 'working(resource_manager2)', 'working(resource_manager3)', 'working(resource_manager4)', 'working(resource_manager5)']
representative states : 63, 126, 252, 504, 1008, 2016, 4032, 8064, 16128, 32256, 64512, 129024, 258048, 266112, 790272, 1838592, 3935232, 8128512, 16515072, 264096, 788256, 1836576, 3933216, 8126496, 263088, 787248, 1835568, 3932208, 262584, 786744, 1835064, 262332, 786492, 262206


=== State Orbit 0 =====================
size : 1
repr state: 000000000000000000111111
lex min decimal: 63
states:
000000000000000000111111




=== State Orbit 1 =====================
size : 6
repr state: 000000000000100000011111
lex min decimal: 126
states:
000000000000000010111101
000000000000100000011111
000000000000000100111011
000000000000000001111110
000000000000001000110111
000000000000010000101111




=== State Orbit 2 =====================
size : 15
repr state: 000000000000110000001111
lex min decimal: 252
states:
000000000000100001011110
000000000000000110111001
000000000000011000100111
000000000000101000010111
000000000000100100011011
000000000000001100110011
000000000000000011111100
000000000000010100101011
000000000000110000001111
000000000000010010101101
000000000000001001110110
000000000000100010011101
000000000000010001101110
000000000000001010110101
000000000000000101111010




=== State Orbit 3 =====================
size : 20
repr state: 000000000000111000000111
lex min decimal: 504
states:
000000000000100110011001
000000000000011100100011
000000000000000111111000
000000000000001110110001
000000000000010101101010
000000000000011001100110
000000000000110010001101
000000000000110100001011
000000000000101100010011
000000000000101010010101
000000000000111000000111
000000000000010110101001
000000000000101001010110
000000000000001011110100
000000000000001101110010
000000000000110001001110
000000000000100101011010
000000000000100011011100
000000000000010011101100
000000000000011010100101




=== State Orbit 4 =====================
size : 15
repr state: 000000000000111100000011
lex min decimal: 1008
states:
000000000000111001000110
000000000000101101010010
000000000000100111011000
000000000000011101100010
000000000000110110001001
000000000000101011010100
000000000000110101001010
000000000000001111110000
000000000000111010000101
000000000000011011100100
000000000000110011001100
000000000000101110010001
000000000000011110100001
000000000000010111101000
000000000000111100000011




=== State Orbit 5 =====================
size : 6
repr state: 000000000000111110000001
lex min decimal: 2016
states:
000000000000111110000001
000000000000110111001000
000000000000101111010000
000000000000011111100000
000000000000111011000100
000000000000111101000010




=== State Orbit 6 =====================
size : 1
repr state: 000000000000111111000000
lex min decimal: 4032
states:
000000000000111111000000




=== State Orbit 7 =====================
size : 6
repr state: 000000100000011111000000
lex min decimal: 8064
states:
000000000010111101000000
000000100000011111000000
000000010000101111000000
000000000100111011000000
000000001000110111000000
000000000001111110000000




=== State Orbit 8 =====================
size : 15
repr state: 000000110000001111000000
lex min decimal: 16128
states:
000000100100011011000000
000000001100110011000000
000000101000010111000000
000000001001110110000000
000000000110111001000000
000000000101111010000000
000000000011111100000000
000000010001101110000000
000000001010110101000000
000000110000001111000000
000000100010011101000000
000000100001011110000000
000000011000100111000000
000000010100101011000000
000000010010101101000000




=== State Orbit 9 =====================
size : 20
repr state: 000000111000000111000000
lex min decimal: 32256
states:
000000010011101100000000
000000001101110010000000
000000010110101001000000
000000111000000111000000
000000100101011010000000
000000011010100101000000
000000010101101010000000
000000101010010101000000
000000110010001101000000
000000001011110100000000
000000000111111000000000
000000101100010011000000
000000011100100011000000
000000011001100110000000
000000110001001110000000
000000110100001011000000
000000101001010110000000
000000001110110001000000
000000100011011100000000
000000100110011001000000




=== State Orbit 10 =====================
size : 15
repr state: 000000111100000011000000
lex min decimal: 64512
states:
000000111010000101000000
000000111100000011000000
000000001111110000000000
000000110101001010000000
000000101110010001000000
000000101011010100000000
000000110011001100000000
000000011101100010000000
000000010111101000000000
000000111001000110000000
000000100111011000000000
000000110110001001000000
000000011011100100000000
000000011110100001000000
000000101101010010000000




=== State Orbit 11 =====================
size : 6
repr state: 000000111110000001000000
lex min decimal: 129024
states:
000000110111001000000000
000000011111100000000000
000000111110000001000000
000000111101000010000000
000000111011000100000000
000000101111010000000000




=== State Orbit 12 =====================
size : 1
repr state: 000000111111000000000000
lex min decimal: 258048
states:
000000111111000000000000




=== State Orbit 13 =====================
size : 6
repr state: 100000000000011111000000
lex min decimal: 266112
states:
100000000000011111000000
001000000000110111000000
010000000000101111000000
000001000000111110000000
000010000000111101000000
000100000000111011000000




=== State Orbit 14 =====================
size : 15
repr state: 110000000000001111000000
lex min decimal: 790272
states:
110000000000001111000000
010001000000101110000000
100100000000011011000000
101000000000010111000000
010100000000101011000000
001100000000110011000000
001010000000110101000000
011000000000100111000000
001001000000110110000000
000110000000111001000000
010010000000101101000000
000011000000111100000000
100001000000011110000000
000101000000111010000000
100010000000011101000000




=== State Orbit 15 =====================
size : 20
repr state: 111000000000000111000000
lex min decimal: 1838592
states:
010110000000101001000000
110001000000001110000000
000111000000111000000000
100110000000011001000000
100101000000011010000000
101010000000010101000000
010011000000101100000000
001110000000110001000000
010101000000101010000000
011100000000100011000000
110010000000001101000000
011010000000100101000000
100011000000011100000000
001101000000110010000000
101100000000010011000000
111000000000000111000000
101001000000010110000000
011001000000100110000000
001011000000110100000000
110100000000001011000000




=== State Orbit 16 =====================
size : 15
repr state: 111100000000000011000000
lex min decimal: 3935232
states:
110011000000001100000000
011110000000100001000000
101110000000010001000000
101011000000010100000000
111010000000000101000000
111100000000000011000000
011011000000100100000000
010111000000101000000000
110110000000001001000000
011101000000100010000000
101101000000010010000000
110101000000001010000000
100111000000011000000000
001111000000110000000000
111001000000000110000000




=== State Orbit 17 =====================
size : 6
repr state: 111110000000000001000000
lex min decimal: 8128512
states:
011111000000100000000000
111011000000000100000000
101111000000010000000000
111110000000000001000000
110111000000001000000000
111101000000000010000000




=== State Orbit 18 =====================
size : 1
repr state: 111111000000000000000000
lex min decimal: 16515072
states:
111111000000000000000000




=== State Orbit 19 =====================
size : 30
repr state: 100000000000011110000001
lex min decimal: 264096
states:
000001000000111100000010
000010000000110101001000
000010000000111001000100
000100000000101011010000
000010000000101101010000
000010000000111100000001
010000000000101011000100
010000000000101101000010
100000000000010111001000
001000000000110101000010
100000000000001111010000
001000000000110110000001
000001000000110110001000
010000000000001111100000
000100000000011011100000
000010000000011101100000
000001000000111010000100
000001000000011110100000
010000000000100111001000
000100000000110011001000
000001000000101110010000
001000000000110011000100
001000000000010111100000
010000000000101110000001
100000000000011110000001
001000000000100111010000
000100000000111010000001
100000000000011101000010
000100000000111001000010
100000000000011011000100




=== State Orbit 20 =====================
size : 60
repr state: 110000000000001110000001
lex min decimal: 788256
states:
100010000000001101010000
000011000000110100001000
011000000000100101000010
001010000000100101010000
001001000000100110010000
100001000000011010000100
000101000000111000000010
101000000000010101000010
000011000000111000000100
000011000000011100100000
000110000000111000000001
010010000000101100000001
010100000000101010000001
001010000000010101100000
100001000000001110010000
010010000000001101100000
010100000000101001000010
010100000000001011100000
001100000000010011100000
100100000000001011010000
010100000000100011001000
010001000000001110100000
000110000000011001100000
010010000000100101001000
110000000000001011000100
100010000000011100000001
010001000000101100000010
100100000000010011001000
000011000000101100010000
100100000000011001000010
010001000000100110001000
001001000000110100000010
011000000000100011000100
001100000000100011010000
100001000000011100000010
000101000000011010100000
101000000000010011000100
100010000000011001000100
011000000000100110000001
100001000000010110001000
010001000000101010000100
001100000000110010000001
000110000000101001010000
000110000000110001001000
001001000000010110100000
001100000000110001000010
110000000000000111001000
101000000000000111010000
001010000000110001000100
011000000000000111100000
010010000000101001000100
001010000000110100000001
110000000000001101000010
100010000000010101001000
110000000000001110000001
000101000000101010010000
001001000000110010000100
000101000000110010001000
101000000000010110000001
100100000000011010000001




=== State Orbit 21 =====================
size : 60
repr state: 111000000000000110000001
lex min decimal: 1836576
states:
110100000000001010000001
101100000000000011010000
110001000000001100000010
100110000000001001010000
010110000000100001001000
010011000000101000000100
010101000000101000000010
010011000000001100100000
111000000000000110000001
101001000000000110010000
011010000000100100000001
110100000000000011001000
001110000000100001010000
101010000000010001000100
101100000000010010000001
011100000000000011100000
001101000000010010100000
100110000000011000000001
011001000000100010000100
101001000000010100000010
110001000000000110001000
010110000000101000000001
110010000000000101001000
001011000000010100100000
010101000000001010100000
000111000000011000100000
011010000000100001000100
010110000000001001100000
110010000000001001000100
011001000000000110100000
001101000000110000000010
100101000000011000000010
011010000000000101100000
010101000000100010001000
100011000000001100010000
001110000000010001100000
100011000000011000000100
001101000000100010010000
001011000000110000000100
101010000000000101010000
101100000000010001000010
100110000000010001001000
100101000000010010001000
110100000000001001000010
110010000000001100000001
010011000000100100001000
101001000000010010000100
111000000000000011000100
000111000000101000010000
001011000000100100010000
011100000000100010000001
110001000000001010000100
011001000000100100000010
100101000000001010010000
000111000000110000001000
001110000000110000000001
111000000000000101000010
100011000000010100001000
011100000000100001000010
101010000000010100000001




=== State Orbit 22 =====================
size : 30
repr state: 111100000000000010000001
lex min decimal: 3933216
states:
111100000000000010000001
110101000000000010001000
100111000000001000010000
111100000000000001000010
110101000000001000000010
010111000000001000100000
101110000000000001010000
101101000000000010010000
101011000000010000000100
101011000000000100010000
001111000000010000100000
100111000000010000001000
110110000000001000000001
011110000000000001100000
111010000000000100000001
011101000000100000000010
001111000000100000010000
111010000000000001000100
011110000000100000000001
101101000000010000000010
110011000000001000000100
101110000000010000000001
111001000000000010000100
011011000000100000000100
110011000000000100001000
010111000000100000001000
011101000000000010100000
111001000000000100000010
011011000000000100100000
110110000000000001001000




=== State Orbit 23 =====================
size : 6
repr state: 111110000000000000000001
lex min decimal: 8126496
states:
111011000000000000000100
011111000000000000100000
111101000000000000000010
111110000000000000000001
101111000000000000010000
110111000000000000001000




=== State Orbit 24 =====================
size : 60
repr state: 100000000000011100000011
lex min decimal: 263088
states:
100000000000011010000101
001000000000100110010001
001000000000100101010010
000001000000101010010100
100000000000011100000011
000001000000101100010010
000100000000101001010010
100000000000010011001100
010000000000101100000011
000001000000110100001010
000001000000011100100010
000100000000110010001001
000001000000010110101000
100000000000001101010010
000001000000011010100100
100000000000001110010001
000100000000011010100001
000100000000011001100010
001000000000000111110000
000010000000110100001001
000010000000010101101000
100000000000010101001010
000010000000011100100001
010000000000001101100010
000100000000100011011000
000100000000010011101000
000010000000110001001100
000001000000111000000110
000010000000101001010100
010000000000100101001010
000001000000100110011000
010000000000000111101000
010000000000101001000110
010000000000100110001001
100000000000010110001001
000010000000001101110000
000010000000011001100100
010000000000101010000101
000100000000111000000011
000100000000101010010001
001000000000110100000011
010000000000001011100100
100000000000011001000110
100000000000000111011000
001000000000010110100001
000100000000110001001010
100000000000001011010100
001000000000110001000110
001000000000010011100100
000010000000101100010001
000001000000110010001100
000010000000111000000101
001000000000110010000101
010000000000001110100001
001000000000100011010100
000010000000100101011000
000100000000001011110000
001000000000010101100010
010000000000100011001100
000001000000001110110000




=== State Orbit 25 =====================
size : 90
repr state: 110000000000001100000011
lex min decimal: 787248
states:
010010000000100100001001
011000000000000101100010
001100000000110000000011
101000000000010010000101
011000000000100001000110
001001000000010100100010
011000000000100010000101
000110000000001001110000
110000000000000011001100
000011000000011000100100
101000000000000110010001
100100000000001010010001
100010000000010001001100
010100000000100010001001
101000000000000101010010
001001000000100100010010
000101000000001010110000
100001000000001010010100
000110000000101000010001
011000000000000011100100
000110000000110000001001
000101000000110000001010
010001000000101000000110
100100000000011000000011
010010000000001001100100
000011000000010100101000
100100000000001001010010
010001000000000110101000
101000000000010001000110
011000000000000110100001
010010000000001100100001
100010000000001001010100
001001000000110000000110
010001000000100100001010
010100000000001001100010
000011000000101000010100
101000000000010100000011
001010000000010100100001
000101000000101000010010
110000000000001010000101
100001000000010100001010
000011000000100100011000
110000000000001001000110
010100000000100001001010
110000000000001100000011
011000000000100100000011
001100000000100010010001
100001000000011000000110
010010000000100001001100
001001000000010010100100
001010000000000101110000
001100000000010010100001
000101000000100010011000
010010000000000101101000
001010000000100100010001
000110000000011000100001
001100000000100001010010
000101000000011000100010
010001000000100010001100
100010000000011000000101
001001000000100010010100
100001000000001100010010
000110000000010001101000
010001000000001010100100
001100000000010001100010
100100000000010001001010
001010000000100001010100
010010000000101000000101
100001000000000110011000
010100000000101000000011
110000000000000101001010
001100000000000011110000
010100000000001010100001
010100000000000011101000
101000000000000011010100
100010000000000101011000
110000000000000110001001
100010000000001100010001
000110000000100001011000
010001000000001100100010
001001000000000110110000
000011000000110000001100
100100000000000011011000
100010000000010100001001
001010000000110000000101
100001000000010010001100
000101000000010010101000
000011000000001100110000
100100000000010010001001
001010000000010001100100




=== State Orbit 26 =====================
size : 60
repr state: 111000000000000100000011
lex min decimal: 1835568
states:
011100000000000001100010
010110000000100000001001
110010000000001000000101
001110000000000001110000
101001000000010000000110
110001000000000010001100
001101000000100000010010
011010000000000100100001
011001000000100000000110
011010000000000001100100
001011000000010000100100
010011000000000100101000
100011000000001000010100
110010000000000001001100
110010000000000100001001
101001000000000100010010
010011000000100000001100
100110000000000001011000
101010000000000001010100
101010000000000100010001
110100000000000010001001
101100000000000010010001
011001000000000010100100
101100000000000001010010
000111000000010000101000
011100000000000010100001
011010000000100000000101
100101000000000010011000
001011000000100000010100
010110000000000001101000
111000000000000010000101
010110000000001000100001
000111000000001000110000
010011000000001000100100
010101000000000010101000
110100000000000001001010
101100000000010000000011
101010000000010000000101
110100000000001000000011
110001000000001000000110
010101000000001000100010
100110000000010000001001
001110000000100000010001
100101000000010000001010
011100000000100000000011
001101000000000010110000
100101000000001000010010
010101000000100000001010
000111000000100000011000
011001000000000100100010
001101000000010000100010
100011000000000100011000
001110000000010000100001
001011000000000100110000
100011000000010000001100
101001000000000010010100
100110000000001000010001
111000000000000100000011
110001000000000100001010
111000000000000001000110




=== State Orbit 27 =====================
size : 15
repr state: 111100000000000000000011
lex min decimal: 3932208
states:
100111000000000000011000
111001000000000000000110
111010000000000000000101
101011000000000000010100
001111000000000000110000
111100000000000000000011
101110000000000000010001
110110000000000000001001
110011000000000000001100
101101000000000000010010
011101000000000000100010
110101000000000000001010
011110000000000000100001
010111000000000000101000
011011000000000000100100




=== State Orbit 28 =====================
size : 60
repr state: 100000000000011000000111
lex min decimal: 262584
states:
000100000000001001110010
100000000000000011011100
100000000000000101011010
000100000000100010011001
001000000000100010010101
010000000000100100001011
000010000000100100011001
000001000000001010110100
000010000000110000001101
100000000000001100010011
100000000000011000000111
100000000000000110011001
010000000000000110101001
000100000000011000100011
010000000000100010001101
000100000000110000001011
000010000000011000100101
000010000000001001110100
000001000000110000001110
000001000000010100101010
000001000000010010101100
000001000000000110111000
001000000000010010100101
000010000000101000010101
000001000000011000100110
000100000000100001011010
001000000000000011110100
000100000000101000010011
000100000000000011111000
010000000000001001100110
010000000000000101101010
100000000000010100001011
001000000000100100010011
000010000000010001101100
000100000000001010110001
000001000000100010011100
100000000000010010001101
000001000000100100011010
000010000000100001011100
100000000000010001001110
000001000000101000010110
100000000000001001010110
000010000000000101111000
000010000000010100101001
000100000000010010101001
001000000000010100100011
010000000000101000000111
000010000000001100110001
000100000000010001101010
010000000000100001001110
001000000000000101110010
001000000000010001100110
000001000000001100110010
010000000000001010100101
100000000000001010010101
001000000000110000000111
001000000000100001010110
010000000000001100100011
010000000000000011101100
001000000000000110110001




=== State Orbit 29 =====================
size : 60
repr state: 110000000000001000000111
lex min decimal: 786744
states:
110000000000001000000111
100100000000000001011010
011000000000000100100011
100100000000010000001011
000011000000010000101100
000110000000001000110001
001010000000000001110100
001100000000000010110001
001010000000010000100101
001001000000000010110100
000110000000000001111000
001010000000100000010101
010100000000000010101001
101000000000000010010101
100100000000000010011001
011000000000000010100101
000011000000001000110100
000011000000000100111000
001001000000000100110010
000101000000100000011010
100001000000001000010110
010010000000000100101001
100010000000010000001101
010100000000100000001011
000101000000010000101010
010001000000001000100110
100100000000001000010011
000110000000010000101001
110000000000000100001011
000101000000000010111000
101000000000000001010110
100001000000000010011100
010100000000000001101010
010001000000100000001110
010010000000100000001101
100010000000001000010101
001001000000100000010110
000101000000001000110010
001010000000000100110001
001100000000010000100011
011000000000100000000111
101000000000010000000111
101000000000000100010011
110000000000000010001101
100001000000010000001110
010010000000000001101100
001100000000000001110010
110000000000000001001110
001001000000010000100110
001100000000100000010011
100010000000000100011001
000110000000100000011001
000011000000100000011100
010100000000001000100011
010001000000000010101100
010001000000000100101010
011000000000000001100110
010010000000001000100101
100001000000000100011010
100010000000000001011100




=== State Orbit 30 =====================
size : 20
repr state: 111000000000000000000111
lex min decimal: 1835064
states:
101010000000000000010101
110010000000000000001101
001011000000000000110100
011001000000000000100110
111000000000000000000111
011010000000000000100101
110001000000000000001110
001110000000000000110001
101001000000000000010110
000111000000000000111000
001101000000000000110010
010101000000000000101010
101100000000000000010011
100110000000000000011001
110100000000000000001011
010110000000000000101001
011100000000000000100011
010011000000000000101100
100101000000000000011010
100011000000000000011100




=== State Orbit 31 =====================
size : 30
repr state: 100000000000010000001111
lex min decimal: 262332
states:
000100000000000010111001
000010000000010000101101
100000000000010000001111
000010000000000001111100
000100000000001000110011
010000000000001000100111
000001000000000100111010
001000000000010000100111
100000000000001000010111
000001000000000010111100
100000000000000100011011
000100000000010000101011
001000000000000100110011
010000000000000001101110
100000000000000010011101
010000000000000100101011
000001000000001000110110
000001000000100000011110
010000000000100000001111
000100000000000001111010
000010000000100000011101
000001000000010000101110
010000000000000010101101
001000000000100000010111
000100000000100000011011
001000000000000010110101
100000000000000001011110
000010000000000100111001
001000000000000001110110
000010000000001000110101




=== State Orbit 32 =====================
size : 15
repr state: 110000000000000000001111
lex min decimal: 786492
states:
100100000000000000011011
000011000000000000111100
000110000000000000111001
011000000000000000100111
010010000000000000101101
001010000000000000110101
000101000000000000111010
010001000000000000101110
001001000000000000110110
100001000000000000011110
010100000000000000101011
001100000000000000110011
110000000000000000001111
101000000000000000010111
100010000000000000011101




=== State Orbit 33 =====================
size : 6
repr state: 100000000000000000011111
lex min decimal: 262206
states:
000001000000000000111110
100000000000000000011111
001000000000000000110111
010000000000000000101111
000010000000000000111101
000100000000000000111011



[QRM NOTE]: Time elapsed since start: 12.984 seconds

[QRM NOTE]: Time elapsed since last: 5.056 seconds

[QRM NOTE]: Peak memory: 1497284 bytes


=================================================================================================================

	[REACH_CHECK]: Reachability Convergence Check for Rmin on [logs/reach/TCommit: resource_manager=6]

=================================================================================================================

[REACH_CHECK RESULT]: PASS

[QRM NOTE]: Time elapsed since start: 17.826 seconds

[QRM NOTE]: Time elapsed since last: 4.842 seconds

[QRM NOTE]: Peak memory: 549692 bytes

