
***********************************************************************

	[QRM]: logs/reach/TwoPhase.resource_manager_1.0.ivy

***********************************************************************


---------- Parsing Ivy ----------


Printing isolate this:

OK


======================================================================================

	[FW]: Forward Reachability on [logs/reach/TwoPhase: resource_manager=4]

======================================================================================


==============================================

	Set up for forward reachability

==============================================

[FW NOTE]: number of state atoms: 29

[FW NOTE]: number of interpreted atoms (e.g. member,le): 0

[FW NOTE]: symmetric group order: 24

[FW NOTE]: number of branching actions: 22

ivy_to_cpp target=qrm TwoPhase.resource_manager_4.finite.ivy

[IVY_TO_CPP RESULT]: OK

swig -c++ -python -o TwoPhase.resource_manager_4.finite_wrap.cpp ivy_exec.i

[SWIG RESULT]: OK

g++ -std=c++11 -fpic -pthread -O3 TwoPhase.resource_manager_4.finite.cpp TwoPhase.resource_manager_4.finite_wrap.cpp -I/home/yunrong/.pyenv/versions/3.12.0/include/python3.12 -c

[G++ RESULT]: OK

g++ -shared TwoPhase.resource_manager_4.finite.o TwoPhase.resource_manager_4.finite_wrap.o -o _ivy_exec.so -lm -lstdc++

[LINK RESULT]: OK

[QRM NOTE]: Time elapsed since start: 7.487 seconds

[QRM NOTE]: Time elapsed since last: 7.487 seconds

[QRM NOTE]: Peak memory: 1208955 bytes


===================================

	Forward reachability

===================================

[FW NOTE]: dfs max depth: 13

[FW NOTE]: number of total reachable states:        1568

[FW NOTE]: number of dfs representative states:     166

[FW NOTE]: number of dfs non-representative states: 1402


=============================================================================================

	[FW RESULT]: Forward Reachability on [logs/reach/TwoPhase: resource_manager=4]

=============================================================================================

sort: resource_manager=['resource_manager0', 'resource_manager1', 'resource_manager2', 'resource_manager3']
predicate: tm_committed()
predicate: tm_prepared('resource_manager',)
predicate: prepared('resource_manager',)
predicate: tm_aborted()
predicate: committed('resource_manager',)
predicate: aborted('resource_manager',)
predicate: working('resource_manager',)
predicate: tm_init()
predicate: msg_abort()
predicate: msg_commit()
predicate: msg_prepared('resource_manager',)
interpreted atoms: {}
state atoms: ['aborted(resource_manager0)', 'aborted(resource_manager1)', 'aborted(resource_manager2)', 'aborted(resource_manager3)', 'committed(resource_manager0)', 'committed(resource_manager1)', 'committed(resource_manager2)', 'committed(resource_manager3)', 'msg_abort()', 'msg_commit()', 'msg_prepared(resource_manager0)', 'msg_prepared(resource_manager1)', 'msg_prepared(resource_manager2)', 'msg_prepared(resource_manager3)', 'prepared(resource_manager0)', 'prepared(resource_manager1)', 'prepared(resource_manager2)', 'prepared(resource_manager3)', 'tm_aborted()', 'tm_committed()', 'tm_init()', 'tm_prepared(resource_manager0)', 'tm_prepared(resource_manager1)', 'tm_prepared(resource_manager2)', 'tm_prepared(resource_manager3)', 'working(resource_manager0)', 'working(resource_manager1)', 'working(resource_manager2)', 'working(resource_manager3)']
representative states : 271, 1049615, 1084430, 1154060, 1293320, 1571840, 35124224, 102228992, 236438528, 504857600, 35091456, 102163456, 236307456, 504595456, 34845704, 101950472, 236160008, 34812936, 102130688, 236241920, 504464384, 101884936, 236028936, 34706444, 101811212, 34673676, 101852168, 236209152, 504398848, 235963400, 101745676, 34636814, 34604046, 101712908, 235930632, 504366080, 35086, 35102, 1084446, 1154076, 1293336, 1571856, 35124240, 102229008, 236438544, 504857616, 35124256, 102229056, 236438656, 35091488, 102163472, 236307472, 504595472, 102163520, 236307584, 34845720, 101950488, 236160024, 34845736, 101950536, 34812968, 102130752, 236241936, 504464400, 236242048, 101884952, 236028952, 101885000, 34706460, 101811228, 34706476, 34673708, 101852232, 236209280, 504398864, 235963416, 101745692, 34636830, 104732, 104764, 1154108, 1293368, 1571888, 35124272, 102229040, 236438576, 504857648, 102229072, 236438672, 35124320, 102229184, 35091552, 102163536, 236307504, 504595504, 236307600, 102163648, 34845752, 101950520, 236160056, 101950552, 34845800, 34813032, 102130880, 236242064, 504464432, 101885016, 236028984, 34706492, 101811260, 244024, 244088, 1293432, 1571952, 35124336, 102229104, 236438640, 504857712, 236438704, 102229200, 35124448, 35091680, 102163664, 236307632, 504595568, 34845816, 101950584, 236160120, 522608, 522736, 1047280, 3142384, 7332592, 15713008, 32473840, 1572080, 35124464, 102229232, 236438768, 504857840, 34042336, 522544, 34042208, 33763688, 101081536, 243992, 522512, 34042144, 33763624, 101081408, 33624364, 100802888, 235159936, 104716, 243976, 522496, 34042112, 33763592, 101081344, 33624332, 100802824, 235159808, 33554702, 100663564, 234881288, 503316736


=== State Orbit 0 =====================
size : 1
repr state: 00000000000000000000100001111
lex min decimal: 271
states:
00000000000000000000100001111




=== State Orbit 1 =====================
size : 1
repr state: 00000000100000000010000001111
lex min decimal: 1049615
states:
00000000100000000010000001111




=== State Orbit 2 =====================
size : 4
repr state: 00000000101000100010000000111
lex min decimal: 1084430
states:
00000000101000100010000000111
00000000100010001010000001101
00000000100100010010000001011
00000000100001000110000001110




=== State Orbit 3 =====================
size : 6
repr state: 00000000101100110010000000011
lex min decimal: 1154060
states:
00000000101100110010000000011
00000000101001100110000000110
00000000100011001110000001100
00000000101010101010000000101
00000000100110011010000001001
00000000100101010110000001010




=== State Orbit 4 =====================
size : 4
repr state: 00000000101110111010000000001
lex min decimal: 1293320
states:
00000000100111011110000001000
00000000101101110110000000010
00000000101011101110000000100
00000000101110111010000000001




=== State Orbit 5 =====================
size : 1
repr state: 00000000101111111110000000000
lex min decimal: 1571840
states:
00000000101111111110000000000




=== State Orbit 6 =====================
size : 4
repr state: 10000000101111011110000000000
lex min decimal: 35124224
states:
10000000101111011110000000000
00010000101111111010000000000
01000000101111101110000000000
00100000101111110110000000000




=== State Orbit 7 =====================
size : 6
repr state: 11000000101111001110000000000
lex min decimal: 102228992
states:
10010000101111011010000000000
10100000101111010110000000000
00110000101111110010000000000
11000000101111001110000000000
01010000101111101010000000000
01100000101111100110000000000




=== State Orbit 8 =====================
size : 4
repr state: 11100000101111000110000000000
lex min decimal: 236438528
states:
10110000101111010010000000000
11010000101111001010000000000
01110000101111100010000000000
11100000101111000110000000000




=== State Orbit 9 =====================
size : 1
repr state: 11110000101111000010000000000
lex min decimal: 504857600
states:
11110000101111000010000000000




=== State Orbit 10 =====================
size : 4
repr state: 00010000101110111010000000000
lex min decimal: 35091456
states:
01000000101011101110000000000
00100000101101110110000000000
10000000100111011110000000000
00010000101110111010000000000




=== State Orbit 11 =====================
size : 12
repr state: 10010000101110011010000000000
lex min decimal: 102163456
states:
10010000100111011010000000000
10010000101110011010000000000
01100000101011100110000000000
00110000101110110010000000000
11000000100111001110000000000
10100000100111010110000000000
01010000101110101010000000000
01010000101011101010000000000
11000000101011001110000000000
01100000101101100110000000000
00110000101101110010000000000
10100000101101010110000000000




=== State Orbit 12 =====================
size : 12
repr state: 11010000101110001010000000000
lex min decimal: 236307456
states:
10110000101110010010000000000
10110000100111010010000000000
11010000100111001010000000000
10110000101101010010000000000
11010000101011001010000000000
01110000101110100010000000000
11100000100111000110000000000
11100000101011000110000000000
11100000101101000110000000000
01110000101011100010000000000
01110000101101100010000000000
11010000101110001010000000000




=== State Orbit 13 =====================
size : 4
repr state: 11110000101110000010000000000
lex min decimal: 504595456
states:
11110000101110000010000000000
11110000100111000010000000000
11110000101101000010000000000
11110000101011000010000000000




=== State Orbit 14 =====================
size : 12
repr state: 10000000101110011010000000001
lex min decimal: 34845704
states:
01000000101101100110000000010
00010000101101110010000000010
00100000101110110010000000001
00100000101011100110000000100
10000000101101010110000000010
01000000100111001110000001000
00100000100111010110000001000
00010000100111011010000001000
00010000101011101010000000100
10000000101110011010000000001
10000000101011001110000000100
01000000101110101010000000001




=== State Orbit 15 =====================
size : 12
repr state: 11000000101110001010000000001
lex min decimal: 101950472
states:
10100000101110010010000000001
10010000101101010010000000010
00110000101011100010000000100
01100000101110100010000000001
10010000101011001010000000100
01100000100111000110000001000
00110000100111010010000001000
11000000101101000110000000010
01010000100111001010000001000
11000000101110001010000000001
10100000101011000110000000100
01010000101101100010000000010




=== State Orbit 16 =====================
size : 4
repr state: 11100000101110000010000000001
lex min decimal: 236160008
states:
11100000101110000010000000001
10110000101011000010000000100
01110000100111000010000001000
11010000101101000010000000010




=== State Orbit 17 =====================
size : 12
repr state: 00100000101100110010000000001
lex min decimal: 34812936
states:
00100000100101010110000001000
10000000100110011010000000001
10000000100011001110000000100
01000000101010101010000000001
00010000101010101010000000100
00100000101100110010000000001
01000000101001100110000000010
00100000101001100110000000100
10000000100101010110000000010
00010000100110011010000001000
01000000100011001110000001000
00010000101100110010000000010




=== State Orbit 18 =====================
size : 6
repr state: 00110000101100110010000000000
lex min decimal: 102130688
states:
10010000100110011010000000000
00110000101100110010000000000
01010000101010101010000000000
10100000100101010110000000000
11000000100011001110000000000
01100000101001100110000000000




=== State Orbit 19 =====================
size : 12
repr state: 10110000101100010010000000000
lex min decimal: 236241920
states:
01110000101100100010000000000
11010000100011001010000000000
01110000101010100010000000000
11100000100101000110000000000
01110000101001100010000000000
10110000100101010010000000000
10110000100110010010000000000
11010000100110001010000000000
11100000100011000110000000000
11010000101010001010000000000
11100000101001000110000000000
10110000101100010010000000000




=== State Orbit 20 =====================
size : 6
repr state: 11110000101100000010000000000
lex min decimal: 504464384
states:
11110000101001000010000000000
11110000100110000010000000000
11110000101010000010000000000
11110000100011000010000000000
11110000101100000010000000000
11110000100101000010000000000




=== State Orbit 21 =====================
size : 24
repr state: 10100000101100010010000000001
lex min decimal: 101884936
states:
01010000101100100010000000010
01010000100110001010000001000
00110000101001100010000000100
10100000101001000110000000100
10100000100011000110000000100
11000000101010001010000000001
00110000100101010010000001000
01010000100011001010000001000
01100000101010100010000000001
01010000101001100010000000010
10010000100011001010000000100
10010000101100010010000000010
01100000100011000110000001000
00110000100110010010000001000
01100000100101000110000001000
10010000100101010010000000010
11000000101001000110000000010
10100000101100010010000000001
00110000101010100010000000100
10010000101010001010000000100
10100000100110010010000000001
01100000101100100010000000001
11000000100110001010000000001
11000000100101000110000000010




=== State Orbit 22 =====================
size : 12
repr state: 11100000101100000010000000001
lex min decimal: 236028936
states:
11010000100101000010000000010
10110000100011000010000000100
11100000101010000010000000001
11100000101100000010000000001
01110000100110000010000001000
11100000100110000010000000001
01110000100101000010000001000
10110000101010000010000000100
01110000100011000010000001000
10110000101001000010000000100
11010000101001000010000000010
11010000101100000010000000010




=== State Orbit 23 =====================
size : 12
repr state: 10000000101100010010000000011
lex min decimal: 34706444
states:
00010000100101010010000001010
01000000100101000110000001010
00100000101010100010000000101
01000000100110001010000001001
00010000100011001010000001100
00100000100011000110000001100
10000000101010001010000000101
00010000101001100010000000110
10000000101100010010000000011
00100000100110010010000001001
10000000101001000110000000110
01000000101100100010000000011




=== State Orbit 24 =====================
size : 6
repr state: 11000000101100000010000000011
lex min decimal: 101811212
states:
01100000100110000010000001001
00110000100011000010000001100
11000000101100000010000000011
10100000101010000010000000101
01010000100101000010000001010
10010000101001000010000000110




=== State Orbit 25 =====================
size : 12
repr state: 01000000101000100010000000011
lex min decimal: 34673676
states:
00010000100010001010000001100
00100000100100010010000001001
00100000101000100010000000101
00010000101000100010000000110
01000000101000100010000000011
10000000100100010010000000011
10000000100010001010000000101
10000000100001000110000000110
00100000100001000110000001100
01000000100001000110000001010
01000000100010001010000001001
00010000100100010010000001010




=== State Orbit 26 =====================
size : 12
repr state: 01100000101000100010000000001
lex min decimal: 101852168
states:
01010000100010001010000001000
10010000100100010010000000010
10010000100010001010000000100
01100000101000100010000000001
11000000100010001010000000001
01010000101000100010000000010
11000000100001000110000000010
00110000100100010010000001000
00110000101000100010000000100
01100000100001000110000001000
10100000100100010010000000001
10100000100001000110000000100




=== State Orbit 27 =====================
size : 4
repr state: 01110000101000100010000000000
lex min decimal: 236209152
states:
11010000100010001010000000000
01110000101000100010000000000
10110000100100010010000000000
11100000100001000110000000000




=== State Orbit 28 =====================
size : 4
repr state: 11110000101000000010000000000
lex min decimal: 504398848
states:
11110000100100000010000000000
11110000100001000010000000000
11110000101000000010000000000
11110000100010000010000000000




=== State Orbit 29 =====================
size : 12
repr state: 11100000101000000010000000001
lex min decimal: 235963400
states:
11100000100100000010000000001
11100000101000000010000000001
01110000100100000010000001000
11010000100100000010000000010
11100000100010000010000000001
10110000101000000010000000100
11010000101000000010000000010
11010000100001000010000000010
10110000100001000010000000100
01110000100001000010000001000
10110000100010000010000000100
01110000100010000010000001000




=== State Orbit 30 =====================
size : 12
repr state: 11000000101000000010000000011
lex min decimal: 101745676
states:
11000000101000000010000000011
11000000100100000010000000011
10100000100010000010000000101
01100000100100000010000001001
10100000101000000010000000101
10010000100001000010000000110
00110000100010000010000001100
01010000100001000010000001010
10010000101000000010000000110
01010000100100000010000001010
01100000100010000010000001001
00110000100001000010000001100




=== State Orbit 31 =====================
size : 4
repr state: 10000000101000000010000000111
lex min decimal: 34636814
states:
01000000100100000010000001011
00100000100010000010000001101
10000000101000000010000000111
00010000100001000010000001110




=== State Orbit 32 =====================
size : 4
repr state: 10000000100000000010000000111
lex min decimal: 34604046
states:
01000000100000000010000001011
10000000100000000010000000111
00010000100000000010000001110
00100000100000000010000001101




=== State Orbit 33 =====================
size : 6
repr state: 11000000100000000010000000011
lex min decimal: 101712908
states:
01100000100000000010000001001
11000000100000000010000000011
10100000100000000010000000101
00110000100000000010000001100
10010000100000000010000000110
01010000100000000010000001010




=== State Orbit 34 =====================
size : 4
repr state: 11100000100000000010000000001
lex min decimal: 235930632
states:
11100000100000000010000000001
11010000100000000010000000010
10110000100000000010000000100
01110000100000000010000001000




=== State Orbit 35 =====================
size : 1
repr state: 11110000100000000010000000000
lex min decimal: 504366080
states:
11110000100000000010000000000




=== State Orbit 36 =====================
size : 4
repr state: 00000000001000100000100000111
lex min decimal: 35086
states:
00000000000001000100100001110
00000000001000100000100000111
00000000000100010000100001011
00000000000010001000100001101




=== State Orbit 37 =====================
size : 4
repr state: 00000000001000100000110000111
lex min decimal: 35102
states:
00000000000001000100100011110
00000000000010001000100101101
00000000000100010000101001011
00000000001000100000110000111




=== State Orbit 38 =====================
size : 4
repr state: 00000000101000100010010000111
lex min decimal: 1084446
states:
00000000100100010010001001011
00000000101000100010010000111
00000000100001000110000011110
00000000100010001010000101101




=== State Orbit 39 =====================
size : 12
repr state: 00000000101100110010010000011
lex min decimal: 1154076
states:
00000000100101010110000011010
00000000101001100110010000110
00000000101010101010000100101
00000000101100110010001000011
00000000100011001110000011100
00000000101010101010010000101
00000000100110011010001001001
00000000100101010110001001010
00000000100110011010000101001
00000000100011001110000101100
00000000101001100110000010110
00000000101100110010010000011




=== State Orbit 40 =====================
size : 12
repr state: 00000000101110111010010000001
lex min decimal: 1293336
states:
00000000101101110110010000010
00000000101110111010010000001
00000000101101110110000010010
00000000101011101110010000100
00000000100111011110000011000
00000000101011101110000010100
00000000100111011110000101000
00000000100111011110001001000
00000000101110111010000100001
00000000101011101110000100100
00000000101110111010001000001
00000000101101110110001000010




=== State Orbit 41 =====================
size : 4
repr state: 00000000101111111110010000000
lex min decimal: 1571856
states:
00000000101111111110000100000
00000000101111111110000010000
00000000101111111110001000000
00000000101111111110010000000




=== State Orbit 42 =====================
size : 4
repr state: 10000000101111011110010000000
lex min decimal: 35124240
states:
10000000101111011110010000000
00010000101111111010000010000
00100000101111110110000100000
01000000101111101110001000000




=== State Orbit 43 =====================
size : 12
repr state: 11000000101111001110010000000
lex min decimal: 102229008
states:
01100000101111100110000100000
11000000101111001110010000000
10010000101111011010010000000
10100000101111010110010000000
00110000101111110010000010000
01010000101111101010001000000
10100000101111010110000100000
00110000101111110010000100000
11000000101111001110001000000
10010000101111011010000010000
01010000101111101010000010000
01100000101111100110001000000




=== State Orbit 44 =====================
size : 12
repr state: 11100000101111000110010000000
lex min decimal: 236438544
states:
10110000101111010010000100000
01110000101111100010001000000
11010000101111001010000010000
11010000101111001010001000000
01110000101111100010000100000
10110000101111010010000010000
11100000101111000110010000000
01110000101111100010000010000
10110000101111010010010000000
11010000101111001010010000000
11100000101111000110001000000
11100000101111000110000100000




=== State Orbit 45 =====================
size : 4
repr state: 11110000101111000010010000000
lex min decimal: 504857616
states:
11110000101111000010010000000
11110000101111000010001000000
11110000101111000010000010000
11110000101111000010000100000




=== State Orbit 46 =====================
size : 12
repr state: 01000000101111101110010000000
lex min decimal: 35124256
states:
01000000101111101110000010000
01000000101111101110010000000
10000000101111011110000010000
00100000101111110110010000000
00010000101111111010000100000
00100000101111110110001000000
00010000101111111010001000000
01000000101111101110000100000
00100000101111110110000010000
00010000101111111010010000000
10000000101111011110001000000
10000000101111011110000100000




=== State Orbit 47 =====================
size : 12
repr state: 01100000101111100110010000000
lex min decimal: 102229056
states:
00110000101111110010001000000
10010000101111011010001000000
10100000101111010110001000000
11000000101111001110000010000
10100000101111010110000010000
01010000101111101010000100000
00110000101111110010010000000
01010000101111101010010000000
01100000101111100110010000000
01100000101111100110000010000
10010000101111011010000100000
11000000101111001110000100000




=== State Orbit 48 =====================
size : 4
repr state: 01110000101111100010010000000
lex min decimal: 236438656
states:
01110000101111100010010000000
10110000101111010010001000000
11010000101111001010000100000
11100000101111000110000010000




=== State Orbit 49 =====================
size : 12
repr state: 00010000101110111010010000000
lex min decimal: 35091488
states:
10000000100111011110000010000
00100000101101110110001000000
00010000101110111010001000000
00100000101101110110000010000
10000000100111011110001000000
01000000101011101110000010000
10000000100111011110000100000
00010000101110111010000100000
01000000101011101110010000000
00010000101110111010010000000
01000000101011101110000100000
00100000101101110110010000000




=== State Orbit 50 =====================
size : 12
repr state: 10010000101110011010010000000
lex min decimal: 102163472
states:
01010000101110101010001000000
10100000100111010110000100000
10100000101101010110010000000
11000000101011001110010000000
01100000101101100110001000000
01010000101011101010000010000
10010000100111011010000010000
10010000101110011010010000000
11000000100111001110001000000
00110000101101110010000010000
00110000101110110010000100000
01100000101011100110000100000




=== State Orbit 51 =====================
size : 24
repr state: 11010000101110001010010000000
lex min decimal: 236307472
states:
11100000101011000110000100000
01110000101110100010000100000
11100000101011000110010000000
01110000101101100010000010000
11010000101011001010010000000
10110000101101010010010000000
01110000101101100010001000000
10110000100111010010000100000
11010000100111001010001000000
01110000101110100010001000000
11100000100111000110000100000
10110000101110010010000100000
11010000101110001010001000000
10110000101110010010010000000
11010000101011001010000010000
10110000100111010010000010000
10110000101101010010000010000
11100000100111000110001000000
11100000101101000110001000000
01110000101011100010000010000
11010000101110001010010000000
11100000101101000110010000000
01110000101011100010000100000
11010000100111001010000010000




=== State Orbit 52 =====================
size : 12
repr state: 11110000101110000010010000000
lex min decimal: 504595472
states:
11110000101110000010000100000
11110000100111000010000010000
11110000101101000010010000000
11110000101011000010000010000
11110000101011000010010000000
11110000101011000010000100000
11110000101101000010001000000
11110000100111000010001000000
11110000100111000010000100000
11110000101101000010000010000
11110000101110000010010000000
11110000101110000010001000000




=== State Orbit 53 =====================
size : 24
repr state: 01010000101110101010010000000
lex min decimal: 102163520
states:
11000000100111001110000010000
11000000100111001110000100000
10010000100111011010001000000
01010000101110101010010000000
00110000101101110010001000000
10010000101110011010001000000
10010000100111011010000100000
11000000101011001110000010000
00110000101101110010010000000
10100000101101010110000010000
11000000101011001110000100000
10100000100111010110000010000
00110000101110110010001000000
01010000101011101010010000000
10100000100111010110001000000
01100000101101100110000010000
01100000101011100110010000000
01100000101101100110010000000
10100000101101010110001000000
10010000101110011010000100000
01010000101110101010000100000
01010000101011101010000100000
01100000101011100110000010000
00110000101110110010010000000




=== State Orbit 54 =====================
size : 12
repr state: 01110000101110100010010000000
lex min decimal: 236307584
states:
11100000101101000110000010000
01110000101101100010010000000
10110000101101010010001000000
11100000101011000110000010000
11010000100111001010000100000
11010000101110001010000100000
01110000101110100010010000000
01110000101011100010010000000
11010000101011001010000100000
10110000101110010010001000000
11100000100111000110000010000
10110000100111010010001000000




=== State Orbit 55 =====================
size : 12
repr state: 10000000101110011010010000001
lex min decimal: 34845720
states:
10000000101101010110010000010
00010000100111011010000011000
01000000101110101010001000001
00100000101011100110000100100
10000000101011001110010000100
01000000100111001110001001000
00100000100111010110000101000
01000000101101100110001000010
00100000101110110010000100001
00010000101101110010000010010
00010000101011101010000010100
10000000101110011010010000001




=== State Orbit 56 =====================
size : 24
repr state: 11000000101110001010010000001
lex min decimal: 101950488
states:
10010000101101010010000010010
00110000101011100010000010100
01100000101110100010000100001
01100000100111000110001001000
01010000100111001010001001000
00110000100111010010000011000
00110000101011100010000100100
11000000101110001010001000001
01100000101110100010001000001
01100000100111000110000101000
11000000101110001010010000001
10100000101011000110010000100
01010000101101100010001000010
10010000101011001010010000100
10100000101110010010010000001
01010000100111001010000011000
10010000101101010010010000010
10100000101110010010000100001
01010000101101100010000010010
11000000101101000110010000010
00110000100111010010000101000
11000000101101000110001000010
10100000101011000110000100100
10010000101011001010000010100




=== State Orbit 57 =====================
size : 12
repr state: 11100000101110000010010000001
lex min decimal: 236160024
states:
10110000101011000010010000100
11010000101101000010001000010
01110000100111000010000101000
11010000101101000010010000010
11100000101110000010000100001
01110000100111000010000011000
11100000101110000010010000001
01110000100111000010001001000
10110000101011000010000100100
11010000101101000010000010010
10110000101011000010000010100
11100000101110000010001000001




=== State Orbit 58 =====================
size : 24
repr state: 01000000101110101010010000001
lex min decimal: 34845736
states:
10000000101011001110000100100
00010000100111011010000101000
10000000101110011010000100001
00010000101101110010010000010
00100000100111010110001001000
10000000101110011010001000001
10000000101101010110001000010
01000000100111001110000101000
01000000101110101010010000001
00010000100111011010001001000
01000000101110101010000100001
01000000101101100110010000010
01000000100111001110000011000
00100000100111010110000011000
10000000101101010110000010010
00100000101110110010001000001
00100000101011100110010000100
01000000101101100110000010010
00100000101011100110000010100
00010000101011101010000100100
00010000101101110010001000010
10000000101011001110000010100
00010000101011101010010000100
00100000101110110010010000001




=== State Orbit 59 =====================
size : 12
repr state: 01100000101110100010010000001
lex min decimal: 101950536
states:
11000000101110001010000100001
01100000100111000110000011000
10100000101110010010001000001
10100000101011000110000010100
10010000101101010010001000010
01010000100111001010000101000
00110000101011100010010000100
01100000101110100010010000001
00110000100111010010001001000
01010000101101100010010000010
11000000101101000110000010010
10010000101011001010000100100




=== State Orbit 60 =====================
size : 24
repr state: 00100000101100110010010000001
lex min decimal: 34812968
states:
10000000100101010110001000010
00010000101010101010010000100
10000000100101010110000010010
00100000101001100110010000100
00100000101100110010001000001
00100000100101010110000011000
00100000101001100110000010100
00010000101100110010010000010
00010000101100110010001000010
00100000101100110010010000001
01000000100011001110000101000
00010000100110011010001001000
10000000100011001110000100100
10000000100110011010000100001
01000000101010101010000100001
00010000100110011010000101000
10000000100011001110000010100
00010000101010101010000100100
10000000100110011010001000001
00100000100101010110001001000
01000000100011001110000011000
01000000101001100110000010010
01000000101010101010010000001
01000000101001100110010000010




=== State Orbit 61 =====================
size : 12
repr state: 00110000101100110010010000000
lex min decimal: 102130752
states:
10010000100110011010001000000
11000000100011001110000010000
01100000101001100110000010000
10010000100110011010000100000
01010000101010101010000100000
11000000100011001110000100000
00110000101100110010001000000
00110000101100110010010000000
10100000100101010110000010000
10100000100101010110001000000
01100000101001100110010000000
01010000101010101010010000000




=== State Orbit 62 =====================
size : 12
repr state: 10110000101100010010010000000
lex min decimal: 236241936
states:
11100000101001000110010000000
11010000100110001010001000000
11010000101010001010010000000
11010000100011001010000010000
11100000100011000110000100000
01110000101010100010000100000
10110000100101010010000010000
01110000101001100010000010000
10110000101100010010010000000
01110000101100100010001000000
11100000100101000110001000000
10110000100110010010000100000




=== State Orbit 63 =====================
size : 12
repr state: 11110000101100000010010000000
lex min decimal: 504464400
states:
11110000101010000010010000000
11110000100101000010000010000
11110000101100000010001000000
11110000101001000010000010000
11110000100110000010000100000
11110000101010000010000100000
11110000100011000010000010000
11110000100011000010000100000
11110000100110000010001000000
11110000101100000010010000000
11110000100101000010001000000
11110000101001000010010000000




=== State Orbit 64 =====================
size : 12
repr state: 01110000101100100010010000000
lex min decimal: 236242048
states:
11100000100101000110000010000
01110000101100100010010000000
01110000101010100010010000000
11100000100011000110000010000
10110000101100010010001000000
11010000101010001010000100000
01110000101001100010010000000
11100000101001000110000010000
11010000100110001010000100000
10110000100110010010001000000
10110000100101010010001000000
11010000100011001010000100000




=== State Orbit 65 =====================
size : 24
repr state: 10100000101100010010010000001
lex min decimal: 101884952
states:
10010000101010001010010000100
01010000101100100010001000010
11000000101001000110010000010
10010000100011001010000010100
01100000101010100010000100001
10100000101100010010010000001
01010000100011001010000011000
01010000101001100010000010010
10010000100101010010000010010
00110000101010100010000100100
11000000100110001010001000001
00110000100110010010000101000
11000000101010001010010000001
11000000100101000110001000010
10010000101100010010010000010
01010000100110001010001001000
00110000101001100010000010100
01100000100101000110001001000
00110000100101010010000011000
01100000101100100010001000001
01100000100011000110000101000
10100000100011000110000100100
10100000101001000110010000100
10100000100110010010000100001




=== State Orbit 66 =====================
size : 24
repr state: 11100000101100000010010000001
lex min decimal: 236028952
states:
11100000101100000010010000001
01110000100011000010000011000
11100000101100000010001000001
01110000100011000010000101000
01110000100101000010001001000
10110000101010000010000100100
11010000101001000010010000010
11100000101010000010010000001
10110000100011000010000100100
11100000100110000010000100001
01110000100110000010001001000
10110000101001000010010000100
01110000100101000010000011000
10110000101010000010010000100
10110000101001000010000010100
11010000101100000010010000010
11010000101001000010000010010
11010000100101000010001000010
11100000100110000010001000001
11100000101010000010000100001
11010000100101000010000010010
01110000100110000010000101000
11010000101100000010001000010
10110000100011000010000010100




=== State Orbit 67 =====================
size : 24
repr state: 01100000101100100010010000001
lex min decimal: 101885000
states:
10100000101001000110000010100
01010000101100100010010000010
01010000100110001010000101000
10010000101010001010000100100
11000000101010001010000100001
01100000101010100010010000001
01010000100011001010000101000
01100000100101000110000011000
10100000100011000110000010100
00110000100101010010001001000
01100000101100100010010000001
11000000101001000110000010010
10010000100101010010001000010
11000000100101000110000010010
00110000101010100010010000100
00110000100110010010001001000
10100000100110010010001000001
11000000100110001010000100001
10100000101100010010001000001
01010000101001100010010000010
01100000100011000110000011000
00110000101001100010010000100
10010000100011001010000100100
10010000101100010010001000010




=== State Orbit 68 =====================
size : 12
repr state: 10000000101100010010010000011
lex min decimal: 34706460
states:
00010000101001100010000010110
01000000100101000110001001010
00100000101010100010000100101
00100000100110010010000101001
10000000101010001010010000101
00010000100011001010000011100
10000000101100010010010000011
10000000101001000110010000110
00100000100011000110000101100
01000000100110001010001001001
00010000100101010010000011010
01000000101100100010001000011




=== State Orbit 69 =====================
size : 12
repr state: 11000000101100000010010000011
lex min decimal: 101811228
states:
10010000101001000010000010110
00110000100011000010000011100
00110000100011000010000101100
01010000100101000010001001010
01010000100101000010000011010
01100000100110000010001001001
11000000101100000010010000011
10100000101010000010000100101
01100000100110000010000101001
11000000101100000010001000011
10100000101010000010010000101
10010000101001000010010000110




=== State Orbit 70 =====================
size : 12
repr state: 01000000101100100010010000011
lex min decimal: 34706476
states:
00100000100110010010001001001
10000000101001000110000010110
00010000100101010010001001010
00010000100011001010000101100
00010000101001100010010000110
10000000101010001010000100101
00100000100011000110000011100
01000000100101000110000011010
10000000101100010010001000011
01000000100110001010000101001
00100000101010100010010000101
01000000101100100010010000011




=== State Orbit 71 =====================
size : 12
repr state: 01000000101000100010010000011
lex min decimal: 34673708
states:
00100000101000100010010000101
01000000100010001010000101001
00100000100001000110000011100
10000000100001000110000010110
00100000100100010010001001001
00010000100010001010000101100
01000000101000100010010000011
10000000100010001010000100101
01000000100001000110000011010
00010000100100010010001001010
10000000100100010010001000011
00010000101000100010010000110




=== State Orbit 72 =====================
size : 12
repr state: 01100000101000100010010000001
lex min decimal: 101852232
states:
00110000101000100010010000100
00110000100100010010001001000
11000000100010001010000100001
01010000100010001010000101000
10010000100100010010001000010
01100000101000100010010000001
10010000100010001010000100100
11000000100001000110000010010
01010000101000100010010000010
10100000100100010010001000001
10100000100001000110000010100
01100000100001000110000011000




=== State Orbit 73 =====================
size : 4
repr state: 01110000101000100010010000000
lex min decimal: 236209280
states:
01110000101000100010010000000
10110000100100010010001000000
11100000100001000110000010000
11010000100010001010000100000




=== State Orbit 74 =====================
size : 4
repr state: 11110000101000000010010000000
lex min decimal: 504398864
states:
11110000100001000010000010000
11110000100100000010001000000
11110000101000000010010000000
11110000100010000010000100000




=== State Orbit 75 =====================
size : 12
repr state: 11100000101000000010010000001
lex min decimal: 235963416
states:
01110000100010000010000101000
11010000100100000010001000010
10110000100001000010000010100
11100000101000000010010000001
10110000101000000010010000100
10110000100010000010000100100
11100000100100000010001000001
11010000100001000010000010010
01110000100001000010000011000
01110000100100000010001001000
11100000100010000010000100001
11010000101000000010010000010




=== State Orbit 76 =====================
size : 12
repr state: 11000000101000000010010000011
lex min decimal: 101745692
states:
10010000100001000010000010110
01100000100100000010001001001
10100000101000000010010000101
11000000100100000010001000011
00110000100010000010000101100
01010000100100000010001001010
01010000100001000010000011010
10100000100010000010000100101
01100000100010000010000101001
11000000101000000010010000011
00110000100001000010000011100
10010000101000000010010000110




=== State Orbit 77 =====================
size : 4
repr state: 10000000101000000010010000111
lex min decimal: 34636830
states:
00100000100010000010000101101
00010000100001000010000011110
01000000100100000010001001011
10000000101000000010010000111




=== State Orbit 78 =====================
size : 12
repr state: 00000000001100110000110000011
lex min decimal: 104732
states:
00000000000101010100101001010
00000000000011001100100011100
00000000001001100100100010110
00000000001010101000110000101
00000000001010101000100100101
00000000000110011000101001001
00000000001001100100110000110
00000000001100110000110000011
00000000000011001100100101100
00000000000101010100100011010
00000000000110011000100101001
00000000001100110000101000011




=== State Orbit 79 =====================
size : 6
repr state: 00000000001100110000111000011
lex min decimal: 104764
states:
00000000000101010100101011010
00000000000110011000101101001
00000000001001100100110010110
00000000001010101000110100101
00000000001100110000111000011
00000000000011001100100111100




=== State Orbit 80 =====================
size : 6
repr state: 00000000101100110010011000011
lex min decimal: 1154108
states:
00000000100110011010001101001
00000000101001100110010010110
00000000101100110010011000011
00000000100011001110000111100
00000000100101010110001011010
00000000101010101010010100101




=== State Orbit 81 =====================
size : 12
repr state: 00000000101110111010011000001
lex min decimal: 1293368
states:
00000000101011101110010010100
00000000101101110110011000010
00000000101101110110001010010
00000000100111011110000111000
00000000101101110110010010010
00000000101110111010010100001
00000000101011101110010100100
00000000100111011110001101000
00000000101011101110000110100
00000000101110111010011000001
00000000100111011110001011000
00000000101110111010001100001




=== State Orbit 82 =====================
size : 6
repr state: 00000000101111111110011000000
lex min decimal: 1571888
states:
00000000101111111110010100000
00000000101111111110010010000
00000000101111111110000110000
00000000101111111110001010000
00000000101111111110001100000
00000000101111111110011000000




=== State Orbit 83 =====================
size : 12
repr state: 10000000101111011110011000000
lex min decimal: 35124272
states:
01000000101111101110011000000
00100000101111110110010100000
01000000101111101110001100000
01000000101111101110001010000
00100000101111110110000110000
00010000101111111010001010000
00100000101111110110001100000
10000000101111011110010010000
00010000101111111010010010000
10000000101111011110010100000
10000000101111011110011000000
00010000101111111010000110000




=== State Orbit 84 =====================
size : 6
repr state: 11000000101111001110011000000
lex min decimal: 102229040
states:
11000000101111001110011000000
00110000101111110010000110000
10010000101111011010010010000
01010000101111101010001010000
10100000101111010110010100000
01100000101111100110001100000




=== State Orbit 85 =====================
size : 12
repr state: 11100000101111000110011000000
lex min decimal: 236438576
states:
11010000101111001010011000000
01110000101111100010001100000
11100000101111000110001100000
10110000101111010010000110000
10110000101111010010010010000
01110000101111100010001010000
11100000101111000110010100000
11010000101111001010010010000
11010000101111001010001010000
01110000101111100010000110000
10110000101111010010010100000
11100000101111000110011000000




=== State Orbit 86 =====================
size : 6
repr state: 11110000101111000010011000000
lex min decimal: 504857648
states:
11110000101111000010001100000
11110000101111000010001010000
11110000101111000010010100000
11110000101111000010000110000
11110000101111000010010010000
11110000101111000010011000000




=== State Orbit 87 =====================
size : 24
repr state: 10100000101111010110011000000
lex min decimal: 102229072
states:
00110000101111110010010010000
00110000101111110010001010000
11000000101111001110010010000
01100000101111100110001010000
10010000101111011010001010000
01100000101111100110000110000
01100000101111100110011000000
10100000101111010110010010000
01010000101111101010010010000
01010000101111101010011000000
11000000101111001110010100000
00110000101111110010010100000
00110000101111110010001100000
11000000101111001110001100000
01010000101111101010001100000
10100000101111010110000110000
10010000101111011010000110000
10010000101111011010011000000
01010000101111101010000110000
10100000101111010110001100000
10100000101111010110011000000
10010000101111011010010100000
01100000101111100110010100000
11000000101111001110001010000




=== State Orbit 88 =====================
size : 12
repr state: 10110000101111010010011000000
lex min decimal: 236438672
states:
10110000101111010010011000000
11010000101111001010001100000
11100000101111000110010010000
01110000101111100010011000000
11100000101111000110001010000
11100000101111000110000110000
01110000101111100010010100000
01110000101111100010010010000
10110000101111010010001100000
11010000101111001010000110000
10110000101111010010001010000
11010000101111001010010100000




=== State Orbit 89 =====================
size : 12
repr state: 00100000101111110110011000000
lex min decimal: 35124320
states:
00100000101111110110010010000
10000000101111011110001100000
00010000101111111010011000000
01000000101111101110000110000
00100000101111110110001010000
00100000101111110110011000000
10000000101111011110000110000
01000000101111101110010100000
00010000101111111010001100000
01000000101111101110010010000
00010000101111111010010100000
10000000101111011110001010000




=== State Orbit 90 =====================
size : 6
repr state: 00110000101111110010011000000
lex min decimal: 102229184
states:
01010000101111101010010100000
00110000101111110010011000000
10010000101111011010001100000
01100000101111100110010010000
10100000101111010110001010000
11000000101111001110000110000




=== State Orbit 91 =====================
size : 12
repr state: 00010000101110111010011000000
lex min decimal: 35091552
states:
00100000101101110110010010000
10000000100111011110000110000
00010000101110111010011000000
00100000101101110110001010000
01000000101011101110010010000
01000000101011101110010100000
01000000101011101110000110000
00100000101101110110011000000
00010000101110111010010100000
00010000101110111010001100000
10000000100111011110001100000
10000000100111011110001010000




=== State Orbit 92 =====================
size : 24
repr state: 10010000101110011010011000000
lex min decimal: 102163536
states:
10010000100111011010001010000
00110000101101110010001010000
10100000100111010110001100000
10010000100111011010000110000
11000000100111001110001010000
10010000101110011010011000000
11000000101011001110010010000
01100000101101100110001010000
10010000101110011010010100000
11000000100111001110001100000
01010000101110101010001100000
10100000101101010110011000000
00110000101101110010010010000
01100000101011100110000110000
01010000101011101010000110000
01100000101101100110011000000
00110000101110110010001100000
00110000101110110010010100000
01010000101110101010011000000
01100000101011100110010100000
10100000101101010110010010000
11000000101011001110010100000
10100000100111010110000110000
01010000101011101010010010000




=== State Orbit 93 =====================
size : 12
repr state: 11010000101110001010011000000
lex min decimal: 236307504
states:
01110000101110100010001100000
11100000101101000110011000000
01110000101101100010001010000
01110000101011100010000110000
11100000100111000110001100000
11010000101011001010010010000
11010000100111001010001010000
10110000101110010010010100000
10110000101101010010010010000
11010000101110001010011000000
11100000101011000110010100000
10110000100111010010000110000




=== State Orbit 94 =====================
size : 12
repr state: 11110000101110000010011000000
lex min decimal: 504595504
states:
11110000101101000010011000000
11110000100111000010001100000
11110000101011000010010100000
11110000101101000010001010000
11110000101110000010010100000
11110000101011000010000110000
11110000101110000010011000000
11110000101101000010010010000
11110000100111000010000110000
11110000101011000010010010000
11110000100111000010001010000
11110000101110000010001100000




=== State Orbit 95 =====================
size : 24
repr state: 10110000101110010010011000000
lex min decimal: 236307600
states:
01110000101011100010010100000
10110000101110010010001100000
11010000101011001010000110000
10110000101110010010011000000
11100000101011000110010010000
01110000101110100010011000000
11010000100111001010001100000
11100000101101000110001010000
11010000101110001010010100000
10110000100111010010001010000
10110000101101010010011000000
01110000101101100010011000000
01110000101110100010010100000
01110000101011100010010010000
11100000101101000110010010000
10110000101101010010001010000
11100000100111000110000110000
11010000101011001010010100000
10110000100111010010001100000
01110000101101100010010010000
11010000101110001010001100000
11100000101011000110000110000
11010000100111001010000110000
11100000100111000110001010000




=== State Orbit 96 =====================
size : 12
repr state: 00110000101110110010011000000
lex min decimal: 102163648
states:
10100000101101010110001010000
11000000100111001110000110000
01100000101011100110010010000
01010000101011101010010100000
00110000101110110010011000000
10010000101110011010001100000
10100000100111010110001010000
11000000101011001110000110000
01100000101101100110010010000
10010000100111011010001100000
00110000101101110010011000000
01010000101110101010010100000




=== State Orbit 97 =====================
size : 24
repr state: 10000000101110011010011000001
lex min decimal: 34845752
states:
01000000101101100110011000010
00010000100111011010001011000
01000000101110101010001100001
00010000101101110010001010010
00100000100111010110001101000
10000000101011001110010010100
00100000101011100110010100100
10000000101110011010011000001
00100000101110110010001100001
10000000101110011010010100001
00010000100111011010000111000
01000000100111001110001101000
00100000100111010110000111000
00010000101011101010000110100
01000000100111001110001011000
10000000101101010110011000010
00100000101110110010010100001
10000000101101010110010010010
00010000101101110010010010010
00010000101011101010010010100
01000000101101100110001010010
00100000101011100110000110100
01000000101110101010011000001
10000000101011001110010100100




=== State Orbit 98 =====================
size : 12
repr state: 11000000101110001010011000001
lex min decimal: 101950520
states:
01010000101101100010001010010
10010000101101010010010010010
01010000100111001010001011000
10100000101110010010010100001
01100000101110100010001100001
11000000101101000110011000010
11000000101110001010011000001
10010000101011001010010010100
00110000101011100010000110100
10100000101011000110010100100
00110000100111010010000111000
01100000100111000110001101000




=== State Orbit 99 =====================
size : 12
repr state: 11100000101110000010011000001
lex min decimal: 236160056
states:
01110000100111000010001101000
10110000101011000010010010100
10110000101011000010000110100
11100000101110000010010100001
11010000101101000010011000010
11100000101110000010001100001
01110000100111000010000111000
11100000101110000010011000001
01110000100111000010001011000
10110000101011000010010100100
11010000101101000010001010010
11010000101101000010010010010




=== State Orbit 100 =====================
size : 24
repr state: 10100000101110010010011000001
lex min decimal: 101950552
states:
10100000101011000110010010100
01100000100111000110001011000
11000000101101000110001010010
11000000101110001010010100001
10010000101011001010010100100
00110000101011100010010010100
10010000101101010010001010010
01100000101110100010010100001
10100000101110010010001100001
01010000101101100010010010010
10100000101110010010011000001
10100000101011000110000110100
10010000101101010010011000010
11000000101101000110010010010
11000000101110001010001100001
00110000101011100010010100100
01100000100111000110000111000
01010000100111001010001101000
00110000100111010010001101000
10010000101011001010000110100
01010000100111001010000111000
01100000101110100010011000001
01010000101101100010011000010
00110000100111010010001011000




=== State Orbit 101 =====================
size : 12
repr state: 00100000101110110010011000001
lex min decimal: 34845800
states:
00100000101011100110010010100
01000000101110101010010100001
00100000101110110010011000001
10000000101110011010001100001
10000000101101010110001010010
10000000101011001110000110100
01000000101101100110010010010
00010000101011101010010100100
01000000100111001110000111000
00100000100111010110001011000
00010000101101110010011000010
00010000100111011010001101000




=== State Orbit 102 =====================
size : 12
repr state: 00100000101100110010011000001
lex min decimal: 34813032
states:
00010000101100110010011000010
10000000100110011010001100001
01000000100011001110000111000
00100000101100110010011000001
01000000101010101010010100001
01000000101001100110010010010
10000000100101010110001010010
00100000100101010110001011000
00010000100110011010001101000
00100000101001100110010010100
10000000100011001110000110100
00010000101010101010010100100




=== State Orbit 103 =====================
size : 6
repr state: 00110000101100110010011000000
lex min decimal: 102130880
states:
01100000101001100110010010000
10010000100110011010001100000
10100000100101010110001010000
00110000101100110010011000000
01010000101010101010010100000
11000000100011001110000110000




=== State Orbit 104 =====================
size : 12
repr state: 10110000101100010010011000000
lex min decimal: 236242064
states:
10110000100101010010001010000
11010000100011001010000110000
01110000101100100010011000000
11100000100101000110001010000
10110000101100010010011000000
10110000100110010010001100000
11100000101001000110010010000
11010000100110001010001100000
11100000100011000110000110000
11010000101010001010010100000
01110000101001100010010010000
01110000101010100010010100000




=== State Orbit 105 =====================
size : 6
repr state: 11110000101100000010011000000
lex min decimal: 504464432
states:
11110000100101000010001010000
11110000101010000010010100000
11110000100110000010001100000
11110000100011000010000110000
11110000101100000010011000000
11110000101001000010010010000




=== State Orbit 106 =====================
size : 24
repr state: 10100000101100010010011000001
lex min decimal: 101885016
states:
10010000101010001010010100100
00110000101010100010010100100
11000000100110001010001100001
10010000101100010010011000010
10010000100011001010000110100
00110000100110010010001101000
00110000100101010010001011000
01100000100101000110001011000
01010000100110001010001101000
01010000100011001010000111000
11000000101010001010010100001
10100000101001000110010010100
11000000100101000110001010010
01100000100011000110000111000
11000000101001000110010010010
01010000101001100010010010010
10010000100101010010001010010
01100000101100100010011000001
01010000101100100010011000010
10100000100011000110000110100
01100000101010100010010100001
00110000101001100010010010100
10100000100110010010001100001
10100000101100010010011000001




=== State Orbit 107 =====================
size : 12
repr state: 11100000101100000010011000001
lex min decimal: 236028984
states:
11100000100110000010001100001
10110000101010000010010100100
10110000101001000010010010100
01110000100101000010001011000
01110000100011000010000111000
11100000101010000010010100001
11010000101001000010010010010
11100000101100000010011000001
11010000100101000010001010010
11010000101100000010011000010
01110000100110000010001101000
10110000100011000010000110100




=== State Orbit 108 =====================
size : 12
repr state: 10000000101100010010011000011
lex min decimal: 34706492
states:
01000000100101000110001011010
00100000100011000110000111100
01000000101100100010011000011
00010000100011001010000111100
00100000100110010010001101001
01000000100110001010001101001
10000000101010001010010100101
00100000101010100010010100101
10000000101001000110010010110
00010000100101010010001011010
10000000101100010010011000011
00010000101001100010010010110




=== State Orbit 109 =====================
size : 6
repr state: 11000000101100000010011000011
lex min decimal: 101811260
states:
01010000100101000010001011010
10100000101010000010010100101
01100000100110000010001101001
10010000101001000010010010110
00110000100011000010000111100
11000000101100000010011000011




=== State Orbit 110 =====================
size : 12
repr state: 00000000001110111000111000001
lex min decimal: 244024
states:
00000000000111011100100111000
00000000000111011100101011000
00000000001110111000101100001
00000000001101110100111000010
00000000001101110100101010010
00000000001110111000111000001
00000000001011101100110010100
00000000000111011100101101000
00000000001011101100110100100
00000000001011101100100110100
00000000001101110100110010010
00000000001110111000110100001




=== State Orbit 111 =====================
size : 4
repr state: 00000000001110111000111100001
lex min decimal: 244088
states:
00000000001110111000111100001
00000000001011101100110110100
00000000001101110100111010010
00000000000111011100101111000




=== State Orbit 112 =====================
size : 4
repr state: 00000000101110111010011100001
lex min decimal: 1293432
states:
00000000100111011110001111000
00000000101101110110011010010
00000000101110111010011100001
00000000101011101110010110100




=== State Orbit 113 =====================
size : 4
repr state: 00000000101111111110011100000
lex min decimal: 1571952
states:
00000000101111111110010110000
00000000101111111110011010000
00000000101111111110011100000
00000000101111111110001110000




=== State Orbit 114 =====================
size : 12
repr state: 10000000101111011110011100000
lex min decimal: 35124336
states:
01000000101111101110011100000
10000000101111011110011010000
10000000101111011110010110000
00010000101111111010011010000
01000000101111101110001110000
00010000101111111010001110000
00100000101111110110011100000
10000000101111011110011100000
00100000101111110110010110000
00010000101111111010010110000
01000000101111101110011010000
00100000101111110110001110000




=== State Orbit 115 =====================
size : 12
repr state: 11000000101111001110011100000
lex min decimal: 102229104
states:
11000000101111001110011010000
00110000101111110010001110000
01100000101111100110001110000
01100000101111100110011100000
11000000101111001110011100000
01010000101111101010011010000
10100000101111010110011100000
00110000101111110010010110000
10010000101111011010011010000
10100000101111010110010110000
10010000101111011010010110000
01010000101111101010001110000




=== State Orbit 116 =====================
size : 4
repr state: 11100000101111000110011100000
lex min decimal: 236438640
states:
01110000101111100010001110000
11100000101111000110011100000
10110000101111010010010110000
11010000101111001010011010000




=== State Orbit 117 =====================
size : 4
repr state: 11110000101111000010011100000
lex min decimal: 504857712
states:
11110000101111000010011010000
11110000101111000010010110000
11110000101111000010011100000
11110000101111000010001110000




=== State Orbit 118 =====================
size : 12
repr state: 11010000101111001010011100000
lex min decimal: 236438704
states:
01110000101111100010011010000
11010000101111001010001110000
01110000101111100010010110000
11010000101111001010011100000
10110000101111010010001110000
11100000101111000110011010000
11010000101111001010010110000
11100000101111000110001110000
11100000101111000110010110000
10110000101111010010011100000
10110000101111010010011010000
01110000101111100010011100000




=== State Orbit 119 =====================
size : 12
repr state: 10010000101111011010011100000
lex min decimal: 102229200
states:
01100000101111100110010110000
01010000101111101010010110000
10010000101111011010011100000
11000000101111001110001110000
01010000101111101010011100000
10100000101111010110011010000
00110000101111110010011100000
10100000101111010110001110000
11000000101111001110010110000
10010000101111011010001110000
01100000101111100110011010000
00110000101111110010011010000




=== State Orbit 120 =====================
size : 4
repr state: 00010000101111111010011100000
lex min decimal: 35124448
states:
00100000101111110110011010000
00010000101111111010011100000
01000000101111101110010110000
10000000101111011110001110000




=== State Orbit 121 =====================
size : 4
repr state: 00010000101110111010011100000
lex min decimal: 35091680
states:
00010000101110111010011100000
10000000100111011110001110000
00100000101101110110011010000
01000000101011101110010110000




=== State Orbit 122 =====================
size : 12
repr state: 10010000101110011010011100000
lex min decimal: 102163664
states:
00110000101110110010011100000
11000000100111001110001110000
11000000101011001110010110000
01100000101101100110011010000
10100000100111010110001110000
10010000101110011010011100000
10100000101101010110011010000
01010000101110101010011100000
00110000101101110010011010000
10010000100111011010001110000
01010000101011101010010110000
01100000101011100110010110000




=== State Orbit 123 =====================
size : 12
repr state: 11010000101110001010011100000
lex min decimal: 236307632
states:
11100000101011000110010110000
11010000101011001010010110000
01110000101101100010011010000
10110000100111010010001110000
11010000101110001010011100000
10110000101110010010011100000
11100000100111000110001110000
01110000101011100010010110000
10110000101101010010011010000
01110000101110100010011100000
11010000100111001010001110000
11100000101101000110011010000




=== State Orbit 124 =====================
size : 4
repr state: 11110000101110000010011100000
lex min decimal: 504595568
states:
11110000101101000010011010000
11110000101011000010010110000
11110000101110000010011100000
11110000100111000010001110000




=== State Orbit 125 =====================
size : 12
repr state: 10000000101110011010011100001
lex min decimal: 34845816
states:
10000000101101010110011010010
01000000100111001110001111000
00010000101011101010010110100
00010000100111011010001111000
01000000101101100110011010010
10000000101011001110010110100
00100000101011100110010110100
00100000100111010110001111000
00010000101101110010011010010
10000000101110011010011100001
01000000101110101010011100001
00100000101110110010011100001




=== State Orbit 126 =====================
size : 12
repr state: 11000000101110001010011100001
lex min decimal: 101950584
states:
11000000101101000110011010010
01100000100111000110001111000
00110000100111010010001111000
01010000101101100010011010010
10010000101011001010010110100
01100000101110100010011100001
10100000101011000110010110100
10010000101101010010011010010
00110000101011100010010110100
01010000100111001010001111000
11000000101110001010011100001
10100000101110010010011100001




=== State Orbit 127 =====================
size : 4
repr state: 11100000101110000010011100001
lex min decimal: 236160120
states:
11010000101101000010011010010
11100000101110000010011100001
01110000100111000010001111000
10110000101011000010010110100




=== State Orbit 128 =====================
size : 4
repr state: 00000000001111111100111100000
lex min decimal: 522608
states:
00000000001111111100110110000
00000000001111111100111010000
00000000001111111100101110000
00000000001111111100111100000




=== State Orbit 129 =====================
size : 1
repr state: 00000000001111111100111110000
lex min decimal: 522736
states:
00000000001111111100111110000




=== State Orbit 130 =====================
size : 1
repr state: 00000000011111111101011110000
lex min decimal: 1047280
states:
00000000011111111101011110000




=== State Orbit 131 =====================
size : 4
repr state: 00001000011111011101011110000
lex min decimal: 3142384
states:
00000010011111110101011110000
00000001011111111001011110000
00000100011111101101011110000
00001000011111011101011110000




=== State Orbit 132 =====================
size : 6
repr state: 00001100011111001101011110000
lex min decimal: 7332592
states:
00000110011111100101011110000
00001010011111010101011110000
00000011011111110001011110000
00001100011111001101011110000
00000101011111101001011110000
00001001011111011001011110000




=== State Orbit 133 =====================
size : 4
repr state: 00001110011111000101011110000
lex min decimal: 15713008
states:
00001011011111010001011110000
00001110011111000101011110000
00000111011111100001011110000
00001101011111001001011110000




=== State Orbit 134 =====================
size : 1
repr state: 00001111011111000001011110000
lex min decimal: 32473840
states:
00001111011111000001011110000




=== State Orbit 135 =====================
size : 1
repr state: 00000000101111111110011110000
lex min decimal: 1572080
states:
00000000101111111110011110000




=== State Orbit 136 =====================
size : 4
repr state: 10000000101111011110011110000
lex min decimal: 35124464
states:
10000000101111011110011110000
01000000101111101110011110000
00010000101111111010011110000
00100000101111110110011110000




=== State Orbit 137 =====================
size : 6
repr state: 11000000101111001110011110000
lex min decimal: 102229232
states:
10100000101111010110011110000
10010000101111011010011110000
11000000101111001110011110000
01010000101111101010011110000
01100000101111100110011110000
00110000101111110010011110000




=== State Orbit 138 =====================
size : 4
repr state: 11100000101111000110011110000
lex min decimal: 236438768
states:
01110000101111100010011110000
11100000101111000110011110000
10110000101111010010011110000
11010000101111001010011110000




=== State Orbit 139 =====================
size : 1
repr state: 11110000101111000010011110000
lex min decimal: 504857840
states:
11110000101111000010011110000




=== State Orbit 140 =====================
size : 4
repr state: 00010000001110111000111100000
lex min decimal: 34042336
states:
01000000001011101100110110000
00100000001101110100111010000
10000000000111011100101110000
00010000001110111000111100000




=== State Orbit 141 =====================
size : 6
repr state: 00000000001111111100111000000
lex min decimal: 522544
states:
00000000001111111100100110000
00000000001111111100101100000
00000000001111111100111000000
00000000001111111100110010000
00000000001111111100101010000
00000000001111111100110100000




=== State Orbit 142 =====================
size : 12
repr state: 00010000001110111000111000000
lex min decimal: 34042208
states:
01000000001011101100110100000
01000000001011101100110010000
00010000001110111000111000000
00010000001110111000101100000
10000000000111011100101010000
00010000001110111000110100000
10000000000111011100100110000
00100000001101110100111000000
01000000001011101100100110000
10000000000111011100101100000
00100000001101110100110010000
00100000001101110100101010000




=== State Orbit 143 =====================
size : 12
repr state: 00100000001100110000111000001
lex min decimal: 33763688
states:
00100000001100110000111000001
10000000000101010100101010010
00010000000110011000101101000
00100000000101010100101011000
01000000001010101000110100001
00100000001001100100110010100
10000000000110011000101100001
01000000001001100100110010010
10000000000011001100100110100
00010000001100110000111000010
00010000001010101000110100100
01000000000011001100100111000




=== State Orbit 144 =====================
size : 6
repr state: 00110000001100110000111000000
lex min decimal: 101081536
states:
11000000000011001100100110000
10100000000101010100101010000
10010000000110011000101100000
00110000001100110000111000000
01010000001010101000110100000
01100000001001100100110010000




=== State Orbit 145 =====================
size : 12
repr state: 00000000001110111000110000001
lex min decimal: 243992
states:
00000000001011101100100010100
00000000001101110100101000010
00000000001110111000100100001
00000000001110111000101000001
00000000001101110100100010010
00000000000111011100100011000
00000000001011101100100100100
00000000000111011100100101000
00000000001011101100110000100
00000000001110111000110000001
00000000001101110100110000010
00000000000111011100101001000




=== State Orbit 146 =====================
size : 4
repr state: 00000000001111111100110000000
lex min decimal: 522512
states:
00000000001111111100100010000
00000000001111111100110000000
00000000001111111100100100000
00000000001111111100101000000




=== State Orbit 147 =====================
size : 12
repr state: 00010000001110111000110000000
lex min decimal: 34042144
states:
00010000001110111000110000000
10000000000111011100101000000
00100000001101110100100010000
00010000001110111000100100000
01000000001011101100110000000
00100000001101110100101000000
10000000000111011100100010000
01000000001011101100100010000
00100000001101110100110000000
00010000001110111000101000000
10000000000111011100100100000
01000000001011101100100100000




=== State Orbit 148 =====================
size : 24
repr state: 00100000001100110000110000001
lex min decimal: 33763624
states:
00100000001100110000110000001
00100000001001100100110000100
10000000000110011000101000001
00100000001001100100100010100
01000000001001100100110000010
01000000000011001100100011000
10000000000101010100100010010
00010000001100110000101000010
00100000000101010100101001000
10000000000011001100100010100
01000000001010101000100100001
00010000001010101000100100100
10000000000101010100101000010
10000000000011001100100100100
01000000001001100100100010010
00100000001100110000101000001
01000000001010101000110000001
00010000001100110000110000010
00100000000101010100100011000
01000000000011001100100101000
00010000001010101000110000100
10000000000110011000100100001
00010000000110011000100101000
00010000000110011000101001000




=== State Orbit 149 =====================
size : 12
repr state: 00110000001100110000110000000
lex min decimal: 101081408
states:
11000000000011001100100010000
01100000001001100100110000000
00110000001100110000110000000
01010000001010101000100100000
10010000000110011000100100000
10100000000101010100101000000
01100000001001100100100010000
10100000000101010100100010000
10010000000110011000101000000
11000000000011001100100100000
00110000001100110000101000000
01010000001010101000110000000




=== State Orbit 150 =====================
size : 12
repr state: 01000000001000100000110000011
lex min decimal: 33624364
states:
10000000000001000100100010110
00100000000100010000101001001
10000000000010001000100100101
00010000000010001000100101100
01000000001000100000110000011
01000000000001000100100011010
00010000000100010000101001010
00010000001000100000110000110
10000000000100010000101000011
00100000001000100000110000101
00100000000001000100100011100
01000000000010001000100101001




=== State Orbit 151 =====================
size : 12
repr state: 01100000001000100000110000001
lex min decimal: 100802888
states:
11000000000001000100100010010
01100000001000100000110000001
10010000000010001000100100100
00110000001000100000110000100
10100000000001000100100010100
01010000001000100000110000010
00110000000100010000101001000
10010000000100010000101000010
01100000000001000100100011000
11000000000010001000100100001
01010000000010001000100101000
10100000000100010000101000001




=== State Orbit 152 =====================
size : 4
repr state: 01110000001000100000110000000
lex min decimal: 235159936
states:
01110000001000100000110000000
11100000000001000100100010000
10110000000100010000101000000
11010000000010001000100100000




=== State Orbit 153 =====================
size : 6
repr state: 00000000001100110000100000011
lex min decimal: 104716
states:
00000000000110011000100001001
00000000001001100100100000110
00000000001100110000100000011
00000000001010101000100000101
00000000000011001100100001100
00000000000101010100100001010




=== State Orbit 154 =====================
size : 4
repr state: 00000000001110111000100000001
lex min decimal: 243976
states:
00000000001011101100100000100
00000000001110111000100000001
00000000001101110100100000010
00000000000111011100100001000




=== State Orbit 155 =====================
size : 1
repr state: 00000000001111111100100000000
lex min decimal: 522496
states:
00000000001111111100100000000




=== State Orbit 156 =====================
size : 4
repr state: 00010000001110111000100000000
lex min decimal: 34042112
states:
00010000001110111000100000000
01000000001011101100100000000
00100000001101110100100000000
10000000000111011100100000000




=== State Orbit 157 =====================
size : 12
repr state: 00100000001100110000100000001
lex min decimal: 33763592
states:
10000000000011001100100000100
00010000001010101000100000100
01000000000011001100100001000
00100000001100110000100000001
00010000001100110000100000010
00100000000101010100100001000
00010000000110011000100001000
10000000000101010100100000010
10000000000110011000100000001
01000000001001100100100000010
01000000001010101000100000001
00100000001001100100100000100




=== State Orbit 158 =====================
size : 6
repr state: 00110000001100110000100000000
lex min decimal: 101081344
states:
00110000001100110000100000000
10100000000101010100100000000
10010000000110011000100000000
11000000000011001100100000000
01010000001010101000100000000
01100000001001100100100000000




=== State Orbit 159 =====================
size : 12
repr state: 01000000001000100000100000011
lex min decimal: 33624332
states:
00010000000100010000100001010
00100000000001000100100001100
10000000000100010000100000011
10000000000010001000100000101
01000000001000100000100000011
00100000001000100000100000101
00010000000010001000100001100
10000000000001000100100000110
01000000000001000100100001010
01000000000010001000100001001
00010000001000100000100000110
00100000000100010000100001001




=== State Orbit 160 =====================
size : 12
repr state: 01100000001000100000100000001
lex min decimal: 100802824
states:
10010000000100010000100000010
00110000001000100000100000100
00110000000100010000100001000
01010000000010001000100001000
01100000001000100000100000001
11000000000010001000100000001
10010000000010001000100000100
10100000000100010000100000001
10100000000001000100100000100
01100000000001000100100001000
11000000000001000100100000010
01010000001000100000100000010




=== State Orbit 161 =====================
size : 4
repr state: 01110000001000100000100000000
lex min decimal: 235159808
states:
10110000000100010000100000000
11010000000010001000100000000
01110000001000100000100000000
11100000000001000100100000000




=== State Orbit 162 =====================
size : 4
repr state: 10000000000000000000100000111
lex min decimal: 33554702
states:
01000000000000000000100001011
00010000000000000000100001110
00100000000000000000100001101
10000000000000000000100000111




=== State Orbit 163 =====================
size : 6
repr state: 11000000000000000000100000011
lex min decimal: 100663564
states:
01100000000000000000100001001
00110000000000000000100001100
01010000000000000000100001010
11000000000000000000100000011
10010000000000000000100000110
10100000000000000000100000101




=== State Orbit 164 =====================
size : 4
repr state: 11100000000000000000100000001
lex min decimal: 234881288
states:
01110000000000000000100001000
11010000000000000000100000010
10110000000000000000100000100
11100000000000000000100000001




=== State Orbit 165 =====================
size : 1
repr state: 11110000000000000000100000000
lex min decimal: 503316736
states:
11110000000000000000100000000



[QRM NOTE]: Time elapsed since start: 8.850 seconds

[QRM NOTE]: Time elapsed since last: 1.364 seconds

[QRM NOTE]: Peak memory: 1692619 bytes


==================================================================================================================

	[REACH_CHECK]: Reachability Convergence Check for Rmin on [logs/reach/TwoPhase: resource_manager=4]

==================================================================================================================

[REACH_CHECK RESULT]: PASS

[QRM NOTE]: Time elapsed since start: 9.782 seconds

[QRM NOTE]: Time elapsed since last: 0.932 seconds

[QRM NOTE]: Peak memory: 671574 bytes

