
***********************************************************************

	[QRM]: logs/reach/TwoPhase.resource_manager_1.0.ivy

***********************************************************************


---------- Parsing Ivy ----------


Printing isolate this:

OK


======================================================================================

	[FW]: Forward Reachability on [logs/reach/TwoPhase: resource_manager=3]

======================================================================================


==============================================

	Set up for forward reachability

==============================================

[FW NOTE]: number of state atoms: 23

[FW NOTE]: number of interpreted atoms (e.g. member,le): 0

[FW NOTE]: symmetric group order: 6

[FW NOTE]: number of branching actions: 17

ivy_to_cpp target=qrm TwoPhase.resource_manager_3.finite.ivy

[IVY_TO_CPP RESULT]: OK

swig -c++ -python -o TwoPhase.resource_manager_3.finite_wrap.cpp ivy_exec.i

[SWIG RESULT]: OK

g++ -std=c++11 -fpic -pthread -O3 TwoPhase.resource_manager_3.finite.cpp TwoPhase.resource_manager_3.finite_wrap.cpp -I/home/yunrong/.pyenv/versions/3.12.0/include/python3.12 -c

[G++ RESULT]: OK

g++ -shared TwoPhase.resource_manager_3.finite.o TwoPhase.resource_manager_3.finite_wrap.o -o _ivy_exec.so -lm -lstdc++

[LINK RESULT]: OK

[QRM NOTE]: Time elapsed since start: 11.135 seconds

[QRM NOTE]: Time elapsed since last: 11.135 seconds

[QRM NOTE]: Peak memory: 1204138 bytes


===================================

	Forward reachability

===================================

[FW NOTE]: dfs max depth: 10

[FW NOTE]: number of total reachable states:        288

[FW NOTE]: number of dfs representative states:     80

[FW NOTE]: number of dfs non-representative states: 208


=============================================================================================

	[FW RESULT]: Forward Reachability on [logs/reach/TwoPhase: resource_manager=3]

=============================================================================================

sort: resource_manager=['resource_manager0', 'resource_manager1', 'resource_manager2']
predicate: prepared('resource_manager',)
predicate: working('resource_manager',)
predicate: tm_init()
predicate: tm_prepared('resource_manager',)
predicate: msg_commit()
predicate: committed('resource_manager',)
predicate: msg_prepared('resource_manager',)
predicate: msg_abort()
predicate: tm_aborted()
predicate: tm_committed()
predicate: aborted('resource_manager',)
interpreted atoms: {}
state atoms: ['aborted(resource_manager0)', 'aborted(resource_manager1)', 'aborted(resource_manager2)', 'committed(resource_manager0)', 'committed(resource_manager1)', 'committed(resource_manager2)', 'msg_abort()', 'msg_commit()', 'msg_prepared(resource_manager0)', 'msg_prepared(resource_manager1)', 'msg_prepared(resource_manager2)', 'prepared(resource_manager0)', 'prepared(resource_manager1)', 'prepared(resource_manager2)', 'tm_aborted()', 'tm_committed()', 'tm_init()', 'tm_prepared(resource_manager0)', 'tm_prepared(resource_manager1)', 'tm_prepared(resource_manager2)', 'working(resource_manager0)', 'working(resource_manager1)', 'working(resource_manager2)']
representative states : 71, 65799, 70406, 79620, 98048, 1146112, 3242240, 7434496, 1142016, 3234048, 7418112, 1127684, 3223812, 1123588, 3229952, 7409920, 3215620, 1118470, 1114374, 3211524, 7405824, 4678, 4686, 70414, 79628, 98056, 1146120, 3242248, 7434504, 1146128, 3242272, 1142032, 3234056, 7418120, 3234080, 1127692, 3223820, 1127700, 1123604, 3229984, 7409928, 3215628, 1118478, 13900, 13916, 79644, 98072, 1146136, 3242264, 7434520, 3242280, 1146160, 1142064, 3234088, 7418136, 1127708, 3223836, 32344, 32376, 65208, 195768, 456888, 979128, 98104, 1146168, 3242296, 7434552, 1076336, 32328, 1076304, 1057876, 3164256, 13892, 32320, 1076288, 1057860, 3164224, 1048646, 3145796, 7340096


=== State Orbit 0 =====================
size : 1
repr state: 00000000000000001000111
lex min decimal: 71
states:
00000000000000001000111




=== State Orbit 1 =====================
size : 1
repr state: 00000010000000100000111
lex min decimal: 65799
states:
00000010000000100000111




=== State Orbit 2 =====================
size : 3
repr state: 00000010100100100000011
lex min decimal: 70406
states:
00000010010010100000101
00000010100100100000011
00000010001001100000110




=== State Orbit 3 =====================
size : 3
repr state: 00000010110110100000001
lex min decimal: 79620
states:
00000010110110100000001
00000010101101100000010
00000010011011100000100




=== State Orbit 4 =====================
size : 1
repr state: 00000010111111100000000
lex min decimal: 98048
states:
00000010111111100000000




=== State Orbit 5 =====================
size : 3
repr state: 10000010111011100000000
lex min decimal: 1146112
states:
01000010111101100000000
10000010111011100000000
00100010111110100000000




=== State Orbit 6 =====================
size : 3
repr state: 11000010111001100000000
lex min decimal: 3242240
states:
01100010111100100000000
10100010111010100000000
11000010111001100000000




=== State Orbit 7 =====================
size : 1
repr state: 11100010111000100000000
lex min decimal: 7434496
states:
11100010111000100000000




=== State Orbit 8 =====================
size : 3
repr state: 00100010110110100000000
lex min decimal: 1142016
states:
01000010101101100000000
10000010011011100000000
00100010110110100000000




=== State Orbit 9 =====================
size : 6
repr state: 10100010110010100000000
lex min decimal: 3234048
states:
11000010011001100000000
01100010101100100000000
10100010011010100000000
10100010110010100000000
01100010110100100000000
11000010101001100000000




=== State Orbit 10 =====================
size : 3
repr state: 11100010110000100000000
lex min decimal: 7418112
states:
11100010101000100000000
11100010011000100000000
11100010110000100000000




=== State Orbit 11 =====================
size : 6
repr state: 10000010110010100000001
lex min decimal: 1127684
states:
01000010110100100000001
10000010101001100000010
00100010011010100000100
00100010101100100000010
01000010011001100000100
10000010110010100000001




=== State Orbit 12 =====================
size : 3
repr state: 11000010110000100000001
lex min decimal: 3223812
states:
01100010011000100000100
11000010110000100000001
10100010101000100000010




=== State Orbit 13 =====================
size : 6
repr state: 01000010100100100000001
lex min decimal: 1123588
states:
10000010001001100000010
10000010010010100000001
00100010100100100000010
01000010001001100000100
01000010100100100000001
00100010010010100000100




=== State Orbit 14 =====================
size : 3
repr state: 01100010100100100000000
lex min decimal: 3229952
states:
10100010010010100000000
11000010001001100000000
01100010100100100000000




=== State Orbit 15 =====================
size : 3
repr state: 11100010100000100000000
lex min decimal: 7409920
states:
11100010001000100000000
11100010010000100000000
11100010100000100000000




=== State Orbit 16 =====================
size : 6
repr state: 11000010100000100000001
lex min decimal: 3215620
states:
01100010010000100000100
11000010100000100000001
10100010001000100000010
11000010010000100000001
01100010001000100000100
10100010100000100000010




=== State Orbit 17 =====================
size : 3
repr state: 10000010100000100000011
lex min decimal: 1118470
states:
01000010010000100000101
00100010001000100000110
10000010100000100000011




=== State Orbit 18 =====================
size : 3
repr state: 10000010000000100000011
lex min decimal: 1114374
states:
01000010000000100000101
00100010000000100000110
10000010000000100000011




=== State Orbit 19 =====================
size : 3
repr state: 11000010000000100000001
lex min decimal: 3211524
states:
11000010000000100000001
10100010000000100000010
01100010000000100000100




=== State Orbit 20 =====================
size : 1
repr state: 11100010000000100000000
lex min decimal: 7405824
states:
11100010000000100000000




=== State Orbit 21 =====================
size : 3
repr state: 00000000100100001000011
lex min decimal: 4678
states:
00000000010010001000101
00000000100100001000011
00000000001001001000110




=== State Orbit 22 =====================
size : 3
repr state: 00000000100100001100011
lex min decimal: 4686
states:
00000000100100001100011
00000000010010001010101
00000000001001001001110




=== State Orbit 23 =====================
size : 3
repr state: 00000010100100100100011
lex min decimal: 70414
states:
00000010010010100010101
00000010001001100001110
00000010100100100100011




=== State Orbit 24 =====================
size : 6
repr state: 00000010110110100100001
lex min decimal: 79628
states:
00000010101101100100010
00000010011011100010100
00000010101101100001010
00000010011011100001100
00000010110110100010001
00000010110110100100001




=== State Orbit 25 =====================
size : 3
repr state: 00000010111111100100000
lex min decimal: 98056
states:
00000010111111100010000
00000010111111100100000
00000010111111100001000




=== State Orbit 26 =====================
size : 3
repr state: 10000010111011100100000
lex min decimal: 1146120
states:
10000010111011100100000
00100010111110100001000
01000010111101100010000




=== State Orbit 27 =====================
size : 6
repr state: 11000010111001100100000
lex min decimal: 3242248
states:
10100010111010100001000
11000010111001100010000
11000010111001100100000
10100010111010100100000
01100010111100100010000
01100010111100100001000




=== State Orbit 28 =====================
size : 3
repr state: 11100010111000100100000
lex min decimal: 7434504
states:
11100010111000100001000
11100010111000100100000
11100010111000100010000




=== State Orbit 29 =====================
size : 6
repr state: 01000010111101100100000
lex min decimal: 1146128
states:
10000010111011100010000
00100010111110100100000
01000010111101100100000
01000010111101100001000
10000010111011100001000
00100010111110100010000




=== State Orbit 30 =====================
size : 3
repr state: 01100010111100100100000
lex min decimal: 3242272
states:
11000010111001100001000
10100010111010100010000
01100010111100100100000




=== State Orbit 31 =====================
size : 6
repr state: 00100010110110100100000
lex min decimal: 1142032
states:
01000010101101100100000
01000010101101100001000
10000010011011100001000
00100010110110100100000
10000010011011100010000
00100010110110100010000




=== State Orbit 32 =====================
size : 6
repr state: 10100010110010100100000
lex min decimal: 3234056
states:
01100010101100100001000
10100010110010100100000
10100010011010100001000
01100010110100100010000
11000010101001100100000
11000010011001100010000




=== State Orbit 33 =====================
size : 6
repr state: 11100010110000100100000
lex min decimal: 7418120
states:
11100010101000100100000
11100010110000100100000
11100010011000100010000
11100010011000100001000
11100010101000100001000
11100010110000100010000




=== State Orbit 34 =====================
size : 6
repr state: 01100010110100100100000
lex min decimal: 3234080
states:
11000010101001100001000
10100010110010100010000
01100010101100100100000
11000010011001100001000
01100010110100100100000
10100010011010100010000




=== State Orbit 35 =====================
size : 6
repr state: 10000010110010100100001
lex min decimal: 1127692
states:
01000010011001100010100
01000010110100100010001
00100010011010100001100
10000010101001100100010
10000010110010100100001
00100010101100100001010




=== State Orbit 36 =====================
size : 6
repr state: 11000010110000100100001
lex min decimal: 3223820
states:
10100010101000100100010
01100010011000100001100
11000010110000100010001
01100010011000100010100
11000010110000100100001
10100010101000100001010




=== State Orbit 37 =====================
size : 6
repr state: 01000010110100100100001
lex min decimal: 1127700
states:
00100010011010100010100
00100010101100100100010
10000010110010100010001
10000010101001100001010
01000010011001100001100
01000010110100100100001




=== State Orbit 38 =====================
size : 6
repr state: 01000010100100100100001
lex min decimal: 1123604
states:
10000010010010100010001
00100010010010100010100
01000010001001100001100
01000010100100100100001
00100010100100100100010
10000010001001100001010




=== State Orbit 39 =====================
size : 3
repr state: 01100010100100100100000
lex min decimal: 3229984
states:
10100010010010100010000
11000010001001100001000
01100010100100100100000




=== State Orbit 40 =====================
size : 3
repr state: 11100010100000100100000
lex min decimal: 7409928
states:
11100010001000100001000
11100010100000100100000
11100010010000100010000




=== State Orbit 41 =====================
size : 6
repr state: 11000010100000100100001
lex min decimal: 3215628
states:
01100010010000100010100
11000010100000100100001
11000010010000100010001
10100010001000100001010
10100010100000100100010
01100010001000100001100




=== State Orbit 42 =====================
size : 3
repr state: 10000010100000100100011
lex min decimal: 1118478
states:
01000010010000100010101
00100010001000100001110
10000010100000100100011




=== State Orbit 43 =====================
size : 6
repr state: 00000000110110001100001
lex min decimal: 13900
states:
00000000101101001100010
00000000101101001001010
00000000011011001001100
00000000110110001010001
00000000011011001010100
00000000110110001100001




=== State Orbit 44 =====================
size : 3
repr state: 00000000110110001110001
lex min decimal: 13916
states:
00000000101101001101010
00000000110110001110001
00000000011011001011100




=== State Orbit 45 =====================
size : 3
repr state: 00000010110110100110001
lex min decimal: 79644
states:
00000010101101100101010
00000010011011100011100
00000010110110100110001




=== State Orbit 46 =====================
size : 3
repr state: 00000010111111100110000
lex min decimal: 98072
states:
00000010111111100110000
00000010111111100101000
00000010111111100011000




=== State Orbit 47 =====================
size : 6
repr state: 10000010111011100110000
lex min decimal: 1146136
states:
00100010111110100011000
01000010111101100110000
10000010111011100110000
00100010111110100101000
10000010111011100101000
01000010111101100011000




=== State Orbit 48 =====================
size : 3
repr state: 11000010111001100110000
lex min decimal: 3242264
states:
11000010111001100110000
01100010111100100011000
10100010111010100101000




=== State Orbit 49 =====================
size : 3
repr state: 11100010111000100110000
lex min decimal: 7434520
states:
11100010111000100101000
11100010111000100110000
11100010111000100011000




=== State Orbit 50 =====================
size : 6
repr state: 10100010111010100110000
lex min decimal: 3242280
states:
01100010111100100101000
11000010111001100011000
10100010111010100011000
11000010111001100101000
01100010111100100110000
10100010111010100110000




=== State Orbit 51 =====================
size : 3
repr state: 00100010111110100110000
lex min decimal: 1146160
states:
01000010111101100101000
00100010111110100110000
10000010111011100011000




=== State Orbit 52 =====================
size : 3
repr state: 00100010110110100110000
lex min decimal: 1142064
states:
00100010110110100110000
01000010101101100101000
10000010011011100011000




=== State Orbit 53 =====================
size : 6
repr state: 10100010110010100110000
lex min decimal: 3234088
states:
11000010101001100101000
01100010101100100101000
10100010110010100110000
10100010011010100011000
01100010110100100110000
11000010011001100011000




=== State Orbit 54 =====================
size : 3
repr state: 11100010110000100110000
lex min decimal: 7418136
states:
11100010011000100011000
11100010101000100101000
11100010110000100110000




=== State Orbit 55 =====================
size : 6
repr state: 10000010110010100110001
lex min decimal: 1127708
states:
00100010011010100011100
01000010011001100011100
10000010101001100101010
10000010110010100110001
00100010101100100101010
01000010110100100110001




=== State Orbit 56 =====================
size : 3
repr state: 11000010110000100110001
lex min decimal: 3223836
states:
11000010110000100110001
10100010101000100101010
01100010011000100011100




=== State Orbit 57 =====================
size : 3
repr state: 00000000111111001110000
lex min decimal: 32344
states:
00000000111111001011000
00000000111111001101000
00000000111111001110000




=== State Orbit 58 =====================
size : 1
repr state: 00000000111111001111000
lex min decimal: 32376
states:
00000000111111001111000




=== State Orbit 59 =====================
size : 1
repr state: 00000001111111010111000
lex min decimal: 65208
states:
00000001111111010111000




=== State Orbit 60 =====================
size : 3
repr state: 00010001111011010111000
lex min decimal: 195768
states:
00000101111110010111000
00010001111011010111000
00001001111101010111000




=== State Orbit 61 =====================
size : 3
repr state: 00011001111001010111000
lex min decimal: 456888
states:
00010101111010010111000
00011001111001010111000
00001101111100010111000




=== State Orbit 62 =====================
size : 1
repr state: 00011101111000010111000
lex min decimal: 979128
states:
00011101111000010111000




=== State Orbit 63 =====================
size : 1
repr state: 00000010111111100111000
lex min decimal: 98104
states:
00000010111111100111000




=== State Orbit 64 =====================
size : 3
repr state: 10000010111011100111000
lex min decimal: 1146168
states:
00100010111110100111000
10000010111011100111000
01000010111101100111000




=== State Orbit 65 =====================
size : 3
repr state: 11000010111001100111000
lex min decimal: 3242296
states:
01100010111100100111000
11000010111001100111000
10100010111010100111000




=== State Orbit 66 =====================
size : 1
repr state: 11100010111000100111000
lex min decimal: 7434552
states:
11100010111000100111000




=== State Orbit 67 =====================
size : 3
repr state: 00100000110110001110000
lex min decimal: 1076336
states:
00100000110110001110000
10000000011011001011000
01000000101101001101000




=== State Orbit 68 =====================
size : 3
repr state: 00000000111111001100000
lex min decimal: 32328
states:
00000000111111001100000
00000000111111001010000
00000000111111001001000




=== State Orbit 69 =====================
size : 6
repr state: 00100000110110001100000
lex min decimal: 1076304
states:
01000000101101001001000
10000000011011001010000
10000000011011001001000
00100000110110001100000
00100000110110001010000
01000000101101001100000




=== State Orbit 70 =====================
size : 6
repr state: 01000000100100001100001
lex min decimal: 1057876
states:
01000000100100001100001
10000000010010001010001
00100000010010001010100
00100000100100001100010
01000000001001001001100
10000000001001001001010




=== State Orbit 71 =====================
size : 3
repr state: 01100000100100001100000
lex min decimal: 3164256
states:
11000000001001001001000
01100000100100001100000
10100000010010001010000




=== State Orbit 72 =====================
size : 3
repr state: 00000000110110001000001
lex min decimal: 13892
states:
00000000110110001000001
00000000101101001000010
00000000011011001000100




=== State Orbit 73 =====================
size : 1
repr state: 00000000111111001000000
lex min decimal: 32320
states:
00000000111111001000000




=== State Orbit 74 =====================
size : 3
repr state: 00100000110110001000000
lex min decimal: 1076288
states:
01000000101101001000000
00100000110110001000000
10000000011011001000000




=== State Orbit 75 =====================
size : 6
repr state: 01000000100100001000001
lex min decimal: 1057860
states:
01000000001001001000100
01000000100100001000001
00100000100100001000010
10000000001001001000010
00100000010010001000100
10000000010010001000001




=== State Orbit 76 =====================
size : 3
repr state: 01100000100100001000000
lex min decimal: 3164224
states:
01100000100100001000000
11000000001001001000000
10100000010010001000000




=== State Orbit 77 =====================
size : 3
repr state: 10000000000000001000011
lex min decimal: 1048646
states:
00100000000000001000110
10000000000000001000011
01000000000000001000101




=== State Orbit 78 =====================
size : 3
repr state: 11000000000000001000001
lex min decimal: 3145796
states:
11000000000000001000001
01100000000000001000100
10100000000000001000010




=== State Orbit 79 =====================
size : 1
repr state: 11100000000000001000000
lex min decimal: 7340096
states:
11100000000000001000000



[QRM NOTE]: Time elapsed since start: 11.415 seconds

[QRM NOTE]: Time elapsed since last: 0.280 seconds

[QRM NOTE]: Peak memory: 1346396 bytes


==================================================================================================================

	[REACH_CHECK]: Reachability Convergence Check for Rmin on [logs/reach/TwoPhase: resource_manager=3]

==================================================================================================================

[REACH_CHECK RESULT]: PASS

[QRM NOTE]: Time elapsed since start: 11.611 seconds

[QRM NOTE]: Time elapsed since last: 0.196 seconds

[QRM NOTE]: Peak memory: 304792 bytes

