
**********************************************************************

	[QRM]: ivybench/sym_quorum/ivy/naive_consensus.ivy

**********************************************************************


---------- Parsing Ivy ----------


Printing isolate this:

OK


======================================================================================================

	[FW]: Forward Reachability on [ivybench/sym_quorum/ivy/naive_consensus: node=3,value=3]

======================================================================================================


==============================================

	Set up for forward reachability

==============================================

[FW NOTE]: number of state atoms: 21

[FW NOTE]: number of interpreted atoms (e.g. member,le): 9

[FW NOTE]: symmetric group order: 36

[FW NOTE]: number of branching actions: 27

ivy_to_cpp target=qrm naive_consensus.node_3_value_3.finite.ivy

[IVY_TO_CPP RESULT]: OK

swig -c++ -python -o naive_consensus.node_3_value_3.finite_wrap.cpp ivy_exec.i

[SWIG RESULT]: OK

g++ -std=c++11 -fpic -pthread -O3 naive_consensus.node_3_value_3.finite.cpp naive_consensus.node_3_value_3.finite_wrap.cpp -I/home/yunrong/.pyenv/versions/3.12.0/include/python3.12 -c

[G++ RESULT]: OK

g++ -shared naive_consensus.node_3_value_3.finite.o naive_consensus.node_3_value_3.finite_wrap.o -o _ivy_exec.so -lm -lstdc++

[LINK RESULT]: OK

[QRM NOTE]: Time elapsed since start: 7.515 seconds

[QRM NOTE]: Time elapsed since last: 7.515 seconds

[QRM NOTE]: Peak memory: 1191589 bytes


===================================

	Forward reachability

===================================

[FW NOTE]: dfs max depth: 7

[FW NOTE]: number of total reachable states:        160

[FW NOTE]: number of dfs representative states:     17

[FW NOTE]: number of dfs non-representative states: 143


=============================================================================================================

	[FW RESULT]: Forward Reachability on [ivybench/sym_quorum/ivy/naive_consensus: node=3,value=3]

=============================================================================================================

sort: node=['node0', 'node1', 'node2']
sort: value=['value0', 'value1', 'value2']
sort: quorum=['quorum__node0_node1', 'quorum__node0_node2', 'quorum__node1_node2']
predicate: vote('node', 'value')
predicate: decide('quorum', 'value')
predicate: member('node', 'quorum')
predicate: decision('value',)
interpreted atoms: {'member(node0,quorum__node0_node1)': '1', 'member(node0,quorum__node0_node2)': '1', 'member(node0,quorum__node1_node2)': '0', 'member(node1,quorum__node0_node1)': '1', 'member(node1,quorum__node0_node2)': '0', 'member(node1,quorum__node1_node2)': '1', 'member(node2,quorum__node0_node1)': '0', 'member(node2,quorum__node0_node2)': '1', 'member(node2,quorum__node1_node2)': '1'}
state atoms: ['decide(quorum__node0_node1,value0)', 'decide(quorum__node0_node1,value1)', 'decide(quorum__node0_node1,value2)', 'decide(quorum__node0_node2,value0)', 'decide(quorum__node0_node2,value1)', 'decide(quorum__node0_node2,value2)', 'decide(quorum__node1_node2,value0)', 'decide(quorum__node1_node2,value1)', 'decide(quorum__node1_node2,value2)', 'decision(value0)', 'decision(value1)', 'decision(value2)', 'vote(node0,value0)', 'vote(node0,value1)', 'vote(node0,value2)', 'vote(node1,value0)', 'vote(node1,value1)', 'vote(node1,value2)', 'vote(node2,value0)', 'vote(node2,value1)', 'vote(node2,value2)']
representative states : 427, 939, 5035, 37803, 2134955, 18912171, 153129899, 153392043, 19174315, 2397099, 38315, 2167723, 2429867, 2102187, 2364331, 5547, 43435


=== State Orbit 0 =====================
size : 1
repr state: 000000000000000000000
lex min decimal: 427
states:
000000000000000000000




=== State Orbit 1 =====================
size : 9
repr state: 000000000000100000000
lex min decimal: 939
states:
000000000000000000100
000000000000100000000
000000000000000001000
000000000000000010000
000000000000000100000
000000000000001000000
000000000000000000010
000000000000000000001
000000000000010000000




=== State Orbit 2 =====================
size : 9
repr state: 000000000000100100000
lex min decimal: 5035
states:
000000000000100100000
000000000000000100100
000000000000100000100
000000000000000010010
000000000000010000010
000000000000010010000
000000000000001001000
000000000000001000001
000000000000000001001




=== State Orbit 3 =====================
size : 3
repr state: 000000000000100100100
lex min decimal: 37803
states:
000000000000001001001
000000000000100100100
000000000000010010010




=== State Orbit 4 =====================
size : 9
repr state: 100000000000100100100
lex min decimal: 2134955
states:
000000100000100100100
000000001000001001001
100000000000100100100
010000000000010010010
000000010000010010010
001000000000001001001
000100000000100100100
000010000000010010010
000001000000001001001




=== State Orbit 5 =====================
size : 9
repr state: 100100000000100100100
lex min decimal: 18912171
states:
100100000000100100100
001000001000001001001
100000100000100100100
001001000000001001001
000100100000100100100
010000010000010010010
010010000000010010010
000010010000010010010
000001001000001001001




=== State Orbit 6 =====================
size : 3
repr state: 100100100000100100100
lex min decimal: 153129899
states:
100100100000100100100
010010010000010010010
001001001000001001001




=== State Orbit 7 =====================
size : 3
repr state: 100100100100100100100
lex min decimal: 153392043
states:
001001001001001001001
100100100100100100100
010010010010010010010




=== State Orbit 8 =====================
size : 9
repr state: 100100000100100100100
lex min decimal: 19174315
states:
010010000010010010010
010000010010010010010
000001001001001001001
001001000001001001001
000010010010010010010
100000100100100100100
001000001001001001001
000100100100100100100
100100000100100100100




=== State Orbit 9 =====================
size : 9
repr state: 100000000100100100100
lex min decimal: 2397099
states:
001000000001001001001
000000010010010010010
000001000001001001001
000010000010010010010
000000001001001001001
000100000100100100100
100000000100100100100
010000000010010010010
000000100100100100100




=== State Orbit 10 =====================
size : 18
repr state: 000000000000100100010
lex min decimal: 38315
states:
000000000000001001010
000000000000010100010
000000000000100100010
000000000000001100100
000000000000100010100
000000000000001001100
000000000000001010001
000000000000010100100
000000000000010001001
000000000000010010100
000000000000100001001
000000000000001100001
000000000000001010010
000000000000100001100
000000000000010010001
000000000000100010010
000000000000100100001
000000000000010001010




=== State Orbit 11 =====================
size : 18
repr state: 100000000000100100010
lex min decimal: 2167723
states:
010000000000010010001
001000000000001001100
000010000000010100010
000000001000010001001
010000000000010010100
000000010000100010010
100000000000100100001
000000100000001100100
000001000000001100001
000000010000001010010
100000000000100100010
000001000000001010001
001000000000001001010
000010000000010001010
000000100000010100100
000100000000100001100
000000001000100001001
000100000000100010100




=== State Orbit 12 =====================
size : 18
repr state: 100000000100100100010
lex min decimal: 2429867
states:
100000000100100100001
000001000001001100001
000001000001001010001
000000001001010001001
000010000010010100010
000100000100100010100
000000010010100010010
001000000001001001100
000000010010001010010
010000000010010010100
000100000100100001100
010000000010010010001
000000100100001100100
000000100100010100100
100000000100100100010
001000000001001001010
000010000010010001010
000000001001100001001




=== State Orbit 13 =====================
size : 9
repr state: 100000000000100100000
lex min decimal: 2102187
states:
000100000000100000100
000000100000000100100
100000000000100100000
001000000000001001000
010000000000010010000
000010000000010000010
000000010000000010010
000000001000000001001
000001000000001000001




=== State Orbit 14 =====================
size : 9
repr state: 100000000100100100000
lex min decimal: 2364331
states:
000100000100100000100
010000000010010010000
100000000100100100000
000000010010000010010
000001000001001000001
000010000010010000010
001000000001001001000
000000100100000100100
000000001001000001001




=== State Orbit 15 =====================
size : 18
repr state: 000000000000100010000
lex min decimal: 5547
states:
000000000000010000100
000000000000010001000
000000000000010000001
000000000000001000010
000000000000000010100
000000000000000010001
000000000000100000010
000000000000000001100
000000000000000001010
000000000000100010000
000000000000000100010
000000000000000100001
000000000000100000001
000000000000001000100
000000000000001010000
000000000000001100000
000000000000100001000
000000000000010100000




=== State Orbit 16 =====================
size : 6
repr state: 000000000000100010001
lex min decimal: 43435
states:
000000000000100010001
000000000000010001100
000000000000100001010
000000000000001010100
000000000000010100001
000000000000001100010



[QRM NOTE]: Time elapsed since start: 7.790 seconds

[QRM NOTE]: Time elapsed since last: 0.275 seconds

[QRM NOTE]: Peak memory: 1271268 bytes


======================================

	Reduce Equivalent Atoms

======================================

[FW NOTE]: equivalent atoms

[FW NOTE]: complement atoms

[FW NOTE]: remove_atom_ids: set()

[QRM NOTE]: Time elapsed since start: 7.793 seconds

[QRM NOTE]: Time elapsed since last: 0.004 seconds

[QRM NOTE]: Peak memory: 260717 bytes


=============================================================================================================

	[PRIME]: Prime Orbit Generatation on [ivybench/sym_quorum/ivy/naive_consensus: node=3,value=3]

=============================================================================================================


========================================================================================================

	[PRIME RESULT]: Prime Orbits on [ivybench/sym_quorum/ivy/naive_consensus: node=3,value=3]

========================================================================================================


=== Prime Orbit 0 =====================
size : 36
num_suborbits: 1
0 (*) : -------1----------1--
0     : ['decide(quorum__node1_node2,value1)', 'vote(node2,value0)']
1     : --------1---------1--
1     : ['decide(quorum__node1_node2,value2)', 'vote(node2,value0)']
2     : ------1------------1-
2     : ['decide(quorum__node1_node2,value0)', 'vote(node2,value1)']
3     : --------1----------1-
3     : ['decide(quorum__node1_node2,value2)', 'vote(node2,value1)']
4     : ------1-------------1
4     : ['decide(quorum__node1_node2,value0)', 'vote(node2,value2)']
5     : -------1------------1
5     : ['decide(quorum__node1_node2,value1)', 'vote(node2,value2)']
6     : -------1-------1-----
6     : ['decide(quorum__node1_node2,value1)', 'vote(node1,value0)']
7     : --------1------1-----
7     : ['decide(quorum__node1_node2,value2)', 'vote(node1,value0)']
8     : ------1---------1----
8     : ['decide(quorum__node1_node2,value0)', 'vote(node1,value1)']
9     : --------1-------1----
9     : ['decide(quorum__node1_node2,value2)', 'vote(node1,value1)']
10     : ------1----------1---
10     : ['decide(quorum__node1_node2,value0)', 'vote(node1,value2)']
11     : -------1---------1---
11     : ['decide(quorum__node1_node2,value1)', 'vote(node1,value2)']
12     : ----1-------------1--
12     : ['decide(quorum__node0_node2,value1)', 'vote(node2,value0)']
13     : -----1------------1--
13     : ['decide(quorum__node0_node2,value2)', 'vote(node2,value0)']
14     : ---1---------------1-
14     : ['decide(quorum__node0_node2,value0)', 'vote(node2,value1)']
15     : -----1-------------1-
15     : ['decide(quorum__node0_node2,value2)', 'vote(node2,value1)']
16     : ---1----------------1
16     : ['decide(quorum__node0_node2,value0)', 'vote(node2,value2)']
17     : ----1---------------1
17     : ['decide(quorum__node0_node2,value1)', 'vote(node2,value2)']
18     : ----1-------1--------
18     : ['decide(quorum__node0_node2,value1)', 'vote(node0,value0)']
19     : -----1------1--------
19     : ['decide(quorum__node0_node2,value2)', 'vote(node0,value0)']
20     : ---1---------1-------
20     : ['decide(quorum__node0_node2,value0)', 'vote(node0,value1)']
21     : -----1-------1-------
21     : ['decide(quorum__node0_node2,value2)', 'vote(node0,value1)']
22     : ---1----------1------
22     : ['decide(quorum__node0_node2,value0)', 'vote(node0,value2)']
23     : ----1---------1------
23     : ['decide(quorum__node0_node2,value1)', 'vote(node0,value2)']
24     : -1-------------1-----
24     : ['decide(quorum__node0_node1,value1)', 'vote(node1,value0)']
25     : --1------------1-----
25     : ['decide(quorum__node0_node1,value2)', 'vote(node1,value0)']
26     : 1---------------1----
26     : ['decide(quorum__node0_node1,value0)', 'vote(node1,value1)']
27     : --1-------------1----
27     : ['decide(quorum__node0_node1,value2)', 'vote(node1,value1)']
28     : 1----------------1---
28     : ['decide(quorum__node0_node1,value0)', 'vote(node1,value2)']
29     : -1---------------1---
29     : ['decide(quorum__node0_node1,value1)', 'vote(node1,value2)']
30     : -1----------1--------
30     : ['decide(quorum__node0_node1,value1)', 'vote(node0,value0)']
31     : --1---------1--------
31     : ['decide(quorum__node0_node1,value2)', 'vote(node0,value0)']
32     : 1------------1-------
32     : ['decide(quorum__node0_node1,value0)', 'vote(node0,value1)']
33     : --1----------1-------
33     : ['decide(quorum__node0_node1,value2)', 'vote(node0,value1)']
34     : 1-------------1------
34     : ['decide(quorum__node0_node1,value0)', 'vote(node0,value2)']
35     : -1------------1------
35     : ['decide(quorum__node0_node1,value1)', 'vote(node0,value2)']
num_forall :   0
num_exists :   0
num_literals : 0
quantified form : None
qcost : 0


=== Prime Orbit 1 =====================
size : 9
num_suborbits: 1
36 (*) : ------------------11-
36     : ['vote(node2,value0)', 'vote(node2,value1)']
37     : ------------------1-1
37     : ['vote(node2,value0)', 'vote(node2,value2)']
38     : -------------------11
38     : ['vote(node2,value1)', 'vote(node2,value2)']
39     : ---------------11----
39     : ['vote(node1,value0)', 'vote(node1,value1)']
40     : ---------------1-1---
40     : ['vote(node1,value0)', 'vote(node1,value2)']
41     : ----------------11---
41     : ['vote(node1,value1)', 'vote(node1,value2)']
42     : ------------11-------
42     : ['vote(node0,value0)', 'vote(node0,value1)']
43     : ------------1-1------
43     : ['vote(node0,value0)', 'vote(node0,value2)']
44     : -------------11------
44     : ['vote(node0,value1)', 'vote(node0,value2)']
num_forall :   0
num_exists :   0
num_literals : 0
quantified form : None
qcost : 0


=== Prime Orbit 2 =====================
size : 18
num_suborbits: 1
45 (*) : --1------1-----------
45     : ['decide(quorum__node0_node1,value2)', 'decision(value0)']
46     : -1-------1-----------
46     : ['decide(quorum__node0_node1,value1)', 'decision(value0)']
47     : --1-------1----------
47     : ['decide(quorum__node0_node1,value2)', 'decision(value1)']
48     : 1---------1----------
48     : ['decide(quorum__node0_node1,value0)', 'decision(value1)']
49     : -1---------1---------
49     : ['decide(quorum__node0_node1,value1)', 'decision(value2)']
50     : 1----------1---------
50     : ['decide(quorum__node0_node1,value0)', 'decision(value2)']
51     : -----1---1-----------
51     : ['decide(quorum__node0_node2,value2)', 'decision(value0)']
52     : ----1----1-----------
52     : ['decide(quorum__node0_node2,value1)', 'decision(value0)']
53     : -----1----1----------
53     : ['decide(quorum__node0_node2,value2)', 'decision(value1)']
54     : ---1------1----------
54     : ['decide(quorum__node0_node2,value0)', 'decision(value1)']
55     : ----1------1---------
55     : ['decide(quorum__node0_node2,value1)', 'decision(value2)']
56     : ---1-------1---------
56     : ['decide(quorum__node0_node2,value0)', 'decision(value2)']
57     : --------11-----------
57     : ['decide(quorum__node1_node2,value2)', 'decision(value0)']
58     : -------1-1-----------
58     : ['decide(quorum__node1_node2,value1)', 'decision(value0)']
59     : --------1-1----------
59     : ['decide(quorum__node1_node2,value2)', 'decision(value1)']
60     : ------1---1----------
60     : ['decide(quorum__node1_node2,value0)', 'decision(value1)']
61     : -------1---1---------
61     : ['decide(quorum__node1_node2,value1)', 'decision(value2)']
62     : ------1----1---------
62     : ['decide(quorum__node1_node2,value0)', 'decision(value2)']
num_forall :   0
num_exists :   0
num_literals : 0
quantified form : None
qcost : 0


=== Prime Orbit 3 =====================
size : 3
num_suborbits: 1
63 (*) : ---------1-1---------
63     : ['decision(value0)', 'decision(value2)']
64     : ---------11----------
64     : ['decision(value0)', 'decision(value1)']
65     : ----------11---------
65     : ['decision(value1)', 'decision(value2)']
num_forall :   0
num_exists :   0
num_literals : 0
quantified form : None
qcost : 0


=== Prime Orbit 4 =====================
size : 18
num_suborbits: 1
66 (*) : ------1-----------0--
66     : ['decide(quorum__node1_node2,value0)', '~vote(node2,value0)']
67     : -------1-----------0-
67     : ['decide(quorum__node1_node2,value1)', '~vote(node2,value1)']
68     : --------1-----------0
68     : ['decide(quorum__node1_node2,value2)', '~vote(node2,value2)']
69     : ------1--------0-----
69     : ['decide(quorum__node1_node2,value0)', '~vote(node1,value0)']
70     : -------1--------0----
70     : ['decide(quorum__node1_node2,value1)', '~vote(node1,value1)']
71     : --------1--------0---
71     : ['decide(quorum__node1_node2,value2)', '~vote(node1,value2)']
72     : ---1--------------0--
72     : ['decide(quorum__node0_node2,value0)', '~vote(node2,value0)']
73     : ----1--------------0-
73     : ['decide(quorum__node0_node2,value1)', '~vote(node2,value1)']
74     : -----1--------------0
74     : ['decide(quorum__node0_node2,value2)', '~vote(node2,value2)']
75     : ---1--------0--------
75     : ['decide(quorum__node0_node2,value0)', '~vote(node0,value0)']
76     : ----1--------0-------
76     : ['decide(quorum__node0_node2,value1)', '~vote(node0,value1)']
77     : -----1--------0------
77     : ['decide(quorum__node0_node2,value2)', '~vote(node0,value2)']
78     : 1--------------0-----
78     : ['decide(quorum__node0_node1,value0)', '~vote(node1,value0)']
79     : -1--------------0----
79     : ['decide(quorum__node0_node1,value1)', '~vote(node1,value1)']
80     : --1--------------0---
80     : ['decide(quorum__node0_node1,value2)', '~vote(node1,value2)']
81     : 1-----------0--------
81     : ['decide(quorum__node0_node1,value0)', '~vote(node0,value0)']
82     : -1-----------0-------
82     : ['decide(quorum__node0_node1,value1)', '~vote(node0,value1)']
83     : --1-----------0------
83     : ['decide(quorum__node0_node1,value2)', '~vote(node0,value2)']
num_forall :   0
num_exists :   0
num_literals : 0
quantified form : None
qcost : 0


=== Prime Orbit 5 =====================
size : 27
num_suborbits: 2
84 (*) : --1---1--------------
84     : ['decide(quorum__node0_node1,value2)', 'decide(quorum__node1_node2,value0)']
85     : -1----1--------------
85     : ['decide(quorum__node0_node1,value1)', 'decide(quorum__node1_node2,value0)']
86     : --1----1-------------
86     : ['decide(quorum__node0_node1,value2)', 'decide(quorum__node1_node2,value1)']
87     : 1------1-------------
87     : ['decide(quorum__node0_node1,value0)', 'decide(quorum__node1_node2,value1)']
88     : -1------1------------
88     : ['decide(quorum__node0_node1,value1)', 'decide(quorum__node1_node2,value2)']
89     : 1-------1------------
89     : ['decide(quorum__node0_node1,value0)', 'decide(quorum__node1_node2,value2)']
90     : -----11--------------
90     : ['decide(quorum__node0_node2,value2)', 'decide(quorum__node1_node2,value0)']
91     : ----1-1--------------
91     : ['decide(quorum__node0_node2,value1)', 'decide(quorum__node1_node2,value0)']
92     : -----1-1-------------
92     : ['decide(quorum__node0_node2,value2)', 'decide(quorum__node1_node2,value1)']
93     : ---1---1-------------
93     : ['decide(quorum__node0_node2,value0)', 'decide(quorum__node1_node2,value1)']
94     : ----1---1------------
94     : ['decide(quorum__node0_node2,value1)', 'decide(quorum__node1_node2,value2)']
95     : ---1----1------------
95     : ['decide(quorum__node0_node2,value0)', 'decide(quorum__node1_node2,value2)']
96     : --11-----------------
96     : ['decide(quorum__node0_node1,value2)', 'decide(quorum__node0_node2,value0)']
97     : -1-1-----------------
97     : ['decide(quorum__node0_node1,value1)', 'decide(quorum__node0_node2,value0)']
98     : --1-1----------------
98     : ['decide(quorum__node0_node1,value2)', 'decide(quorum__node0_node2,value1)']
99     : 1---1----------------
99     : ['decide(quorum__node0_node1,value0)', 'decide(quorum__node0_node2,value1)']
100     : -1---1---------------
100     : ['decide(quorum__node0_node1,value1)', 'decide(quorum__node0_node2,value2)']
101     : 1----1---------------
101     : ['decide(quorum__node0_node1,value0)', 'decide(quorum__node0_node2,value2)']
102 (*) : ------11-------------
102     : ['decide(quorum__node1_node2,value0)', 'decide(quorum__node1_node2,value1)']
103     : ------1-1------------
103     : ['decide(quorum__node1_node2,value0)', 'decide(quorum__node1_node2,value2)']
104     : -------11------------
104     : ['decide(quorum__node1_node2,value1)', 'decide(quorum__node1_node2,value2)']
105     : ---11----------------
105     : ['decide(quorum__node0_node2,value0)', 'decide(quorum__node0_node2,value1)']
106     : ---1-1---------------
106     : ['decide(quorum__node0_node2,value0)', 'decide(quorum__node0_node2,value2)']
107     : ----11---------------
107     : ['decide(quorum__node0_node2,value1)', 'decide(quorum__node0_node2,value2)']
108     : 11-------------------
108     : ['decide(quorum__node0_node1,value0)', 'decide(quorum__node0_node1,value1)']
109     : 1-1------------------
109     : ['decide(quorum__node0_node1,value0)', 'decide(quorum__node0_node1,value2)']
110     : -11------------------
110     : ['decide(quorum__node0_node1,value1)', 'decide(quorum__node0_node1,value2)']
num_forall :   0
num_exists :   0
num_literals : 0
quantified form : None
qcost : 0


=== Prime Orbit 6 =====================
size : 18
num_suborbits: 1
111 (*) : --------0--11--------
111     : ['decision(value2)', 'vote(node0,value0)', '~decide(quorum__node1_node2,value2)']
112     : -------0--1-1--------
112     : ['decision(value1)', 'vote(node0,value0)', '~decide(quorum__node1_node2,value1)']
113     : --------0--1-1-------
113     : ['decision(value2)', 'vote(node0,value1)', '~decide(quorum__node1_node2,value2)']
114     : ------0--1---1-------
114     : ['decision(value0)', 'vote(node0,value1)', '~decide(quorum__node1_node2,value0)']
115     : -------0--1---1------
115     : ['decision(value1)', 'vote(node0,value2)', '~decide(quorum__node1_node2,value1)']
116     : ------0--1----1------
116     : ['decision(value0)', 'vote(node0,value2)', '~decide(quorum__node1_node2,value0)']
117     : -----0-----1---1-----
117     : ['decision(value2)', 'vote(node1,value0)', '~decide(quorum__node0_node2,value2)']
118     : ----0-----1----1-----
118     : ['decision(value1)', 'vote(node1,value0)', '~decide(quorum__node0_node2,value1)']
119     : -----0-----1----1----
119     : ['decision(value2)', 'vote(node1,value1)', '~decide(quorum__node0_node2,value2)']
120     : ---0-----1------1----
120     : ['decision(value0)', 'vote(node1,value1)', '~decide(quorum__node0_node2,value0)']
121     : ----0-----1------1---
121     : ['decision(value1)', 'vote(node1,value2)', '~decide(quorum__node0_node2,value1)']
122     : ---0-----1-------1---
122     : ['decision(value0)', 'vote(node1,value2)', '~decide(quorum__node0_node2,value0)']
123     : --0--------1------1--
123     : ['decision(value2)', 'vote(node2,value0)', '~decide(quorum__node0_node1,value2)']
124     : -0--------1-------1--
124     : ['decision(value1)', 'vote(node2,value0)', '~decide(quorum__node0_node1,value1)']
125     : --0--------1-------1-
125     : ['decision(value2)', 'vote(node2,value1)', '~decide(quorum__node0_node1,value2)']
126     : 0--------1---------1-
126     : ['decision(value0)', 'vote(node2,value1)', '~decide(quorum__node0_node1,value0)']
127     : -0--------1---------1
127     : ['decision(value1)', 'vote(node2,value2)', '~decide(quorum__node0_node1,value1)']
128     : 0--------1----------1
128     : ['decision(value0)', 'vote(node2,value2)', '~decide(quorum__node0_node1,value0)']
num_forall :   0
num_exists :   0
num_literals : 0
quantified form : None
qcost : 0


=== Prime Orbit 7 =====================
size : 36
num_suborbits: 1
129 (*) : -----------11----0---
129     : ['decision(value2)', 'vote(node0,value0)', '~vote(node1,value2)']
130     : ----------1-1---0----
130     : ['decision(value1)', 'vote(node0,value0)', '~vote(node1,value1)']
131     : -----------1-1---0---
131     : ['decision(value2)', 'vote(node0,value1)', '~vote(node1,value2)']
132     : ---------1---1-0-----
132     : ['decision(value0)', 'vote(node0,value1)', '~vote(node1,value0)']
133     : ----------1---1-0----
133     : ['decision(value1)', 'vote(node0,value2)', '~vote(node1,value1)']
134     : ---------1----10-----
134     : ['decision(value0)', 'vote(node0,value2)', '~vote(node1,value0)']
135     : -----------11-------0
135     : ['decision(value2)', 'vote(node0,value0)', '~vote(node2,value2)']
136     : ----------1-1------0-
136     : ['decision(value1)', 'vote(node0,value0)', '~vote(node2,value1)']
137     : -----------1-1------0
137     : ['decision(value2)', 'vote(node0,value1)', '~vote(node2,value2)']
138     : ---------1---1----0--
138     : ['decision(value0)', 'vote(node0,value1)', '~vote(node2,value0)']
139     : ----------1---1----0-
139     : ['decision(value1)', 'vote(node0,value2)', '~vote(node2,value1)']
140     : ---------1----1---0--
140     : ['decision(value0)', 'vote(node0,value2)', '~vote(node2,value0)']
141     : -----------1--01-----
141     : ['decision(value2)', 'vote(node1,value0)', '~vote(node0,value2)']
142     : ----------1--0-1-----
142     : ['decision(value1)', 'vote(node1,value0)', '~vote(node0,value1)']
143     : -----------1--0-1----
143     : ['decision(value2)', 'vote(node1,value1)', '~vote(node0,value2)']
144     : ---------1--0---1----
144     : ['decision(value0)', 'vote(node1,value1)', '~vote(node0,value0)']
145     : ----------1--0---1---
145     : ['decision(value1)', 'vote(node1,value2)', '~vote(node0,value1)']
146     : ---------1--0----1---
146     : ['decision(value0)', 'vote(node1,value2)', '~vote(node0,value0)']
147     : -----------1---1----0
147     : ['decision(value2)', 'vote(node1,value0)', '~vote(node2,value2)']
148     : ----------1----1---0-
148     : ['decision(value1)', 'vote(node1,value0)', '~vote(node2,value1)']
149     : -----------1----1---0
149     : ['decision(value2)', 'vote(node1,value1)', '~vote(node2,value2)']
150     : ---------1------1-0--
150     : ['decision(value0)', 'vote(node1,value1)', '~vote(node2,value0)']
151     : ----------1------1-0-
151     : ['decision(value1)', 'vote(node1,value2)', '~vote(node2,value1)']
152     : ---------1-------10--
152     : ['decision(value0)', 'vote(node1,value2)', '~vote(node2,value0)']
153     : -----------1--0---1--
153     : ['decision(value2)', 'vote(node2,value0)', '~vote(node0,value2)']
154     : ----------1--0----1--
154     : ['decision(value1)', 'vote(node2,value0)', '~vote(node0,value1)']
155     : -----------1--0----1-
155     : ['decision(value2)', 'vote(node2,value1)', '~vote(node0,value2)']
156     : ---------1--0------1-
156     : ['decision(value0)', 'vote(node2,value1)', '~vote(node0,value0)']
157     : ----------1--0------1
157     : ['decision(value1)', 'vote(node2,value2)', '~vote(node0,value1)']
158     : ---------1--0-------1
158     : ['decision(value0)', 'vote(node2,value2)', '~vote(node0,value0)']
159     : -----------1-----01--
159     : ['decision(value2)', 'vote(node2,value0)', '~vote(node1,value2)']
160     : ----------1-----0-1--
160     : ['decision(value1)', 'vote(node2,value0)', '~vote(node1,value1)']
161     : -----------1-----0-1-
161     : ['decision(value2)', 'vote(node2,value1)', '~vote(node1,value2)']
162     : ---------1-----0---1-
162     : ['decision(value0)', 'vote(node2,value1)', '~vote(node1,value0)']
163     : ----------1-----0---1
163     : ['decision(value1)', 'vote(node2,value2)', '~vote(node1,value1)']
164     : ---------1-----0----1
164     : ['decision(value0)', 'vote(node2,value2)', '~vote(node1,value0)']
num_forall :   0
num_exists :   0
num_literals : 0
quantified form : None
qcost : 0


=== Prime Orbit 8 =====================
size : 36
num_suborbits: 2
165 (*) : -----------11------1-
165     : ['decision(value2)', 'vote(node0,value0)', 'vote(node2,value1)']
166     : ----------1-1-------1
166     : ['decision(value1)', 'vote(node0,value0)', 'vote(node2,value2)']
167     : -----------1-1----1--
167     : ['decision(value2)', 'vote(node0,value1)', 'vote(node2,value0)']
168     : ---------1---1------1
168     : ['decision(value0)', 'vote(node0,value1)', 'vote(node2,value2)']
169     : ----------1---1---1--
169     : ['decision(value1)', 'vote(node0,value2)', 'vote(node2,value0)']
170     : ---------1----1----1-
170     : ['decision(value0)', 'vote(node0,value2)', 'vote(node2,value1)']
171     : -----------11---1----
171     : ['decision(value2)', 'vote(node0,value0)', 'vote(node1,value1)']
172     : ----------1-1----1---
172     : ['decision(value1)', 'vote(node0,value0)', 'vote(node1,value2)']
173     : -----------1-1-1-----
173     : ['decision(value2)', 'vote(node0,value1)', 'vote(node1,value0)']
174     : ---------1---1---1---
174     : ['decision(value0)', 'vote(node0,value1)', 'vote(node1,value2)']
175     : ----------1---11-----
175     : ['decision(value1)', 'vote(node0,value2)', 'vote(node1,value0)']
176     : ---------1----1-1----
176     : ['decision(value0)', 'vote(node0,value2)', 'vote(node1,value1)']
177     : -----------1---1---1-
177     : ['decision(value2)', 'vote(node1,value0)', 'vote(node2,value1)']
178     : ----------1----1----1
178     : ['decision(value1)', 'vote(node1,value0)', 'vote(node2,value2)']
179     : -----------1----1-1--
179     : ['decision(value2)', 'vote(node1,value1)', 'vote(node2,value0)']
180     : ---------1------1---1
180     : ['decision(value0)', 'vote(node1,value1)', 'vote(node2,value2)']
181     : ----------1------11--
181     : ['decision(value1)', 'vote(node1,value2)', 'vote(node2,value0)']
182     : ---------1-------1-1-
182     : ['decision(value0)', 'vote(node1,value2)', 'vote(node2,value1)']
183 (*) : ----------1-1-----1--
183     : ['decision(value1)', 'vote(node0,value0)', 'vote(node2,value0)']
184     : -----------11-----1--
184     : ['decision(value2)', 'vote(node0,value0)', 'vote(node2,value0)']
185     : ---------1---1-----1-
185     : ['decision(value0)', 'vote(node0,value1)', 'vote(node2,value1)']
186     : -----------1-1-----1-
186     : ['decision(value2)', 'vote(node0,value1)', 'vote(node2,value1)']
187     : ---------1----1-----1
187     : ['decision(value0)', 'vote(node0,value2)', 'vote(node2,value2)']
188     : ----------1---1-----1
188     : ['decision(value1)', 'vote(node0,value2)', 'vote(node2,value2)']
189     : ----------1-1--1-----
189     : ['decision(value1)', 'vote(node0,value0)', 'vote(node1,value0)']
190     : -----------11--1-----
190     : ['decision(value2)', 'vote(node0,value0)', 'vote(node1,value0)']
191     : ---------1---1--1----
191     : ['decision(value0)', 'vote(node0,value1)', 'vote(node1,value1)']
192     : -----------1-1--1----
192     : ['decision(value2)', 'vote(node0,value1)', 'vote(node1,value1)']
193     : ---------1----1--1---
193     : ['decision(value0)', 'vote(node0,value2)', 'vote(node1,value2)']
194     : ----------1---1--1---
194     : ['decision(value1)', 'vote(node0,value2)', 'vote(node1,value2)']
195     : ----------1----1--1--
195     : ['decision(value1)', 'vote(node1,value0)', 'vote(node2,value0)']
196     : -----------1---1--1--
196     : ['decision(value2)', 'vote(node1,value0)', 'vote(node2,value0)']
197     : ---------1------1--1-
197     : ['decision(value0)', 'vote(node1,value1)', 'vote(node2,value1)']
198     : -----------1----1--1-
198     : ['decision(value2)', 'vote(node1,value1)', 'vote(node2,value1)']
199     : ---------1-------1--1
199     : ['decision(value0)', 'vote(node1,value2)', 'vote(node2,value2)']
200     : ----------1------1--1
200     : ['decision(value1)', 'vote(node1,value2)', 'vote(node2,value2)']
num_forall :   0
num_exists :   0
num_literals : 0
quantified form : None
qcost : 0


=== Prime Orbit 9 =====================
size : 9
num_suborbits: 1
201 (*) : -------0--1--0-------
201     : ['decision(value1)', '~decide(quorum__node1_node2,value1)', '~vote(node0,value1)']
202     : --------0--1--0------
202     : ['decision(value2)', '~decide(quorum__node1_node2,value2)', '~vote(node0,value2)']
203     : ------0--1--0--------
203     : ['decision(value0)', '~decide(quorum__node1_node2,value0)', '~vote(node0,value0)']
204     : ----0-----1-----0----
204     : ['decision(value1)', '~decide(quorum__node0_node2,value1)', '~vote(node1,value1)']
205     : -----0-----1-----0---
205     : ['decision(value2)', '~decide(quorum__node0_node2,value2)', '~vote(node1,value2)']
206     : ---0-----1-----0-----
206     : ['decision(value0)', '~decide(quorum__node0_node2,value0)', '~vote(node1,value0)']
207     : -0--------1--------0-
207     : ['decision(value1)', '~decide(quorum__node0_node1,value1)', '~vote(node2,value1)']
208     : --0--------1--------0
208     : ['decision(value2)', '~decide(quorum__node0_node1,value2)', '~vote(node2,value2)']
209     : 0--------1--------0--
209     : ['decision(value0)', '~decide(quorum__node0_node1,value0)', '~vote(node2,value0)']
num_forall :   0
num_exists :   0
num_literals : 0
quantified form : None
qcost : 0


=== Prime Orbit 10 =====================
size : 9
num_suborbits: 1
210 (*) : ----------1--0-----0-
210     : ['decision(value1)', '~vote(node0,value1)', '~vote(node2,value1)']
211     : -----------1--0-----0
211     : ['decision(value2)', '~vote(node0,value2)', '~vote(node2,value2)']
212     : ---------1--0-----0--
212     : ['decision(value0)', '~vote(node0,value0)', '~vote(node2,value0)']
213     : ----------1--0--0----
213     : ['decision(value1)', '~vote(node0,value1)', '~vote(node1,value1)']
214     : -----------1--0--0---
214     : ['decision(value2)', '~vote(node0,value2)', '~vote(node1,value2)']
215     : ---------1--0--0-----
215     : ['decision(value0)', '~vote(node0,value0)', '~vote(node1,value0)']
216     : ----------1-----0--0-
216     : ['decision(value1)', '~vote(node1,value1)', '~vote(node2,value1)']
217     : -----------1-----0--0
217     : ['decision(value2)', '~vote(node1,value2)', '~vote(node2,value2)']
218     : ---------1-----0--0--
218     : ['decision(value0)', '~vote(node1,value0)', '~vote(node2,value0)']
num_forall :   0
num_exists :   0
num_literals : 0
quantified form : None
qcost : 0


=== Prime Orbit 11 =====================
size : 3
num_suborbits: 1
219 (*) : -0--0--0--1----------
219     : ['decision(value1)', '~decide(quorum__node0_node1,value1)', '~decide(quorum__node0_node2,value1)', '~decide(quorum__node1_node2,value1)']
220     : --0--0--0--1---------
220     : ['decision(value2)', '~decide(quorum__node0_node1,value2)', '~decide(quorum__node0_node2,value2)', '~decide(quorum__node1_node2,value2)']
221     : 0--0--0--1-----------
221     : ['decision(value0)', '~decide(quorum__node0_node1,value0)', '~decide(quorum__node0_node2,value0)', '~decide(quorum__node1_node2,value0)']
num_forall :   0
num_exists :   0
num_literals : 0
quantified form : None
qcost : 0



[PRIME NOTE]: number of orbits after merging: 12

[PRIME NOTE]: number of orbits before merging: 14

[PRIME NOTE]: number of primes: 222

[QRM NOTE]: Time elapsed since start: 7.871 seconds

[QRM NOTE]: Time elapsed since last: 0.078 seconds

[QRM NOTE]: Peak memory: 1582188 bytes


==================================================================================================

	[RED]: PRIME REDUCTION on [ivybench/sym_quorum/ivy/naive_consensus: node=3,value=3]

==================================================================================================

definition primes: set()


New level: 0
 pending : [0, 1, 2, 3, 4, 5, 6, 7, 8, 9, 10, 11]
 solution : []


Before reduction : 
 pending  : [0, 1, 2, 3, 4, 5, 6, 7, 8, 9, 10, 11]
 solution : []

Essensial at level 0 : {1, 11, 4}

Before removed
 coverage : [(0, -1), (1, -1), (2, -1), (3, -1), (4, -1), (5, -1), (6, -1), (7, -1), (8, -1), (9, -1), (10, -1), (11, -1)]

After removed
 coverage : [(0, 0), (1, -1), (2, 0), (3, 0), (4, -1), (5, 0), (6, 0), (7, 0), (8, 0), (9, 0), (10, 0), (11, -1)]

Covered at level 0 : {0, 2, 3, 5, 6, 7, 8, 9, 10}

After reduction : 
 pending  : []
 solution : [1, 11, 4]


Before reduction : 
 pending  : []
 solution : [1, 11, 4]

Essensial at level 0 : set()

Before removed
 coverage : [(0, 0), (1, -1), (2, 0), (3, 0), (4, -1), (5, 0), (6, 0), (7, 0), (8, 0), (9, 0), (10, 0), (11, -1)]

After removed
 coverage : [(0, -1), (1, -1), (2, -1), (3, -1), (4, -1), (5, -1), (6, -1), (7, -1), (8, -1), (9, -1), (10, -1), (11, -1)]

Covered at level 0 : set()

After reduction : 
 pending  : []
 solution : [1, 11, 4]

[QRM NOTE]: Time elapsed since start: 7.980 seconds

[QRM NOTE]: Time elapsed since last: 0.109 seconds

[QRM NOTE]: Peak memory: 535497 bytes


======================================================================================================

	[QI]: Quantifier Inference on [ivybench/sym_quorum/ivy/naive_consensus: node=3,value=3]

======================================================================================================


---------- quantifier_inference ----------


=== Prime Orbit 1 =====================
size : 9
num_suborbits: 1
36 (*) : ------------------11-
36     : ['vote(node2,value0)', 'vote(node2,value1)']
37     : ------------------1-1
37     : ['vote(node2,value0)', 'vote(node2,value2)']
38     : -------------------11
38     : ['vote(node2,value1)', 'vote(node2,value2)']
39     : ---------------11----
39     : ['vote(node1,value0)', 'vote(node1,value1)']
40     : ---------------1-1---
40     : ['vote(node1,value0)', 'vote(node1,value2)']
41     : ----------------11---
41     : ['vote(node1,value1)', 'vote(node1,value2)']
42     : ------------11-------
42     : ['vote(node0,value0)', 'vote(node0,value1)']
43     : ------------1-1------
43     : ['vote(node0,value0)', 'vote(node0,value2)']
44     : -------------11------
44     : ['vote(node0,value1)', 'vote(node0,value2)']
num_forall :   0
num_exists :   0
num_literals : 0
quantified form : None
qcost : 0




---------- QPrime ----------


---------- ConstArgBinding ----------

terms: ['vote(node2,value0)', 'vote(node2,value1)']

sign_func_name2args: {'0$vote': [(Const('node2', EnumeratedSort('node', ('node0', 'node1', 'node2'))), Const('value0', EnumeratedSort('value', ('value0', 'value1', 'value2')))), (Const('node2', EnumeratedSort('node', ('node0', 'node1', 'node2'))), Const('value1', EnumeratedSort('value', ('value0', 'value1', 'value2'))))]}

const2sigs: {Const('node2', EnumeratedSort('node', ('node0', 'node1', 'node2'))): [node$0$vote$0$0, node$0$vote$0$1], Const('value0', EnumeratedSort('value', ('value0', 'value1', 'value2'))): [value$0$vote$1$0], Const('value1', EnumeratedSort('value', ('value0', 'value1', 'value2'))): [value$0$vote$1$1]}

sig2const: {'node$0$vote$0$0': Const('node2', EnumeratedSort('node', ('node0', 'node1', 'node2'))), 'value$0$vote$1$0': Const('value0', EnumeratedSort('value', ('value0', 'value1', 'value2'))), 'node$0$vote$0$1': Const('node2', EnumeratedSort('node', ('node0', 'node1', 'node2'))), 'value$0$vote$1$1': Const('value1', EnumeratedSort('value', ('value0', 'value1', 'value2')))}


---------- ArgPartition ----------

sort2class_sigs: {EnumeratedSort('node', ('node0', 'node1', 'node2')): [node$0$vote$0$0; node$0$vote$0$1], EnumeratedSort('value', ('value0', 'value1', 'value2')): [value$0$vote$1$0, value$0$vote$1$1]}

sort2part_sig: {EnumeratedSort('node', ('node0', 'node1', 'node2')): node$0$vote$0$0; node$0$vote$0$1, EnumeratedSort('value', ('value0', 'value1', 'value2')): value$0$vote$1$0 | value$0$vote$1$1}

part_sig: ('node$0$vote$0$0; node$0$vote$0$1', 'value$0$vote$1$0 | value$0$vote$1$1')


---------- SigGenerator ----------

terms:  ['vote(node2,value0)', 'vote(node2,value1)']

func_name2symbol:  {'vote': Const('vote', FunctionSort(EnumeratedSort('node', ('node0', 'node1', 'node2')), EnumeratedSort('value', ('value0', 'value1', 'value2')), BooleanSort()))}

func_name2args_sort:  {'vote': (EnumeratedSort('node', ('node0', 'node1', 'node2')), EnumeratedSort('value', ('value0', 'value1', 'value2')))}

sign_func_name2count:  {'0$vote': 2}


---------- ProductArgPartition ----------

sort2class_sigs: {EnumeratedSort('node', ('node0', 'node1', 'node2')): [node$0$vote$0$0; node$0$vote$0$1], EnumeratedSort('value', ('value0', 'value1', 'value2')): [value$0$vote$1$0, value$0$vote$1$1]}

sort2part_sig: {EnumeratedSort('node', ('node0', 'node1', 'node2')): node$0$vote$0$0; node$0$vote$0$1, EnumeratedSort('value', ('value0', 'value1', 'value2')): value$0$vote$1$0 | value$0$vote$1$1}

	sort: node

	identical_classes: {'node$0$vote$0; node$0$vote$0': [node$0$vote$0$0; node$0$vote$0$1]}

	identical_single_classes: {'node$0$vote$0; node$0$vote$0': node$0$vote$0$0; node$0$vote$0$1}

	identical_multi_classes: {}

	sort: value

	identical_classes: {'value$0$vote$1': [value$0$vote$1$0, value$0$vote$1$1]}

	identical_single_classes: {}

	identical_multi_classes: {'value$0$vote$1': [value$0$vote$1$0, value$0$vote$1$1]}


---------- QInference: _set_sort_to_quantifier_mode ----------

quantifier mode: node: QuantifierMode.forall

quantifier mode: value: QuantifierMode.forall


---------- QInference: _set_constraint_mode ----------

constraint mode: ConstraintMode.no_merge


---------- QFormula: _set_qvars ----------

forall_qvars: {Var('VALUE0', EnumeratedSort('value', ('value0', 'value1', 'value2'))), Var('VALUE1', EnumeratedSort('value', ('value0', 'value1', 'value2'))), Var('NODE0', EnumeratedSort('node', ('node0', 'node1', 'node2')))}

exists_qvars: set()


---------- QFormula: _set_signed_func_name_to_args ----------

signed_func_name2args: {'0$vote': [[Var('NODE0', EnumeratedSort('node', ('node0', 'node1', 'node2'))), Var('VALUE0', EnumeratedSort('value', ('value0', 'value1', 'value2')))], [Var('NODE0', EnumeratedSort('node', ('node0', 'node1', 'node2'))), Var('VALUE1', EnumeratedSort('value', ('value0', 'value1', 'value2')))]]}


---------- QFormula: _set_qterms ----------

qterms: ['vote(NODE0,VALUE1)', 'vote(NODE0,VALUE0)']


---------- QFormula: get_qclause ----------

qclause: forall VALUE0,VALUE1,NODE0. ~vote(NODE0,VALUE1) | ~vote(NODE0,VALUE0) | VALUE0 = VALUE1


=== Prime Orbit 11 =====================
size : 3
num_suborbits: 1
219 (*) : -0--0--0--1----------
219     : ['decision(value1)', '~decide(quorum__node0_node1,value1)', '~decide(quorum__node0_node2,value1)', '~decide(quorum__node1_node2,value1)']
220     : --0--0--0--1---------
220     : ['decision(value2)', '~decide(quorum__node0_node1,value2)', '~decide(quorum__node0_node2,value2)', '~decide(quorum__node1_node2,value2)']
221     : 0--0--0--1-----------
221     : ['decision(value0)', '~decide(quorum__node0_node1,value0)', '~decide(quorum__node0_node2,value0)', '~decide(quorum__node1_node2,value0)']
num_forall :   0
num_exists :   0
num_literals : 0
quantified form : None
qcost : 0




---------- QPrime ----------


---------- ConstArgBinding ----------

terms: ['~decide(quorum__node0_node1,value1)', '~decide(quorum__node0_node2,value1)', '~decide(quorum__node1_node2,value1)', 'decision(value1)']

sign_func_name2args: {'1$decide': [(Const('quorum__node0_node1', EnumeratedSort('quorum', ('quorum__node0_node1', 'quorum__node0_node2', 'quorum__node1_node2'))), Const('value1', EnumeratedSort('value', ('value0', 'value1', 'value2')))), (Const('quorum__node0_node2', EnumeratedSort('quorum', ('quorum__node0_node1', 'quorum__node0_node2', 'quorum__node1_node2'))), Const('value1', EnumeratedSort('value', ('value0', 'value1', 'value2')))), (Const('quorum__node1_node2', EnumeratedSort('quorum', ('quorum__node0_node1', 'quorum__node0_node2', 'quorum__node1_node2'))), Const('value1', EnumeratedSort('value', ('value0', 'value1', 'value2'))))], '0$decision': [(Const('value1', EnumeratedSort('value', ('value0', 'value1', 'value2'))),)]}

const2sigs: {Const('quorum__node0_node1', EnumeratedSort('quorum', ('quorum__node0_node1', 'quorum__node0_node2', 'quorum__node1_node2'))): [quorum$1$decide$0$0], Const('value1', EnumeratedSort('value', ('value0', 'value1', 'value2'))): [value$1$decide$1$0, value$1$decide$1$1, value$1$decide$1$2, value$0$decision$0$0], Const('quorum__node0_node2', EnumeratedSort('quorum', ('quorum__node0_node1', 'quorum__node0_node2', 'quorum__node1_node2'))): [quorum$1$decide$0$1], Const('quorum__node1_node2', EnumeratedSort('quorum', ('quorum__node0_node1', 'quorum__node0_node2', 'quorum__node1_node2'))): [quorum$1$decide$0$2]}

sig2const: {'quorum$1$decide$0$0': Const('quorum__node0_node1', EnumeratedSort('quorum', ('quorum__node0_node1', 'quorum__node0_node2', 'quorum__node1_node2'))), 'value$1$decide$1$0': Const('value1', EnumeratedSort('value', ('value0', 'value1', 'value2'))), 'quorum$1$decide$0$1': Const('quorum__node0_node2', EnumeratedSort('quorum', ('quorum__node0_node1', 'quorum__node0_node2', 'quorum__node1_node2'))), 'value$1$decide$1$1': Const('value1', EnumeratedSort('value', ('value0', 'value1', 'value2'))), 'quorum$1$decide$0$2': Const('quorum__node1_node2', EnumeratedSort('quorum', ('quorum__node0_node1', 'quorum__node0_node2', 'quorum__node1_node2'))), 'value$1$decide$1$2': Const('value1', EnumeratedSort('value', ('value0', 'value1', 'value2'))), 'value$0$decision$0$0': Const('value1', EnumeratedSort('value', ('value0', 'value1', 'value2')))}


---------- ArgPartition ----------

sort2class_sigs: {EnumeratedSort('quorum', ('quorum__node0_node1', 'quorum__node0_node2', 'quorum__node1_node2')): [quorum$1$decide$0$0, quorum$1$decide$0$1, quorum$1$decide$0$2], EnumeratedSort('value', ('value0', 'value1', 'value2')): [value$0$decision$0$0; value$1$decide$1$0; value$1$decide$1$1; value$1$decide$1$2]}

sort2part_sig: {EnumeratedSort('quorum', ('quorum__node0_node1', 'quorum__node0_node2', 'quorum__node1_node2')): quorum$1$decide$0$0 | quorum$1$decide$0$1 | quorum$1$decide$0$2, EnumeratedSort('value', ('value0', 'value1', 'value2')): value$0$decision$0$0; value$1$decide$1$0; value$1$decide$1$1; value$1$decide$1$2}

part_sig: ('quorum$1$decide$0$0 | quorum$1$decide$0$1 | quorum$1$decide$0$2', 'value$0$decision$0$0; value$1$decide$1$0; value$1$decide$1$1; value$1$decide$1$2')


---------- SigGenerator ----------

terms:  ['~decide(quorum__node0_node1,value1)', '~decide(quorum__node0_node2,value1)', '~decide(quorum__node1_node2,value1)', 'decision(value1)']

func_name2symbol:  {'decide': Const('decide', FunctionSort(EnumeratedSort('quorum', ('quorum__node0_node1', 'quorum__node0_node2', 'quorum__node1_node2')), EnumeratedSort('value', ('value0', 'value1', 'value2')), BooleanSort())), 'decision': Const('decision', FunctionSort(EnumeratedSort('value', ('value0', 'value1', 'value2')), BooleanSort()))}

func_name2args_sort:  {'decide': (EnumeratedSort('quorum', ('quorum__node0_node1', 'quorum__node0_node2', 'quorum__node1_node2')), EnumeratedSort('value', ('value0', 'value1', 'value2'))), 'decision': (EnumeratedSort('value', ('value0', 'value1', 'value2')),)}

sign_func_name2count:  {'1$decide': 3, '0$decision': 1}


---------- ProductArgPartition ----------

sort2class_sigs: {EnumeratedSort('quorum', ('quorum__node0_node1', 'quorum__node0_node2', 'quorum__node1_node2')): [quorum$1$decide$0$0, quorum$1$decide$0$1, quorum$1$decide$0$2], EnumeratedSort('value', ('value0', 'value1', 'value2')): [value$0$decision$0$0; value$1$decide$1$0; value$1$decide$1$1; value$1$decide$1$2]}

sort2part_sig: {EnumeratedSort('quorum', ('quorum__node0_node1', 'quorum__node0_node2', 'quorum__node1_node2')): quorum$1$decide$0$0 | quorum$1$decide$0$1 | quorum$1$decide$0$2, EnumeratedSort('value', ('value0', 'value1', 'value2')): value$0$decision$0$0; value$1$decide$1$0; value$1$decide$1$1; value$1$decide$1$2}

	sort: quorum

	identical_classes: {'quorum$1$decide$0': [quorum$1$decide$0$0, quorum$1$decide$0$1, quorum$1$decide$0$2]}

	identical_single_classes: {}

	identical_multi_classes: {'quorum$1$decide$0': [quorum$1$decide$0$0, quorum$1$decide$0$1, quorum$1$decide$0$2]}

	sort: value

	identical_classes: {'value$0$decision$0; value$1$decide$1; value$1$decide$1; value$1$decide$1': [value$0$decision$0$0; value$1$decide$1$0; value$1$decide$1$1; value$1$decide$1$2]}

	identical_single_classes: {'value$0$decision$0; value$1$decide$1; value$1$decide$1; value$1$decide$1': value$0$decision$0$0; value$1$decide$1$0; value$1$decide$1$1; value$1$decide$1$2}

	identical_multi_classes: {}


---------- QInference: _set_sort_to_quantifier_mode ----------

quantifier mode: quorum: QuantifierMode.exists

quantifier mode: value: QuantifierMode.forall


---------- QInference: _set_constraint_mode ----------

constraint mode: ConstraintMode.no_merge


---------- QFormula: _set_qvars ----------

forall_qvars: {Var('VALUE0', EnumeratedSort('value', ('value0', 'value1', 'value2')))}

exists_qvars: {Var('QUORUM0', EnumeratedSort('quorum', ('quorum__node0_node1', 'quorum__node0_node2', 'quorum__node1_node2')))}


---------- QFormula: _set_signed_func_name_to_args ----------

signed_func_name2args: {'1$decide': [[Var('QUORUM0', EnumeratedSort('quorum', ('quorum__node0_node1', 'quorum__node0_node2', 'quorum__node1_node2'))), Var('VALUE0', EnumeratedSort('value', ('value0', 'value1', 'value2')))], [Var('QUORUM0', EnumeratedSort('quorum', ('quorum__node0_node1', 'quorum__node0_node2', 'quorum__node1_node2'))), Var('VALUE0', EnumeratedSort('value', ('value0', 'value1', 'value2')))], [Var('QUORUM0', EnumeratedSort('quorum', ('quorum__node0_node1', 'quorum__node0_node2', 'quorum__node1_node2'))), Var('VALUE0', EnumeratedSort('value', ('value0', 'value1', 'value2')))]], '0$decision': [[Var('VALUE0', EnumeratedSort('value', ('value0', 'value1', 'value2')))]]}


---------- QFormula: _set_qterms ----------

qterms: ['~decide(QUORUM0,VALUE0)', 'decision(VALUE0)']


---------- QFormula: get_qclause ----------

qclause: forall VALUE0. (exists QUORUM0. decide(QUORUM0,VALUE0) | ~decision(VALUE0))


=== Prime Orbit 4 =====================
size : 18
num_suborbits: 1
66 (*) : ------1-----------0--
66     : ['decide(quorum__node1_node2,value0)', '~vote(node2,value0)']
67     : -------1-----------0-
67     : ['decide(quorum__node1_node2,value1)', '~vote(node2,value1)']
68     : --------1-----------0
68     : ['decide(quorum__node1_node2,value2)', '~vote(node2,value2)']
69     : ------1--------0-----
69     : ['decide(quorum__node1_node2,value0)', '~vote(node1,value0)']
70     : -------1--------0----
70     : ['decide(quorum__node1_node2,value1)', '~vote(node1,value1)']
71     : --------1--------0---
71     : ['decide(quorum__node1_node2,value2)', '~vote(node1,value2)']
72     : ---1--------------0--
72     : ['decide(quorum__node0_node2,value0)', '~vote(node2,value0)']
73     : ----1--------------0-
73     : ['decide(quorum__node0_node2,value1)', '~vote(node2,value1)']
74     : -----1--------------0
74     : ['decide(quorum__node0_node2,value2)', '~vote(node2,value2)']
75     : ---1--------0--------
75     : ['decide(quorum__node0_node2,value0)', '~vote(node0,value0)']
76     : ----1--------0-------
76     : ['decide(quorum__node0_node2,value1)', '~vote(node0,value1)']
77     : -----1--------0------
77     : ['decide(quorum__node0_node2,value2)', '~vote(node0,value2)']
78     : 1--------------0-----
78     : ['decide(quorum__node0_node1,value0)', '~vote(node1,value0)']
79     : -1--------------0----
79     : ['decide(quorum__node0_node1,value1)', '~vote(node1,value1)']
80     : --1--------------0---
80     : ['decide(quorum__node0_node1,value2)', '~vote(node1,value2)']
81     : 1-----------0--------
81     : ['decide(quorum__node0_node1,value0)', '~vote(node0,value0)']
82     : -1-----------0-------
82     : ['decide(quorum__node0_node1,value1)', '~vote(node0,value1)']
83     : --1-----------0------
83     : ['decide(quorum__node0_node1,value2)', '~vote(node0,value2)']
num_forall :   0
num_exists :   0
num_literals : 0
quantified form : None
qcost : 0




---------- QPrime ----------


---------- ConstArgBinding ----------

terms: ['decide(quorum__node1_node2,value0)', '~vote(node2,value0)', 'member(node2,quorum__node1_node2)']

sign_func_name2args: {'0$decide': [(Const('quorum__node1_node2', EnumeratedSort('quorum', ('quorum__node0_node1', 'quorum__node0_node2', 'quorum__node1_node2'))), Const('value0', EnumeratedSort('value', ('value0', 'value1', 'value2'))))], '1$vote': [(Const('node2', EnumeratedSort('node', ('node0', 'node1', 'node2'))), Const('value0', EnumeratedSort('value', ('value0', 'value1', 'value2'))))], '0$member': [(Const('node2', EnumeratedSort('node', ('node0', 'node1', 'node2'))), Const('quorum__node1_node2', EnumeratedSort('quorum', ('quorum__node0_node1', 'quorum__node0_node2', 'quorum__node1_node2'))))]}

const2sigs: {Const('quorum__node1_node2', EnumeratedSort('quorum', ('quorum__node0_node1', 'quorum__node0_node2', 'quorum__node1_node2'))): [quorum$0$decide$0$0, quorum$0$member$1$0], Const('value0', EnumeratedSort('value', ('value0', 'value1', 'value2'))): [value$0$decide$1$0, value$1$vote$1$0], Const('node2', EnumeratedSort('node', ('node0', 'node1', 'node2'))): [node$1$vote$0$0, node$0$member$0$0]}

sig2const: {'quorum$0$decide$0$0': Const('quorum__node1_node2', EnumeratedSort('quorum', ('quorum__node0_node1', 'quorum__node0_node2', 'quorum__node1_node2'))), 'value$0$decide$1$0': Const('value0', EnumeratedSort('value', ('value0', 'value1', 'value2'))), 'node$1$vote$0$0': Const('node2', EnumeratedSort('node', ('node0', 'node1', 'node2'))), 'value$1$vote$1$0': Const('value0', EnumeratedSort('value', ('value0', 'value1', 'value2'))), 'node$0$member$0$0': Const('node2', EnumeratedSort('node', ('node0', 'node1', 'node2'))), 'quorum$0$member$1$0': Const('quorum__node1_node2', EnumeratedSort('quorum', ('quorum__node0_node1', 'quorum__node0_node2', 'quorum__node1_node2')))}


---------- ArgPartition ----------

sort2class_sigs: {EnumeratedSort('quorum', ('quorum__node0_node1', 'quorum__node0_node2', 'quorum__node1_node2')): [quorum$0$decide$0$0; quorum$0$member$1$0], EnumeratedSort('value', ('value0', 'value1', 'value2')): [value$0$decide$1$0; value$1$vote$1$0], EnumeratedSort('node', ('node0', 'node1', 'node2')): [node$0$member$0$0; node$1$vote$0$0]}

sort2part_sig: {EnumeratedSort('quorum', ('quorum__node0_node1', 'quorum__node0_node2', 'quorum__node1_node2')): quorum$0$decide$0$0; quorum$0$member$1$0, EnumeratedSort('value', ('value0', 'value1', 'value2')): value$0$decide$1$0; value$1$vote$1$0, EnumeratedSort('node', ('node0', 'node1', 'node2')): node$0$member$0$0; node$1$vote$0$0}

part_sig: ('node$0$member$0$0; node$1$vote$0$0', 'quorum$0$decide$0$0; quorum$0$member$1$0', 'value$0$decide$1$0; value$1$vote$1$0')


---------- SigGenerator ----------

terms:  ['decide(quorum__node1_node2,value0)', '~vote(node2,value0)', 'member(node2,quorum__node1_node2)']

func_name2symbol:  {'decide': Const('decide', FunctionSort(EnumeratedSort('quorum', ('quorum__node0_node1', 'quorum__node0_node2', 'quorum__node1_node2')), EnumeratedSort('value', ('value0', 'value1', 'value2')), BooleanSort())), 'vote': Const('vote', FunctionSort(EnumeratedSort('node', ('node0', 'node1', 'node2')), EnumeratedSort('value', ('value0', 'value1', 'value2')), BooleanSort())), 'member': Const('member', FunctionSort(EnumeratedSort('node', ('node0', 'node1', 'node2')), EnumeratedSort('quorum', ('quorum__node0_node1', 'quorum__node0_node2', 'quorum__node1_node2')), BooleanSort()))}

func_name2args_sort:  {'decide': (EnumeratedSort('quorum', ('quorum__node0_node1', 'quorum__node0_node2', 'quorum__node1_node2')), EnumeratedSort('value', ('value0', 'value1', 'value2'))), 'vote': (EnumeratedSort('node', ('node0', 'node1', 'node2')), EnumeratedSort('value', ('value0', 'value1', 'value2'))), 'member': (EnumeratedSort('node', ('node0', 'node1', 'node2')), EnumeratedSort('quorum', ('quorum__node0_node1', 'quorum__node0_node2', 'quorum__node1_node2')))}

sign_func_name2count:  {'0$decide': 1, '1$vote': 1, '0$member': 1}


---------- ProductArgPartition ----------

sort2class_sigs: {EnumeratedSort('quorum', ('quorum__node0_node1', 'quorum__node0_node2', 'quorum__node1_node2')): [quorum$0$decide$0$0; quorum$0$member$1$0], EnumeratedSort('value', ('value0', 'value1', 'value2')): [value$0$decide$1$0; value$1$vote$1$0], EnumeratedSort('node', ('node0', 'node1', 'node2')): [node$0$member$0$0; node$1$vote$0$0]}

sort2part_sig: {EnumeratedSort('quorum', ('quorum__node0_node1', 'quorum__node0_node2', 'quorum__node1_node2')): quorum$0$decide$0$0; quorum$0$member$1$0, EnumeratedSort('value', ('value0', 'value1', 'value2')): value$0$decide$1$0; value$1$vote$1$0, EnumeratedSort('node', ('node0', 'node1', 'node2')): node$0$member$0$0; node$1$vote$0$0}

	sort: quorum

	identical_classes: {'quorum$0$decide$0; quorum$0$member$1': [quorum$0$decide$0$0; quorum$0$member$1$0]}

	identical_single_classes: {'quorum$0$decide$0; quorum$0$member$1': quorum$0$decide$0$0; quorum$0$member$1$0}

	identical_multi_classes: {}

	sort: value

	identical_classes: {'value$0$decide$1; value$1$vote$1': [value$0$decide$1$0; value$1$vote$1$0]}

	identical_single_classes: {'value$0$decide$1; value$1$vote$1': value$0$decide$1$0; value$1$vote$1$0}

	identical_multi_classes: {}

	sort: node

	identical_classes: {'node$0$member$0; node$1$vote$0': [node$0$member$0$0; node$1$vote$0$0]}

	identical_single_classes: {'node$0$member$0; node$1$vote$0': node$0$member$0$0; node$1$vote$0$0}

	identical_multi_classes: {}


---------- QInference: _set_sort_to_quantifier_mode ----------

quantifier mode: quorum: QuantifierMode.forall

quantifier mode: value: QuantifierMode.forall

quantifier mode: node: QuantifierMode.forall


---------- QInference: _set_constraint_mode ----------

constraint mode: ConstraintMode.no_merge


---------- QFormula: _set_qvars ----------

forall_qvars: {Var('VALUE0', EnumeratedSort('value', ('value0', 'value1', 'value2'))), Var('QUORUM0', EnumeratedSort('quorum', ('quorum__node0_node1', 'quorum__node0_node2', 'quorum__node1_node2'))), Var('NODE0', EnumeratedSort('node', ('node0', 'node1', 'node2')))}

exists_qvars: set()


---------- QFormula: _set_signed_func_name_to_args ----------

signed_func_name2args: {'0$decide': [[Var('QUORUM0', EnumeratedSort('quorum', ('quorum__node0_node1', 'quorum__node0_node2', 'quorum__node1_node2'))), Var('VALUE0', EnumeratedSort('value', ('value0', 'value1', 'value2')))]], '1$vote': [[Var('NODE0', EnumeratedSort('node', ('node0', 'node1', 'node2'))), Var('VALUE0', EnumeratedSort('value', ('value0', 'value1', 'value2')))]], '0$member': [[Var('NODE0', EnumeratedSort('node', ('node0', 'node1', 'node2'))), Var('QUORUM0', EnumeratedSort('quorum', ('quorum__node0_node1', 'quorum__node0_node2', 'quorum__node1_node2')))]]}


---------- QFormula: _set_qterms ----------

qterms: ['decide(QUORUM0,VALUE0)', 'member(NODE0,QUORUM0)', '~vote(NODE0,VALUE0)']


---------- QFormula: get_qclause ----------

qclause: forall VALUE0,QUORUM0,NODE0. ~decide(QUORUM0,VALUE0) | ~member(NODE0,QUORUM0) | vote(NODE0,VALUE0)


================================================================================================================

	[QI RESULT]: Quantified Prime Orbits on [ivybench/sym_quorum/ivy/naive_consensus: node=3,value=3]

================================================================================================================


=== Prime Orbit 1 =====================
size : 9
num_suborbits: 1
36 (*) : ------------------11-
36     : ['vote(node2,value0)', 'vote(node2,value1)']
37     : ------------------1-1
37     : ['vote(node2,value0)', 'vote(node2,value2)']
38     : -------------------11
38     : ['vote(node2,value1)', 'vote(node2,value2)']
39     : ---------------11----
39     : ['vote(node1,value0)', 'vote(node1,value1)']
40     : ---------------1-1---
40     : ['vote(node1,value0)', 'vote(node1,value2)']
41     : ----------------11---
41     : ['vote(node1,value1)', 'vote(node1,value2)']
42     : ------------11-------
42     : ['vote(node0,value0)', 'vote(node0,value1)']
43     : ------------1-1------
43     : ['vote(node0,value0)', 'vote(node0,value2)']
44     : -------------11------
44     : ['vote(node0,value1)', 'vote(node0,value2)']
num_forall :   3
num_exists :   0
num_literals : 3
quantified form : forall VALUE0,VALUE1,NODE0. ~vote(NODE0,VALUE1) | ~vote(NODE0,VALUE0) | VALUE0 = VALUE1
qcost : 6




=== Prime Orbit 11 =====================
size : 3
num_suborbits: 1
219 (*) : -0--0--0--1----------
219     : ['decision(value1)', '~decide(quorum__node0_node1,value1)', '~decide(quorum__node0_node2,value1)', '~decide(quorum__node1_node2,value1)']
220     : --0--0--0--1---------
220     : ['decision(value2)', '~decide(quorum__node0_node1,value2)', '~decide(quorum__node0_node2,value2)', '~decide(quorum__node1_node2,value2)']
221     : 0--0--0--1-----------
221     : ['decision(value0)', '~decide(quorum__node0_node1,value0)', '~decide(quorum__node0_node2,value0)', '~decide(quorum__node1_node2,value0)']
num_forall :   1
num_exists :   1
num_literals : 2
quantified form : forall VALUE0. (exists QUORUM0. decide(QUORUM0,VALUE0) | ~decision(VALUE0))
qcost : 4




=== Prime Orbit 4 =====================
size : 18
num_suborbits: 1
66 (*) : ------1-----------0--
66     : ['decide(quorum__node1_node2,value0)', '~vote(node2,value0)']
67     : -------1-----------0-
67     : ['decide(quorum__node1_node2,value1)', '~vote(node2,value1)']
68     : --------1-----------0
68     : ['decide(quorum__node1_node2,value2)', '~vote(node2,value2)']
69     : ------1--------0-----
69     : ['decide(quorum__node1_node2,value0)', '~vote(node1,value0)']
70     : -------1--------0----
70     : ['decide(quorum__node1_node2,value1)', '~vote(node1,value1)']
71     : --------1--------0---
71     : ['decide(quorum__node1_node2,value2)', '~vote(node1,value2)']
72     : ---1--------------0--
72     : ['decide(quorum__node0_node2,value0)', '~vote(node2,value0)']
73     : ----1--------------0-
73     : ['decide(quorum__node0_node2,value1)', '~vote(node2,value1)']
74     : -----1--------------0
74     : ['decide(quorum__node0_node2,value2)', '~vote(node2,value2)']
75     : ---1--------0--------
75     : ['decide(quorum__node0_node2,value0)', '~vote(node0,value0)']
76     : ----1--------0-------
76     : ['decide(quorum__node0_node2,value1)', '~vote(node0,value1)']
77     : -----1--------0------
77     : ['decide(quorum__node0_node2,value2)', '~vote(node0,value2)']
78     : 1--------------0-----
78     : ['decide(quorum__node0_node1,value0)', '~vote(node1,value0)']
79     : -1--------------0----
79     : ['decide(quorum__node0_node1,value1)', '~vote(node1,value1)']
80     : --1--------------0---
80     : ['decide(quorum__node0_node1,value2)', '~vote(node1,value2)']
81     : 1-----------0--------
81     : ['decide(quorum__node0_node1,value0)', '~vote(node0,value0)']
82     : -1-----------0-------
82     : ['decide(quorum__node0_node1,value1)', '~vote(node0,value1)']
83     : --1-----------0------
83     : ['decide(quorum__node0_node1,value2)', '~vote(node0,value2)']
num_forall :   3
num_exists :   0
num_literals : 3
quantified form : forall VALUE0,QUORUM0,NODE0. ~decide(QUORUM0,VALUE0) | ~member(NODE0,QUORUM0) | vote(NODE0,VALUE0)
qcost : 6



[QRM NOTE]: Time elapsed since start: 8.262 seconds

[QRM NOTE]: Time elapsed since last: 0.282 seconds

[QRM NOTE]: Peak memory: 2231206 bytes


===============================================================================================

	[MIN]: Minimization on [ivybench/sym_quorum/ivy/naive_consensus: node=3,value=3]

===============================================================================================


New level: 1
 pending : []
 solution : [1, 11, 4]


Before reduction : 
 pending  : []
 solution : [1, 11, 4]

Essensial at level 1 : set()

Before removed
 coverage : [(0, -1), (1, -1), (2, -1), (3, -1), (4, -1), (5, -1), (6, -1), (7, -1), (8, -1), (9, -1), (10, -1), (11, -1)]

After removed
 coverage : [(0, -1), (1, -1), (2, -1), (3, -1), (4, -1), (5, -1), (6, -1), (7, -1), (8, -1), (9, -1), (10, -1), (11, -1)]

Covered at level 1 : set()

After reduction : 
 pending  : []
 solution : [1, 11, 4]


Solution : [1, 11, 4] has cost 16.


Before backtrack at level 1
 pending : []
 solution : [1, 11, 4]

After backtrack at level 1
 pending : []
 solution : [1, 11, 4]


==============================================================================================================

	[MIN RESULT]: Minimized Invariants on [ivybench/sym_quorum/ivy/naive_consensus: node=3,value=3]

==============================================================================================================

[MIN NOTE]: number of minimal solution found: 1

[MIN NOTE]: total qcost: 16

[MIN NOTE]: maximum branch and bound depth: 1

Definitions (length=0)

Equality Relations (length=0)

Solution 0 : [1, 11, 4] (length = 3)

invariant [invar_1] forall VALUE0,VALUE1,NODE0. ~vote(NODE0,VALUE1) | ~vote(NODE0,VALUE0) | VALUE0 = VALUE1 # qcost: 6

invariant [invar_11] forall VALUE0. (exists QUORUM0. decide(QUORUM0,VALUE0) | ~decision(VALUE0)) # qcost: 4

invariant [invar_4] forall VALUE0,QUORUM0,NODE0. ~decide(QUORUM0,VALUE0) | ~member(NODE0,QUORUM0) | vote(NODE0,VALUE0) # qcost: 6




[QRM NOTE]: Time elapsed since start: 8.318 seconds

[QRM NOTE]: Time elapsed since last: 0.056 seconds

[QRM NOTE]: Peak memory: 2211123 bytes


==================================================================================================

	[IVY_CHECK]: Ivy Check on [ivybench/sym_quorum/ivy/naive_consensus: node=3,value=3]

==================================================================================================

ivy_check complete=fo ivybench/sym_quorum/ivy/naive_consensus.node_3_value_3.0.ivy


Isolate this:

    The following properties are assumed as axioms:
        ivybench/sym_quorum/ivy/naive_consensus.node_3_value_3.0.ivy: line 12: axiom1

    The inductive invariant consists of the following conjectures:
        ivybench/sym_quorum/ivy/naive_consensus.node_3_value_3.0.ivy: line 46: invar_1
        ivybench/sym_quorum/ivy/naive_consensus.node_3_value_3.0.ivy: line 47: invar_11
        ivybench/sym_quorum/ivy/naive_consensus.node_3_value_3.0.ivy: line 48: invar_4

    The following action implementations are present:
        ivybench/sym_quorum/ivy/naive_consensus.node_3_value_3.0.ivy: line 20: implementation of cast_vote
        ivybench/sym_quorum/ivy/naive_consensus.node_3_value_3.0.ivy: line 25: implementation of collect_votes
        ivybench/sym_quorum/ivy/naive_consensus.node_3_value_3.0.ivy: line 30: implementation of learn_value

    The following initializers are present:
        ivybench/sym_quorum/ivy/naive_consensus.node_3_value_3.0.ivy: line 14: init[after2]

    Initialization must establish the invariant
        ivybench/sym_quorum/ivy/naive_consensus.node_3_value_3.0.ivy: line 46: invar_1 ... PASS
        ivybench/sym_quorum/ivy/naive_consensus.node_3_value_3.0.ivy: line 47: invar_11 ... PASS
        ivybench/sym_quorum/ivy/naive_consensus.node_3_value_3.0.ivy: line 48: invar_4 ... PASS

    The following set of external actions must preserve the invariant:
        (internal) ext:cast_vote
            ivybench/sym_quorum/ivy/naive_consensus.node_3_value_3.0.ivy: line 46: invar_1 ... PASS
            ivybench/sym_quorum/ivy/naive_consensus.node_3_value_3.0.ivy: line 47: invar_11 ... PASS
            ivybench/sym_quorum/ivy/naive_consensus.node_3_value_3.0.ivy: line 48: invar_4 ... PASS
        (internal) ext:collect_votes
            ivybench/sym_quorum/ivy/naive_consensus.node_3_value_3.0.ivy: line 46: invar_1 ... PASS
            ivybench/sym_quorum/ivy/naive_consensus.node_3_value_3.0.ivy: line 47: invar_11 ... PASS
            ivybench/sym_quorum/ivy/naive_consensus.node_3_value_3.0.ivy: line 48: invar_4 ... PASS
        (internal) ext:learn_value
            ivybench/sym_quorum/ivy/naive_consensus.node_3_value_3.0.ivy: line 46: invar_1 ... PASS
            ivybench/sym_quorum/ivy/naive_consensus.node_3_value_3.0.ivy: line 47: invar_11 ... PASS
            ivybench/sym_quorum/ivy/naive_consensus.node_3_value_3.0.ivy: line 48: invar_4 ... PASS

    The following program assertions are treated as assumptions:
        in action cast_vote when called from the environment:
            ivybench/sym_quorum/ivy/naive_consensus.node_3_value_3.0.ivy: line 21: assumption
        in action collect_votes when called from the environment:
            ivybench/sym_quorum/ivy/naive_consensus.node_3_value_3.0.ivy: line 26: assumption
        in action learn_value when called from the environment:
            ivybench/sym_quorum/ivy/naive_consensus.node_3_value_3.0.ivy: line 31: assumption

OK
[IVY_CHECK RESULT]: PASS

[R Implies P]: True

[UNSAT CORE]: ((forall Q2,Q1. (exists N. (member(N,Q1) & member(N,Q2)))) & (forall VALUE0,NODE0,VALUE1. ~vote(NODE0,VALUE1) | ~vote(NODE0,VALUE0) | VALUE0 = VALUE1) & (forall VALUE0. (exists QUORUM0. decide(QUORUM0,VALUE0) | ~decision(VALUE0))) & (forall VALUE0,NODE0,QUORUM0. ~decide(QUORUM0,VALUE0) | ~member(NODE0,QUORUM0) | vote(NODE0,VALUE0)))

[QRM NOTE]: Time elapsed since start: 10.533 seconds

[QRM NOTE]: Time elapsed since last: 2.214 seconds

[QRM NOTE]: Peak memory: 1212619 bytes


**********************************************************************

	[QRM]: ivybench/sym_quorum/ivy/naive_consensus.ivy

**********************************************************************

[QRM RESULT]: PASS

